data.shape (17544, 69)
pred_NYC-Taxi_DCRNN_2201032215 training started Mon Jan  3 22:15:52 2022
TRAIN XS.shape YS,shape (14021, 12, 69, 1) (14021, 3, 69, 1)
Model Training Started ... Mon Jan  3 22:15:52 2022
TIMESTEP_IN, TIMESTEP_OUT 12 3
==========================================================================================
Layer (type:depth-idx)                   Output Shape              Param #
==========================================================================================
├─DCGRU_Encoder: 1-1                     [2, 12, 69, 64]           --
|    └─ModuleList: 2                     []                        --
|    |    └─DCGRU_Cell: 3-1              [-1, 69, 64]              112,512
|    |    └─DCGRU_Cell: 3-2              [-1, 69, 64]              (recursive)
|    |    └─DCGRU_Cell: 3-3              [-1, 69, 64]              (recursive)
|    |    └─DCGRU_Cell: 3-4              [-1, 69, 64]              (recursive)
|    |    └─DCGRU_Cell: 3-5              [-1, 69, 64]              (recursive)
|    |    └─DCGRU_Cell: 3-6              [-1, 69, 64]              (recursive)
|    |    └─DCGRU_Cell: 3-7              [-1, 69, 64]              (recursive)
|    |    └─DCGRU_Cell: 3-8              [-1, 69, 64]              (recursive)
|    |    └─DCGRU_Cell: 3-9              [-1, 69, 64]              (recursive)
|    |    └─DCGRU_Cell: 3-10             [-1, 69, 64]              (recursive)
|    |    └─DCGRU_Cell: 3-11             [-1, 69, 64]              (recursive)
|    |    └─DCGRU_Cell: 3-12             [-1, 69, 64]              (recursive)
|    |    └─DCGRU_Cell: 3-13             [-1, 69, 64]              221,376
|    |    └─DCGRU_Cell: 3-14             [-1, 69, 64]              (recursive)
|    |    └─DCGRU_Cell: 3-15             [-1, 69, 64]              (recursive)
|    |    └─DCGRU_Cell: 3-16             [-1, 69, 64]              (recursive)
|    |    └─DCGRU_Cell: 3-17             [-1, 69, 64]              (recursive)
|    |    └─DCGRU_Cell: 3-18             [-1, 69, 64]              (recursive)
|    |    └─DCGRU_Cell: 3-19             [-1, 69, 64]              (recursive)
|    |    └─DCGRU_Cell: 3-20             [-1, 69, 64]              (recursive)
|    |    └─DCGRU_Cell: 3-21             [-1, 69, 64]              (recursive)
|    |    └─DCGRU_Cell: 3-22             [-1, 69, 64]              (recursive)
|    |    └─DCGRU_Cell: 3-23             [-1, 69, 64]              (recursive)
|    |    └─DCGRU_Cell: 3-24             [-1, 69, 64]              (recursive)
├─DCGRU_Decoder: 1-2                     [-1, 69, 1]               --
|    └─ModuleList: 2                     []                        --
|    |    └─DCGRU_Cell: 3-25             [-1, 69, 64]              112,512
|    |    └─DCGRU_Cell: 3-26             [-1, 69, 64]              221,376
|    └─Linear: 2-1                       [-1, 69, 1]               65
├─DCGRU_Decoder: 1-3                     [-1, 69, 1]               (recursive)
|    └─ModuleList: 2                     []                        --
|    |    └─DCGRU_Cell: 3-27             [-1, 69, 64]              (recursive)
|    |    └─DCGRU_Cell: 3-28             [-1, 69, 64]              (recursive)
|    └─Linear: 2-2                       [-1, 69, 1]               (recursive)
├─DCGRU_Decoder: 1-4                     [-1, 69, 1]               (recursive)
|    └─ModuleList: 2                     []                        --
|    |    └─DCGRU_Cell: 3-29             [-1, 69, 64]              (recursive)
|    |    └─DCGRU_Cell: 3-30             [-1, 69, 64]              (recursive)
|    └─Linear: 2-3                       [-1, 69, 1]               (recursive)
==========================================================================================
Total params: 667,841
Trainable params: 667,841
Non-trainable params: 0
Total mult-adds (M): 0.00
==========================================================================================
Input size (MB): 0.00
Forward/backward pass size (MB): 0.40
Params size (MB): 2.55
Estimated Total Size (MB): 2.96
==========================================================================================
XS_torch.shape:   torch.Size([14021, 12, 69, 1])
YS_torch.shape:   torch.Size([14021, 3, 69, 1])
LOSS is : MAE
epoch 0 time used: 31  seconds  train loss: 0.36478636875617454 validation loss: 0.29702053157452235
epoch 1 time used: 30  seconds  train loss: 0.28390472017673163 validation loss: 0.2625716618993795
epoch 2 time used: 30  seconds  train loss: 0.25867203995949833 validation loss: 0.2478207252022884
epoch 3 time used: 30  seconds  train loss: 0.2480856606965738 validation loss: 0.24678115037530746
epoch 4 time used: 30  seconds  train loss: 0.24086457124586638 validation loss: 0.23486780195459256
epoch 5 time used: 30  seconds  train loss: 0.2345051476504152 validation loss: 0.23743883924557696
epoch 6 time used: 30  seconds  train loss: 0.2290665103960084 validation loss: 0.2331581321431784
epoch 7 time used: 31  seconds  train loss: 0.2279082886707056 validation loss: 0.22556125490378462
epoch 8 time used: 30  seconds  train loss: 0.22493361448732463 validation loss: 0.22570984001779856
epoch 9 time used: 30  seconds  train loss: 0.2215929428412466 validation loss: 0.22277661484782518
epoch 10 time used: 30  seconds  train loss: 0.2207787804303124 validation loss: 0.2278524191802526
epoch 11 time used: 30  seconds  train loss: 0.21933084791438137 validation loss: 0.22047223916614117
epoch 12 time used: 30  seconds  train loss: 0.21705006392879753 validation loss: 0.2183416352755535
epoch 13 time used: 31  seconds  train loss: 0.214659232278192 validation loss: 0.216150301604766
epoch 14 time used: 30  seconds  train loss: 0.21288737057570647 validation loss: 0.21671011367322918
epoch 15 time used: 30  seconds  train loss: 0.2116365146279374 validation loss: 0.21306330730625378
epoch 16 time used: 30  seconds  train loss: 0.2109774050959011 validation loss: 0.2122573918246978
epoch 17 time used: 30  seconds  train loss: 0.21020138195682747 validation loss: 0.213291808716311
epoch 18 time used: 30  seconds  train loss: 0.20903612188885567 validation loss: 0.21615816158052858
epoch 19 time used: 30  seconds  train loss: 0.20689807562591744 validation loss: 0.2095881982898277
epoch 20 time used: 30  seconds  train loss: 0.20526581667400082 validation loss: 0.2089976341348339
epoch 21 time used: 33  seconds  train loss: 0.20484770291746343 validation loss: 0.20932485236315065
epoch 22 time used: 30  seconds  train loss: 0.20449068480121768 validation loss: 0.20919838702413468
epoch 23 time used: 32  seconds  train loss: 0.2035203080273312 validation loss: 0.21059678740591167
epoch 24 time used: 31  seconds  train loss: 0.20294259013902646 validation loss: 0.20609454903273466
epoch 25 time used: 30  seconds  train loss: 0.20077425379938904 validation loss: 0.20820152921909207
epoch 26 time used: 30  seconds  train loss: 0.20121701832291045 validation loss: 0.2042073487164426
epoch 27 time used: 30  seconds  train loss: 0.1987421522418023 validation loss: 0.20454259020426718
epoch 28 time used: 30  seconds  train loss: 0.19832816695716118 validation loss: 0.20286364334859103
epoch 29 time used: 30  seconds  train loss: 0.19748274250764353 validation loss: 0.20197341793853762
epoch 30 time used: 30  seconds  train loss: 0.19669440748697778 validation loss: 0.20283566627819336
epoch 31 time used: 30  seconds  train loss: 0.1983842772091877 validation loss: 0.20463297339724731
epoch 32 time used: 30  seconds  train loss: 0.1958580064460669 validation loss: 0.19939085796976933
epoch 33 time used: 30  seconds  train loss: 0.1939876481069584 validation loss: 0.1989130955880122
epoch 34 time used: 30  seconds  train loss: 0.19344670102267456 validation loss: 0.2012897269663237
epoch 35 time used: 30  seconds  train loss: 0.19217976372911288 validation loss: 0.1993723484494655
epoch 36 time used: 30  seconds  train loss: 0.19210687070783747 validation loss: 0.19792024941697367
epoch 37 time used: 30  seconds  train loss: 0.19141173630923683 validation loss: 0.19958448724548136
epoch 38 time used: 30  seconds  train loss: 0.1903535377563387 validation loss: 0.19762960149435335
epoch 39 time used: 30  seconds  train loss: 0.1897532992188846 validation loss: 0.19558529534546634
epoch 40 time used: 30  seconds  train loss: 0.18885092694284397 validation loss: 0.1964778267463411
epoch 41 time used: 29  seconds  train loss: 0.18777887440579 validation loss: 0.19373675057939713
epoch 42 time used: 30  seconds  train loss: 0.1876801928528987 validation loss: 0.19430126788714105
epoch 43 time used: 30  seconds  train loss: 0.18712915855216639 validation loss: 0.1931285201075141
epoch 44 time used: 30  seconds  train loss: 0.18590956227201028 validation loss: 0.19312840740951345
epoch 45 time used: 30  seconds  train loss: 0.1854819212902008 validation loss: 0.193976493627768
epoch 46 time used: 30  seconds  train loss: 0.1846853493818212 validation loss: 0.19209501948005733
epoch 47 time used: 30  seconds  train loss: 0.18457259681351534 validation loss: 0.19169987544323877
epoch 48 time used: 30  seconds  train loss: 0.18343061460883522 validation loss: 0.19107672110565443
epoch 49 time used: 30  seconds  train loss: 0.18299698784952254 validation loss: 0.19196811779968004
epoch 50 time used: 30  seconds  train loss: 0.18273412392762883 validation loss: 0.19005566519189412
epoch 51 time used: 30  seconds  train loss: 0.18239780798442673 validation loss: 0.1906436029003473
epoch 52 time used: 34  seconds  train loss: 0.1820272292576203 validation loss: 0.19034216250784386
epoch 53 time used: 30  seconds  train loss: 0.18110566076351603 validation loss: 0.18974311212029923
epoch 54 time used: 30  seconds  train loss: 0.18087702013010462 validation loss: 0.18902167786684163
epoch 55 time used: 30  seconds  train loss: 0.17971274318409775 validation loss: 0.1886260291966315
epoch 56 time used: 30  seconds  train loss: 0.17971729811974524 validation loss: 0.18841651594611622
epoch 57 time used: 30  seconds  train loss: 0.17976643096013065 validation loss: 0.18832894229780112
epoch 58 time used: 30  seconds  train loss: 0.17896412669115902 validation loss: 0.18863815939637232
epoch 59 time used: 30  seconds  train loss: 0.1787465042250919 validation loss: 0.18654437836618745
epoch 60 time used: 30  seconds  train loss: 0.17806660784041023 validation loss: 0.1869004142502003
epoch 61 time used: 30  seconds  train loss: 0.17733425322712382 validation loss: 0.18597496945689354
epoch 62 time used: 30  seconds  train loss: 0.17681931753597005 validation loss: 0.1862133909091226
epoch 63 time used: 30  seconds  train loss: 0.17643141369011955 validation loss: 0.18540177034842104
epoch 64 time used: 30  seconds  train loss: 0.1760532040480569 validation loss: 0.18525433616847634
epoch 65 time used: 30  seconds  train loss: 0.17564026215564632 validation loss: 0.18571563050601392
epoch 66 time used: 30  seconds  train loss: 0.17530820687080698 validation loss: 0.18384574207488427
epoch 67 time used: 30  seconds  train loss: 0.17500960204008156 validation loss: 0.18425593742355917
epoch 68 time used: 30  seconds  train loss: 0.17473772082649072 validation loss: 0.18507961641531703
epoch 69 time used: 30  seconds  train loss: 0.17449192965617583 validation loss: 0.1832670117199795
epoch 70 time used: 30  seconds  train loss: 0.173960180470327 validation loss: 0.18339950217734183
epoch 71 time used: 30  seconds  train loss: 0.17352019375257552 validation loss: 0.18270162346358987
epoch 72 time used: 30  seconds  train loss: 0.17306898458504621 validation loss: 0.18278993187600792
epoch 73 time used: 33  seconds  train loss: 0.17269355712144507 validation loss: 0.1826746030936429
epoch 74 time used: 34  seconds  train loss: 0.1735292469003436 validation loss: 0.18255041621272658
epoch 75 time used: 34  seconds  train loss: 0.17196586307831763 validation loss: 0.18280010280681214
epoch 76 time used: 34  seconds  train loss: 0.17198986927169443 validation loss: 0.18163577224517372
epoch 77 time used: 34  seconds  train loss: 0.17146047990602742 validation loss: 0.18112662742291596
epoch 78 time used: 30  seconds  train loss: 0.17164111888035524 validation loss: 0.1821372214124601
epoch 79 time used: 30  seconds  train loss: 0.17148566056549414 validation loss: 0.1809768717559623
epoch 80 time used: 30  seconds  train loss: 0.17039081580113385 validation loss: 0.18077262417459516
epoch 81 time used: 32  seconds  train loss: 0.1703112479098892 validation loss: 0.18122876094228121
epoch 82 time used: 33  seconds  train loss: 0.17030181377436232 validation loss: 0.18109054613541822
epoch 83 time used: 33  seconds  train loss: 0.16990753656048552 validation loss: 0.18035251600906907
epoch 84 time used: 33  seconds  train loss: 0.16924601406548906 validation loss: 0.18358311027339438
epoch 85 time used: 33  seconds  train loss: 0.16936316245691296 validation loss: 0.181213398423116
epoch 86 time used: 33  seconds  train loss: 0.16885580485404256 validation loss: 0.17994606945423555
epoch 87 time used: 33  seconds  train loss: 0.16946220071940768 validation loss: 0.17986651816438826
epoch 88 time used: 33  seconds  train loss: 0.1686528838629205 validation loss: 0.17907910362625556
epoch 89 time used: 33  seconds  train loss: 0.16827021651929544 validation loss: 0.1799830426608095
epoch 90 time used: 33  seconds  train loss: 0.1679728803230024 validation loss: 0.17877411560983708
epoch 91 time used: 33  seconds  train loss: 0.16797184382019037 validation loss: 0.17826594601885223
epoch 92 time used: 31  seconds  train loss: 0.1674263403038268 validation loss: 0.17876065176041958
epoch 93 time used: 30  seconds  train loss: 0.16722302595022878 validation loss: 0.17823691106801434
epoch 94 time used: 30  seconds  train loss: 0.16720514547506138 validation loss: 0.1789067554613283
epoch 95 time used: 30  seconds  train loss: 0.16666502825476115 validation loss: 0.17805080026541176
epoch 96 time used: 30  seconds  train loss: 0.1670268205971371 validation loss: 0.17867417224665336
epoch 97 time used: 30  seconds  train loss: 0.1663204703029375 validation loss: 0.17817760246587494
epoch 98 time used: 30  seconds  train loss: 0.16685053427774432 validation loss: 0.17829758903841528
epoch 99 time used: 30  seconds  train loss: 0.1661963088138507 validation loss: 0.1766502345740557
epoch 100 time used: 30  seconds  train loss: 0.166037314123543 validation loss: 0.17848910098067705
epoch 101 time used: 30  seconds  train loss: 0.1655581194238162 validation loss: 0.17770370023290022
epoch 102 time used: 30  seconds  train loss: 0.165813297353974 validation loss: 0.1769313660099108
epoch 103 time used: 30  seconds  train loss: 0.16502603751986508 validation loss: 0.1767592530334193
epoch 104 time used: 30  seconds  train loss: 0.16477799122618042 validation loss: 0.17678632065696304
epoch 105 time used: 30  seconds  train loss: 0.16479749238117922 validation loss: 0.17648718490372095
epoch 106 time used: 30  seconds  train loss: 0.1643276542988747 validation loss: 0.17676914593388676
epoch 107 time used: 30  seconds  train loss: 0.1643756141112999 validation loss: 0.17650489864421448
epoch 108 time used: 30  seconds  train loss: 0.1648038256370481 validation loss: 0.17606706897735053
epoch 109 time used: 30  seconds  train loss: 0.16434973385033175 validation loss: 0.1772202469761278
epoch 110 time used: 30  seconds  train loss: 0.16429652795948654 validation loss: 0.17684077416667243
epoch 111 time used: 30  seconds  train loss: 0.1640490392811492 validation loss: 0.17626845863840612
epoch 112 time used: 30  seconds  train loss: 0.16340191062281098 validation loss: 0.1761352467710334
epoch 113 time used: 31  seconds  train loss: 0.16324639062870586 validation loss: 0.1749769122904529
epoch 114 time used: 29  seconds  train loss: 0.16322495812385604 validation loss: 0.17618211903234787
epoch 115 time used: 24  seconds  train loss: 0.16302861674118788 validation loss: 0.175526174948818
epoch 116 time used: 23  seconds  train loss: 0.16299572058889272 validation loss: 0.17533631830200494
epoch 117 time used: 23  seconds  train loss: 0.1632693634578915 validation loss: 0.17524342146248933
epoch 118 time used: 23  seconds  train loss: 0.16283694467892038 validation loss: 0.17529986269189776
epoch 119 time used: 23  seconds  train loss: 0.16228477144264655 validation loss: 0.17433942361382573
epoch 120 time used: 23  seconds  train loss: 0.1620433326163197 validation loss: 0.17472704816598997
epoch 121 time used: 23  seconds  train loss: 0.16217680349775973 validation loss: 0.17465241090168765
epoch 122 time used: 23  seconds  train loss: 0.1622668289238442 validation loss: 0.17452732873554577
epoch 123 time used: 23  seconds  train loss: 0.16203757541398098 validation loss: 0.17460654428599565
epoch 124 time used: 23  seconds  train loss: 0.16169190962617003 validation loss: 0.17495438188773457
epoch 125 time used: 23  seconds  train loss: 0.16167423359376815 validation loss: 0.1752296913132556
epoch 126 time used: 23  seconds  train loss: 0.16152569231825306 validation loss: 0.17446089672382667
epoch 127 time used: 23  seconds  train loss: 0.16173598041043127 validation loss: 0.17390979539987636
epoch 128 time used: 23  seconds  train loss: 0.16088897578192332 validation loss: 0.17334353483478068
epoch 129 time used: 23  seconds  train loss: 0.16130807669787753 validation loss: 0.17415302459743454
epoch 130 time used: 23  seconds  train loss: 0.16141232290406315 validation loss: 0.17451925426976583
epoch 131 time used: 23  seconds  train loss: 0.16042369372843918 validation loss: 0.17477943412045785
epoch 132 time used: 23  seconds  train loss: 0.16049533261804266 validation loss: 0.17291422901463657
epoch 133 time used: 23  seconds  train loss: 0.16043831408995543 validation loss: 0.1734357124573832
epoch 134 time used: 23  seconds  train loss: 0.1600217365425652 validation loss: 0.17345286835212403
epoch 135 time used: 23  seconds  train loss: 0.15995781902463108 validation loss: 0.17258455522286165
epoch 136 time used: 23  seconds  train loss: 0.16060427141706524 validation loss: 0.17388356323590362
epoch 137 time used: 23  seconds  train loss: 0.16015100483498668 validation loss: 0.1737608009586998
epoch 138 time used: 23  seconds  train loss: 0.15973249132698508 validation loss: 0.17298312472467484
epoch 139 time used: 23  seconds  train loss: 0.15971890205100184 validation loss: 0.17289166486542087
epoch 140 time used: 23  seconds  train loss: 0.15946330556194752 validation loss: 0.1733468597743148
epoch 141 time used: 23  seconds  train loss: 0.15939432275695603 validation loss: 0.17296000998902852
epoch 142 time used: 23  seconds  train loss: 0.1592285424849868 validation loss: 0.1730622537922873
epoch 143 time used: 23  seconds  train loss: 0.15885264710937683 validation loss: 0.17261860345814886
epoch 144 time used: 23  seconds  train loss: 0.15898854224989692 validation loss: 0.17175364537675655
epoch 145 time used: 23  seconds  train loss: 0.15892491853796856 validation loss: 0.17202596010239685
epoch 146 time used: 23  seconds  train loss: 0.1587323805855974 validation loss: 0.17240001443142355
epoch 147 time used: 23  seconds  train loss: 0.15875417560601335 validation loss: 0.1727696089950617
epoch 148 time used: 23  seconds  train loss: 0.1586600012195433 validation loss: 0.17272831095808652
epoch 149 time used: 23  seconds  train loss: 0.15867942234942764 validation loss: 0.17255522961012648
epoch 150 time used: 23  seconds  train loss: 0.15842803028106378 validation loss: 0.17149102226265212
epoch 151 time used: 23  seconds  train loss: 0.15807095673852298 validation loss: 0.1723564086185478
epoch 152 time used: 23  seconds  train loss: 0.1580191977421702 validation loss: 0.1713312220315014
epoch 153 time used: 23  seconds  train loss: 0.15788833700292929 validation loss: 0.17194254680218454
epoch 154 time used: 23  seconds  train loss: 0.15801597787671576 validation loss: 0.17164244170843093
epoch 155 time used: 23  seconds  train loss: 0.15817007627963708 validation loss: 0.17204888491411585
epoch 156 time used: 23  seconds  train loss: 0.1581382545899754 validation loss: 0.17103294474835132
epoch 157 time used: 23  seconds  train loss: 0.15764170837472308 validation loss: 0.17153936880388332
epoch 158 time used: 23  seconds  train loss: 0.15727761629780612 validation loss: 0.1714846268168736
epoch 159 time used: 23  seconds  train loss: 0.15767016631794317 validation loss: 0.17181225869054462
epoch 160 time used: 23  seconds  train loss: 0.15728142910995582 validation loss: 0.17115241761759764
epoch 161 time used: 23  seconds  train loss: 0.15739526934642376 validation loss: 0.17117572384124066
epoch 162 time used: 23  seconds  train loss: 0.15699166909739604 validation loss: 0.17067771977482016
epoch 163 time used: 23  seconds  train loss: 0.1571730012356516 validation loss: 0.17101871717404585
epoch 164 time used: 23  seconds  train loss: 0.15692745849737952 validation loss: 0.17108252288373077
epoch 165 time used: 23  seconds  train loss: 0.15665650914323265 validation loss: 0.17103717247894404
epoch 166 time used: 23  seconds  train loss: 0.1570309517746606 validation loss: 0.17150335793351013
epoch 167 time used: 23  seconds  train loss: 0.15706906627279404 validation loss: 0.17173755270069282
epoch 168 time used: 23  seconds  train loss: 0.1566485926717821 validation loss: 0.1704194979520097
epoch 169 time used: 23  seconds  train loss: 0.15637268481656477 validation loss: 0.17048238719352912
epoch 170 time used: 23  seconds  train loss: 0.15665058469029952 validation loss: 0.17069172189362172
epoch 171 time used: 23  seconds  train loss: 0.1563220728938184 validation loss: 0.1705129986328189
epoch 172 time used: 23  seconds  train loss: 0.15645827346684532 validation loss: 0.17034453290466303
epoch 173 time used: 23  seconds  train loss: 0.15603647700030834 validation loss: 0.16951842866179198
epoch 174 time used: 23  seconds  train loss: 0.15616558928481133 validation loss: 0.17097762309512068
epoch 175 time used: 23  seconds  train loss: 0.1559843299518706 validation loss: 0.170525157121815
epoch 176 time used: 23  seconds  train loss: 0.15636204656809907 validation loss: 0.17065047074472706
epoch 177 time used: 23  seconds  train loss: 0.15582837625963897 validation loss: 0.17122684338401536
epoch 178 time used: 23  seconds  train loss: 0.15592173617885832 validation loss: 0.17059630278818824
epoch 179 time used: 23  seconds  train loss: 0.15586731999014503 validation loss: 0.1695181767956162
epoch 180 time used: 23  seconds  train loss: 0.1554106780108311 validation loss: 0.17004725467934312
epoch 181 time used: 23  seconds  train loss: 0.1553311204974411 validation loss: 0.16942281220310154
epoch 182 time used: 23  seconds  train loss: 0.1555149522945552 validation loss: 0.16930399416891154
epoch 183 time used: 23  seconds  train loss: 0.15517215581351473 validation loss: 0.16949436855669778
epoch 184 time used: 23  seconds  train loss: 0.1549799893261518 validation loss: 0.16964221000671387
epoch 185 time used: 23  seconds  train loss: 0.15519045720397356 validation loss: 0.1699505215431035
epoch 186 time used: 23  seconds  train loss: 0.15529837422643766 validation loss: 0.16990619585878564
epoch 187 time used: 23  seconds  train loss: 0.15514546770749435 validation loss: 0.16988873828565876
epoch 188 time used: 23  seconds  train loss: 0.15514331556586983 validation loss: 0.17016594230924684
epoch 189 time used: 23  seconds  train loss: 0.15518613987066943 validation loss: 0.16872540314368908
epoch 190 time used: 23  seconds  train loss: 0.15479421900797247 validation loss: 0.16937542645100248
epoch 191 time used: 23  seconds  train loss: 0.1548653899952842 validation loss: 0.16885970440240022
epoch 192 time used: 23  seconds  train loss: 0.15447630630007464 validation loss: 0.1688565908162443
epoch 193 time used: 23  seconds  train loss: 0.15443312145713722 validation loss: 0.16894750592882676
epoch 194 time used: 23  seconds  train loss: 0.15444972206005492 validation loss: 0.16886599003180597
epoch 195 time used: 23  seconds  train loss: 0.15427931111742008 validation loss: 0.16903066367369954
epoch 196 time used: 23  seconds  train loss: 0.15445668106266447 validation loss: 0.1693336802231402
epoch 197 time used: 23  seconds  train loss: 0.15420680590044375 validation loss: 0.1685591409173069
epoch 198/home/cseadmin/mhy/model/DCRNN.py:318: RuntimeWarning: divide by zero encountered in power
  d_inv = np.power(rowsum, -1).flatten()
/home/cseadmin/mhy/model/DCRNN.py:309: RuntimeWarning: divide by zero encountered in power
  d_inv_sqrt = np.power(rowsum, -0.5).flatten()
 time used: 23  seconds  train loss: 0.15402476511893226 validation loss: 0.1690688014064458
epoch 199 time used: 23  seconds  train loss: 0.15389991896837357 validation loss: 0.16823985893863716
YS.shape, YS_pred.shape, (14021, 3, 69, 1) (14021, 3, 69, 1)
YS.shape, YS_pred.shape, (14021, 3, 69) (14021, 3, 69)
****************************************
DCRNN, train, Torch MSE, 1.5167483028e-01, 0.1516748303
DCRNN, train, MSE, RMSE, MAE, MAPE, 263.1323494350, 16.2213547349, 9.4626935845, 14.8816569295
Model Training Ended ... Mon Jan  3 23:48:26 2022
pred_NYC-Taxi_DCRNN_2201032215 testing started Mon Jan  3 23:48:26 2022
TEST XS.shape, YS.shape (3507, 12, 69, 1) (3507, 3, 69, 1)
Model Testing Started ... Mon Jan  3 23:48:26 2022
TIMESTEP_IN, TIMESTEP_OUT 12 3
YS.shape, YS_pred.shape, (3507, 3, 69, 1) (3507, 3, 69, 1)
YS.shape, YS_pred.shape, (3507, 3, 69) (3507, 3, 69)
****************************************
DCRNN, test, Torch MSE, 1.6280108396e-01, 0.1628010840
all pred steps, DCRNN, test, MSE, RMSE, MAE, MAPE, 296.9553970245, 17.2323938275, 10.1490686095, 16.7913884175
1 step, DCRNN, test, MSE, RMSE, MAE, MAPE, 293.8908431303, 17.1432448250, 10.3059272003, 17.2767722211
2 step, DCRNN, test, MSE, RMSE, MAE, MAPE, 289.0043644917, 17.0001283669, 9.9997040382, 16.5611239392
3 step, DCRNN, test, MSE, RMSE, MAE, MAPE, 307.9709378215, 17.5491007696, 10.1415771401, 16.5362764511
Model Testing Ended ... Mon Jan  3 23:48:31 2022
