data.shape (17544, 69)
pred_NYC-Taxi_DCRNN_2201032315 training started Mon Jan  3 23:15:06 2022
TRAIN XS.shape YS,shape (14021, 12, 69, 1) (14021, 3, 69, 1)
Model Training Started ... Mon Jan  3 23:15:06 2022
TIMESTEP_IN, TIMESTEP_OUT 12 3
==========================================================================================
Layer (type:depth-idx)                   Output Shape              Param #
==========================================================================================
├─DCGRU_Encoder: 1-1                     [2, 12, 69, 64]           --
|    └─ModuleList: 2                     []                        --
|    |    └─DCGRU_Cell: 3-1              [-1, 69, 64]              75,072
|    |    └─DCGRU_Cell: 3-2              [-1, 69, 64]              (recursive)
|    |    └─DCGRU_Cell: 3-3              [-1, 69, 64]              (recursive)
|    |    └─DCGRU_Cell: 3-4              [-1, 69, 64]              (recursive)
|    |    └─DCGRU_Cell: 3-5              [-1, 69, 64]              (recursive)
|    |    └─DCGRU_Cell: 3-6              [-1, 69, 64]              (recursive)
|    |    └─DCGRU_Cell: 3-7              [-1, 69, 64]              (recursive)
|    |    └─DCGRU_Cell: 3-8              [-1, 69, 64]              (recursive)
|    |    └─DCGRU_Cell: 3-9              [-1, 69, 64]              (recursive)
|    |    └─DCGRU_Cell: 3-10             [-1, 69, 64]              (recursive)
|    |    └─DCGRU_Cell: 3-11             [-1, 69, 64]              (recursive)
|    |    └─DCGRU_Cell: 3-12             [-1, 69, 64]              (recursive)
|    |    └─DCGRU_Cell: 3-13             [-1, 69, 64]              147,648
|    |    └─DCGRU_Cell: 3-14             [-1, 69, 64]              (recursive)
|    |    └─DCGRU_Cell: 3-15             [-1, 69, 64]              (recursive)
|    |    └─DCGRU_Cell: 3-16             [-1, 69, 64]              (recursive)
|    |    └─DCGRU_Cell: 3-17             [-1, 69, 64]              (recursive)
|    |    └─DCGRU_Cell: 3-18             [-1, 69, 64]              (recursive)
|    |    └─DCGRU_Cell: 3-19             [-1, 69, 64]              (recursive)
|    |    └─DCGRU_Cell: 3-20             [-1, 69, 64]              (recursive)
|    |    └─DCGRU_Cell: 3-21             [-1, 69, 64]              (recursive)
|    |    └─DCGRU_Cell: 3-22             [-1, 69, 64]              (recursive)
|    |    └─DCGRU_Cell: 3-23             [-1, 69, 64]              (recursive)
|    |    └─DCGRU_Cell: 3-24             [-1, 69, 64]              (recursive)
├─DCGRU_Decoder: 1-2                     [-1, 69, 1]               --
|    └─ModuleList: 2                     []                        --
|    |    └─DCGRU_Cell: 3-25             [-1, 69, 64]              75,072
|    |    └─DCGRU_Cell: 3-26             [-1, 69, 64]              147,648
|    └─Linear: 2-1                       [-1, 69, 1]               65
├─DCGRU_Decoder: 1-3                     [-1, 69, 1]               (recursive)
|    └─ModuleList: 2                     []                        --
|    |    └─DCGRU_Cell: 3-27             [-1, 69, 64]              (recursive)
|    |    └─DCGRU_Cell: 3-28             [-1, 69, 64]              (recursive)
|    └─Linear: 2-2                       [-1, 69, 1]               (recursive)
├─DCGRU_Decoder: 1-4                     [-1, 69, 1]               (recursive)
|    └─ModuleList: 2                     []                        --
|    |    └─DCGRU_Cell: 3-29             [-1, 69, 64]              (recursive)
|    |    └─DCGRU_Cell: 3-30             [-1, 69, 64]              (recursive)
|    └─Linear: 2-3                       [-1, 69, 1]               (recursive)
==========================================================================================
Total params: 445,505
Trainable params: 445,505
Non-trainable params: 0
Total mult-adds (M): 0.00
==========================================================================================
Input size (MB): 0.00
Forward/backward pass size (MB): 0.40
Params size (MB): 1.70
Estimated Total Size (MB): 2.11
==========================================================================================
XS_torch.shape:   torch.Size([14021, 12, 69, 1])
YS_torch.shape:   torch.Size([14021, 3, 69, 1])
LOSS is : MAE
epoch 0 time used: 34  seconds  train loss: 0.3350315502112021 validation loss: 0.3794481400007258
epoch 1 time used: 34  seconds  train loss: 0.27565630088810195 validation loss: 0.38600707195244444
epoch 2 time used: 34  seconds  train loss: 0.2653855114135518 validation loss: 0.3896835522011084
epoch 3 time used: 34  seconds  train loss: 0.2619760291153498 validation loss: 0.39862864536349596
epoch 4 time used: 34  seconds  train loss: 0.25868161131980405 validation loss: 0.3904923282380928
epoch 5 time used: 34  seconds  train loss: 0.2561708354225056 validation loss: 0.3840905212023159
epoch 6 time used: 34  seconds  train loss: 0.2535661066349998 validation loss: 0.39021078178832275
epoch 7 time used: 34  seconds  train loss: 0.25246396555374295 validation loss: 0.39070543993627826
epoch 8 time used: 34  seconds  train loss: 0.2522148791279123 validation loss: 0.3967768762598565
epoch 9 time used: 34  seconds  train loss: 0.2500177755257109 validation loss: 0.4086773518453784
Early stopping at epoch: 10
YS.shape, YS_pred.shape, (14021, 3, 69, 1) (14021, 3, 69, 1)
YS.shape, YS_pred.shape, (14021, 3, 69) (14021, 3, 69)
****************************************
DCRNN, train, Torch MSE, 2.5195185725e-01, 0.2519518572
DCRNN, train, MSE, RMSE, MAE, MAPE, 339.0729228398, 18.4139328455, 10.3529196977, 73.6197432386
Model Training Ended ... Mon Jan  3 23:22:03 2022
pred_NYC-Taxi_DCRNN_2201032315 testing started Mon Jan  3 23:22:03 2022
TEST XS.shape, YS.shape (3507, 12, 69, 1) (3507, 3, 69, 1)
Model Testing Started ... Mon Jan  3 23:22:03 2022
TIMESTEP_IN, TIMESTEP_OUT 12 3
YS.shape, YS_pred.shape, (3507, 3, 69, 1) (3507, 3, 69, 1)
YS.shape, YS_pred.shape, (3507, 3, 69) (3507, 3, 69)
****************************************
DCRNN, test, Torch MSE, 4.1185979798e-01, 0.4118597980
all pred steps, DCRNN, test, MSE, RMSE, MAE, MAPE, 377.6310848066, 19.4327323042, 11.5635543679, 71.5231948161
1 step, DCRNN, test, MSE, RMSE, MAE, MAPE, 217.3814528845, 14.7438615323, 8.9931720657, 53.6599159120
2 step, DCRNN, test, MSE, RMSE, MAE, MAPE, 397.7546878598, 19.9437882023, 11.9124200820, 73.1778388355
3 step, DCRNN, test, MSE, RMSE, MAE, MAPE, 517.7618009984, 22.7543798201, 13.7851454665, 87.7323522464
Model Testing Ended ... Mon Jan  3 23:22:10 2022
