data.shape (17544, 69)
pred_NYC-Taxi_DCRNN_2201031936 training started Mon Jan  3 19:36:47 2022
TRAIN XS.shape YS,shape (14021, 12, 69, 1) (14021, 3, 69, 1)
Model Training Started ... Mon Jan  3 19:36:47 2022
TIMESTEP_IN, TIMESTEP_OUT 12 3
adj_mx shape is : (69, 69)
adj_mx shape is : (69, 69)
==========================================================================================
Layer (type:depth-idx)                   Output Shape              Param #
==========================================================================================
├─DCGRU_Encoder: 1-1                     [2, 12, 69, 64]           --
|    └─ModuleList: 2                     []                        --
|    |    └─DCGRU_Cell: 3-1              [-1, 69, 64]              112,512
|    |    └─DCGRU_Cell: 3-2              [-1, 69, 64]              (recursive)
|    |    └─DCGRU_Cell: 3-3              [-1, 69, 64]              (recursive)
|    |    └─DCGRU_Cell: 3-4              [-1, 69, 64]              (recursive)
|    |    └─DCGRU_Cell: 3-5              [-1, 69, 64]              (recursive)
|    |    └─DCGRU_Cell: 3-6              [-1, 69, 64]              (recursive)
|    |    └─DCGRU_Cell: 3-7              [-1, 69, 64]              (recursive)
|    |    └─DCGRU_Cell: 3-8              [-1, 69, 64]              (recursive)
|    |    └─DCGRU_Cell: 3-9              [-1, 69, 64]              (recursive)
|    |    └─DCGRU_Cell: 3-10             [-1, 69, 64]              (recursive)
|    |    └─DCGRU_Cell: 3-11             [-1, 69, 64]              (recursive)
|    |    └─DCGRU_Cell: 3-12             [-1, 69, 64]              (recursive)
|    |    └─DCGRU_Cell: 3-13             [-1, 69, 64]              221,376
|    |    └─DCGRU_Cell: 3-14             [-1, 69, 64]              (recursive)
|    |    └─DCGRU_Cell: 3-15             [-1, 69, 64]              (recursive)
|    |    └─DCGRU_Cell: 3-16             [-1, 69, 64]              (recursive)
|    |    └─DCGRU_Cell: 3-17             [-1, 69, 64]              (recursive)
|    |    └─DCGRU_Cell: 3-18             [-1, 69, 64]              (recursive)
|    |    └─DCGRU_Cell: 3-19             [-1, 69, 64]              (recursive)
|    |    └─DCGRU_Cell: 3-20             [-1, 69, 64]              (recursive)
|    |    └─DCGRU_Cell: 3-21             [-1, 69, 64]              (recursive)
|    |    └─DCGRU_Cell: 3-22             [-1, 69, 64]              (recursive)
|    |    └─DCGRU_Cell: 3-23             [-1, 69, 64]              (recursive)
|    |    └─DCGRU_Cell: 3-24             [-1, 69, 64]              (recursive)
├─DCGRU_Decoder: 1-2                     [-1, 69, 1]               --
|    └─ModuleList: 2                     []                        --
|    |    └─DCGRU_Cell: 3-25             [-1, 69, 64]              112,512
|    |    └─DCGRU_Cell: 3-26             [-1, 69, 64]              221,376
|    └─Linear: 2-1                       [-1, 69, 1]               65
├─DCGRU_Decoder: 1-3                     [-1, 69, 1]               (recursive)
|    └─ModuleList: 2                     []                        --
|    |    └─DCGRU_Cell: 3-27             [-1, 69, 64]              (recursive)
|    |    └─DCGRU_Cell: 3-28             [-1, 69, 64]              (recursive)
|    └─Linear: 2-2                       [-1, 69, 1]               (recursive)
├─DCGRU_Decoder: 1-4                     [-1, 69, 1]               (recursive)
|    └─ModuleList: 2                     []                        --
|    |    └─DCGRU_Cell: 3-29             [-1, 69, 64]              (recursive)
|    |    └─DCGRU_Cell: 3-30             [-1, 69, 64]              (recursive)
|    └─Linear: 2-3                       [-1, 69, 1]               (recursive)
==========================================================================================
Total params: 667,841
Trainable params: 667,841
Non-trainable params: 0
Total mult-adds (M): 0.00
==========================================================================================
Input size (MB): 0.00
Forward/backward pass size (MB): 0.40
Params size (MB): 2.55
Estimated Total Size (MB): 2.96
==========================================================================================
XS_torch.shape:   torch.Size([14021, 12, 69, 1])
YS_torch.shape:   torch.Size([14021, 3, 69, 1])
LOSS is : MAE
epoch 0 time used: 32  seconds  train loss: 0.30152218998508495 validation loss: 0.3793622053526363
epoch 1 time used: 31  seconds  train loss: 0.243709255302617 validation loss: 0.3529539191410056
epoch 2 time used: 30  seconds  train loss: 0.22137581037899784 validation loss: 0.3338448904917979
epoch 3 time used: 30  seconds  train loss: 0.21285510207956063 validation loss: 0.32838635677891465
epoch 4 time used: 30  seconds  train loss: 0.20576711440653844 validation loss: 0.3220606298529619
epoch 5 time used: 30  seconds  train loss: 0.20049362007029328 validation loss: 0.34183494074305193
epoch 6 time used: 31  seconds  train loss: 0.1945509500959466 validation loss: 0.3289651143775283
epoch 7 time used: 31  seconds  train loss: 0.19162818637895476 validation loss: 0.3399050706839194
epoch 8 time used: 31  seconds  train loss: 0.18856970545598029 validation loss: 0.3255173745355263
epoch 9 time used: 28  seconds  train loss: 0.18525047170773834 validation loss: 0.3502546736871727
epoch 10 time used: 31  seconds  train loss: 0.18312515284383885 validation loss: 0.3287981041179544
epoch 11 time used: 31  seconds  train loss: 0.18078007366123205 validation loss: 0.32257672787324676
epoch 12 time used: 30  seconds  train loss: 0.1785431793041559 validation loss: 0.3115996616912174
epoch 13 time used: 31  seconds  train loss: 0.17651098528843498 validation loss: 0.3087762213406125
epoch 14 time used: 30  seconds  train loss: 0.17469997907116314 validation loss: 0.31544121798963054
epoch 15 time used: 30  seconds  train loss: 0.17327987589974492 validation loss: 0.3238446475333373
epoch 16 time used: 31  seconds  train loss: 0.17170249119541875 validation loss: 0.3172842774198046
epoch 17 time used: 31  seconds  train loss: 0.17054738580966797 validation loss: 0.3079313009603324
epoch 18 time used: 30  seconds  train loss: 0.17089313397412972 validation loss: 0.32461228108174855
epoch 19 time used: 32  seconds  train loss: 0.16831695250280135 validation loss: 0.30577627740719626
epoch 20 time used: 32  seconds  train loss: 0.16811022874700313 validation loss: 0.3084594509938888
epoch 21 time used: 31  seconds  train loss: 0.1664539267739295 validation loss: 0.3328433128438265
epoch 22 time used: 31  seconds  train loss: 0.16466222961931537 validation loss: 0.3221965488099535
epoch 23 time used: 32  seconds  train loss: 0.16425859058451334 validation loss: 0.31485686948893754
epoch 24 time used: 30  seconds  train loss: 0.16373627413007152 validation loss: 0.33436708843374824
epoch 25 time used: 30  seconds  train loss: 0.162909626761554 validation loss: 0.332426307392474
epoch 26 time used: 30  seconds  train loss: 0.16241794923714561 validation loss: 0.3216003994396327
epoch 27 time used: 31  seconds  train loss: 0.16097390510319187 validation loss: 0.31573756531314445
epoch 28 time used: 30  seconds  train loss: 0.16051364010111843 validation loss: 0.32254221139468264
Early stopping at epoch: 29
YS.shape, YS_pred.shape, (14021, 3, 69, 1) (14021, 3, 69, 1)
YS.shape, YS_pred.shape, (14021, 3, 69) (14021, 3, 69)
****************************************
DCRNN, train, Torch MSE, 1.5772426232e-01, 0.1577242623
DCRNN, train, MSE, RMSE, MAE, MAPE, 135.9676985562, 11.6605187945, 6.5733973099, 45.3026661752
Model Training Ended ... Mon Jan  3 19:52:40 2022
pred_NYC-Taxi_DCRNN_2201031936 testing started Mon Jan  3 19:52:40 2022
TEST XS.shape, YS.shape (3507, 12, 69, 1) (3507, 3, 69, 1)
Model Testing Started ... Mon Jan  3 19:52:40 2022
TIMESTEP_IN, TIMESTEP_OUT 12 3
adj_mx shape is : (69, 69)
adj_mx shape is : (69, 69)
YS.shape, YS_pred.shape, (3507, 3, 69, 1) (3507, 3, 69, 1)
YS.shape, YS_pred.shape, (3507, 3, 69) (3507, 3, 69)
****************************************/home/cseadmin/mhy/model/DCRNN.py:310: RuntimeWarning: divide by zero encountered in power
  d_inv_sqrt = np.power(rowsum, -0.5).flatten()

DCRNN, test, Torch MSE, 3.5342081785e-01, 0.3534208178
all pred steps, DCRNN, test, MSE, RMSE, MAE, MAPE, 276.0333021065, 16.6142499712, 9.5577324733, 49.6677395322
1 step, DCRNN, test, MSE, RMSE, MAE, MAPE, 157.8109573369, 12.5622831260, 7.6022426259, 41.7347539592
2 step, DCRNN, test, MSE, RMSE, MAE, MAPE, 282.4540669123, 16.8063698315, 9.7422100274, 49.9949547235
3 step, DCRNN, test, MSE, RMSE, MAE, MAPE, 387.8360549289, 19.6935536389, 11.3287642652, 57.2735922079
Model Testing Ended ... Mon Jan  3 19:52:44 2022
