data.shape (17544, 69)
pred_NYC-Taxi_DCRNN_2201032215 training started Mon Jan  3 22:15:43 2022
TRAIN XS.shape YS,shape (14021, 12, 69, 1) (14021, 3, 69, 1)
Model Training Started ... Mon Jan  3 22:15:43 2022
TIMESTEP_IN, TIMESTEP_OUT 12 3
==========================================================================================
Layer (type:depth-idx)                   Output Shape              Param #
==========================================================================================
├─DCGRU_Encoder: 1-1                     [2, 12, 69, 64]           --
|    └─ModuleList: 2                     []                        --
|    |    └─DCGRU_Cell: 3-1              [-1, 69, 64]              112,512
|    |    └─DCGRU_Cell: 3-2              [-1, 69, 64]              (recursive)
|    |    └─DCGRU_Cell: 3-3              [-1, 69, 64]              (recursive)
|    |    └─DCGRU_Cell: 3-4              [-1, 69, 64]              (recursive)
|    |    └─DCGRU_Cell: 3-5              [-1, 69, 64]              (recursive)
|    |    └─DCGRU_Cell: 3-6              [-1, 69, 64]              (recursive)
|    |    └─DCGRU_Cell: 3-7              [-1, 69, 64]              (recursive)
|    |    └─DCGRU_Cell: 3-8              [-1, 69, 64]              (recursive)
|    |    └─DCGRU_Cell: 3-9              [-1, 69, 64]              (recursive)
|    |    └─DCGRU_Cell: 3-10             [-1, 69, 64]              (recursive)
|    |    └─DCGRU_Cell: 3-11             [-1, 69, 64]              (recursive)
|    |    └─DCGRU_Cell: 3-12             [-1, 69, 64]              (recursive)
|    |    └─DCGRU_Cell: 3-13             [-1, 69, 64]              221,376
|    |    └─DCGRU_Cell: 3-14             [-1, 69, 64]              (recursive)
|    |    └─DCGRU_Cell: 3-15             [-1, 69, 64]              (recursive)
|    |    └─DCGRU_Cell: 3-16             [-1, 69, 64]              (recursive)
|    |    └─DCGRU_Cell: 3-17             [-1, 69, 64]              (recursive)
|    |    └─DCGRU_Cell: 3-18             [-1, 69, 64]              (recursive)
|    |    └─DCGRU_Cell: 3-19             [-1, 69, 64]              (recursive)
|    |    └─DCGRU_Cell: 3-20             [-1, 69, 64]              (recursive)
|    |    └─DCGRU_Cell: 3-21             [-1, 69, 64]              (recursive)
|    |    └─DCGRU_Cell: 3-22             [-1, 69, 64]              (recursive)
|    |    └─DCGRU_Cell: 3-23             [-1, 69, 64]              (recursive)
|    |    └─DCGRU_Cell: 3-24             [-1, 69, 64]              (recursive)
├─DCGRU_Decoder: 1-2                     [-1, 69, 1]               --
|    └─ModuleList: 2                     []                        --
|    |    └─DCGRU_Cell: 3-25             [-1, 69, 64]              112,512
|    |    └─DCGRU_Cell: 3-26             [-1, 69, 64]              221,376
|    └─Linear: 2-1                       [-1, 69, 1]               65
├─DCGRU_Decoder: 1-3                     [-1, 69, 1]               (recursive)
|    └─ModuleList: 2                     []                        --
|    |    └─DCGRU_Cell: 3-27             [-1, 69, 64]              (recursive)
|    |    └─DCGRU_Cell: 3-28             [-1, 69, 64]              (recursive)
|    └─Linear: 2-2                       [-1, 69, 1]               (recursive)
├─DCGRU_Decoder: 1-4                     [-1, 69, 1]               (recursive)
|    └─ModuleList: 2                     []                        --
|    |    └─DCGRU_Cell: 3-29             [-1, 69, 64]              (recursive)
|    |    └─DCGRU_Cell: 3-30             [-1, 69, 64]              (recursive)
|    └─Linear: 2-3                       [-1, 69, 1]               (recursive)
==========================================================================================
Total params: 667,841
Trainable params: 667,841
Non-trainable params: 0
Total mult-adds (M): 0.00
==========================================================================================
Input size (MB): 0.00
Forward/backward pass size (MB): 0.40
Params size (MB): 2.55
Estimated Total Size (MB): 2.96
==========================================================================================
XS_torch.shape:   torch.Size([14021, 12, 69, 1])
YS_torch.shape:   torch.Size([14021, 3, 69, 1])
LOSS is : MAE
epoch 0 time used: 31  seconds  train loss: 0.37945944782107205 validation loss: 0.30291594183247766
epoch 1 time used: 31  seconds  train loss: 0.2995314340386206 validation loss: 0.2859946182130475
epoch 2 time used: 29  seconds  train loss: 0.2777788393420508 validation loss: 0.26059939794314635
epoch 3 time used: 30  seconds  train loss: 0.2634004377117754 validation loss: 0.252165543186413
epoch 4 time used: 30  seconds  train loss: 0.2555956129806999 validation loss: 0.2466964197036408
epoch 5 time used: 30  seconds  train loss: 0.2505665139252952 validation loss: 0.24108714496858175
epoch 6 time used: 30  seconds  train loss: 0.2444724363615274 validation loss: 0.24197252309805178
epoch 7 time used: 30  seconds  train loss: 0.2427423723918979 validation loss: 0.23370292679078908
epoch 8 time used: 30  seconds  train loss: 0.24068701866787032 validation loss: 0.2352748838701183
epoch 9 time used: 30  seconds  train loss: 0.23702418604968306 validation loss: 0.23576026834458266
epoch 10 time used: 30  seconds  train loss: 0.23598382380290883 validation loss: 0.2319957980566275
epoch 11 time used: 30  seconds  train loss: 0.23347075347660184 validation loss: 0.23221831015192707
epoch 12 time used: 30  seconds  train loss: 0.23071251097334142 validation loss: 0.22681570563973255
epoch 13 time used: 30  seconds  train loss: 0.2295648588743978 validation loss: 0.22507028185634428
epoch 14 time used: 31  seconds  train loss: 0.22801185645865119 validation loss: 0.22616646537866444
epoch 15 time used: 30  seconds  train loss: 0.2296943532835594 validation loss: 0.22458044576835307
epoch 16 time used: 30  seconds  train loss: 0.2255186604528424 validation loss: 0.22412242394852352
epoch 17 time used: 30  seconds  train loss: 0.22500866180256052 validation loss: 0.2236530871831276
epoch 18 time used: 30  seconds  train loss: 0.22427219245734648 validation loss: 0.2225301066382708
epoch 19 time used: 30  seconds  train loss: 0.22197726881966592 validation loss: 0.21982947490042573
epoch 20 time used: 30  seconds  train loss: 0.22037873210893766 validation loss: 0.21932966776799964
epoch 21 time used: 30  seconds  train loss: 0.2196375199578117 validation loss: 0.2196591397183185
epoch 22 time used: 30  seconds  train loss: 0.21827818161313295 validation loss: 0.21955787949370303
epoch 23 time used: 31  seconds  train loss: 0.2176085234485156 validation loss: 0.21695547407685317
epoch 24 time used: 31  seconds  train loss: 0.2168221256468247 validation loss: 0.21770480635570105
epoch 25 time used: 30  seconds  train loss: 0.21530990417224405 validation loss: 0.2165744432587659
epoch 26 time used: 30  seconds  train loss: 0.21495608928579052 validation loss: 0.214236689231019
epoch 27 time used: 30  seconds  train loss: 0.21303597820924555 validation loss: 0.21459863508726892
epoch 28 time used: 30  seconds  train loss: 0.21277896346682867 validation loss: 0.21381110970421785
epoch 29 time used: 30  seconds  train loss: 0.21082312188359942 validation loss: 0.21105595002736083
epoch 30 time used: 30  seconds  train loss: 0.21136416524483476 validation loss: 0.21610557993887766
epoch 31 time used: 30  seconds  train loss: 0.2103684708247715 validation loss: 0.21074642699171459
epoch 32 time used: 30  seconds  train loss: 0.20908064590259914 validation loss: 0.21013693372929906
epoch 33 time used: 30  seconds  train loss: 0.20743831121497874 validation loss: 0.20962237308723072
epoch 34 time used: 30  seconds  train loss: 0.20680632044078084 validation loss: 0.20872030334512098
epoch 35 time used: 30  seconds  train loss: 0.20605249687868957 validation loss: 0.2074441796565015
epoch 36 time used: 30  seconds  train loss: 0.20505733952718175 validation loss: 0.20724385243208832
epoch 37 time used: 30  seconds  train loss: 0.20380143876141044 validation loss: 0.20741895529724705
epoch 38 time used: 30  seconds  train loss: 0.20365037940342962 validation loss: 0.20641835163099317
epoch 39 time used: 30  seconds  train loss: 0.2027239757278745 validation loss: 0.2063185603395572
epoch 40 time used: 30  seconds  train loss: 0.2021844939665488 validation loss: 0.20514172087787425
epoch 41 time used: 30  seconds  train loss: 0.20155526696663942 validation loss: 0.20452457060320203
epoch 42 time used: 30  seconds  train loss: 0.20081185625047998 validation loss: 0.20317871208131075
epoch 43 time used: 30  seconds  train loss: 0.1999414476405381 validation loss: 0.2040931787564968
epoch 44 time used: 30  seconds  train loss: 0.19882485954583487 validation loss: 0.20204984401371298
epoch 45 time used: 30  seconds  train loss: 0.19828091029297618 validation loss: 0.20197565568833098
epoch 46 time used: 30  seconds  train loss: 0.19793718638348587 validation loss: 0.2024214518661847
epoch 47 time used: 30  seconds  train loss: 0.1971273947450055 validation loss: 0.20147725326873478
epoch 48 time used: 30  seconds  train loss: 0.1957637006504978 validation loss: 0.20109546773615933
epoch 49 time used: 30  seconds  train loss: 0.19598525060498057 validation loss: 0.20322026796872725
epoch 50 time used: 30  seconds  train loss: 0.19525316613657995 validation loss: 0.19980803262112962
epoch 51 time used: 30  seconds  train loss: 0.19457846464553408 validation loss: 0.20146387145645742
epoch 52 time used: 30  seconds  train loss: 0.1943334667009059 validation loss: 0.19904175074319463
epoch 53 time used: 30  seconds  train loss: 0.19353137661122638 validation loss: 0.19881068782097805
epoch 54 time used: 30  seconds  train loss: 0.19271537929258326 validation loss: 0.19840160230704873
epoch 55 time used: 30  seconds  train loss: 0.1928079746952654 validation loss: 0.19886048823272032
epoch 56 time used: 30  seconds  train loss: 0.19220948485061792 validation loss: 0.19682487703464538
epoch 57 time used: 30  seconds  train loss: 0.1920387868747907 validation loss: 0.19769004035764468
epoch 58 time used: 30  seconds  train loss: 0.1912821292643987 validation loss: 0.1972460043443929
epoch 59 time used: 30  seconds  train loss: 0.1912430874738547 validation loss: 0.19618637687263663
epoch 60 time used: 30  seconds  train loss: 0.1897834124736534 validation loss: 0.1966019555951824
epoch 61 time used: 30  seconds  train loss: 0.18933933500089978 validation loss: 0.19510316967760163
epoch 62 time used: 30  seconds  train loss: 0.1889403111574352 validation loss: 0.19638668396815667
epoch 63 time used: 30  seconds  train loss: 0.18927447838428785 validation loss: 0.19620686169358845
epoch 64 time used: 30  seconds  train loss: 0.1881881940430914 validation loss: 0.1946087902570138
epoch 65 time used: 30  seconds  train loss: 0.18796860335566612 validation loss: 0.19529924032114196
epoch 66 time used: 30  seconds  train loss: 0.18745948467069626 validation loss: 0.19569649936230743
epoch 67 time used: 30  seconds  train loss: 0.18720175186916094 validation loss: 0.19448907692059747
epoch 68 time used: 30  seconds  train loss: 0.18678208605489866 validation loss: 0.19316335583474387
epoch 69 time used: 30  seconds  train loss: 0.18604868040203 validation loss: 0.19432361911040882
epoch 70 time used: 30  seconds  train loss: 0.1860462343718044 validation loss: 0.19417328604683493
epoch 71 time used: 30  seconds  train loss: 0.18532469420702014 validation loss: 0.1933394675076654
epoch 72 time used: 30  seconds  train loss: 0.18618013475844555 validation loss: 0.19249160133017448
epoch 73 time used: 30  seconds  train loss: 0.18482024598906785 validation loss: 0.19242186274823636
epoch 74 time used: 30  seconds  train loss: 0.18435442314538186 validation loss: 0.19261570033419154
epoch 75 time used: 30  seconds  train loss: 0.18361154176297234 validation loss: 0.19185127865329715
epoch 76 time used: 30  seconds  train loss: 0.1835278476299041 validation loss: 0.1916906859149813
epoch 77 time used: 30  seconds  train loss: 0.18344723604519902 validation loss: 0.19155850166670607
epoch 78 time used: 30  seconds  train loss: 0.1829944509207561 validation loss: 0.1913507640344785
epoch 79 time used: 30  seconds  train loss: 0.18308541181132582 validation loss: 0.19195104226750506
epoch 80 time used: 30  seconds  train loss: 0.18256758590221872 validation loss: 0.1914310513379842
epoch 81 time used: 30  seconds  train loss: 0.18226655727883367 validation loss: 0.19090550300637044
epoch 82 time used: 30  seconds  train loss: 0.18187161753416295 validation loss: 0.18995113600272828
epoch 83 time used: 30  seconds  train loss: 0.18135757903186747 validation loss: 0.19034909565348115
epoch 84 time used: 30  seconds  train loss: 0.18134335841209834 validation loss: 0.19065820951497153
epoch 85 time used: 30  seconds  train loss: 0.18062710698376971 validation loss: 0.18975669999021974
epoch 86 time used: 30  seconds  train loss: 0.1808596034809087 validation loss: 0.1896943217998767
epoch 87 time used: 30  seconds  train loss: 0.1807006275008624 validation loss: 0.18907083185890097
epoch 88 time used: 30  seconds  train loss: 0.1804572795088065 validation loss: 0.1889081870360301
epoch 89 time used: 30  seconds  train loss: 0.18025905744606563 validation loss: 0.1893004690128534
epoch 90 time used: 30  seconds  train loss: 0.18000738106043673 validation loss: 0.18891722153440857
epoch 91 time used: 30  seconds  train loss: 0.1791802153482008 validation loss: 0.1877132431650189
epoch 92 time used: 30  seconds  train loss: 0.17913019191686283 validation loss: 0.18871257324526122
epoch 93 time used: 30  seconds  train loss: 0.17863871565287223 validation loss: 0.18829301406809484
epoch 94 time used: 30  seconds  train loss: 0.1789582613278648 validation loss: 0.1885356311534924
epoch 95 time used: 30  seconds  train loss: 0.17856329900067133 validation loss: 0.18751039637780775
epoch 96 time used: 30  seconds  train loss: 0.17834466007329525 validation loss: 0.1883965849162372
epoch 97 time used: 30  seconds  train loss: 0.17792796272387285 validation loss: 0.18710562525581648
epoch 98 time used: 30  seconds  train loss: 0.17737944963936858 validation loss: 0.1870709659624154
epoch 99 time used: 30  seconds  train loss: 0.17737211858872526 validation loss: 0.18691982508249713
epoch 100 time used: 30  seconds  train loss: 0.17774470571220835 validation loss: 0.19009143035886497
epoch 101 time used: 30  seconds  train loss: 0.17747061227621067 validation loss: 0.18712115594644377
epoch 102 time used: 30  seconds  train loss: 0.17709919099975652 validation loss: 0.18719483007550988
epoch 103 time used: 30  seconds  train loss: 0.1767235362485056 validation loss: 0.18679492014071905
epoch 104 time used: 30  seconds  train loss: 0.17629503793735088 validation loss: 0.18647919023166162
epoch 105 time used: 30  seconds  train loss: 0.17596663666307868 validation loss: 0.18644283720410626
epoch 106 time used: 30  seconds  train loss: 0.17605433666262985 validation loss: 0.18660567342997006
epoch 107 time used: 30  seconds  train loss: 0.17582336880016453 validation loss: 0.18586246600439396
epoch 108 time used: 30  seconds  train loss: 0.17558590730122023 validation loss: 0.18592738189733987
epoch 109 time used: 30  seconds  train loss: 0.17540490604939507 validation loss: 0.18607957270984574
epoch 110 time used: 30  seconds  train loss: 0.17582075022838775 validation loss: 0.18592786659734697
epoch 111 time used: 30  seconds  train loss: 0.1753480828202894 validation loss: 0.1869129996961413
epoch 112 time used: 30  seconds  train loss: 0.17481491547824896 validation loss: 0.18494813612577785
epoch 113 time used: 30  seconds  train loss: 0.17485640300264724 validation loss: 0.18461116901888414
epoch 114 time used: 30  seconds  train loss: 0.17450739522496458 validation loss: 0.18510427862762793
epoch 115 time used: 30  seconds  train loss: 0.1744289245877936 validation loss: 0.1861227001384946
epoch 116 time used: 30  seconds  train loss: 0.17418120808250787 validation loss: 0.18538297755304772
epoch 117 time used: 30  seconds  train loss: 0.1743519351027243 validation loss: 0.18514088131976142
epoch 118 time used: 30  seconds  train loss: 0.17379589277776009 validation loss: 0.18525336273928336
epoch 119 time used: 30  seconds  train loss: 0.17365842559631461 validation loss: 0.184421246179634
epoch 120 time used: 30  seconds  train loss: 0.1734416778483296 validation loss: 0.18449855031827078
epoch 121 time used: 30  seconds  train loss: 0.17349261768407606 validation loss: 0.18349447515747985
epoch 122 time used: 30  seconds  train loss: 0.17289555826830794 validation loss: 0.18366918519470804
epoch 123 time used: 30  seconds  train loss: 0.17301721781016097 validation loss: 0.1837635806847217
epoch 124 time used: 30  seconds  train loss: 0.1728080019165337 validation loss: 0.18355589075661086
epoch 125 time used: 30  seconds  train loss: 0.17272085781240448 validation loss: 0.1834328568498543
epoch 126 time used: 30  seconds  train loss: 0.1723578343289972 validation loss: 0.1836845048634719
epoch 127 time used: 30  seconds  train loss: 0.17242305212507505 validation loss: 0.18338738398863394
epoch 128 time used: 30  seconds  train loss: 0.17221178477347615 validation loss: 0.18317470314056616
epoch 129 time used: 30  seconds  train loss: 0.17248144649141653 validation loss: 0.18401851869282285
epoch 130 time used: 30  seconds  train loss: 0.17199406049171487 validation loss: 0.18338211213971164
epoch 131 time used: 30  seconds  train loss: 0.17175752210683143 validation loss: 0.18276374036083884
epoch 132 time used: 30  seconds  train loss: 0.17134461951520102 validation loss: 0.18304412240344187
epoch 133 time used: 30  seconds  train loss: 0.17135950457517277 validation loss: 0.18204208801320398
epoch 134 time used: 30  seconds  train loss: 0.1713204114978151 validation loss: 0.18322870690381943
epoch 135 time used: 30  seconds  train loss: 0.17134003234309952 validation loss: 0.18364804198554224
epoch 136 time used: 30  seconds  train loss: 0.1714624667016077 validation loss: 0.18263250672674425
epoch 137 time used: 30  seconds  train loss: 0.17111466625807997 validation loss: 0.18226760512784218
epoch 138 time used: 30  seconds  train loss: 0.17071572957207568 validation loss: 0.18257043548502108
epoch 139 time used: 30  seconds  train loss: 0.170419832015605 validation loss: 0.1818999959633001
epoch 140 time used: 30  seconds  train loss: 0.17075686242260138 validation loss: 0.182122164583859
epoch 141 time used: 30  seconds  train loss: 0.1704165385771855 validation loss: 0.1816916595475033
epoch 142 time used: 30  seconds  train loss: 0.17027527428641162 validation loss: 0.18242253582442208
epoch 143 time used: 30  seconds  train loss: 0.16996756792165651 validation loss: 0.18225716128392827
epoch 144 time used: 30  seconds  train loss: 0.17023470271457708 validation loss: 0.18149346334214764
epoch 145 time used: 30  seconds  train loss: 0.1698688961587358 validation loss: 0.18172115515928164
epoch 146 time used: 30  seconds  train loss: 0.16993925123095008 validation loss: 0.18067763150758356
epoch 147 time used: 30  seconds  train loss: 0.16944162055903472 validation loss: 0.1810578555718736
epoch 148 time used: 30  seconds  train loss: 0.16985550679735303 validation loss: 0.180723985084383
epoch 149 time used: 30  seconds  train loss: 0.16948668371593287 validation loss: 0.18120954519364063
epoch 150 time used: 30  seconds  train loss: 0.1695932710126047 validation loss: 0.18089632491044025
epoch 151 time used: 30  seconds  train loss: 0.16933980834359721 validation loss: 0.18152179017756506
epoch 152 time used: 30  seconds  train loss: 0.16918704617692004 validation loss: 0.18071355846223325
epoch 153 time used: 30  seconds  train loss: 0.16900523832383046 validation loss: 0.1810272885895564
epoch 154 time used: 30  seconds  train loss: 0.16867211088902562 validation loss: 0.18038531950012454
epoch 155 time used: 30  seconds  train loss: 0.16867387003256515 validation loss: 0.18084259054114052
epoch 156 time used: 30  seconds  train loss: 0.16859271986343824 validation loss: 0.18029246741509478
epoch 157 time used: 30  seconds  train loss: 0.1684659471584136 validation loss: 0.18020530497252568
epoch 158 time used: 30  seconds  train loss: 0.16851068889332937 validation loss: 0.18155547978193912
epoch 159 time used: 30  seconds  train loss: 0.16827288130556367 validation loss: 0.18050553119665408
epoch 160 time used: 30  seconds  train loss: 0.16783890133965937 validation loss: 0.18031484646859744
epoch 161 time used: 30  seconds  train loss: 0.16796876498861502 validation loss: 0.18003069436420935
epoch 162 time used: 30  seconds  train loss: 0.16806763614141323 validation loss: 0.18053048294881244
epoch 163 time used: 30  seconds  train loss: 0.16847309483294773 validation loss: 0.17951736754338807
epoch 164 time used: 30  seconds  train loss: 0.16748381169214674 validation loss: 0.1795843689783736
epoch 165 time used: 30  seconds  train loss: 0.16760817413070436 validation loss: 0.17941560332290934
epoch 166 time used: 30  seconds  train loss: 0.16793822514863133 validation loss: 0.17956568123066147
epoch 167 time used: 30  seconds  train loss: 0.16795443479405345 validation loss: 0.1802227856156762
epoch 168 time used: 30  seconds  train loss: 0.16731894292717148 validation loss: 0.17899279093239148
epoch 169 time used: 30  seconds  train loss: 0.16717789473481548 validation loss: 0.17894544350849312
epoch 170 time used: 30  seconds  train loss: 0.16720605569939914 validation loss: 0.17943000446641644
epoch 171 time used: 30  seconds  train loss: 0.16754651389333453 validation loss: 0.17901193285525627
epoch 172 time used: 30  seconds  train loss: 0.16741108528499615 validation loss: 0.1795145516149398
epoch 173 time used: 30  seconds  train loss: 0.16686847591229126 validation loss: 0.17925708884180985
epoch 174 time used: 30  seconds  train loss: 0.1669564733957677 validation loss: 0.17880890013079473
epoch 175 time used: 30  seconds  train loss: 0.16667442947363753 validation loss: 0.1798728952748532
epoch 176 time used: 30  seconds  train loss: 0.1669196063439466 validation loss: 0.17918854757199884
epoch 177 time used: 30  seconds  train loss: 0.16646109936308853 validation loss: 0.17934636977388052
epoch 178 time used: 30  seconds  train loss: 0.16661977149451404 validation loss: 0.17909591166856148
epoch 179 time used: 30  seconds  train loss: 0.16625024082900106 validation loss: 0.1787172573774254
epoch 180 time used: 30  seconds  train loss: 0.16630837488415423 validation loss: 0.17839926966618486
epoch 181 time used: 30  seconds  train loss: 0.1659727198538502 validation loss: 0.1788159150415601
epoch 182 time used: 30  seconds  train loss: 0.16634133072854798 validation loss: 0.17922059279540845
epoch 183 time used: 30  seconds  train loss: 0.16609271660199335 validation loss: 0.1786721834899083
epoch 184 time used: 33  seconds  train loss: 0.1658204392857065 validation loss: 0.17822029464971115
epoch 185 time used: 30  seconds  train loss: 0.16576237567947322 validation loss: 0.1780582050204753
epoch 186 time used: 32  seconds  train loss: 0.1657327314493203 validation loss: 0.1782859297000675
epoch 187 time used: 30  seconds  train loss: 0.16605838281073632 validation loss: 0.1783140716097794
epoch 188 time used: 31  seconds  train loss: 0.16546700988602553 validation loss: 0.17788766023606759
epoch 189 time used: 30  seconds  train loss: 0.16592068149594946 validation loss: 0.1786136453874575
epoch 190 time used: 30  seconds  train loss: 0.16541673951421842 validation loss: 0.178097383870918
epoch 191 time used: 30  seconds  train loss: 0.16508732382894378 validation loss: 0.17756931077427546
epoch 192 time used: 30  seconds  train loss: 0.16515311372855374 validation loss: 0.17725556198012402
epoch 193 time used: 30  seconds  train loss: 0.16570937988188278 validation loss: 0.1779800918839417
epoch 194 time used: 30  seconds  train loss: 0.16516779059496228 validation loss: 0.177882867714914
epoch 195 time used: 30  seconds  train loss: 0.1650452193663491 validation loss: 0.17801567212520703
epoch 196 time used: 30  seconds  train loss: 0.16501433392825715 validation loss: 0.17748425502268436
epoch 197 time used: 30  seconds  train loss: 0.1649308368092373 validation loss: 0.17815042520446636
epoch/home/cseadmin/mhy/model/DCRNN.py:318: RuntimeWarning: divide by zero encountered in power
  d_inv = np.power(rowsum, -1).flatten()
/home/cseadmin/mhy/model/DCRNN.py:309: RuntimeWarning: divide by zero encountered in power
  d_inv_sqrt = np.power(rowsum, -0.5).flatten()
 198 time used: 30  seconds  train loss: 0.1647254385182863 validation loss: 0.17745377120805753
epoch 199 time used: 30  seconds  train loss: 0.1647675406584959 validation loss: 0.17742489544378304
YS.shape, YS_pred.shape, (14021, 3, 69, 1) (14021, 3, 69, 1)
YS.shape, YS_pred.shape, (14021, 3, 69) (14021, 3, 69)
****************************************
DCRNN, train, Torch MSE, 1.6301780621e-01, 0.1630178062
DCRNN, train, MSE, RMSE, MAE, MAPE, 368.0387126922, 19.1843350860, 10.7018499515, 16.4703673697
Model Training Ended ... Mon Jan  3 23:57:24 2022
pred_NYC-Taxi_DCRNN_2201032215 testing started Mon Jan  3 23:57:24 2022
TEST XS.shape, YS.shape (3507, 12, 69, 1) (3507, 3, 69, 1)
Model Testing Started ... Mon Jan  3 23:57:24 2022
TIMESTEP_IN, TIMESTEP_OUT 12 3
YS.shape, YS_pred.shape, (3507, 3, 69, 1) (3507, 3, 69, 1)
YS.shape, YS_pred.shape, (3507, 3, 69) (3507, 3, 69)
****************************************
DCRNN, test, Torch MSE, 1.7268657847e-01, 0.1726865785
all pred steps, DCRNN, test, MSE, RMSE, MAE, MAPE, 424.6355188196, 20.6066862649, 11.4838837049, 18.9729335570
1 step, DCRNN, test, MSE, RMSE, MAE, MAPE, 428.2587679520, 20.6944139311, 11.5866505158, 19.3478570040
2 step, DCRNN, test, MSE, RMSE, MAE, MAPE, 413.4892801433, 20.3344358206, 11.3287134006, 18.7135572501
3 step, DCRNN, test, MSE, RMSE, MAE, MAPE, 432.1585404105, 20.7884232305, 11.5362867214, 18.8573866258
Model Testing Ended ... Mon Jan  3 23:57:29 2022
