data.shape (35088, 69, 4)
pred_NYC-Taxi_DCRNN_2112191838 training started Sun Dec 19 18:38:03 2021
TRAIN XS.shape YS,shape (28056, 12, 69, 4) (28056, 3, 69, 4)
Model Training Started ... Sun Dec 19 18:38:03 2021
TIMESTEP_IN, TIMESTEP_OUT 12 3
adj_mx shape is : (69, 69)
==========================================================================================
Layer (type:depth-idx)                   Output Shape              Param #
==========================================================================================
├─DCGRU_Encoder: 1-1                     [2, 12, 69, 64]           --
|    └─ModuleList: 2                     []                        --
|    |    └─DCGRU_Cell: 3-1              [-1, 69, 64]              39,360
|    |    └─DCGRU_Cell: 3-2              [-1, 69, 64]              (recursive)
|    |    └─DCGRU_Cell: 3-3              [-1, 69, 64]              (recursive)
|    |    └─DCGRU_Cell: 3-4              [-1, 69, 64]              (recursive)
|    |    └─DCGRU_Cell: 3-5              [-1, 69, 64]              (recursive)
|    |    └─DCGRU_Cell: 3-6              [-1, 69, 64]              (recursive)
|    |    └─DCGRU_Cell: 3-7              [-1, 69, 64]              (recursive)
|    |    └─DCGRU_Cell: 3-8              [-1, 69, 64]              (recursive)
|    |    └─DCGRU_Cell: 3-9              [-1, 69, 64]              (recursive)
|    |    └─DCGRU_Cell: 3-10             [-1, 69, 64]              (recursive)
|    |    └─DCGRU_Cell: 3-11             [-1, 69, 64]              (recursive)
|    |    └─DCGRU_Cell: 3-12             [-1, 69, 64]              (recursive)
|    |    └─DCGRU_Cell: 3-13             [-1, 69, 64]              73,920
|    |    └─DCGRU_Cell: 3-14             [-1, 69, 64]              (recursive)
|    |    └─DCGRU_Cell: 3-15             [-1, 69, 64]              (recursive)
|    |    └─DCGRU_Cell: 3-16             [-1, 69, 64]              (recursive)
|    |    └─DCGRU_Cell: 3-17             [-1, 69, 64]              (recursive)
|    |    └─DCGRU_Cell: 3-18             [-1, 69, 64]              (recursive)
|    |    └─DCGRU_Cell: 3-19             [-1, 69, 64]              (recursive)
|    |    └─DCGRU_Cell: 3-20             [-1, 69, 64]              (recursive)
|    |    └─DCGRU_Cell: 3-21             [-1, 69, 64]              (recursive)
|    |    └─DCGRU_Cell: 3-22             [-1, 69, 64]              (recursive)
|    |    └─DCGRU_Cell: 3-23             [-1, 69, 64]              (recursive)
|    |    └─DCGRU_Cell: 3-24             [-1, 69, 64]              (recursive)
├─DCGRU_Decoder: 1-2                     [-1, 69, 4]               --
|    └─ModuleList: 2                     []                        --
|    |    └─DCGRU_Cell: 3-25             [-1, 69, 64]              39,360
|    |    └─DCGRU_Cell: 3-26             [-1, 69, 64]              73,920
|    └─Linear: 2-1                       [-1, 69, 4]               260
├─DCGRU_Decoder: 1-3                     [-1, 69, 4]               (recursive)
|    └─ModuleList: 2                     []                        --
|    |    └─DCGRU_Cell: 3-27             [-1, 69, 64]              (recursive)
|    |    └─DCGRU_Cell: 3-28             [-1, 69, 64]              (recursive)
|    └─Linear: 2-2                       [-1, 69, 4]               (recursive)
├─DCGRU_Decoder: 1-4                     [-1, 69, 4]               (recursive)
|    └─ModuleList: 2                     []                        --
|    |    └─DCGRU_Cell: 3-29             [-1, 69, 64]              (recursive)
|    |    └─DCGRU_Cell: 3-30             [-1, 69, 64]              (recursive)
|    └─Linear: 2-3                       [-1, 69, 4]               (recursive)
==========================================================================================
Total params: 226,820
Trainable params: 226,820
Non-trainable params: 0
Total mult-adds (M): 0.00
==========================================================================================
Input size (MB): 0.01
Forward/backward pass size (MB): 0.41
Params size (MB): 0.87
Estimated Total Size (MB): 1.28
==========================================================================================
XS_torch.shape:   torch.Size([28056, 12, 69, 4])
YS_torch.shape:   torch.Size([28056, 3, 69, 4])
LOSS is : MAE
epoch 0 time used: 38  seconds  train loss: 0.2958286342592831 validation loss: 0.21024939117861297
epoch 1 time used: 39  seconds  train loss: 0.2535851514469587 validation loss: 0.2123294497465931
epoch 2 time used: 38  seconds  train loss: 0.24170547007392673 validation loss: 0.20374511306378315
epoch 3 time used: 39  seconds  train loss: 0.2348965715834398 validation loss: 0.19941494192599843
epoch 4 time used: 39  seconds  train loss: 0.23023324270681372 validation loss: 0.20075434241534162
epoch 5 time used: 39  seconds  train loss: 0.22649870967798463 validation loss: 0.19571642160823552
epoch 6 time used: 39  seconds  train loss: 0.22389399507178412 validation loss: 0.1970915752605118
epoch 7 time used: 39  seconds  train loss: 0.22104021174207744 validation loss: 0.19252947373525486
epoch 8 time used: 39  seconds  train loss: 0.21880422881460126 validation loss: 0.19418923298041976
epoch 9 time used: 39  seconds  train loss: 0.2170632774863662 validation loss: 0.19074703007299132
epoch 10 time used: 39  seconds  train loss: 0.21558423049083586 validation loss: 0.19427992287085272
epoch 11 time used: 39  seconds  train loss: 0.21417180318903586 validation loss: 0.19372287022530404
epoch 12 time used: 39  seconds  train loss: 0.21267893924308243 validation loss: 0.19161784519726371
epoch 13 time used: 39  seconds  train loss: 0.2119271607487657 validation loss: 0.20283372205208602
epoch 14 time used: 39  seconds  train loss: 0.21093108754030987 validation loss: 0.19029801747025266
epoch 15 time used: 39  seconds  train loss: 0.20983273509896366 validation loss: 0.19236787093953595
epoch 16 time used: 39  seconds  train loss: 0.20912330966844808 validation loss: 0.18949464826900667
epoch 17 time used: 39  seconds  train loss: 0.20853420761280902 validation loss: 0.18828713388262155
epoch 18 time used: 39  seconds  train loss: 0.20772452827876414 validation loss: 0.19076763454634543
epoch 19 time used: 39  seconds  train loss: 0.2072280776785262 validation loss: 0.18529655285326205
epoch 20 time used: 39  seconds  train loss: 0.20679188044104024 validation loss: 0.18834353887800276
epoch 21 time used: 39  seconds  train loss: 0.206023507071195 validation loss: 0.1883859861719666
epoch 22 time used: 39  seconds  train loss: 0.20523829646540578 validation loss: 0.1886287548831293
epoch 23 time used: 39  seconds  train loss: 0.20496137396865058 validation loss: 0.1865533125946112
epoch 24 time used: 39  seconds  train loss: 0.20462755725419596 validation loss: 0.18735018750269733
epoch 25 time used: 39  seconds  train loss: 0.20405122385541602 validation loss: 0.18587050575254171
epoch 26 time used: 39  seconds  train loss: 0.20364418020898725 validation loss: 0.19052834844942748
epoch 27 time used: 39  seconds  train loss: 0.20333251298564073 validation loss: 0.1887021470917981
epoch 28 time used: 39  seconds  train loss: 0.20295778796385736 validation loss: 0.1875331334478671
Early stopping at epoch: 29
YS.shape, YS_pred.shape, (28056, 3, 69, 4) (28056, 3, 69, 4)
YS.shape, YS_pred.shape, (28056, 3, 69, 4) (28056, 3, 69, 4)
****************************************
DCRNN, train, Torch MSE, 2.0181093458e-01, 0.2018109346
DCRNN, train, MSE, RMSE, MAE, MAPE, 305.3296930449, 17.4736857315, 8.4194793622, 41.9401417253
Model Training Ended ... Sun Dec 19 18:58:18 2021
pred_NYC-Taxi_DCRNN_2112191838 testing started Sun Dec 19 18:58:18 2021
TEST XS.shape, YS.shape (7016, 12, 69, 4) (7016, 3, 69, 4)
Model Testing Started ... Sun Dec 19 18:58:18 2021
TIMESTEP_IN, TIMESTEP_OUT 12 3
adj_mx shape is : (69, 69)
YS.shape, YS_pred.shape, (7016, 3, 69, 4) (7016, 3, 69, 4)
YS.shape, YS_pred.shape, (7016, 3, 69, 4) (7016, 3, 69, 4)
****************************************
DCRNN, test, Torch MSE, 2.2822021058e-01, 0.2282202106
all pred steps, DCRNN, test, MSE, RMSE, MAE, MAPE, 390.2869630063, 19.7556817905, 9.2611845561, 66.4182424026
1 step, DCRNN, test, MSE, RMSE, MAE, MAPE, 292.8986614822, 17.1142823829, 8.1436955508, 59.6024281210
2 step, DCRNN, test, MSE, RMSE, MAE, MAPE, 383.3494911316, 19.5793128360, 9.1897324491, 65.4610494191
3 step, DCRNN, test, MSE, RMSE, MAE, MAPE, 494.6167983074, 22.2399819763, 10.4501725419, 74.1915488301
Model Testing Ended ... Sun Dec 19 18:58:24 2021
