data.shape (17544, 69)
pred_NYC-Taxi_DCRNN_2201022332 training started Sun Jan  2 23:32:56 2022
TRAIN XS.shape YS,shape (14021, 12, 69, 2) (14021, 3, 69, 1)
Model Training Started ... Sun Jan  2 23:32:57 2022
TIMESTEP_IN, TIMESTEP_OUT 12 3
adj_mx shape is : (69, 69)
==========================================================================================
Layer (type:depth-idx)                   Output Shape              Param #
==========================================================================================
├─DCGRU_Encoder: 1-1                     [2, 12, 69, 64]           --
|    └─ModuleList: 2                     []                        --
|    |    └─DCGRU_Cell: 3-1              [-1, 69, 64]              38,208
|    |    └─DCGRU_Cell: 3-2              [-1, 69, 64]              (recursive)
|    |    └─DCGRU_Cell: 3-3              [-1, 69, 64]              (recursive)
|    |    └─DCGRU_Cell: 3-4              [-1, 69, 64]              (recursive)
|    |    └─DCGRU_Cell: 3-5              [-1, 69, 64]              (recursive)
|    |    └─DCGRU_Cell: 3-6              [-1, 69, 64]              (recursive)
|    |    └─DCGRU_Cell: 3-7              [-1, 69, 64]              (recursive)
|    |    └─DCGRU_Cell: 3-8              [-1, 69, 64]              (recursive)
|    |    └─DCGRU_Cell: 3-9              [-1, 69, 64]              (recursive)
|    |    └─DCGRU_Cell: 3-10             [-1, 69, 64]              (recursive)
|    |    └─DCGRU_Cell: 3-11             [-1, 69, 64]              (recursive)
|    |    └─DCGRU_Cell: 3-12             [-1, 69, 64]              (recursive)
|    |    └─DCGRU_Cell: 3-13             [-1, 69, 64]              73,920
|    |    └─DCGRU_Cell: 3-14             [-1, 69, 64]              (recursive)
|    |    └─DCGRU_Cell: 3-15             [-1, 69, 64]              (recursive)
|    |    └─DCGRU_Cell: 3-16             [-1, 69, 64]              (recursive)
|    |    └─DCGRU_Cell: 3-17             [-1, 69, 64]              (recursive)
|    |    └─DCGRU_Cell: 3-18             [-1, 69, 64]              (recursive)
|    |    └─DCGRU_Cell: 3-19             [-1, 69, 64]              (recursive)
|    |    └─DCGRU_Cell: 3-20             [-1, 69, 64]              (recursive)
|    |    └─DCGRU_Cell: 3-21             [-1, 69, 64]              (recursive)
|    |    └─DCGRU_Cell: 3-22             [-1, 69, 64]              (recursive)
|    |    └─DCGRU_Cell: 3-23             [-1, 69, 64]              (recursive)
|    |    └─DCGRU_Cell: 3-24             [-1, 69, 64]              (recursive)
├─DCGRU_Decoder: 1-2                     [-1, 69, 1]               --
|    └─ModuleList: 2                     []                        --
|    |    └─DCGRU_Cell: 3-25             [-1, 69, 64]              37,632
|    |    └─DCGRU_Cell: 3-26             [-1, 69, 64]              73,920
|    └─Linear: 2-1                       [-1, 69, 1]               65
├─DCGRU_Decoder: 1-3                     [-1, 69, 1]               (recursive)
|    └─ModuleList: 2                     []                        --
|    |    └─DCGRU_Cell: 3-27             [-1, 69, 64]              (recursive)
|    |    └─DCGRU_Cell: 3-28             [-1, 69, 64]              (recursive)
|    └─Linear: 2-2                       [-1, 69, 1]               (recursive)
├─DCGRU_Decoder: 1-4                     [-1, 69, 1]               (recursive)
|    └─ModuleList: 2                     []                        --
|    |    └─DCGRU_Cell: 3-29             [-1, 69, 64]              (recursive)
|    |    └─DCGRU_Cell: 3-30             [-1, 69, 64]              (recursive)
|    └─Linear: 2-3                       [-1, 69, 1]               (recursive)
==========================================================================================
Total params: 223,745
Trainable params: 223,745
Non-trainable params: 0
Total mult-adds (M): 0.00
==========================================================================================
Input size (MB): 0.01
Forward/backward pass size (MB): 0.40
Params size (MB): 0.85
Estimated Total Size (MB): 1.26
==========================================================================================
XS_torch.shape:   torch.Size([14021, 12, 69, 2])
YS_torch.shape:   torch.Size([14021, 3, 69, 1])
LOSS is : MAE
epoch 0 time used: 19  seconds  train loss: 0.41517808539765566 validation loss: 0.34545708326564406
epoch 1 time used: 18  seconds  train loss: 0.3443603391732072 validation loss: 0.3155635555199875
epoch 2 time used: 19  seconds  train loss: 0.3199381914498715 validation loss: 0.30032590698053413
epoch 3 time used: 18  seconds  train loss: 0.3006154135535196 validation loss: 0.28681436781195047
epoch 4 time used: 19  seconds  train loss: 0.28588596507202424 validation loss: 0.27944467255406835
epoch 5 time used: 19  seconds  train loss: 0.2758242168020728 validation loss: 0.2681293030398543
epoch 6 time used: 19  seconds  train loss: 0.26757622440960493 validation loss: 0.26222517219394936
epoch 7 time used: 19  seconds  train loss: 0.26192546861545635 validation loss: 0.25571732473795034
epoch 8 time used: 19  seconds  train loss: 0.25732007780135707 validation loss: 0.2527084945272325
epoch 9 time used: 18  seconds  train loss: 0.2536112476015153 validation loss: 0.25036111162923363
epoch 10 time used: 19  seconds  train loss: 0.2505174895082268 validation loss: 0.248583546440668
epoch 11 time used: 19  seconds  train loss: 0.24667583289366418 validation loss: 0.24675132026518676
epoch 12 time used: 20  seconds  train loss: 0.2440579554760227 validation loss: 0.24534886613853713
epoch 13 time used: 19  seconds  train loss: 0.24245725860706865 validation loss: 0.2422498790063793
epoch 14 time used: 19  seconds  train loss: 0.23872296967858556 validation loss: 0.239539615168139
epoch 15 time used: 19  seconds  train loss: 0.23679856540113542 validation loss: 0.24012385646207496
epoch 16 time used: 19  seconds  train loss: 0.2362103598501459 validation loss: 0.23632066728758663
epoch 17 time used: 18  seconds  train loss: 0.23440878615536362 validation loss: 0.2339174368690234
epoch 18 time used: 19  seconds  train loss: 0.23245186671823564 validation loss: 0.23274670650091298
epoch 19 time used: 19  seconds  train loss: 0.23118927956288204 validation loss: 0.23167772471258727
epoch 20 time used: 18  seconds  train loss: 0.22965860328924628 validation loss: 0.23166297249500234
epoch 21 time used: 19  seconds  train loss: 0.228621648370073 validation loss: 0.23481003301727113
epoch 22 time used: 18  seconds  train loss: 0.22782419268242265 validation loss: 0.22750908297874964
epoch 23 time used: 18  seconds  train loss: 0.22600871784157656 validation loss: 0.2290222154759164
epoch 24 time used: 18  seconds  train loss: 0.22525379160327402 validation loss: 0.22724853713581783
epoch 25 time used: 18  seconds  train loss: 0.22410472790717612 validation loss: 0.2262440589041419
epoch 26 time used: 18  seconds  train loss: 0.2233140002711417 validation loss: 0.2270174350863651
epoch 27 time used: 19  seconds  train loss: 0.2220197258572412 validation loss: 0.22468430906347187
epoch 28 time used: 18  seconds  train loss: 0.22160576073556681 validation loss: 0.22499634725872067
epoch 29 time used: 19  seconds  train loss: 0.2198504550394034 validation loss: 0.2220491262432241
epoch 30 time used: 18  seconds  train loss: 0.22003765977532846 validation loss: 0.2228618688537132
epoch 31 time used: 18  seconds  train loss: 0.2185291034179516 validation loss: 0.22260183680757956
epoch 32 time used: 19  seconds  train loss: 0.21798685241161436 validation loss: 0.22021296293104436
epoch 33 time used: 18  seconds  train loss: 0.21746014013405457 validation loss: 0.2197953920686034
epoch 34 time used: 18  seconds  train loss: 0.2162530532596863 validation loss: 0.22085079937510266
epoch 35 time used: 18  seconds  train loss: 0.2158059331903949 validation loss: 0.21968232542361385
epoch 36 time used: 18  seconds  train loss: 0.21522395066943664 validation loss: 0.21878698103542132
epoch 37 time used: 19  seconds  train loss: 0.2141014955303822 validation loss: 0.22002945452741535
epoch 38 time used: 19  seconds  train loss: 0.21413311546405442 validation loss: 0.2176385379932434
epoch 39 time used: 18  seconds  train loss: 0.21332007438614892 validation loss: 0.2176139179853052
epoch 40 time used: 18  seconds  train loss: 0.21282754418688252 validation loss: 0.21667563981555626
epoch 41 time used: 18  seconds  train loss: 0.21220008352116104 validation loss: 0.21704766896372174
epoch 42 time used: 18  seconds  train loss: 0.21099839602692103 validation loss: 0.21588272998758676
epoch 43 time used: 18  seconds  train loss: 0.21077530281354054 validation loss: 0.2153536196409194
epoch 44 time used: 18  seconds  train loss: 0.21072471281741317 validation loss: 0.2152847167565628
epoch 45 time used: 19  seconds  train loss: 0.20953630855447272 validation loss: 0.21307384460331438
epoch 46 time used: 18  seconds  train loss: 0.20908445792280583 validation loss: 0.21389338445541048
epoch 47 time used: 18  seconds  train loss: 0.20970672318474415 validation loss: 0.21471490404535143
epoch 48 time used: 18  seconds  train loss: 0.20806038650776068 validation loss: 0.21580820771638692
epoch 49 time used: 18  seconds  train loss: 0.2076142677994166 validation loss: 0.21321358543188995
epoch 50 time used: 18  seconds  train loss: 0.20706844339065222 validation loss: 0.2126318570364562
epoch 51 time used: 18  seconds  train loss: 0.20690827236371434 validation loss: 0.21134948296949513
epoch 52 time used: 18  seconds  train loss: 0.2056202279129905 validation loss: 0.2107357040549168
epoch 53 time used: 18  seconds  train loss: 0.20524418423511634 validation loss: 0.21014135653504765
epoch 54 time used: 19  seconds  train loss: 0.20495929753387795 validation loss: 0.20936947594318672
epoch 55 time used: 18  seconds  train loss: 0.20417943505985092 validation loss: 0.2103491369326728
epoch 56 time used: 18  seconds  train loss: 0.2042063971635842 validation loss: 0.2114610626265041
epoch 57 time used: 19  seconds  train loss: 0.20393495016312577 validation loss: 0.2101612017706198
epoch 58 time used: 18  seconds  train loss: 0.20278005106638805 validation loss: 0.20820399525501493
epoch 59 time used: 19  seconds  train loss: 0.2024882199284616 validation loss: 0.2087702398054
epoch 60 time used: 19  seconds  train loss: 0.20182202863778748 validation loss: 0.21015948116677322
epoch 61 time used: 18  seconds  train loss: 0.2019184622482403 validation loss: 0.20769927480257516
epoch 62 time used: 19  seconds  train loss: 0.20165970304966907 validation loss: 0.20797449625769276
epoch 63 time used: 18  seconds  train loss: 0.2008987118249846 validation loss: 0.20693610845738253
epoch 64 time used: 18  seconds  train loss: 0.2001102777337033 validation loss: 0.20762653420193156
epoch 65 time used: 18  seconds  train loss: 0.1996893635645805 validation loss: 0.20692355725946115
epoch 66 time used: 19  seconds  train loss: 0.2001452735747582 validation loss: 0.2071689551497485
epoch 67 time used: 19  seconds  train loss: 0.19915740895453982 validation loss: 0.20553767019792482
epoch 68 time used: 18  seconds  train loss: 0.19817717854367198 validation loss: 0.2057851717190544
epoch 69 time used: 18  seconds  train loss: 0.19862499272430764 validation loss: 0.20548115204860332
epoch 70 time used: 18  seconds  train loss: 0.1977808714874956 validation loss: 0.20411736680076792
epoch 71 time used: 18  seconds  train loss: 0.1972670475483174 validation loss: 0.20384857718154353
epoch 72 time used: 18  seconds  train loss: 0.1969284773319911 validation loss: 0.20466370309378443
epoch 73 time used: 18  seconds  train loss: 0.19622489090439238 validation loss: 0.20396090276365067
epoch 74 time used: 18  seconds  train loss: 0.19664099318879336 validation loss: 0.2032397656153762
epoch 75 time used: 18  seconds  train loss: 0.1958554962538802 validation loss: 0.2015076474808858
epoch 76 time used: 18  seconds  train loss: 0.1951443544954285 validation loss: 0.20398463026598665
epoch 77 time used: 18  seconds  train loss: 0.195106813033668 validation loss: 0.20122954817207214
epoch 78 time used: 18  seconds  train loss: 0.19455764404056825 validation loss: 0.20144829885047025
epoch 79 time used: 18  seconds  train loss: 0.19357534423883474 validation loss: 0.20125479764994117
epoch 80 time used: 18  seconds  train loss: 0.19371935303976143 validation loss: 0.2006217963649284
epoch 81 time used: 18  seconds  train loss: 0.1936427270030991 validation loss: 0.20132558959011887
epoch 82 time used: 18  seconds  train loss: 0.193505769385979 validation loss: 0.20019870606307907
epoch 83 time used: 18  seconds  train loss: 0.19286093312091845 validation loss: 0.20220988067435455
epoch 84 time used: 18  seconds  train loss: 0.192368040148583 validation loss: 0.20072208998615376
epoch 85 time used: 18  seconds  train loss: 0.19203516811783478 validation loss: 0.20034721529422592
epoch 86 time used: 18  seconds  train loss: 0.1913688675050126 validation loss: 0.2013323823860286
epoch 87 time used: 18  seconds  train loss: 0.19117436547076466 validation loss: 0.2000176848953136
epoch 88 time used: 18  seconds  train loss: 0.19068891580578246 validation loss: 0.19828242177427394
epoch 89 time used: 19  seconds  train loss: 0.19088229017631606 validation loss: 0.19866841650661984
epoch 90 time used: 18  seconds  train loss: 0.19026982138084594 validation loss: 0.19831546161831684
epoch 91 time used: 18  seconds  train loss: 0.19013124176722845 validation loss: 0.19960165077356087
epoch 92 time used: 18  seconds  train loss: 0.18928015436630977 validation loss: 0.1979814632001497
epoch 93 time used: 18  seconds  train loss: 0.18904623180812447 validation loss: 0.19723979225175012
epoch 94 time used: 18  seconds  train loss: 0.18901227497203288 validation loss: 0.196610271106158
epoch 95 time used: 18  seconds  train loss: 0.18802892949941066 validation loss: 0.19839506623953054
epoch 96 time used: 18  seconds  train loss: 0.1883654445847044 validation loss: 0.19623914849771748
epoch 97 time used: 18  seconds  train loss: 0.18754192224767802 validation loss: 0.19636912793516093
epoch 98 time used: 18  seconds  train loss: 0.18813954645000766 validation loss: 0.1965485043054435
epoch 99 time used: 18  seconds  train loss: 0.18752981980829547 validation loss: 0.19612119932958078
epoch 100 time used: 18  seconds  train loss: 0.186942837061072 validation loss: 0.19573508846508186
epoch 101 time used: 18  seconds  train loss: 0.18665589381982264 validation loss: 0.19529404733021874
epoch 102 time used: 18  seconds  train loss: 0.1865724921518014 validation loss: 0.1950914993737673
epoch 103 time used: 18  seconds  train loss: 0.18599084568676671 validation loss: 0.19478188244295475
epoch 104 time used: 18  seconds  train loss: 0.18529200699650428 validation loss: 0.19488148569754715
epoch 105 time used: 18  seconds  train loss: 0.1855893056751036 validation loss: 0.19555142254946373
epoch 106 time used: 18  seconds  train loss: 0.18549416399581214 validation loss: 0.19504750655571937
epoch 107 time used: 18  seconds  train loss: 0.18488678170467068 validation loss: 0.19344734054970456
epoch 108 time used: 18  seconds  train loss: 0.18417923278768947 validation loss: 0.19525843920771627
epoch 109 time used: 18  seconds  train loss: 0.1840818209818376 validation loss: 0.1932283532973092
epoch 110 time used: 18  seconds  train loss: 0.18412177198128316 validation loss: 0.19338894742118654
epoch 111 time used: 18  seconds  train loss: 0.18391022730872575 validation loss: 0.19330286042933728
epoch 112 time used: 18  seconds  train loss: 0.18403662824265374 validation loss: 0.1936721663711687
epoch 113 time used: 18  seconds  train loss: 0.18369684281646914 validation loss: 0.19268181197519516
epoch 114 time used: 18  seconds  train loss: 0.18283569312830256 validation loss: 0.1931001314658542
epoch 115 time used: 18  seconds  train loss: 0.18244035688739357 validation loss: 0.19319563070434334
epoch 116 time used: 18  seconds  train loss: 0.1833155963692558 validation loss: 0.1921620198099938
epoch 117 time used: 18  seconds  train loss: 0.18232409511263145 validation loss: 0.1922815411568912
epoch 118 time used: 18  seconds  train loss: 0.18231056191884698 validation loss: 0.19131382493141783
epoch 119 time used: 18  seconds  train loss: 0.18138446936515631 validation loss: 0.19182763020446894
epoch 120 time used: 18  seconds  train loss: 0.18143768855384246 validation loss: 0.19168247487364126
epoch 121 time used: 18  seconds  train loss: 0.18112600506576373 validation loss: 0.19112877309730375
epoch 122 time used: 18  seconds  train loss: 0.1810326352836956 validation loss: 0.19216043787280015
epoch 123 time used: 18  seconds  train loss: 0.18065698569222075 validation loss: 0.19214976800385708
epoch 124 time used: 18  seconds  train loss: 0.18070878856610428 validation loss: 0.19195733198559223
epoch 125 time used: 18  seconds  train loss: 0.18029228767199745 validation loss: 0.19011724438078392
epoch 126 time used: 18  seconds  train loss: 0.1803207562408581 validation loss: 0.1913297503795613
epoch 127 time used: 18  seconds  train loss: 0.17998195546222193 validation loss: 0.18988917873406233
epoch 128 time used: 18  seconds  train loss: 0.1798974022847416 validation loss: 0.18971388517144197
epoch 129 time used: 18  seconds  train loss: 0.1790756801508287 validation loss: 0.1902652538492553
epoch 130 time used: 18  seconds  train loss: 0.17908895860131882 validation loss: 0.18943496944390226
epoch 131 time used: 18  seconds  train loss: 0.17922316494518978 validation loss: 0.18949267995813135
epoch 132 time used: 18  seconds  train loss: 0.17846834835455788 validation loss: 0.1898494987693842
epoch 133 time used: 18  seconds  train loss: 0.1781810093021253 validation loss: 0.18908842046534205
epoch 134 time used: 18  seconds  train loss: 0.17841274336218485 validation loss: 0.18891192842604293
epoch 135 time used: 18  seconds  train loss: 0.1779105674717144 validation loss: 0.18857132994951822
epoch 136 time used: 18  seconds  train loss: 0.1782871943937671 validation loss: 0.1891753409786763
epoch 137 time used: 18  seconds  train loss: 0.17755013965689712 validation loss: 0.1890740607356726
epoch 138 time used: 18  seconds  train loss: 0.17742435952370977 validation loss: 0.18857721469263586
epoch 139 time used: 19  seconds  train loss: 0.1773210156029974 validation loss: 0.18869628850317519
epoch 140 time used: 19  seconds  train loss: 0.17717457745123422 validation loss: 0.18842240710701863
epoch 141 time used: 20  seconds  train loss: 0.17687159399664437 validation loss: 0.18796631378476034
epoch 142 time used: 18  seconds  train loss: 0.1765858748904027 validation loss: 0.18791133115207273
epoch 143 time used: 19  seconds  train loss: 0.17674788010598472 validation loss: 0.18792056006257765
epoch 144 time used: 18  seconds  train loss: 0.17611713198271411 validation loss: 0.18801227522215977
epoch 145 time used: 19  seconds  train loss: 0.17666962275413337 validation loss: 0.18892083138958496
epoch 146 time used: 19  seconds  train loss: 0.17598414945804533 validation loss: 0.1883777502480059
epoch 147 time used: 18  seconds  train loss: 0.17543638459937286 validation loss: 0.18707057438404032
epoch 148 time used: 18  seconds  train loss: 0.17543011776468906 validation loss: 0.1877309753428305
epoch 149 time used: 18  seconds  train loss: 0.1753399997007042 validation loss: 0.18675767294998788
epoch 150 time used: 19  seconds  train loss: 0.17497612719606567 validation loss: 0.18686970102739417
epoch 151 time used: 18  seconds  train loss: 0.1754566129184057 validation loss: 0.18880684847193857
epoch 152 time used: 19  seconds  train loss: 0.17497010408549343 validation loss: 0.18684158592787187
epoch 153 time used: 18  seconds  train loss: 0.17466857170374572 validation loss: 0.18653527254964444
epoch 154 time used: 18  seconds  train loss: 0.17465295736627234 validation loss: 0.1859834419018326
epoch 155 time used: 18  seconds  train loss: 0.17407950061246788 validation loss: 0.1859253217374265
epoch 156 time used: 18  seconds  train loss: 0.17376573244853716 validation loss: 0.18565004961156056
epoch 157 time used: 18  seconds  train loss: 0.17396967968122168 validation loss: 0.18631021048569774
epoch 158 time used: 18  seconds  train loss: 0.17407120299292653 validation loss: 0.1855291393115326
epoch 159 time used: 18  seconds  train loss: 0.1737620760524238 validation loss: 0.18670179689365732
epoch 160 time used: 18  seconds  train loss: 0.17350987046422575 validation loss: 0.1861535983890108
epoch 161 time used: 19  seconds  train loss: 0.17322967312974963 validation loss: 0.1849401550706427
epoch 162 time used: 19  seconds  train loss: 0.17335618325464494 validation loss: 0.18589250099910576
epoch 163 time used: 18  seconds  train loss: 0.17302090086997585 validation loss: 0.18478010794603683
epoch 164 time used: 19  seconds  train loss: 0.1733090209191344 validation loss: 0.1854764741876774
epoch 165 time used: 18  seconds  train loss: 0.1726819561569085 validation loss: 0.1848316343168633
epoch 166 time used: 19  seconds  train loss: 0.17241728599758696 validation loss: 0.1845436568217351
epoch 167 time used: 18  seconds  train loss: 0.17238300172949134 validation loss: 0.18514484422960353
epoch 168 time used: 19  seconds  train loss: 0.172224358171176 validation loss: 0.18508757161230477
epoch 169 time used: 18  seconds  train loss: 0.17191807049705263 validation loss: 0.18485182669933906
epoch 170 time used: 19  seconds  train loss: 0.17208196131441467 validation loss: 0.1843926823367001
epoch 171 time used: 19  seconds  train loss: 0.17192983158955483 validation loss: 0.18573903867468042
epoch 172 time used: 18  seconds  train loss: 0.17182419171425042 validation loss: 0.18413379671943575
epoch 173 time used: 19  seconds  train loss: 0.17163859056579123 validation loss: 0.18408299756437727
epoch 174 time used: 19  seconds  train loss: 0.17155439783413634 validation loss: 0.18373076422209067
epoch 175 time used: 18  seconds  train loss: 0.17098718269916088 validation loss: 0.18473790458489062
epoch 176 time used: 18  seconds  train loss: 0.17109189069072858 validation loss: 0.18416202236636325
epoch 177 time used: 19  seconds  train loss: 0.17111612924893593 validation loss: 0.18410408423753447
epoch 178 time used: 19  seconds  train loss: 0.17108914488820248 validation loss: 0.18337288205615465
epoch 179 time used: 18  seconds  train loss: 0.17047404348461567 validation loss: 0.18369460810577265
epoch 180 time used: 18  seconds  train loss: 0.17081771555341801 validation loss: 0.18368562186403542
epoch 181 time used: 18  seconds  train loss: 0.17029547331812797 validation loss: 0.18348863308625565
epoch 182 time used: 18  seconds  train loss: 0.17060720187893977 validation loss: 0.1843052208933637
epoch 183 time used: 18  seconds  train loss: 0.1700998595270459 validation loss: 0.1831693258189638
epoch 184 time used: 19  seconds  train loss: 0.16987262716754314 validation loss: 0.1828837084195577
epoch 185 time used: 19  seconds  train loss: 0.16959266401013529 validation loss: 0.18314764199430986
epoch 186 time used: 18  seconds  train loss: 0.16968204700523143 validation loss: 0.18251277419647624
epoch 187 time used: 21  seconds  train loss: 0.1695895229794515 validation loss: 0.1831666153461948
epoch 188 time used: 20  seconds  train loss: 0.16940366566900247 validation loss: 0.1829740306563331
epoch 189 time used: 18  seconds  train loss: 0.16911648768709348 validation loss: 0.18269998324781028
epoch 190 time used: 18  seconds  train loss: 0.16926116941610297 validation loss: 0.1838271344602278
epoch 191 time used: 18  seconds  train loss: 0.16926368433079658 validation loss: 0.18191336872267574
epoch 192 time used: 18  seconds  train loss: 0.1695790800931285 validation loss: 0.18254859000019394
epoch 193 time used: 18  seconds  train loss: 0.16880417497355502 validation loss: 0.18228357519446545
epoch 194 time used: 20  seconds  train loss: 0.16853192328609937 validation loss: 0.1818390980966419
epoch 195 time used: 18  seconds  train loss: 0.16854160741812094 validation loss: 0.1829792020562983
epoch 196 time used: 19  seconds  train loss: 0.16893062598937725 validation loss: 0.18226062476260962
epoch 197 time used: 19  seconds  train loss: 0.16824052618153912 validation loss: 0.1818626807695515/home/cseadmin/mhy/model/DCRNN.py:300: RuntimeWarning: divide by zero encountered in power
  d_inv_sqrt = np.power(rowsum, -0.5).flatten()

epoch 198 time used: 19  seconds  train loss: 0.168223973857995 validation loss: 0.18158873606258574
epoch 199 time used: 19  seconds  train loss: 0.16807109731628175 validation loss: 0.1821616333651665
YS.shape, YS_pred.shape, (14021, 3, 69, 1) (14021, 3, 69, 1)
YS.shape, YS_pred.shape, (14021, 3, 69) (14021, 3, 69)
****************************************
DCRNN, train, Torch MSE, 1.6741730252e-01, 0.1674173025
DCRNN, train, MSE, RMSE, MAE, MAPE, 313.0332540611, 17.6927458033, 10.3333543312, 16.1488830959
Model Training Ended ... Mon Jan  3 00:36:31 2022
pred_NYC-Taxi_DCRNN_2201022332 testing started Mon Jan  3 00:36:31 2022
TEST XS.shape, YS.shape (3507, 12, 69, 2) (3507, 3, 69, 1)
Model Testing Started ... Mon Jan  3 00:36:31 2022
TIMESTEP_IN, TIMESTEP_OUT 12 3
adj_mx shape is : (69, 69)
YS.shape, YS_pred.shape, (3507, 3, 69, 1) (3507, 3, 69, 1)
YS.shape, YS_pred.shape, (3507, 3, 69) (3507, 3, 69)
****************************************
DCRNN, test, Torch MSE, 1.7458155023e-01, 0.1745815502
all pred steps, DCRNN, test, MSE, RMSE, MAE, MAPE, 348.1249118214, 18.6581057940, 10.8678234112, 17.8331368334
1 step, DCRNN, test, MSE, RMSE, MAE, MAPE, 334.6371559248, 18.2930903875, 10.8650428259, 18.0070912504
2 step, DCRNN, test, MSE, RMSE, MAE, MAPE, 340.2690655052, 18.4463835346, 10.7060471950, 17.5551372576
3 step, DCRNN, test, MSE, RMSE, MAE, MAPE, 369.4683330895, 19.2215590702, 11.0323806195, 17.9371850228
Model Testing Ended ... Mon Jan  3 00:36:33 2022
