/home/cseadmin/mhy/model/DCRNN.py:318: RuntimeWarning: divide by zero encountered in power
  d_inv = np.power(rowsum, -1).flatten()
/home/cseadmin/mhy/model/DCRNN.py:309: RuntimeWarning: divide by zero encountered in power
  d_inv_sqrt = np.power(rowsum, -0.5).flatten()
data.shape (17544, 69)
pred_NYC-Taxi_DCRNN_2201032215 training started Mon Jan  3 22:15:24 2022
TRAIN XS.shape YS,shape (14021, 12, 69, 1) (14021, 3, 69, 1)
Model Training Started ... Mon Jan  3 22:15:24 2022
TIMESTEP_IN, TIMESTEP_OUT 12 3
==========================================================================================
Layer (type:depth-idx)                   Output Shape              Param #
==========================================================================================
├─DCGRU_Encoder: 1-1                     [2, 12, 69, 64]           --
|    └─ModuleList: 2                     []                        --
|    |    └─DCGRU_Cell: 3-1              [-1, 69, 64]              112,512
|    |    └─DCGRU_Cell: 3-2              [-1, 69, 64]              (recursive)
|    |    └─DCGRU_Cell: 3-3              [-1, 69, 64]              (recursive)
|    |    └─DCGRU_Cell: 3-4              [-1, 69, 64]              (recursive)
|    |    └─DCGRU_Cell: 3-5              [-1, 69, 64]              (recursive)
|    |    └─DCGRU_Cell: 3-6              [-1, 69, 64]              (recursive)
|    |    └─DCGRU_Cell: 3-7              [-1, 69, 64]              (recursive)
|    |    └─DCGRU_Cell: 3-8              [-1, 69, 64]              (recursive)
|    |    └─DCGRU_Cell: 3-9              [-1, 69, 64]              (recursive)
|    |    └─DCGRU_Cell: 3-10             [-1, 69, 64]              (recursive)
|    |    └─DCGRU_Cell: 3-11             [-1, 69, 64]              (recursive)
|    |    └─DCGRU_Cell: 3-12             [-1, 69, 64]              (recursive)
|    |    └─DCGRU_Cell: 3-13             [-1, 69, 64]              221,376
|    |    └─DCGRU_Cell: 3-14             [-1, 69, 64]              (recursive)
|    |    └─DCGRU_Cell: 3-15             [-1, 69, 64]              (recursive)
|    |    └─DCGRU_Cell: 3-16             [-1, 69, 64]              (recursive)
|    |    └─DCGRU_Cell: 3-17             [-1, 69, 64]              (recursive)
|    |    └─DCGRU_Cell: 3-18             [-1, 69, 64]              (recursive)
|    |    └─DCGRU_Cell: 3-19             [-1, 69, 64]              (recursive)
|    |    └─DCGRU_Cell: 3-20             [-1, 69, 64]              (recursive)
|    |    └─DCGRU_Cell: 3-21             [-1, 69, 64]              (recursive)
|    |    └─DCGRU_Cell: 3-22             [-1, 69, 64]              (recursive)
|    |    └─DCGRU_Cell: 3-23             [-1, 69, 64]              (recursive)
|    |    └─DCGRU_Cell: 3-24             [-1, 69, 64]              (recursive)
├─DCGRU_Decoder: 1-2                     [-1, 69, 1]               --
|    └─ModuleList: 2                     []                        --
|    |    └─DCGRU_Cell: 3-25             [-1, 69, 64]              112,512
|    |    └─DCGRU_Cell: 3-26             [-1, 69, 64]              221,376
|    └─Linear: 2-1                       [-1, 69, 1]               65
├─DCGRU_Decoder: 1-3                     [-1, 69, 1]               (recursive)
|    └─ModuleList: 2                     []                        --
|    |    └─DCGRU_Cell: 3-27             [-1, 69, 64]              (recursive)
|    |    └─DCGRU_Cell: 3-28             [-1, 69, 64]              (recursive)
|    └─Linear: 2-2                       [-1, 69, 1]               (recursive)
├─DCGRU_Decoder: 1-4                     [-1, 69, 1]               (recursive)
|    └─ModuleList: 2                     []                        --
|    |    └─DCGRU_Cell: 3-29             [-1, 69, 64]              (recursive)
|    |    └─DCGRU_Cell: 3-30             [-1, 69, 64]              (recursive)
|    └─Linear: 2-3                       [-1, 69, 1]               (recursive)
==========================================================================================
Total params: 667,841
Trainable params: 667,841
Non-trainable params: 0
Total mult-adds (M): 0.00
==========================================================================================
Input size (MB): 0.00
Forward/backward pass size (MB): 0.40
Params size (MB): 2.55
Estimated Total Size (MB): 2.96
==========================================================================================
XS_torch.shape:   torch.Size([14021, 12, 69, 1])
YS_torch.shape:   torch.Size([14021, 3, 69, 1])
LOSS is : MAE
epoch 0 time used: 31  seconds  train loss: 0.2840837316206779 validation loss: 0.36117245845976925
epoch 1 time used: 31  seconds  train loss: 0.22639716979945798 validation loss: 0.35156065569016437
epoch 2 time used: 31  seconds  train loss: 0.2096948256156792 validation loss: 0.3339717801611422
epoch 3 time used: 31  seconds  train loss: 0.20175909461592634 validation loss: 0.3209394806803667
epoch 4 time used: 31  seconds  train loss: 0.1956658052443914 validation loss: 0.32311274212425395
epoch 5 time used: 31  seconds  train loss: 0.19029130222823046 validation loss: 0.33433172756171675
epoch 6 time used: 31  seconds  train loss: 0.18636992165620217 validation loss: 0.32056565687306865
epoch 7 time used: 31  seconds  train loss: 0.18291144449060967 validation loss: 0.3385456976758638
epoch 8 time used: 31  seconds  train loss: 0.1795914200479836 validation loss: 0.3107644954852492
epoch 9 time used: 31  seconds  train loss: 0.17773848602485687 validation loss: 0.33422717724061324
epoch 10 time used: 30  seconds  train loss: 0.17496431642978713 validation loss: 0.3141089755334109
epoch 11 time used: 31  seconds  train loss: 0.17297523076405227 validation loss: 0.3038129588908899
epoch 12 time used: 31  seconds  train loss: 0.17124990960519323 validation loss: 0.3101413983212018
epoch 13 time used: 32  seconds  train loss: 0.16941673059124568 validation loss: 0.31040973703791874
epoch 14 time used: 31  seconds  train loss: 0.16800201772904994 validation loss: 0.3195126538982544
epoch 15 time used: 32  seconds  train loss: 0.16665054038579977 validation loss: 0.32761356545664283
epoch 16 time used: 30  seconds  train loss: 0.16563062577769233 validation loss: 0.32764193407141406
epoch 17 time used: 33  seconds  train loss: 0.1654914527703933 validation loss: 0.3096837741745178
epoch 18 time used: 34  seconds  train loss: 0.16290157623309673 validation loss: 0.3256223954545112
epoch 19 time used: 31  seconds  train loss: 0.1625940949064845 validation loss: 0.326259322868234
epoch 20 time used: 30  seconds  train loss: 0.16186666153407772 validation loss: 0.3073367435151485
Early stopping at epoch: 21
YS.shape, YS_pred.shape, (14021, 3, 69, 1) (14021, 3, 69, 1)
YS.shape, YS_pred.shape, (14021, 3, 69) (14021, 3, 69)
****************************************
DCRNN, train, Torch MSE, 1.6038601321e-01, 0.1603860132
DCRNN, train, MSE, RMSE, MAE, MAPE, 150.3117036625, 12.2601673587, 6.8620773968, 43.6759191925
Model Training Ended ... Mon Jan  3 22:27:21 2022
pred_NYC-Taxi_DCRNN_2201032215 testing started Mon Jan  3 22:27:21 2022
TEST XS.shape, YS.shape (3507, 12, 69, 1) (3507, 3, 69, 1)
Model Testing Started ... Mon Jan  3 22:27:21 2022
TIMESTEP_IN, TIMESTEP_OUT 12 3
YS.shape, YS_pred.shape, (3507, 3, 69, 1) (3507, 3, 69, 1)
YS.shape, YS_pred.shape, (3507, 3, 69) (3507, 3, 69)
****************************************
DCRNN, test, Torch MSE, 6.8135934417e-01, 0.6813593442
all pred steps, DCRNN, test, MSE, RMSE, MAE, MAPE, 918.8780163648, 30.3130007813, 17.9117615531, 72.4690970845
1 step, DCRNN, test, MSE, RMSE, MAE, MAPE, 374.0328699146, 19.3399294186, 11.5752897205, 55.7028041962
2 step, DCRNN, test, MSE, RMSE, MAE, MAPE, 924.4978225461, 30.4055557842, 18.4334262537, 74.2406030302
3 step, DCRNN, test, MSE, RMSE, MAE, MAPE, 1458.1196435444, 38.1853328327, 23.7267551048, 87.4643728641
Model Testing Ended ... Mon Jan  3 22:27:31 2022
