data.shape (17544, 69)
pred_NYC-Taxi_DCRNN_2201031937 training started Mon Jan  3 19:37:19 2022
TRAIN XS.shape YS,shape (14021, 12, 69, 1) (14021, 3, 69, 1)
Model Training Started ... Mon Jan  3 19:37:19 2022
TIMESTEP_IN, TIMESTEP_OUT 12 3
adj_mx shape is : (69, 69)
adj_mx shape is : (69, 69)
==========================================================================================
Layer (type:depth-idx)                   Output Shape              Param #
==========================================================================================
├─DCGRU_Encoder: 1-1                     [2, 12, 69, 64]           --
|    └─ModuleList: 2                     []                        --
|    |    └─DCGRU_Cell: 3-1              [-1, 69, 64]              112,512
|    |    └─DCGRU_Cell: 3-2              [-1, 69, 64]              (recursive)
|    |    └─DCGRU_Cell: 3-3              [-1, 69, 64]              (recursive)
|    |    └─DCGRU_Cell: 3-4              [-1, 69, 64]              (recursive)
|    |    └─DCGRU_Cell: 3-5              [-1, 69, 64]              (recursive)
|    |    └─DCGRU_Cell: 3-6              [-1, 69, 64]              (recursive)
|    |    └─DCGRU_Cell: 3-7              [-1, 69, 64]              (recursive)
|    |    └─DCGRU_Cell: 3-8              [-1, 69, 64]              (recursive)
|    |    └─DCGRU_Cell: 3-9              [-1, 69, 64]              (recursive)
|    |    └─DCGRU_Cell: 3-10             [-1, 69, 64]              (recursive)
|    |    └─DCGRU_Cell: 3-11             [-1, 69, 64]              (recursive)
|    |    └─DCGRU_Cell: 3-12             [-1, 69, 64]              (recursive)
|    |    └─DCGRU_Cell: 3-13             [-1, 69, 64]              221,376
|    |    └─DCGRU_Cell: 3-14             [-1, 69, 64]              (recursive)
|    |    └─DCGRU_Cell: 3-15             [-1, 69, 64]              (recursive)
|    |    └─DCGRU_Cell: 3-16             [-1, 69, 64]              (recursive)
|    |    └─DCGRU_Cell: 3-17             [-1, 69, 64]              (recursive)
|    |    └─DCGRU_Cell: 3-18             [-1, 69, 64]              (recursive)
|    |    └─DCGRU_Cell: 3-19             [-1, 69, 64]              (recursive)
|    |    └─DCGRU_Cell: 3-20             [-1, 69, 64]              (recursive)
|    |    └─DCGRU_Cell: 3-21             [-1, 69, 64]              (recursive)
|    |    └─DCGRU_Cell: 3-22             [-1, 69, 64]              (recursive)
|    |    └─DCGRU_Cell: 3-23             [-1, 69, 64]              (recursive)
|    |    └─DCGRU_Cell: 3-24             [-1, 69, 64]              (recursive)
├─DCGRU_Decoder: 1-2                     [-1, 69, 1]               --
|    └─ModuleList: 2                     []                        --
|    |    └─DCGRU_Cell: 3-25             [-1, 69, 64]              112,512
|    |    └─DCGRU_Cell: 3-26             [-1, 69, 64]              221,376
|    └─Linear: 2-1                       [-1, 69, 1]               65
├─DCGRU_Decoder: 1-3                     [-1, 69, 1]               (recursive)
|    └─ModuleList: 2                     []                        --
|    |    └─DCGRU_Cell: 3-27             [-1, 69, 64]              (recursive)
|    |    └─DCGRU_Cell: 3-28             [-1, 69, 64]              (recursive)
|    └─Linear: 2-2                       [-1, 69, 1]               (recursive)
├─DCGRU_Decoder: 1-4                     [-1, 69, 1]               (recursive)
|    └─ModuleList: 2                     []                        --
|    |    └─DCGRU_Cell: 3-29             [-1, 69, 64]              (recursive)
|    |    └─DCGRU_Cell: 3-30             [-1, 69, 64]              (recursive)
|    └─Linear: 2-3                       [-1, 69, 1]               (recursive)
==========================================================================================
Total params: 667,841
Trainable params: 667,841
Non-trainable params: 0
Total mult-adds (M): 0.00
==========================================================================================
Input size (MB): 0.00
Forward/backward pass size (MB): 0.40
Params size (MB): 2.55
Estimated Total Size (MB): 2.96
==========================================================================================
XS_torch.shape:   torch.Size([14021, 12, 69, 1])
YS_torch.shape:   torch.Size([14021, 3, 69, 1])
LOSS is : MAE
epoch 0 time used: 31  seconds  train loss: 0.4065926389329629 validation loss: 0.339934413050898
epoch 1 time used: 31  seconds  train loss: 0.3366551890041294 validation loss: 0.31105690439700806
epoch 2 time used: 31  seconds  train loss: 0.3089209544200014 validation loss: 0.2912561191671995
epoch 3 time used: 32  seconds  train loss: 0.2930856617510727 validation loss: 0.2775427673927934
epoch 4 time used: 32  seconds  train loss: 0.28124244271601145 validation loss: 0.2666004245545071
epoch 5 time used: 31  seconds  train loss: 0.2727840033617632 validation loss: 0.26424275688015253
epoch 6 time used: 32  seconds  train loss: 0.2664355352292591 validation loss: 0.2636049047954002
epoch 7 time used: 32  seconds  train loss: 0.2628761628842486 validation loss: 0.2549739427316277
epoch 8 time used: 32  seconds  train loss: 0.25766202232174584 validation loss: 0.2512605014659307
epoch 9 time used: 31  seconds  train loss: 0.2546569305831305 validation loss: 0.2506570007399158
epoch 10 time used: 31  seconds  train loss: 0.2514367992690615 validation loss: 0.24729154307843615
epoch 11 time used: 30  seconds  train loss: 0.24901564073826926 validation loss: 0.24368578494785176
epoch 12 time used: 30  seconds  train loss: 0.24646649084788486 validation loss: 0.24267418988588804
epoch 13 time used: 31  seconds  train loss: 0.24355099827080315 validation loss: 0.23813667104574726
epoch 14 time used: 31  seconds  train loss: 0.2415789889616884 validation loss: 0.23817603147274688
epoch 15 time used: 29  seconds  train loss: 0.23928331047597753 validation loss: 0.23588755214241527
epoch 16 time used: 31  seconds  train loss: 0.23795629224949796 validation loss: 0.2346878013591119
epoch 17 time used: 30  seconds  train loss: 0.23752587383602666 validation loss: 0.2350585776111839
epoch 18 time used: 31  seconds  train loss: 0.2354908998864926 validation loss: 0.2342127197243048
epoch 19 time used: 30  seconds  train loss: 0.23285533660275173 validation loss: 0.23139948658411394
epoch 20 time used: 31  seconds  train loss: 0.23268736274090038 validation loss: 0.2322188843099036
epoch 21 time used: 31  seconds  train loss: 0.23049145569173995 validation loss: 0.2304067162109387
epoch 22 time used: 30  seconds  train loss: 0.22901659388669662 validation loss: 0.23057899876995488
epoch 23 time used: 30  seconds  train loss: 0.2281250414667201 validation loss: 0.22902725131186633
epoch 24 time used: 30  seconds  train loss: 0.22737613613320984 validation loss: 0.22650651173869066
epoch 25 time used: 30  seconds  train loss: 0.22554981289234075 validation loss: 0.22501497394822356
epoch 26 time used: 31  seconds  train loss: 0.22529122661914583 validation loss: 0.2241804060753046
epoch 27 time used: 30  seconds  train loss: 0.22352265073202082 validation loss: 0.222437870414068
epoch 28 time used: 30  seconds  train loss: 0.22227352395541977 validation loss: 0.2262068886418242
epoch 29 time used: 30  seconds  train loss: 0.22138005544142728 validation loss: 0.22077376106876137
epoch 30 time used: 31  seconds  train loss: 0.22096829315544847 validation loss: 0.22302109044718865
epoch 31 time used: 29  seconds  train loss: 0.21973993543463807 validation loss: 0.22121745493333134
epoch 32 time used: 31  seconds  train loss: 0.21949633745580455 validation loss: 0.22107030557552473
epoch 33 time used: 30  seconds  train loss: 0.2182998195373161 validation loss: 0.2207630648316483
epoch 34 time used: 31  seconds  train loss: 0.21713447377916498 validation loss: 0.21999912492663126
epoch 35 time used: 31  seconds  train loss: 0.2162080582973426 validation loss: 0.21726240693706822
epoch 36 time used: 30  seconds  train loss: 0.21515941592179333 validation loss: 0.21888836426049454
epoch 37 time used: 30  seconds  train loss: 0.21499935370199758 validation loss: 0.21770251155987647
epoch 38 time used: 31  seconds  train loss: 0.21461949204248057 validation loss: 0.21837567656603257
epoch 39 time used: 30  seconds  train loss: 0.213401089278774 validation loss: 0.2162352316017771
epoch 40 time used: 29  seconds  train loss: 0.2127551950847127 validation loss: 0.21639627531910377
epoch 41 time used: 29  seconds  train loss: 0.21200478342211437 validation loss: 0.21572598506400603
epoch 42 time used: 30  seconds  train loss: 0.21080342790261908 validation loss: 0.21370781108065462
epoch 43 time used: 31  seconds  train loss: 0.21084066280954858 validation loss: 0.21440856390793664
epoch 44 time used: 30  seconds  train loss: 0.20975255525516384 validation loss: 0.21405167133041061
epoch 45 time used: 30  seconds  train loss: 0.2098058658136698 validation loss: 0.21320603695244905
epoch 46 time used: 30  seconds  train loss: 0.20923113777752533 validation loss: 0.21380086114796923
epoch 47 time used: 31  seconds  train loss: 0.207847188884908 validation loss: 0.21195623742738454
epoch 48 time used: 28  seconds  train loss: 0.20716094174873256 validation loss: 0.2118561355151657
epoch 49 time used: 30  seconds  train loss: 0.20705529563505484 validation loss: 0.2109776523051368
epoch 50 time used: 30  seconds  train loss: 0.20650376675375362 validation loss: 0.21236847121750907
epoch 51 time used: 25  seconds  train loss: 0.2065003346864354 validation loss: 0.21071984091453802
epoch 52 time used: 30  seconds  train loss: 0.20548126266684405 validation loss: 0.2093333108164689
epoch 53 time used: 30  seconds  train loss: 0.20534948963352473 validation loss: 0.20948028491349882
epoch 54 time used: 30  seconds  train loss: 0.2051453364859352 validation loss: 0.20905727305313007
epoch 55 time used: 30  seconds  train loss: 0.20415696940458594 validation loss: 0.2084932866534436
epoch 56 time used: 30  seconds  train loss: 0.20360522753919497 validation loss: 0.20948484406529735
epoch 57 time used: 28  seconds  train loss: 0.20386913258923667 validation loss: 0.21177053300231372
epoch 58 time used: 30  seconds  train loss: 0.2033161264572464 validation loss: 0.20827278841650287
epoch 59 time used: 23  seconds  train loss: 0.20273219983761187 validation loss: 0.20792305910682515
epoch 60 time used: 27  seconds  train loss: 0.2023393879855616 validation loss: 0.20738107916360846
epoch 61 time used: 30  seconds  train loss: 0.20218436611390556 validation loss: 0.20737441244529303
epoch 62 time used: 30  seconds  train loss: 0.20163188220761208 validation loss: 0.20715767654329453
epoch 63 time used: 30  seconds  train loss: 0.20129870432652205 validation loss: 0.2085532604525991
epoch 64 time used: 30  seconds  train loss: 0.2010149777440866 validation loss: 0.20659260211232996
epoch 65 time used: 30  seconds  train loss: 0.19990699135561427 validation loss: 0.2060090800438074
epoch 66 time used: 30  seconds  train loss: 0.20022116642764776 validation loss: 0.2075820572534018
epoch 67 time used: 30  seconds  train loss: 0.19907519045426475 validation loss: 0.20423456174743834
epoch 68 time used: 30  seconds  train loss: 0.1992275229894186 validation loss: 0.20505000881242944
epoch 69 time used: 30  seconds  train loss: 0.1989734095327233 validation loss: 0.20560021247104857
epoch 70 time used: 30  seconds  train loss: 0.1986939530730986 validation loss: 0.20540215686193142
epoch 71 time used: 30  seconds  train loss: 0.19815043790219156 validation loss: 0.2054590232037029
epoch 72 time used: 30  seconds  train loss: 0.19859325576283313 validation loss: 0.20536895832434696
epoch 73 time used: 30  seconds  train loss: 0.19804906856753285 validation loss: 0.2040992872635433
epoch 74 time used: 31  seconds  train loss: 0.1972373486546612 validation loss: 0.20369484855730194
epoch 75 time used: 26  seconds  train loss: 0.1970485510978086 validation loss: 0.20504038924159013
epoch 76 time used: 30  seconds  train loss: 0.19741482370969407 validation loss: 0.20352286081686743
epoch 77 time used: 30  seconds  train loss: 0.1967985548800508 validation loss: 0.20357776776219666
epoch 78 time used: 30  seconds  train loss: 0.19655575278452875 validation loss: 0.20241072774783447
epoch 79 time used: 30  seconds  train loss: 0.19630148213442972 validation loss: 0.20350886872851093
epoch 80 time used: 31  seconds  train loss: 0.1964461767045768 validation loss: 0.20257785185295993
epoch 81 time used: 30  seconds  train loss: 0.19566583853514993 validation loss: 0.20249730057024098
epoch 82 time used: 30  seconds  train loss: 0.19517028082027318 validation loss: 0.20266465678666568
epoch 83 time used: 31  seconds  train loss: 0.195036491854672 validation loss: 0.20191955914921714
epoch 84 time used: 30  seconds  train loss: 0.19506827320868314 validation loss: 0.2013786254154228
epoch 85 time used: 30  seconds  train loss: 0.1945783835661151 validation loss: 0.20242837901905614
epoch 86 time used: 30  seconds  train loss: 0.19464815636586008 validation loss: 0.20248987093457343
epoch 87 time used: 30  seconds  train loss: 0.1944378862891712 validation loss: 0.201397836106339
epoch 88 time used: 27  seconds  train loss: 0.19413726620636043 validation loss: 0.20351360896384452
epoch 89 time used: 30  seconds  train loss: 0.19374229537185256 validation loss: 0.20023527777983813
epoch 90 time used: 30  seconds  train loss: 0.19351187550481305 validation loss: 0.20099432749436777
epoch 91 time used: 30  seconds  train loss: 0.19406405631556042 validation loss: 0.20164462025513732
epoch 92 time used: 30  seconds  train loss: 0.19341988137151583 validation loss: 0.20034623673930552
epoch 93 time used: 31  seconds  train loss: 0.1926456244597421 validation loss: 0.20096288683478383
epoch 94 time used: 30  seconds  train loss: 0.19267077441319683 validation loss: 0.200237064941638
epoch 95 time used: 30  seconds  train loss: 0.1930983741313734 validation loss: 0.2007880451777154
epoch 96 time used: 30  seconds  train loss: 0.19256299454749193 validation loss: 0.19964078924721196
epoch 97 time used: 30  seconds  train loss: 0.19191003991895209 validation loss: 0.19961048051485386
epoch 98 time used: 30  seconds  train loss: 0.19193161595497374 validation loss: 0.19984676947746016
epoch 99 time used: 30  seconds  train loss: 0.1917853008799029 validation loss: 0.19934730585377622
epoch 100 time used: 30  seconds  train loss: 0.19157613401386533 validation loss: 0.20048277640233908
epoch 101 time used: 30  seconds  train loss: 0.19186565425717017 validation loss: 0.19991960982152956
epoch 102 time used: 30  seconds  train loss: 0.1913186510825025 validation loss: 0.20018754567137054
epoch 103 time used: 30  seconds  train loss: 0.19167308004546874 validation loss: 0.20020605688324944
epoch 104 time used: 30  seconds  train loss: 0.1905499436847931 validation loss: 0.1987698387569247
epoch 105 time used: 30  seconds  train loss: 0.19064518065960975 validation loss: 0.1996552733203988
epoch 106 time used: 30  seconds  train loss: 0.1904061244303293 validation loss: 0.20015611002700912
epoch 107 time used: 30  seconds  train loss: 0.19051130636822022 validation loss: 0.1994428088494321
epoch 108 time used: 30  seconds  train loss: 0.19049965862560087 validation loss: 0.19821339388337056
epoch 109 time used: 30  seconds  train loss: 0.19041776863592705 validation loss: 0.20107292501639448
epoch 110 time used: 30  seconds  train loss: 0.1901927162866698 validation loss: 0.19959751340197754
epoch 111 time used: 30  seconds  train loss: 0.1900043854028968 validation loss: 0.1982167529689198
epoch 112 time used: 30  seconds  train loss: 0.18960635870316148 validation loss: 0.19823653587972648
epoch 113 time used: 30  seconds  train loss: 0.19016102918845496 validation loss: 0.1983811773372526
epoch 114 time used: 30  seconds  train loss: 0.1894332077202363 validation loss: 0.19774016831442076
epoch 115 time used: 30  seconds  train loss: 0.18944370185450463 validation loss: 0.1991146399389317
epoch 116 time used: 30  seconds  train loss: 0.18924903562082931 validation loss: 0.19762983616426613
epoch 117 time used: 29  seconds  train loss: 0.18894813798384982 validation loss: 0.19722786402947143
epoch 118 time used: 26  seconds  train loss: 0.18843448418124242 validation loss: 0.19663365154659415
epoch 119 time used: 30  seconds  train loss: 0.1884989015172583 validation loss: 0.1972941564904984
epoch 120 time used: 30  seconds  train loss: 0.18902598249531352 validation loss: 0.19902143971245423
epoch 121 time used: 30  seconds  train loss: 0.18901205507423188 validation loss: 0.197055671251439
epoch 122 time used: 30  seconds  train loss: 0.18807590116613418 validation loss: 0.20018323538511465
epoch 123 time used: 30  seconds  train loss: 0.18843872920966204 validation loss: 0.19734285961405182
epoch 124 time used: 28  seconds  train loss: 0.1883940461076818 validation loss: 0.1972075551663272
epoch 125 time used: 27  seconds  train loss: 0.18786969507385784 validation loss: 0.1966519192226669
epoch 126 time used: 30  seconds  train loss: 0.1879199720872976 validation loss: 0.19806719009902093
epoch 127 time used: 30  seconds  train loss: 0.1876927548670248 validation loss: 0.1958628312152791
epoch 128 time used: 30  seconds  train loss: 0.18739273447457144 validation loss: 0.196952889085292
epoch 129 time used: 29  seconds  train loss: 0.1874397027840395 validation loss: 0.19722534952439788
epoch 130 time used: 30  seconds  train loss: 0.18732959335717853 validation loss: 0.19658303983335282
epoch 131 time used: 30  seconds  train loss: 0.18696113309255438 validation loss: 0.19643298880379334
epoch 132 time used: 30  seconds  train loss: 0.18714801646479964 validation loss: 0.19593095100238808
epoch 133 time used: 30  seconds  train loss: 0.18688887348480554 validation loss: 0.19580824996190144
epoch 134 time used: 30  seconds  train loss: 0.18680333785098113 validation loss: 0.19646427844567632
epoch 135 time used: 30  seconds  train loss: 0.18681201231394134 validation loss: 0.19618391076871075
epoch 136 time used: 30  seconds  train loss: 0.18685185030360232 validation loss: 0.1957664848292003
epoch 137 time used: 30  seconds  train loss: 0.18693035547046113 validation loss: 0.19581393146100073
epoch 138 time used: 30  seconds  train loss: 0.1865448792263705 validation loss: 0.19594193385521888
epoch 139 time used: 30  seconds  train loss: 0.18639791275143508 validation loss: 0.1956816984970639
epoch 140 time used: 30  seconds  train loss: 0.18612206038081533 validation loss: 0.19534134920909618
epoch 141 time used: 30  seconds  train loss: 0.1860058059764678 validation loss: 0.19548552933415209
epoch 142 time used: 30  seconds  train loss: 0.1859044037688855 validation loss: 0.19662044168844675
epoch 143 time used: 30  seconds  train loss: 0.18619047496425317 validation loss: 0.19650948959728412
epoch 144 time used: 30  seconds  train loss: 0.1861640979460874 validation loss: 0.1952858161174836
epoch 145 time used: 30  seconds  train loss: 0.1862130583469511 validation loss: 0.1947883843559574
epoch 146 time used: 28  seconds  train loss: 0.1855194553669711 validation loss: 0.1961812991978302
epoch 147 time used: 30  seconds  train loss: 0.18568448766089435 validation loss: 0.19438102072943161
epoch 148 time used: 30  seconds  train loss: 0.18503052572940512 validation loss: 0.19450390007382995
epoch 149 time used: 30  seconds  train loss: 0.18491263239652667 validation loss: 0.19497047735328207
epoch 150 time used: 29  seconds  train loss: 0.18513898273555238 validation loss: 0.19545603841458195
epoch 151 time used: 31  seconds  train loss: 0.18495471450495027 validation loss: 0.19477749584031254
epoch 152 time used: 31  seconds  train loss: 0.18472880402468764 validation loss: 0.1938360695473752
epoch 153 time used: 30  seconds  train loss: 0.18505686819359032 validation loss: 0.19537165879999238
epoch 154 time used: 29  seconds  train loss: 0.18515584316380373 validation loss: 0.19504467781720267
epoch 155 time used: 30  seconds  train loss: 0.18482587611127219 validation loss: 0.19490694261862085
epoch 156 time used: 30  seconds  train loss: 0.18489174163415373 validation loss: 0.19549621112912435
epoch 157 time used: 30  seconds  train loss: 0.18466983560167852 validation loss: 0.19424266162016565
epoch 158 time used: 30  seconds  train loss: 0.18419111202060107 validation loss: 0.19446674228156557
epoch 159 time used: 30  seconds  train loss: 0.18436957607643978 validation loss: 0.1949561623950992
epoch 160 time used: 30  seconds  train loss: 0.1843337446528924 validation loss: 0.1943804110398785
epoch 161 time used: 30  seconds  train loss: 0.1844573234370993 validation loss: 0.19373986175144595
epoch 162 time used: 29  seconds  train loss: 0.183949727435084 validation loss: 0.1936774425127815
epoch 163 time used: 28  seconds  train loss: 0.1838201751849299 validation loss: 0.19402345482002853
epoch 164 time used: 30  seconds  train loss: 0.1840541940297838 validation loss: 0.19485914973245644
epoch 165 time used: 30  seconds  train loss: 0.18384084428099107 validation loss: 0.1936587609703447
epoch 166 time used: 31  seconds  train loss: 0.18412214941258612 validation loss: 0.19392005438744783
epoch 167 time used: 30  seconds  train loss: 0.18390979981496275 validation loss: 0.19435964433791905
epoch 168 time used: 30  seconds  train loss: 0.1838463162672337 validation loss: 0.19378735045161305
epoch 169 time used: 30  seconds  train loss: 0.18415712708267826 validation loss: 0.19404530442753862
epoch 170 time used: 30  seconds  train loss: 0.1834790451998115 validation loss: 0.19351304885631143
epoch 171 time used: 30  seconds  train loss: 0.18355718660245782 validation loss: 0.1940790067144754
epoch 172 time used: 30  seconds  train loss: 0.18322711013546586 validation loss: 0.19303664344076557
epoch 173 time used: 30  seconds  train loss: 0.1837492025088984 validation loss: 0.1936287565429892
epoch 174 time used: 30  seconds  train loss: 0.18271466493023542 validation loss: 0.19292574273438298
epoch 175 time used: 30  seconds  train loss: 0.18339847562695544 validation loss: 0.19336851157940801
epoch 176 time used: 30  seconds  train loss: 0.18289187507303678 validation loss: 0.19335731420255836
epoch 177 time used: 30  seconds  train loss: 0.18352622324300194 validation loss: 0.1945461077616681
epoch 178 time used: 30  seconds  train loss: 0.18388141054243462 validation loss: 0.19481491687225738
epoch 179 time used: 30  seconds  train loss: 0.18266716512982295 validation loss: 0.1940033100991676
epoch 180 time used: 30  seconds  train loss: 0.18279795814092983 validation loss: 0.1944429010696841
epoch 181 time used: 30  seconds  train loss: 0.18280197249043442 validation loss: 0.19223545328488162
epoch 182 time used: 30  seconds  train loss: 0.18223944559018 validation loss: 0.19336513442205688
epoch 183 time used: 30  seconds  train loss: 0.18271855777235813 validation loss: 0.19428477428228735
epoch 184 time used: 30  seconds  train loss: 0.1825373709337852 validation loss: 0.19255422016619547
epoch 185 time used: 30  seconds  train loss: 0.18266739864612894 validation loss: 0.19277367762545483
epoch 186 time used: 30  seconds  train loss: 0.1827866071777465 validation loss: 0.1922169930752658
epoch 187 time used: 30  seconds  train loss: 0.18220668504962634 validation loss: 0.1920505358587315
epoch 188 time used: 30  seconds  train loss: 0.18203973691919006 validation loss: 0.1926505228008329
epoch 189 time used: 30  seconds  train loss: 0.18205991224120097 validation loss: 0.19230356586367078
epoch 190 time used: 30  seconds  train loss: 0.18189821589311794 validation loss: 0.19250143881668313
epoch 191 time used: 30  seconds  train loss: 0.1824211760466286 validation loss: 0.19235157353736576
epoch 192 time used: 31  seconds  train loss: 0.1820416345410134 validation loss: 0.19205316076670384
epoch 193 time used: 30  seconds  train loss: 0.181973900576737 validation loss: 0.1921662102409315
epoch 194 time used: 30  seconds  train loss: 0.18217932374830312 validation loss: 0.19291807666072422
epoch 195 time used: 31  seconds  train loss: 0.18148964243134186 validation loss: 0.19165178242575695
epoch 196 time used: 30  seconds  train loss: 0.18187565071053408 validation loss: 0.19258829634222246
epoch 197 time used: 30  seconds  train loss: 0.18205932632482202 validation loss: 0.19303241411210195/home/cseadmin/mhy/model/DCRNN.py:310: RuntimeWarning: divide by zero encountered in power
  d_inv_sqrt = np.power(rowsum, -0.5).flatten()

epoch 198 time used: 30  seconds  train loss: 0.18170947579343272 validation loss: 0.19241081295493528
epoch 199 time used: 30  seconds  train loss: 0.18170732987074734 validation loss: 0.19159921525174797
YS.shape, YS_pred.shape, (14021, 3, 69, 1) (14021, 3, 69, 1)
YS.shape, YS_pred.shape, (14021, 3, 69) (14021, 3, 69)
****************************************
DCRNN, train, Torch MSE, 1.7918522338e-01, 0.1791852234
DCRNN, train, MSE, RMSE, MAE, MAPE, 460.4477802681, 21.4580469817, 11.9465028141, 17.7468670281
Model Training Ended ... Mon Jan  3 21:19:09 2022
pred_NYC-Taxi_DCRNN_2201031937 testing started Mon Jan  3 21:19:09 2022
TEST XS.shape, YS.shape (3507, 12, 69, 1) (3507, 3, 69, 1)
Model Testing Started ... Mon Jan  3 21:19:09 2022
TIMESTEP_IN, TIMESTEP_OUT 12 3
adj_mx shape is : (69, 69)
adj_mx shape is : (69, 69)
YS.shape, YS_pred.shape, (3507, 3, 69, 1) (3507, 3, 69, 1)
YS.shape, YS_pred.shape, (3507, 3, 69) (3507, 3, 69)
****************************************
DCRNN, test, Torch MSE, 1.8591823837e-01, 0.1859182384
all pred steps, DCRNN, test, MSE, RMSE, MAE, MAPE, 517.0962398677, 22.7397502156, 12.6505781393, 19.8667846737
1 step, DCRNN, test, MSE, RMSE, MAE, MAPE, 501.2652783248, 22.3889543821, 12.5883067897, 20.1921000094
2 step, DCRNN, test, MSE, RMSE, MAE, MAPE, 508.3962780083, 22.5476446222, 12.4790580141, 19.5445018598
3 step, DCRNN, test, MSE, RMSE, MAE, MAPE, 541.6270611853, 23.2728825285, 12.8843682654, 19.8637525263
Model Testing Ended ... Mon Jan  3 21:19:15 2022
