nohup: ignoring input
data.shape (35088, 69)
pred_NYC-Taxi_DCRNN_2112251456 training started Sat Dec 25 14:56:11 2021
TRAIN XS.shape YS,shape (28056, 12, 69, 1) (28056, 3, 69, 1)
Model Training Started ... Sat Dec 25 14:56:11 2021
TIMESTEP_IN, TIMESTEP_OUT 12 3
adj_mx shape is : (69, 69)
==========================================================================================
Layer (type:depth-idx)                   Output Shape              Param #
==========================================================================================
├─DCGRU_Encoder: 1-1                     [2, 12, 69, 64]           --
|    └─ModuleList: 2                     []                        --
|    |    └─DCGRU_Cell: 3-1              [-1, 69, 64]              37,632
|    |    └─DCGRU_Cell: 3-2              [-1, 69, 64]              (recursive)
|    |    └─DCGRU_Cell: 3-3              [-1, 69, 64]              (recursive)
|    |    └─DCGRU_Cell: 3-4              [-1, 69, 64]              (recursive)
|    |    └─DCGRU_Cell: 3-5              [-1, 69, 64]              (recursive)
|    |    └─DCGRU_Cell: 3-6              [-1, 69, 64]              (recursive)
|    |    └─DCGRU_Cell: 3-7              [-1, 69, 64]              (recursive)
|    |    └─DCGRU_Cell: 3-8              [-1, 69, 64]              (recursive)
|    |    └─DCGRU_Cell: 3-9              [-1, 69, 64]              (recursive)
|    |    └─DCGRU_Cell: 3-10             [-1, 69, 64]              (recursive)
|    |    └─DCGRU_Cell: 3-11             [-1, 69, 64]              (recursive)
|    |    └─DCGRU_Cell: 3-12             [-1, 69, 64]              (recursive)
|    |    └─DCGRU_Cell: 3-13             [-1, 69, 64]              73,920
|    |    └─DCGRU_Cell: 3-14             [-1, 69, 64]              (recursive)
|    |    └─DCGRU_Cell: 3-15             [-1, 69, 64]              (recursive)
|    |    └─DCGRU_Cell: 3-16             [-1, 69, 64]              (recursive)
|    |    └─DCGRU_Cell: 3-17             [-1, 69, 64]              (recursive)
|    |    └─DCGRU_Cell: 3-18             [-1, 69, 64]              (recursive)
|    |    └─DCGRU_Cell: 3-19             [-1, 69, 64]              (recursive)
|    |    └─DCGRU_Cell: 3-20             [-1, 69, 64]              (recursive)
|    |    └─DCGRU_Cell: 3-21             [-1, 69, 64]              (recursive)
|    |    └─DCGRU_Cell: 3-22             [-1, 69, 64]              (recursive)
|    |    └─DCGRU_Cell: 3-23             [-1, 69, 64]              (recursive)
|    |    └─DCGRU_Cell: 3-24             [-1, 69, 64]              (recursive)
├─DCGRU_Decoder: 1-2                     [-1, 69, 1]               --
|    └─ModuleList: 2                     []                        --
|    |    └─DCGRU_Cell: 3-25             [-1, 69, 64]              37,632
|    |    └─DCGRU_Cell: 3-26             [-1, 69, 64]              73,920
|    └─Linear: 2-1                       [-1, 69, 1]               65
├─ModuleList: 1                          []                        --
|    └─Conv1d: 2-2                       [-1, 1, 69]               2
├─DCGRU_Decoder: 1-3                     [-1, 69, 1]               (recursive)
|    └─ModuleList: 2                     []                        --
|    |    └─DCGRU_Cell: 3-27             [-1, 69, 64]              (recursive)
|    |    └─DCGRU_Cell: 3-28             [-1, 69, 64]              (recursive)
|    └─Linear: 2-3                       [-1, 69, 1]               (recursive)
├─ModuleList: 1                          []                        --
|    └─Conv1d: 2-4                       [-1, 1, 69]               2
├─DCGRU_Decoder: 1-4                     [-1, 69, 1]               (recursive)
|    └─ModuleList: 2                     []                        --
|    |    └─DCGRU_Cell: 3-29             [-1, 69, 64]              (recursive)
|    |    └─DCGRU_Cell: 3-30             [-1, 69, 64]              (recursive)
|    └─Linear: 2-5                       [-1, 69, 1]               (recursive)
├─ModuleList: 1                          []                        --
|    └─Conv1d: 2-6                       [-1, 1, 69]               2
==========================================================================================
Total params: 223,175
Trainable params: 223,175
Non-trainable params: 0
Total mult-adds (M): 0.00
==========================================================================================
Input size (MB): 0.00
Forward/backward pass size (MB): 0.41
Params size (MB): 0.85
Estimated Total Size (MB): 1.26
==========================================================================================
XS_torch.shape:   torch.Size([28056, 12, 69, 1])
YS_torch.shape:   torch.Size([28056, 3, 69, 1])
LOSS is : MAE
epoch 0 time used: 40  seconds  train loss: 0.40229720820090964 validation loss: 0.11459166442511733
epoch 1 time used: 38  seconds  train loss: 0.2970823552842645 validation loss: 0.0973380825328018
epoch 2 time used: 38  seconds  train loss: 0.282763061959164 validation loss: 0.09080474974976872
epoch 3 time used: 38  seconds  train loss: 0.27177296321335437 validation loss: 0.08588258574958672
epoch 4 time used: 38  seconds  train loss: 0.262514363348064 validation loss: 0.08995022699088155
epoch 5 time used: 38  seconds  train loss: 0.2557219598129561 validation loss: 0.08657418792450704
epoch 6 time used: 38  seconds  train loss: 0.24994978470381585 validation loss: 0.08423303857356489
epoch 7 time used: 38  seconds  train loss: 0.2453573829610846 validation loss: 0.08626714501543742
epoch 8 time used: 38  seconds  train loss: 0.24182614771026842 validation loss: 0.08042816513533738
epoch 9 time used: 39  seconds  train loss: 0.23908543579022098 validation loss: 0.08168098333684475
epoch 10 time used: 38  seconds  train loss: 0.23683734010584684 validation loss: 0.07950952827361088
epoch 11 time used: 38  seconds  train loss: 0.2343759842365986 validation loss: 0.08019966548210472
epoch 12 time used: 40  seconds  train loss: 0.23262498358443554 validation loss: 0.07978823111587213
epoch 13 time used: 41  seconds  train loss: 0.2309678090403408 validation loss: 0.07951572834000752
epoch 14 time used: 38  seconds  train loss: 0.2291952443180407 validation loss: 0.07980285876618853
epoch 15 time used: 39  seconds  train loss: 0.22814412614668822 validation loss: 0.08280510900237807
epoch 16 time used: 43  seconds  train loss: 0.22691662978024157 validation loss: 0.07787154513374842
epoch 17 time used: 43  seconds  train loss: 0.2260313445558868 validation loss: 0.07736582882831944
epoch 18 time used: 40  seconds  train loss: 0.22471404574634518 validation loss: 0.07818562866090063
epoch 19 time used: 38  seconds  train loss: 0.22427712095415545 validation loss: 0.07801524449871719
epoch 20 time used: 38  seconds  train loss: 0.22337409810231482 validation loss: 0.07889953781889142
epoch 21 time used: 41  seconds  train loss: 0.2225062831671176 validation loss: 0.07740069976985234
epoch 22 time used: 43  seconds  train loss: 0.2216034359230549 validation loss: 0.07675289882318838
epoch 23 time used: 40  seconds  train loss: 0.22114388327357423 validation loss: 0.07793389826095237
epoch 24 time used: 38  seconds  train loss: 0.22027738709751615 validation loss: 0.07684623078255358
epoch 25 time used: 38  seconds  train loss: 0.21943789199367938 validation loss: 0.07612032422040105
epoch 26 time used: 38  seconds  train loss: 0.2194791784562901 validation loss: 0.075948019833061
epoch 27 time used: 38  seconds  train loss: 0.2180595577863031 validation loss: 0.07607129746466441
epoch 28 time used: 40  seconds  train loss: 0.21765782483020107 validation loss: 0.0766871528456209
epoch 29 time used: 38  seconds  train loss: 0.21738694652340176 validation loss: 0.07458230218071185
epoch 30 time used: 39  seconds  train loss: 0.21678167936590578 validation loss: 0.07505855981673751
epoch 31 time used: 42  seconds  train loss: 0.21628438999157165 validation loss: 0.0749045816885633
epoch 32 time used: 43  seconds  train loss: 0.21581270809977054 validation loss:/home/cseadmin/mhy/model/DCRNN.py:292: RuntimeWarning: divide by zero encountered in power
  d_inv_sqrt = np.power(rowsum, -0.5).flatten()
 0.07411297778900376
epoch 33 time used: 43  seconds  train loss: 0.21501096224859148 validation loss: 0.0747840260597658
epoch 34 time used: 41  seconds  train loss: 0.21451380312420928 validation loss: 0.07495666019106509
epoch 35 time used: 39  seconds  train loss: 0.21450381079726832 validation loss: 0.07453328083179804
epoch 36 time used: 38  seconds  train loss: 0.21384131491410038 validation loss: 0.07565994733864335
epoch 37 time used: 43  seconds  train loss: 0.21378588634327067 validation loss: 0.07444900605272016
epoch 38 time used: 43  seconds  train loss: 0.21316946318855723 validation loss: 0.07487131220545903
epoch 39 time used: 43  seconds  train loss: 0.21254122779067702 validation loss: 0.07563984676205537
epoch 40 time used: 42  seconds  train loss: 0.2125449833324754 validation loss: 0.07444856095329322
epoch 41 time used: 42  seconds  train loss: 0.21181530840632687 validation loss: 0.07719151239118788
Early stopping at epoch: 42
YS.shape, YS_pred.shape, (28056, 3, 69, 1) (28056, 3, 69, 1)
YS.shape, YS_pred.shape, (28056, 3, 69) (28056, 3, 69)
****************************************
DCRNN, train, Torch MSE, 2.1022791236e-01, 0.2102279124
DCRNN, train, MSE, RMSE, MAE, MAPE, 127.9361565864, 11.3108866402, 6.6014393071, 29.4900094147
Model Training Ended ... Sat Dec 25 15:25:30 2021
pred_NYC-Taxi_DCRNN_2112251456 testing started Sat Dec 25 15:25:30 2021
TEST XS.shape, YS.shape (7016, 12, 69, 1) (7016, 3, 69, 1)
Model Testing Started ... Sat Dec 25 15:25:30 2021
TIMESTEP_IN, TIMESTEP_OUT 12 3
adj_mx shape is : (69, 69)
YS.shape, YS_pred.shape, (7016, 3, 69, 1) (7016, 3, 69, 1)
YS.shape, YS_pred.shape, (7016, 3, 69) (7016, 3, 69)
****************************************
DCRNN, test, Torch MSE, 1.1570983072e-01, 0.1157098307
all pred steps, DCRNN, test, MSE, RMSE, MAE, MAPE, 48.8081906991, 6.9862859016, 4.3269116493, 51.9005498865
1 step, DCRNN, test, MSE, RMSE, MAE, MAPE, 34.4739228740, 5.8714498102, 3.7697248481, 44.5712915928
2 step, DCRNN, test, MSE, RMSE, MAE, MAPE, 46.3647489458, 6.8091665383, 4.2481634203, 50.4369095799
3 step, DCRNN, test, MSE, RMSE, MAE, MAPE, 65.5861574087, 8.0985281014, 4.9628567619, 60.6935841510
Model Testing Ended ... Sat Dec 25 15:25:35 2021
