/home/cseadmin/mhy/model/DCRNN.py:309: RuntimeWarning: divide by zero encountered in power
  d_inv_sqrt = np.power(rowsum, -0.5).flatten()
data.shape (17544, 69, 2)
pred_NYC-Taxi_DCRNN_2201081052 training started Sat Jan  8 10:52:38 2022
TRAIN XS.shape YS,shape (14021, 12, 69, 2) (14021, 3, 69, 1)
Model Training Started ... Sat Jan  8 10:52:38 2022
TIMESTEP_IN, TIMESTEP_OUT 12 3
==========================================================================================
Layer (type:depth-idx)                   Output Shape              Param #
==========================================================================================
├─DCGRU_Encoder: 1-1                     [2, 12, 69, 64]           --
|    └─ModuleList: 2                     []                        --
|    |    └─DCGRU_Cell: 3-1              [-1, 69, 64]              38,208
|    |    └─DCGRU_Cell: 3-2              [-1, 69, 64]              (recursive)
|    |    └─DCGRU_Cell: 3-3              [-1, 69, 64]              (recursive)
|    |    └─DCGRU_Cell: 3-4              [-1, 69, 64]              (recursive)
|    |    └─DCGRU_Cell: 3-5              [-1, 69, 64]              (recursive)
|    |    └─DCGRU_Cell: 3-6              [-1, 69, 64]              (recursive)
|    |    └─DCGRU_Cell: 3-7              [-1, 69, 64]              (recursive)
|    |    └─DCGRU_Cell: 3-8              [-1, 69, 64]              (recursive)
|    |    └─DCGRU_Cell: 3-9              [-1, 69, 64]              (recursive)
|    |    └─DCGRU_Cell: 3-10             [-1, 69, 64]              (recursive)
|    |    └─DCGRU_Cell: 3-11             [-1, 69, 64]              (recursive)
|    |    └─DCGRU_Cell: 3-12             [-1, 69, 64]              (recursive)
|    |    └─DCGRU_Cell: 3-13             [-1, 69, 64]              73,920
|    |    └─DCGRU_Cell: 3-14             [-1, 69, 64]              (recursive)
|    |    └─DCGRU_Cell: 3-15             [-1, 69, 64]              (recursive)
|    |    └─DCGRU_Cell: 3-16             [-1, 69, 64]              (recursive)
|    |    └─DCGRU_Cell: 3-17             [-1, 69, 64]              (recursive)
|    |    └─DCGRU_Cell: 3-18             [-1, 69, 64]              (recursive)
|    |    └─DCGRU_Cell: 3-19             [-1, 69, 64]              (recursive)
|    |    └─DCGRU_Cell: 3-20             [-1, 69, 64]              (recursive)
|    |    └─DCGRU_Cell: 3-21             [-1, 69, 64]              (recursive)
|    |    └─DCGRU_Cell: 3-22             [-1, 69, 64]              (recursive)
|    |    └─DCGRU_Cell: 3-23             [-1, 69, 64]              (recursive)
|    |    └─DCGRU_Cell: 3-24             [-1, 69, 64]              (recursive)
├─DCGRU_Decoder: 1-2                     [-1, 69, 1]               --
|    └─ModuleList: 2                     []                        --
|    |    └─DCGRU_Cell: 3-25             [-1, 69, 64]              37,632
|    |    └─DCGRU_Cell: 3-26             [-1, 69, 64]              73,920
|    └─Linear: 2-1                       [-1, 69, 1]               65
├─DCGRU_Decoder: 1-3                     [-1, 69, 1]               (recursive)
|    └─ModuleList: 2                     []                        --
|    |    └─DCGRU_Cell: 3-27             [-1, 69, 64]              (recursive)
|    |    └─DCGRU_Cell: 3-28             [-1, 69, 64]              (recursive)
|    └─Linear: 2-2                       [-1, 69, 1]               (recursive)
├─DCGRU_Decoder: 1-4                     [-1, 69, 1]               (recursive)
|    └─ModuleList: 2                     []                        --
|    |    └─DCGRU_Cell: 3-29             [-1, 69, 64]              (recursive)
|    |    └─DCGRU_Cell: 3-30             [-1, 69, 64]              (recursive)
|    └─Linear: 2-3                       [-1, 69, 1]               (recursive)
==========================================================================================
Total params: 223,745
Trainable params: 223,745
Non-trainable params: 0
Total mult-adds (M): 0.00
==========================================================================================
Input size (MB): 0.01
Forward/backward pass size (MB): 0.40
Params size (MB): 0.85
Estimated Total Size (MB): 1.26
==========================================================================================
XS_torch.shape:   torch.Size([14021, 12, 69, 2])
YS_torch.shape:   torch.Size([14021, 3, 69, 1])
LOSS is : MAE
epoch 0 time used: 20  seconds  train loss: 0.31063668272434636 validation loss: 0.36106778415216423
epoch 1 time used: 21  seconds  train loss: 0.24087558461782557 validation loss: 0.32445729329663553
epoch 2 time used: 21  seconds  train loss: 0.22619703709398997 validation loss: 0.3353945633988345
epoch 3 time used: 20  seconds  train loss: 0.21324646585163326 validation loss: 0.3230001095425246
epoch 4 time used: 21  seconds  train loss: 0.20517534150687033 validation loss: 0.3343800291529534
epoch 5 time used: 18  seconds  train loss: 0.19945325968434222 validation loss: 0.30307523815276893
epoch 6 time used: 20  seconds  train loss: 0.19492779732391816 validation loss: 0.32136525462779464
epoch 7 time used: 20  seconds  train loss: 0.19105656489239167 validation loss: 0.30486914216282024
epoch 8 time used: 19  seconds  train loss: 0.18795379793212513 validation loss: 0.3065611901653201
epoch 9 time used: 20  seconds  train loss: 0.18507054171676468 validation loss: 0.31356771197648164
epoch 10 time used: 20  seconds  train loss: 0.18235982838382853 validation loss: 0.3158080262656356
epoch 11 time used: 20  seconds  train loss: 0.18109255856650638 validation loss: 0.313857714312456
epoch 12 time used: 19  seconds  train loss: 0.1795091466947219 validation loss: 0.31396869508389125
epoch 13 time used: 20  seconds  train loss: 0.17728551106729684 validation loss: 0.3116980778851376
epoch 14 time used: 20  seconds  train loss: 0.17551900474594515 validation loss: 0.30767896001296796
Early stopping at epoch: 15
YS.shape, YS_pred.shape, (14021, 3, 69, 1) (14021, 3, 69, 1)
YS.shape, YS_pred.shape, (14021, 3, 69) (14021, 3, 69)
****************************************
DCRNN, train, Torch MSE, 1.7321562002e-01, 0.1732156200
DCRNN, train, MSE, RMSE, MAE, MAPE, 162.6434553110, 12.7531743229, 7.0803535459, 45.2388465168
Model Training Ended ... Sat Jan  8 10:58:23 2022
pred_NYC-Taxi_DCRNN_2201081052 testing started Sat Jan  8 10:58:23 2022
TEST XS.shape, YS.shape (3507, 12, 69, 2) (3507, 3, 69, 1)
Model Testing Started ... Sat Jan  8 10:58:23 2022
TIMESTEP_IN, TIMESTEP_OUT 12 3
YS.shape, YS_pred.shape, (3507, 3, 69, 1) (3507, 3, 69, 1)
YS.shape, YS_pred.shape, (3507, 3, 69) (3507, 3, 69)
****************************************
DCRNN, test, Torch MSE, 3.6692370473e-01, 0.3669237047
all pred steps, DCRNN, test, MSE, RMSE, MAE, MAPE, 323.3614843673, 17.9822547076, 10.3159725892, 53.9132810042
1 step, DCRNN, test, MSE, RMSE, MAE, MAPE, 216.2489675413, 14.7054060652, 8.6617839763, 46.8175963121
2 step, DCRNN, test, MSE, RMSE, MAE, MAPE, 330.1628285670, 18.1703832807, 10.3697540817, 53.7484570156
3 step, DCRNN, test, MSE, RMSE, MAE, MAPE, 423.6737219081, 20.5833360248, 11.9163969383, 61.1738665302
Model Testing Ended ... Sat Jan  8 10:58:26 2022
