/home/cseadmin/mhy/model/DCRNN.py:264: RuntimeWarning: divide by zero encountered in power
  d_inv_sqrt = np.power(rowsum, -0.5).flatten()
data.shape (35088, 69)
pred_NYC-Taxi_DCRNN_2112191848 training started Sun Dec 19 18:48:37 2021
TRAIN XS.shape YS,shape (28056, 12, 69, 1) (28056, 3, 69, 1)
Model Training Started ... Sun Dec 19 18:48:37 2021
TIMESTEP_IN, TIMESTEP_OUT 12 3
adj_mx shape is : (69, 69)
==========================================================================================
Layer (type:depth-idx)                   Output Shape              Param #
==========================================================================================
├─DCGRU_Encoder: 1-1                     [2, 12, 69, 64]           --
|    └─ModuleList: 2                     []                        --
|    |    └─DCGRU_Cell: 3-1              [-1, 69, 64]              37,632
|    |    └─DCGRU_Cell: 3-2              [-1, 69, 64]              (recursive)
|    |    └─DCGRU_Cell: 3-3              [-1, 69, 64]              (recursive)
|    |    └─DCGRU_Cell: 3-4              [-1, 69, 64]              (recursive)
|    |    └─DCGRU_Cell: 3-5              [-1, 69, 64]              (recursive)
|    |    └─DCGRU_Cell: 3-6              [-1, 69, 64]              (recursive)
|    |    └─DCGRU_Cell: 3-7              [-1, 69, 64]              (recursive)
|    |    └─DCGRU_Cell: 3-8              [-1, 69, 64]              (recursive)
|    |    └─DCGRU_Cell: 3-9              [-1, 69, 64]              (recursive)
|    |    └─DCGRU_Cell: 3-10             [-1, 69, 64]              (recursive)
|    |    └─DCGRU_Cell: 3-11             [-1, 69, 64]              (recursive)
|    |    └─DCGRU_Cell: 3-12             [-1, 69, 64]              (recursive)
|    |    └─DCGRU_Cell: 3-13             [-1, 69, 64]              73,920
|    |    └─DCGRU_Cell: 3-14             [-1, 69, 64]              (recursive)
|    |    └─DCGRU_Cell: 3-15             [-1, 69, 64]              (recursive)
|    |    └─DCGRU_Cell: 3-16             [-1, 69, 64]              (recursive)
|    |    └─DCGRU_Cell: 3-17             [-1, 69, 64]              (recursive)
|    |    └─DCGRU_Cell: 3-18             [-1, 69, 64]              (recursive)
|    |    └─DCGRU_Cell: 3-19             [-1, 69, 64]              (recursive)
|    |    └─DCGRU_Cell: 3-20             [-1, 69, 64]              (recursive)
|    |    └─DCGRU_Cell: 3-21             [-1, 69, 64]              (recursive)
|    |    └─DCGRU_Cell: 3-22             [-1, 69, 64]              (recursive)
|    |    └─DCGRU_Cell: 3-23             [-1, 69, 64]              (recursive)
|    |    └─DCGRU_Cell: 3-24             [-1, 69, 64]              (recursive)
├─DCGRU_Decoder: 1-2                     [-1, 69, 1]               --
|    └─ModuleList: 2                     []                        --
|    |    └─DCGRU_Cell: 3-25             [-1, 69, 64]              37,632
|    |    └─DCGRU_Cell: 3-26             [-1, 69, 64]              73,920
|    └─Linear: 2-1                       [-1, 69, 1]               65
├─DCGRU_Decoder: 1-3                     [-1, 69, 1]               (recursive)
|    └─ModuleList: 2                     []                        --
|    |    └─DCGRU_Cell: 3-27             [-1, 69, 64]              (recursive)
|    |    └─DCGRU_Cell: 3-28             [-1, 69, 64]              (recursive)
|    └─Linear: 2-2                       [-1, 69, 1]               (recursive)
├─DCGRU_Decoder: 1-4                     [-1, 69, 1]               (recursive)
|    └─ModuleList: 2                     []                        --
|    |    └─DCGRU_Cell: 3-29             [-1, 69, 64]              (recursive)
|    |    └─DCGRU_Cell: 3-30             [-1, 69, 64]              (recursive)
|    └─Linear: 2-3                       [-1, 69, 1]               (recursive)
==========================================================================================
Total params: 223,169
Trainable params: 223,169
Non-trainable params: 0
Total mult-adds (M): 0.00
==========================================================================================
Input size (MB): 0.00
Forward/backward pass size (MB): 0.40
Params size (MB): 0.85
Estimated Total Size (MB): 1.26
==========================================================================================
XS_torch.shape:   torch.Size([28056, 12, 69, 1])
YS_torch.shape:   torch.Size([28056, 3, 69, 1])
LOSS is : MAE
epoch 0 time used: 39  seconds  train loss: 0.32068095015791886 validation loss: 0.09729301869138408
YS.shape, YS_pred.shape, (28056, 3, 69, 1) (28056, 3, 69, 1)
YS.shape, YS_pred.shape, (28056, 3, 69, 1) (28056, 3, 69, 1)
****************************************
DCRNN, train, Torch MSE, 2.9251757655e-01, 0.2925175765
DCRNN, train, MSE, RMSE, MAE, MAPE, 331.0035566794, 18.1935031448, 9.9088083170, 43.6199591287
Model Training Ended ... Sun Dec 19 18:49:39 2021
pred_NYC-Taxi_DCRNN_2112191848 testing started Sun Dec 19 18:49:39 2021
TEST XS.shape, YS.shape (7016, 12, 69, 1) (7016, 3, 69, 1)
Model Testing Started ... Sun Dec 19 18:49:39 2021
TIMESTEP_IN, TIMESTEP_OUT 12 3
adj_mx shape is : (69, 69)
YS.shape, YS_pred.shape, (7016, 3, 69, 1) (7016, 3, 69, 1)
YS.shape, YS_pred.shape, (7016, 3, 69) (7016, 3, 69)
****************************************
DCRNN, test, Torch MSE, 1.3420511211e-01, 0.1342051121
all pred steps, DCRNN, test, MSE, RMSE, MAE, MAPE, 52.6792293334, 7.2580458343, 4.7028247246, 73.4819662464
1 step, DCRNN, test, MSE, RMSE, MAE, MAPE, 33.2366870194, 5.7651267999, 3.8441216113, 53.4788788330
2 step, DCRNN, test, MSE, RMSE, MAE, MAPE, 48.7215206924, 6.9800802784, 4.5815838349, 70.5259298581
3 step, DCRNN, test, MSE, RMSE, MAE, MAPE, 76.0798330818, 8.7223754266, 5.6827840871, 96.4414456502
Model Testing Ended ... Sun Dec 19 18:49:45 2021
