data.shape (17544, 69, 4)
pred_NYC-Taxi_DCRNN_2201022228 training started Sun Jan  2 22:28:42 2022
TRAIN XS.shape YS,shape (14021, 12, 69, 4) (14021, 3, 69, 1)
Model Training Started ... Sun Jan  2 22:28:42 2022
TIMESTEP_IN, TIMESTEP_OUT 12 3
adj_mx shape is : (69, 69)
==========================================================================================
Layer (type:depth-idx)                   Output Shape              Param #
==========================================================================================
├─DCGRU_Encoder: 1-1                     [2, 12, 69, 64]           --
|    └─ModuleList: 2                     []                        --
|    |    └─DCGRU_Cell: 3-1              [-1, 69, 64]              39,360
|    |    └─DCGRU_Cell: 3-2              [-1, 69, 64]              (recursive)
|    |    └─DCGRU_Cell: 3-3              [-1, 69, 64]              (recursive)
|    |    └─DCGRU_Cell: 3-4              [-1, 69, 64]              (recursive)
|    |    └─DCGRU_Cell: 3-5              [-1, 69, 64]              (recursive)
|    |    └─DCGRU_Cell: 3-6              [-1, 69, 64]              (recursive)
|    |    └─DCGRU_Cell: 3-7              [-1, 69, 64]              (recursive)
|    |    └─DCGRU_Cell: 3-8              [-1, 69, 64]              (recursive)
|    |    └─DCGRU_Cell: 3-9              [-1, 69, 64]              (recursive)
|    |    └─DCGRU_Cell: 3-10             [-1, 69, 64]              (recursive)
|    |    └─DCGRU_Cell: 3-11             [-1, 69, 64]              (recursive)
|    |    └─DCGRU_Cell: 3-12             [-1, 69, 64]              (recursive)
|    |    └─DCGRU_Cell: 3-13             [-1, 69, 64]              73,920
|    |    └─DCGRU_Cell: 3-14             [-1, 69, 64]              (recursive)
|    |    └─DCGRU_Cell: 3-15             [-1, 69, 64]              (recursive)
|    |    └─DCGRU_Cell: 3-16             [-1, 69, 64]              (recursive)
|    |    └─DCGRU_Cell: 3-17             [-1, 69, 64]              (recursive)
|    |    └─DCGRU_Cell: 3-18             [-1, 69, 64]              (recursive)
|    |    └─DCGRU_Cell: 3-19             [-1, 69, 64]              (recursive)
|    |    └─DCGRU_Cell: 3-20             [-1, 69, 64]              (recursive)
|    |    └─DCGRU_Cell: 3-21             [-1, 69, 64]              (recursive)
|    |    └─DCGRU_Cell: 3-22             [-1, 69, 64]              (recursive)
|    |    └─DCGRU_Cell: 3-23             [-1, 69, 64]              (recursive)
|    |    └─DCGRU_Cell: 3-24             [-1, 69, 64]              (recursive)
├─DCGRU_Decoder: 1-2                     [-1, 69, 1]               --
|    └─ModuleList: 2                     []                        --
|    |    └─DCGRU_Cell: 3-25             [-1, 69, 64]              37,632
|    |    └─DCGRU_Cell: 3-26             [-1, 69, 64]              73,920
|    └─Linear: 2-1                       [-1, 69, 1]               65
├─DCGRU_Decoder: 1-3                     [-1, 69, 1]               (recursive)
|    └─ModuleList: 2                     []                        --
|    |    └─DCGRU_Cell: 3-27             [-1, 69, 64]              (recursive)
|    |    └─DCGRU_Cell: 3-28             [-1, 69, 64]              (recursive)
|    └─Linear: 2-2                       [-1, 69, 1]               (recursive)
├─DCGRU_Decoder: 1-4                     [-1, 69, 1]               (recursive)
|    └─ModuleList: 2                     []                        --
|    |    └─DCGRU_Cell: 3-29             [-1, 69, 64]              (recursive)
|    |    └─DCGRU_Cell: 3-30             [-1, 69, 64]              (recursive)
|    └─Linear: 2-3                       [-1, 69, 1]               (recursive)
==========================================================================================
Total params: 224,897
Trainable params: 224,897
Non-trainable params: 0
Total mult-adds (M): 0.00
==========================================================================================
Input size (MB): 0.01
Forward/backward pass size (MB): 0.40
Params size (MB): 0.86
Estimated Total Size (MB): 1.28
==========================================================================================
XS_torch.shape:   torch.Size([14021, 12, 69, 4])
YS_torch.shape:   torch.Size([14021, 3, 69, 1])
LOSS is : MAE
epoch 0 time used: 19  seconds  train loss: 0.3999394213469207 validation loss: 0.33871226999600546
epoch 1 time used: 19  seconds  train loss: 0.32498906251075876 validation loss: 0.31655187946486596
epoch 2 time used: 19  seconds  train loss: 0.3000397645070648 validation loss: 0.30656263859558974
epoch 3 time used: 19  seconds  train loss: 0.2827053846464042 validation loss: 0.2930093721294838
epoch 4 time used: 19  seconds  train loss: 0.2705306784751791 validation loss: 0.2858059827729218
epoch 5 time used: 19  seconds  train loss: 0.26270905418857754 validation loss: 0.2817821526146588
epoch 6 time used: 19  seconds  train loss: 0.2552694712753672 validation loss: 0.27019426748539066
epoch 7 time used: 19  seconds  train loss: 0.2502768319847143 validation loss: 0.2680847320941538
epoch 8 time used: 19  seconds  train loss: 0.24693812698582543 validation loss: 0.2621733483014213
epoch 9 time used: 19  seconds  train loss: 0.24271269460862493 validation loss: 0.26232477316194036
epoch 10 time used: 19  seconds  train loss: 0.2408536715687468 validation loss: 0.2593988474103565
epoch 11 time used: 19  seconds  train loss: 0.23729672455655507 validation loss: 0.25529241871303376
epoch 12 time used: 19  seconds  train loss: 0.23578056547320703 validation loss: 0.25285497680943964
epoch 13 time used: 19  seconds  train loss: 0.23311203547650453 validation loss: 0.2581622854376682
epoch 14 time used: 19  seconds  train loss: 0.23114187728320887 validation loss: 0.2540644042606158
epoch 15 time used: 19  seconds  train loss: 0.2298837064200284 validation loss: 0.2499221421552942
epoch 16 time used: 19  seconds  train loss: 0.2290418158632402 validation loss: 0.2518891793146041
epoch 17 time used: 19  seconds  train loss: 0.22717119082395518 validation loss: 0.24500155959786243
epoch 18 time used: 19  seconds  train loss: 0.22516882699438442 validation loss: 0.24493552168063007
epoch 19 time used: 19  seconds  train loss: 0.22412755710316046 validation loss: 0.2439770771310592
epoch 20 time used: 19  seconds  train loss: 0.22335264565290128 validation loss: 0.24260658860478615
epoch 21 time used: 19  seconds  train loss: 0.22168013358256075 validation loss: 0.24480600790234885
epoch 22 time used: 19  seconds  train loss: 0.22100684878042556 validation loss: 0.2405245689684775
epoch 23 time used: 19  seconds  train loss: 0.2199083205918594 validation loss: 0.23996229043907258
epoch 24 time used: 19  seconds  train loss: 0.21939160895631335 validation loss: 0.23819133924948305
epoch 25 time used: 19  seconds  train loss: 0.21754015840767338 validation loss: 0.2396764234685925
epoch 26 time used: 18  seconds  train loss: 0.21695244434721742 validation loss: 0.23803524043957167
epoch 27 time used: 19  seconds  train loss: 0.21643901414948175 validation loss: 0.23672753234148977
epoch 28 time used: 19  seconds  train loss: 0.21554396659339878 validation loss: 0.23543207326142093
epoch 29 time used: 19  seconds  train loss: 0.21471324638333894 validation loss: 0.23931310918762286
epoch 30 time used: 19  seconds  train loss: 0.21391414780744247 validation loss: 0.23589222041355565
epoch 31 time used: 19  seconds  train loss: 0.21328726548362642 validation loss: 0.23443162614661356
epoch 32 time used: 19  seconds  train loss: 0.212209698389748 validation loss: 0.23406787322918074
epoch 33 time used: 18  seconds  train loss: 0.21227952541086859 validation loss: 0.2347593714323169
epoch 34 time used: 18  seconds  train loss: 0.211279038243897 validation loss: 0.23635024489400322
epoch 35 time used: 19  seconds  train loss: 0.2107611897036817 validation loss: 0.23213325512286806
epoch 36 time used: 19  seconds  train loss: 0.20984814442599445 validation loss: 0.2329582229078122
epoch 37 time used: 19  seconds  train loss: 0.20934850979811367 validation loss: 0.2324009128828696
epoch 38 time used: 18  seconds  train loss: 0.2091816250619882 validation loss: 0.23056165111520532
epoch 39 time used: 18  seconds  train loss: 0.2083050712802179 validation loss: 0.23074188320145766
epoch 40 time used: 19  seconds  train loss: 0.2075864869043265 validation loss: 0.23088266985693864
epoch 41 time used: 19  seconds  train loss: 0.2072431437542433 validation loss: 0.23306211126204293
epoch 42 time used: 19  seconds  train loss: 0.2066342446055442 validation loss: 0.23008420652854938
epoch 43 time used: 19  seconds  train loss: 0.20638138151028898 validation loss: 0.22884927642427033
epoch 44 time used: 12  seconds  train loss: 0.20550329147078605 validation loss: 0.22914172365572952
epoch 45 time used: 12  seconds  train loss: 0.20439857063753658 validation loss: 0.22807506440845954
epoch 46 time used: 12  seconds  train loss: 0.2044844580058131 validation loss: 0.22942495754937478
epoch 47 time used: 12  seconds  train loss: 0.20403654010979175 validation loss: 0.2291090567742357
epoch 48 time used: 12  seconds  train loss: 0.20412719945955013 validation loss: 0.22741206387282098
epoch 49 time used: 12  seconds  train loss: 0.20304886044471007 validation loss: 0.22805685490046781
epoch 50 time used: 12  seconds  train loss: 0.20222090215297409 validation loss: 0.2267795203671208
epoch 51 time used: 12  seconds  train loss: 0.20148198490213562 validation loss: 0.22757997324279017
epoch 52 time used: 12  seconds  train loss: 0.20138273142061988 validation loss: 0.2272947439366045
epoch 53 time used: 13  seconds  train loss: 0.20117402231708814 validation loss: 0.22624007171722255
epoch 54 time used: 12  seconds  train loss: 0.200378981701007 validation loss: 0.2267907797797231
epoch 55 time used: 13  seconds  train loss: 0.20006606295184978 validation loss: 0.2262405382944255
epoch 56 time used: 12  seconds  train loss: 0.19942631242346756 validation loss: 0.22696716231716338
epoch 57 time used: 12  seconds  train loss: 0.19931708153350602 validation loss: 0.22589455625702162
epoch 58 time used: 12  seconds  train loss: 0.19884202350204294 validation loss: 0.22638328381932538
epoch 59 time used: 13  seconds  train loss: 0.19844596911942022 validation loss: 0.2247163263121402
epoch 60 time used: 19  seconds  train loss: 0.19826771572528618 validation loss: 0.22404302405039378
epoch 61 time used: 19  seconds  train loss: 0.1973819625777999 validation loss: 0.22530935778661382
epoch 62 time used: 19  seconds  train loss: 0.1966438490422494 validation loss: 0.22481316183542294
epoch 63 time used: 19  seconds  train loss: 0.1965734086976908 validation loss: 0.22469918610059528
epoch 64 time used: 19  seconds  train loss: 0.19632180570040225 validation loss: 0.22348007546175702
epoch 65 time used: 19  seconds  train loss: 0.1955824039893466 validation loss: 0.22493512879183683
epoch 66 time used: 19  seconds  train loss: 0.19554898329868664 validation loss: 0.22403525339659458
epoch 67 time used: 19  seconds  train loss: 0.19489514699948507 validation loss: 0.22257611565228128
epoch 68 time used: 19  seconds  train loss: 0.19443060111777963 validation loss: 0.22347042194041128
epoch 69 time used: 19  seconds  train loss: 0.19426240309718226 validation loss: 0.22439915411858577
epoch 70 time used: 19  seconds  train loss: 0.19408845826181792 validation loss: 0.2238958192616276
epoch 71 time used: 19  seconds  train loss: 0.19316285809263328 validation loss: 0.22289410521660405
epoch 72 time used: 19  seconds  train loss: 0.19334734930135467 validation loss: 0.2225056923394603
epoch 73 time used: 14  seconds  train loss: 0.19274845368064572 validation loss: 0.22289172222086584
epoch 74 time used: 12  seconds  train loss: 0.19248161246052076 validation loss: 0.22235789058620564
epoch 75 time used: 12  seconds  train loss: 0.19148707236787338 validation loss: 0.2219957667150568
epoch 76 time used: 12  seconds  train loss: 0.19150862617604617 validation loss: 0.22176398961665084
epoch 77 time used: 12  seconds  train loss: 0.191066199360354 validation loss: 0.2224183033873405
epoch 78 time used: 12  seconds  train loss: 0.1909663403873767 validation loss: 0.22255127015483767
epoch 79 time used: 12  seconds  train loss: 0.19052956878828 validation loss: 0.22234539034804546
epoch 80 time used: 12  seconds  train loss: 0.19072400668971812 validation loss: 0.22194733378449238
epoch 81 time used: 12  seconds  train loss: 0.1905227379541192 validation loss: 0.221808642429484
epoch 82 time used: 12  seconds  train loss: 0.18935530523659935 validation loss: 0.2208278273097869
epoch 83 time used: 12  seconds  train loss: 0.18906351143660047 validation loss: 0.22083981904688388
epoch 84 time used: 12  seconds  train loss: 0.18899079781714348 validation loss: 0.2215838588718952
epoch 85 time used: 12  seconds  train loss: 0.1888481972318229 validation loss: 0.22091904584333275
epoch 86 time used: 12  seconds  train loss: 0.1883786026307026 validation loss: 0.21969034953315938
epoch 87 time used: 12  seconds  train loss: 0.18806792184453 validation loss: 0.22027248586169393
epoch 88 time used: 12  seconds  train loss: 0.18747629085813783 validation loss: 0.22053284595438363
epoch 89 time used: 12  seconds  train loss: 0.1874852964990412 validation loss: 0.2202287677163338
epoch 90 time used: 12  seconds  train loss: 0.18700131423161634 validation loss: 0.21967833655361985
epoch 91 time used: 12  seconds  train loss: 0.18660909474323578 validation loss: 0.2193359027351574
epoch 92 time used: 12  seconds  train loss: 0.1865872618601693 validation loss: 0.22099263243551467
epoch 93 time used: 12  seconds  train loss: 0.18614416022641986 validation loss: 0.22079057182268763
epoch 94 time used: 12  seconds  train loss: 0.1858131007686437 validation loss: 0.22005903432692928
epoch 95 time used: 12  seconds  train loss: 0.18556789931894943 validation loss: 0.21955216189350188
epoch 96 time used: 12  seconds  train loss: 0.18538236741934921 validation loss: 0.2184320048254283
epoch 97 time used: 12  seconds  train loss: 0.18524150995894134 validation loss: 0.21900527811669243
epoch 98 time used: 12  seconds  train loss: 0.18461956425330364 validation loss: 0.2182746416864161
epoch 99 time used: 12  seconds  train loss: 0.18464681148082066 validation loss: 0.21935337187729764
epoch 100 time used: 12  seconds  train loss: 0.18436600479233875 validation loss: 0.21912589681128128
epoch 101 time used: 12  seconds  train loss: 0.18403268205855233 validation loss: 0.21870086265167915
epoch 102 time used: 12  seconds  train loss: 0.18362302431502092 validation loss: 0.21969550473990607
epoch 103 time used: 12  seconds  train loss: 0.18330508635239995 validation loss: 0.21966010571818181
epoch 104 time used: 13  seconds  train loss: 0.183377333153021 validation loss: 0.2197159472459803
epoch 105 time used: 19  seconds  train loss: 0.18302084885496328 validation loss: 0.2182268588221964
epoch 106 time used: 19  seconds  train loss: 0.18287323878298842 validation loss: 0.21799509279978188
epoch 107 time used: 19  seconds  train loss: 0.18244281229947187 validation loss: 0.21884850371380363
epoch 108 time used: 19  seconds  train loss: 0.18196140383232057 validation loss: 0.21778207877943057
epoch 109 time used: 19  seconds  train loss: 0.18216064343496763 validation loss: 0.21759449822761234
epoch 110 time used: 19  seconds  train loss: 0.18166997139155378 validation loss: 0.21776119001205485
epoch 111 time used: 19  seconds  train loss: 0.18186314715929439 validation loss: 0.21742259878909595
epoch 112 time used: 19  seconds  train loss: 0.18114790366552613 validation loss: 0.21735524967168307
epoch 113 time used: 19  seconds  train loss: 0.1813770759210627 validation loss: 0.21782649131210205
epoch 114 time used: 19  seconds  train loss: 0.18070676725541182 validation loss: 0.21764557633954867
epoch 115 time used: 19  seconds  train loss: 0.1804829412129324 validation loss: 0.21751953146318945
epoch 116 time used: 19  seconds  train loss: 0.18026406895873365 validation loss: 0.2183095115681614
epoch 117 time used: 19  seconds  train loss: 0.1798467305532915 validation loss: 0.21772850818689796/home/cseadmin/mhy/model/DCRNN.py:300: RuntimeWarning: divide by zero encountered in power
  d_inv_sqrt = np.power(rowsum, -0.5).flatten()

epoch 118 time used: 19  seconds  train loss: 0.18016708978698665 validation loss: 0.2171978594844707
epoch 119 time used: 19  seconds  train loss: 0.17959964265643016 validation loss: 0.21765076373722372
epoch 120 time used: 19  seconds  train loss: 0.17937265079496426 validation loss: 0.21794293145928054
epoch 121 time used: 19  seconds  train loss: 0.1795467461432313 validation loss: 0.21793472072395406
epoch 122 time used: 19  seconds  train loss: 0.17908764667723984 validation loss: 0.21718814334934666
epoch 123 time used: 19  seconds  train loss: 0.17903198570955603 validation loss: 0.21706105931887815
epoch 124 time used: 19  seconds  train loss: 0.17881751037650673 validation loss: 0.21761367421148847
epoch 125 time used: 19  seconds  train loss: 0.17842330113854982 validation loss: 0.21734960938241232
epoch 126 time used: 19  seconds  train loss: 0.17796856765934416 validation loss: 0.21686756085547051
epoch 127 time used: 19  seconds  train loss: 0.17826409894945103 validation loss: 0.21708285871466024
epoch 128 time used: 19  seconds  train loss: 0.17807339664814642 validation loss: 0.21650483089042813
epoch 129 time used: 19  seconds  train loss: 0.1776225134890671 validation loss: 0.2165055204495252
epoch 130 time used: 20  seconds  train loss: 0.17743114822941647 validation loss: 0.2167973067341569
epoch 131 time used: 19  seconds  train loss: 0.1774415970917513 validation loss: 0.21675139093528253
epoch 132 time used: 19  seconds  train loss: 0.17707454239482556 validation loss: 0.21723646146531658
epoch 133 time used: 19  seconds  train loss: 0.17694027603819193 validation loss: 0.21599530707035347
epoch 134 time used: 19  seconds  train loss: 0.176628648000701 validation loss: 0.21652854012545353
epoch 135 time used: 19  seconds  train loss: 0.17648656984513617 validation loss: 0.21677083638111524
epoch 136 time used: 19  seconds  train loss: 0.17656338191553245 validation loss: 0.21648876701364228
epoch 137 time used: 19  seconds  train loss: 0.1764160484891782 validation loss: 0.21652055840728898
epoch 138 time used: 18  seconds  train loss: 0.1760245681119968 validation loss: 0.21610981190265824
epoch 139 time used: 18  seconds  train loss: 0.17583310661426305 validation loss: 0.21606723044473514
epoch 140 time used: 19  seconds  train loss: 0.1757134459949216 validation loss: 0.21571696018805453
epoch 141 time used: 19  seconds  train loss: 0.17537969421263738 validation loss: 0.21599590262377935
epoch 142 time used: 19  seconds  train loss: 0.1753449858177513 validation loss: 0.21533935276937022
epoch 143 time used: 19  seconds  train loss: 0.17541427667400603 validation loss: 0.2157066351964143
epoch 144 time used: 19  seconds  train loss: 0.17486092342804105 validation loss: 0.21584494076180444
epoch 145 time used: 19  seconds  train loss: 0.17485177686014663 validation loss: 0.21626708049197504
epoch 146 time used: 19  seconds  train loss: 0.1745692182236321 validation loss: 0.21539405378456192
epoch 147 time used: 19  seconds  train loss: 0.17433292261058514 validation loss: 0.21508851083802008
epoch 148 time used: 19  seconds  train loss: 0.17456995976410433 validation loss: 0.21640433356616406
epoch 149 time used: 19  seconds  train loss: 0.17463157883501224 validation loss: 0.21591448113194753
epoch 150 time used: 19  seconds  train loss: 0.17405338330303063 validation loss: 0.2160727486005866
epoch 151 time used: 19  seconds  train loss: 0.17399080348376308 validation loss: 0.21567876597030192
epoch 152 time used: 19  seconds  train loss: 0.17359467818094146 validation loss: 0.21516613954655864
epoch 153 time used: 19  seconds  train loss: 0.17344251211415607 validation loss: 0.21444046779557493
epoch 154 time used: 19  seconds  train loss: 0.1735267296486893 validation loss: 0.21618773365319965
epoch 155 time used: 19  seconds  train loss: 0.17325886230360696 validation loss: 0.21514779992329347
epoch 156 time used: 19  seconds  train loss: 0.17329587116181597 validation loss: 0.2161188403317674
epoch 157 time used: 18  seconds  train loss: 0.17281484367756492 validation loss: 0.21602293396771327
epoch 158 time used: 18  seconds  train loss: 0.17288622727485833 validation loss: 0.21641326909465106
epoch 159 time used: 18  seconds  train loss: 0.17277718875903356 validation loss: 0.21445373112109478
epoch 160 time used: 18  seconds  train loss: 0.17279925258823509 validation loss: 0.2156917712753729
epoch 161 time used: 18  seconds  train loss: 0.1721710884244581 validation loss: 0.21535591333169496
epoch 162 time used: 18  seconds  train loss: 0.1722914963076392 validation loss: 0.21353927372832063
epoch 163 time used: 19  seconds  train loss: 0.1722858419267137 validation loss: 0.21512286442385628
epoch 164 time used: 19  seconds  train loss: 0.1722829500714303 validation loss: 0.21511387695806475
epoch 165 time used: 19  seconds  train loss: 0.17188976410160556 validation loss: 0.2165393414102278
epoch 166 time used: 19  seconds  train loss: 0.17172502847051324 validation loss: 0.2139521589193491
epoch 167 time used: 19  seconds  train loss: 0.17188382652573916 validation loss: 0.21497870341614866
epoch 168 time used: 19  seconds  train loss: 0.171616159377053 validation loss: 0.21430412563030474
epoch 169 time used: 19  seconds  train loss: 0.1710886622693743 validation loss: 0.21498607688132382
epoch 170 time used: 19  seconds  train loss: 0.17111746020394036 validation loss: 0.214925786162606
epoch 171 time used: 19  seconds  train loss: 0.1709928344807642 validation loss: 0.21451725029156538
Early stopping at epoch: 172
YS.shape, YS_pred.shape, (14021, 3, 69, 1) (14021, 3, 69, 1)
YS.shape, YS_pred.shape, (14021, 3, 69) (14021, 3, 69)
****************************************
DCRNN, train, Torch MSE, 1.7026267171e-01, 0.1702626717
DCRNN, train, MSE, RMSE, MAE, MAPE, 332.7817175852, 18.2423057091, 10.7316959339, 16.3325149535
Model Training Ended ... Sun Jan  2 23:18:58 2022
pred_NYC-Taxi_DCRNN_2201022228 testing started Sun Jan  2 23:18:58 2022
TEST XS.shape, YS.shape (3507, 12, 69, 4) (3507, 3, 69, 1)
Model Testing Started ... Sun Jan  2 23:18:58 2022
TIMESTEP_IN, TIMESTEP_OUT 12 3
adj_mx shape is : (69, 69)
YS.shape, YS_pred.shape, (3507, 3, 69, 1) (3507, 3, 69, 1)
YS.shape, YS_pred.shape, (3507, 3, 69) (3507, 3, 69)
****************************************
DCRNN, test, Torch MSE, 2.1155842771e-01, 0.2115584277
all pred steps, DCRNN, test, MSE, RMSE, MAE, MAPE, 479.1147792929, 21.8886906711, 13.0003653153, 20.4821142281
1 step, DCRNN, test, MSE, RMSE, MAE, MAPE, 430.0059259045, 20.7365842391, 12.4974923465, 19.8960506077
2 step, DCRNN, test, MSE, RMSE, MAE, MAPE, 474.9171039551, 21.7925928690, 12.9077923460, 20.2316160676
3 step, DCRNN, test, MSE, RMSE, MAE, MAPE, 532.4206751528, 23.0742426778, 13.5958054296, 21.3186691492
Model Testing Ended ... Sun Jan  2 23:19:00 2022
