/home/cseadmin/mhy/model/DCRNN.py:310: RuntimeWarning: divide by zero encountered in power
  d_inv_sqrt = np.power(rowsum, -0.5).flatten()
data.shape (17544, 69)
pred_NYC-Taxi_DCRNN_2201031936 training started Mon Jan  3 19:36:55 2022
TRAIN XS.shape YS,shape (14021, 12, 69, 1) (14021, 3, 69, 1)
Model Training Started ... Mon Jan  3 19:36:55 2022
TIMESTEP_IN, TIMESTEP_OUT 12 3
adj_mx shape is : (69, 69)
adj_mx shape is : (69, 69)
==========================================================================================
Layer (type:depth-idx)                   Output Shape              Param #
==========================================================================================
├─DCGRU_Encoder: 1-1                     [2, 12, 69, 64]           --
|    └─ModuleList: 2                     []                        --
|    |    └─DCGRU_Cell: 3-1              [-1, 69, 64]              112,512
|    |    └─DCGRU_Cell: 3-2              [-1, 69, 64]              (recursive)
|    |    └─DCGRU_Cell: 3-3              [-1, 69, 64]              (recursive)
|    |    └─DCGRU_Cell: 3-4              [-1, 69, 64]              (recursive)
|    |    └─DCGRU_Cell: 3-5              [-1, 69, 64]              (recursive)
|    |    └─DCGRU_Cell: 3-6              [-1, 69, 64]              (recursive)
|    |    └─DCGRU_Cell: 3-7              [-1, 69, 64]              (recursive)
|    |    └─DCGRU_Cell: 3-8              [-1, 69, 64]              (recursive)
|    |    └─DCGRU_Cell: 3-9              [-1, 69, 64]              (recursive)
|    |    └─DCGRU_Cell: 3-10             [-1, 69, 64]              (recursive)
|    |    └─DCGRU_Cell: 3-11             [-1, 69, 64]              (recursive)
|    |    └─DCGRU_Cell: 3-12             [-1, 69, 64]              (recursive)
|    |    └─DCGRU_Cell: 3-13             [-1, 69, 64]              221,376
|    |    └─DCGRU_Cell: 3-14             [-1, 69, 64]              (recursive)
|    |    └─DCGRU_Cell: 3-15             [-1, 69, 64]              (recursive)
|    |    └─DCGRU_Cell: 3-16             [-1, 69, 64]              (recursive)
|    |    └─DCGRU_Cell: 3-17             [-1, 69, 64]              (recursive)
|    |    └─DCGRU_Cell: 3-18             [-1, 69, 64]              (recursive)
|    |    └─DCGRU_Cell: 3-19             [-1, 69, 64]              (recursive)
|    |    └─DCGRU_Cell: 3-20             [-1, 69, 64]              (recursive)
|    |    └─DCGRU_Cell: 3-21             [-1, 69, 64]              (recursive)
|    |    └─DCGRU_Cell: 3-22             [-1, 69, 64]              (recursive)
|    |    └─DCGRU_Cell: 3-23             [-1, 69, 64]              (recursive)
|    |    └─DCGRU_Cell: 3-24             [-1, 69, 64]              (recursive)
├─DCGRU_Decoder: 1-2                     [-1, 69, 1]               --
|    └─ModuleList: 2                     []                        --
|    |    └─DCGRU_Cell: 3-25             [-1, 69, 64]              112,512
|    |    └─DCGRU_Cell: 3-26             [-1, 69, 64]              221,376
|    └─Linear: 2-1                       [-1, 69, 1]               65
├─DCGRU_Decoder: 1-3                     [-1, 69, 1]               (recursive)
|    └─ModuleList: 2                     []                        --
|    |    └─DCGRU_Cell: 3-27             [-1, 69, 64]              (recursive)
|    |    └─DCGRU_Cell: 3-28             [-1, 69, 64]              (recursive)
|    └─Linear: 2-2                       [-1, 69, 1]               (recursive)
├─DCGRU_Decoder: 1-4                     [-1, 69, 1]               (recursive)
|    └─ModuleList: 2                     []                        --
|    |    └─DCGRU_Cell: 3-29             [-1, 69, 64]              (recursive)
|    |    └─DCGRU_Cell: 3-30             [-1, 69, 64]              (recursive)
|    └─Linear: 2-3                       [-1, 69, 1]               (recursive)
==========================================================================================
Total params: 667,841
Trainable params: 667,841
Non-trainable params: 0
Total mult-adds (M): 0.00
==========================================================================================
Input size (MB): 0.00
Forward/backward pass size (MB): 0.40
Params size (MB): 2.55
Estimated Total Size (MB): 2.96
==========================================================================================
XS_torch.shape:   torch.Size([14021, 12, 69, 1])
YS_torch.shape:   torch.Size([14021, 3, 69, 1])
LOSS is : MAE
epoch 0 time used: 31  seconds  train loss: 0.3011633553410105 validation loss: 0.3560800153020444
epoch 1 time used: 30  seconds  train loss: 0.24091383859024476 validation loss: 0.3488947440404179
epoch 2 time used: 30  seconds  train loss: 0.22323917684257322 validation loss: 0.344172673859871
epoch 3 time used: 30  seconds  train loss: 0.21576172242170052 validation loss: 0.32686363654482115
epoch 4 time used: 30  seconds  train loss: 0.2089563780259262 validation loss: 0.3376174119800006
epoch 5 time used: 30  seconds  train loss: 0.20518921677631705 validation loss: 0.35379430360951836
epoch 6 time used: 31  seconds  train loss: 0.19992913139111296 validation loss: 0.33606839973927904
epoch 7 time used: 31  seconds  train loss: 0.1969918560565859 validation loss: 0.34877249430195645
epoch 8 time used: 31  seconds  train loss: 0.19257849400464044 validation loss: 0.32766666205964357
epoch 9 time used: 31  seconds  train loss: 0.191353686841373 validation loss: 0.35608517591503097
epoch 10 time used: 31  seconds  train loss: 0.18889914618220202 validation loss: 0.33416287059520083
epoch 11 time used: 32  seconds  train loss: 0.18625877707720503 validation loss: 0.32523867693616537
epoch 12 time used: 31  seconds  train loss: 0.184195499739664 validation loss: 0.31645741348122436
epoch 13 time used: 31  seconds  train loss: 0.18231680682205323 validation loss: 0.3227002833886481
epoch 14 time used: 31  seconds  train loss: 0.180571099932123 validation loss: 0.3313708407023398
epoch 15 time used: 30  seconds  train loss: 0.18008612951413794 validation loss: 0.34869668129098397
epoch 16 time used: 31  seconds  train loss: 0.17792885360147964 validation loss: 0.33566872091274297
epoch 17 time used: 31  seconds  train loss: 0.17658256434990055 validation loss: 0.3249571001825507
epoch 18 time used: 31  seconds  train loss: 0.17520526826945274 validation loss: 0.336191071691475
epoch 19 time used: 30  seconds  train loss: 0.17385774365962425 validation loss: 0.32234527373817123
epoch 20 time used: 31  seconds  train loss: 0.17352344482447218 validation loss: 0.3243027018161073
epoch 21 time used: 31  seconds  train loss: 0.1719156067525676 validation loss: 0.33934091559424784
Early stopping at epoch: 22
YS.shape, YS_pred.shape, (14021, 3, 69, 1) (14021, 3, 69, 1)
YS.shape, YS_pred.shape, (14021, 3, 69) (14021, 3, 69)
****************************************
DCRNN, train, Torch MSE, 1.6727117404e-01, 0.1672711740
DCRNN, train, MSE, RMSE, MAE, MAPE, 159.2791309589, 12.6205836220, 7.1009241988, 45.1562649783
Model Training Ended ... Mon Jan  3 19:49:19 2022
pred_NYC-Taxi_DCRNN_2201031936 testing started Mon Jan  3 19:49:19 2022
TEST XS.shape, YS.shape (3507, 12, 69, 1) (3507, 3, 69, 1)
Model Testing Started ... Mon Jan  3 19:49:19 2022
TIMESTEP_IN, TIMESTEP_OUT 12 3
adj_mx shape is : (69, 69)
adj_mx shape is : (69, 69)
YS.shape, YS_pred.shape, (3507, 3, 69, 1) (3507, 3, 69, 1)
YS.shape, YS_pred.shape, (3507, 3, 69) (3507, 3, 69)
****************************************
DCRNN, test, Torch MSE, 3.7662520515e-01, 0.3766252052
all pred steps, DCRNN, test, MSE, RMSE, MAE, MAPE, 306.0762114631, 17.4950339086, 10.3962564346, 54.8843561722
1 step, DCRNN, test, MSE, RMSE, MAE, MAPE, 182.2521084053, 13.5000780889, 8.2095331556, 44.6169480839
2 step, DCRNN, test, MSE, RMSE, MAE, MAPE, 310.0532258793, 17.6083283102, 10.5855855613, 55.1528875226
3 step, DCRNN, test, MSE, RMSE, MAE, MAPE, 425.9269784526, 20.6379984120, 12.3937144582, 64.8835353132
Model Testing Ended ... Mon Jan  3 19:49:24 2022
