data.shape (17544, 69, 2)
pred_NYC-Taxi_DCRNN_2201022112 training started Sun Jan  2 21:12:00 2022
TRAIN XS.shape YS,shape (14021, 12, 69, 2) (14021, 3, 69, 1)
Model Training Started ... Sun Jan  2 21:12:00 2022
TIMESTEP_IN, TIMESTEP_OUT 12 3
adj_mx shape is : (69, 69)
==========================================================================================
Layer (type:depth-idx)                   Output Shape              Param #
==========================================================================================
├─DCGRU_Encoder: 1-1                     [2, 12, 69, 64]           --
|    └─ModuleList: 2                     []                        --
|    |    └─DCGRU_Cell: 3-1              [-1, 69, 64]              38,208
|    |    └─DCGRU_Cell: 3-2              [-1, 69, 64]              (recursive)
|    |    └─DCGRU_Cell: 3-3              [-1, 69, 64]              (recursive)
|    |    └─DCGRU_Cell: 3-4              [-1, 69, 64]              (recursive)
|    |    └─DCGRU_Cell: 3-5              [-1, 69, 64]              (recursive)
|    |    └─DCGRU_Cell: 3-6              [-1, 69, 64]              (recursive)
|    |    └─DCGRU_Cell: 3-7              [-1, 69, 64]              (recursive)
|    |    └─DCGRU_Cell: 3-8              [-1, 69, 64]              (recursive)
|    |    └─DCGRU_Cell: 3-9              [-1, 69, 64]              (recursive)
|    |    └─DCGRU_Cell: 3-10             [-1, 69, 64]              (recursive)
|    |    └─DCGRU_Cell: 3-11             [-1, 69, 64]              (recursive)
|    |    └─DCGRU_Cell: 3-12             [-1, 69, 64]              (recursive)
|    |    └─DCGRU_Cell: 3-13             [-1, 69, 64]              73,920
|    |    └─DCGRU_Cell: 3-14             [-1, 69, 64]              (recursive)
|    |    └─DCGRU_Cell: 3-15             [-1, 69, 64]              (recursive)
|    |    └─DCGRU_Cell: 3-16             [-1, 69, 64]              (recursive)
|    |    └─DCGRU_Cell: 3-17             [-1, 69, 64]              (recursive)
|    |    └─DCGRU_Cell: 3-18             [-1, 69, 64]              (recursive)
|    |    └─DCGRU_Cell: 3-19             [-1, 69, 64]              (recursive)
|    |    └─DCGRU_Cell: 3-20             [-1, 69, 64]              (recursive)
|    |    └─DCGRU_Cell: 3-21             [-1, 69, 64]              (recursive)
|    |    └─DCGRU_Cell: 3-22             [-1, 69, 64]              (recursive)
|    |    └─DCGRU_Cell: 3-23             [-1, 69, 64]              (recursive)
|    |    └─DCGRU_Cell: 3-24             [-1, 69, 64]              (recursive)
├─DCGRU_Decoder: 1-2                     [-1, 69, 1]               --
|    └─ModuleList: 2                     []                        --
|    |    └─DCGRU_Cell: 3-25             [-1, 69, 64]              37,632
|    |    └─DCGRU_Cell: 3-26             [-1, 69, 64]              73,920
|    └─Linear: 2-1                       [-1, 69, 1]               65
├─DCGRU_Decoder: 1-3                     [-1, 69, 1]               (recursive)
|    └─ModuleList: 2                     []                        --
|    |    └─DCGRU_Cell: 3-27             [-1, 69, 64]              (recursive)
|    |    └─DCGRU_Cell: 3-28             [-1, 69, 64]              (recursive)
|    └─Linear: 2-2                       [-1, 69, 1]               (recursive)
├─DCGRU_Decoder: 1-4                     [-1, 69, 1]               (recursive)
|    └─ModuleList: 2                     []                        --
|    |    └─DCGRU_Cell: 3-29             [-1, 69, 64]              (recursive)
|    |    └─DCGRU_Cell: 3-30             [-1, 69, 64]              (recursive)
|    └─Linear: 2-3                       [-1, 69, 1]               (recursive)
==========================================================================================
Total params: 223,745
Trainable params: 223,745
Non-trainable params: 0
Total mult-adds (M): 0.00
==========================================================================================
Input size (MB): 0.01
Forward/backward pass size (MB): 0.40
Params size (MB): 0.85
Estimated Total Size (MB): 1.26
==========================================================================================
XS_torch.shape:   torch.Size([14021, 12, 69, 2])
YS_torch.shape:   torch.Size([14021, 3, 69, 1])
LOSS is : MAE
epoch 0 time used: 17  seconds  train loss: 0.4076322827756619 validation loss: 0.3283110298195092
epoch 1 time used: 17  seconds  train loss: 0.32169992960855864 validation loss: 0.29691054436117326
epoch 2 time used: 17  seconds  train loss: 0.29524630448077377 validation loss: 0.2799881507652661
epoch 3 time used: 18  seconds  train loss: 0.27810601278396163 validation loss: 0.2680689611573663
epoch 4 time used: 18  seconds  train loss: 0.2660032630277683 validation loss: 0.26034691234486346
epoch 5 time used: 17  seconds  train loss: 0.2591532735141279 validation loss: 0.2543099644146031
epoch 6 time used: 18  seconds  train loss: 0.253518308976554 validation loss: 0.2490858275993715
epoch 7 time used: 18  seconds  train loss: 0.24918240921910126 validation loss: 0.24491370129741674
epoch 8 time used: 18  seconds  train loss: 0.24468847693353746 validation loss: 0.2414674616614819
epoch 9 time used: 18  seconds  train loss: 0.24209102500930918 validation loss: 0.2391023976644379
epoch 10 time used: 18  seconds  train loss: 0.23940789581005917 validation loss: 0.23795766060820187
epoch 11 time used: 17  seconds  train loss: 0.2369695831859077 validation loss: 0.24120905082428448
epoch 12 time used: 17  seconds  train loss: 0.23497545969361858 validation loss: 0.23725482760261823
epoch 13 time used: 16  seconds  train loss: 0.23315368379448928 validation loss: 0.23667902043392097
epoch 14 time used: 12  seconds  train loss: 0.229915280280107 validation loss: 0.23080727850717608
epoch 15 time used: 12  seconds  train loss: 0.2282828628667061 validation loss: 0.23137766985606276
epoch 16 time used: 12  seconds  train loss: 0.22672595163879544 validation loss: 0.23031122203017396
epoch 17 time used: 12  seconds  train loss: 0.22628037004273374 validation loss: 0.22853654566929127
epoch 18 time used: 15  seconds  train loss: 0.22512015456927106 validation loss: 0.22501665536533133
epoch 19 time used: 17  seconds  train loss: 0.2234497514529379 validation loss: 0.22489434436465153
epoch 20 time used: 18  seconds  train loss: 0.22220372850999096 validation loss: 0.22465463602332067
epoch 21 time used: 19  seconds  train loss: 0.22113916208408227 validation loss: 0.22453872324804272
epoch 22 time used: 18  seconds  train loss: 0.22022969068981826 validation loss: 0.22371270740909435
epoch 23 time used: 18  seconds  train loss: 0.21949576265092077 validation loss: 0.22209399971734844
epoch 24 time used: 18  seconds  train loss: 0.2176167418543197 validation loss: 0.22071524637634932
epoch 25 time used: 17  seconds  train loss: 0.21713961434939572 validation loss: 0.2196629842944099
epoch 26 time used: 13  seconds  train loss: 0.21613562845585205 validation loss: 0.21824218092206812
epoch 27 time used: 18  seconds  train loss: 0.2155407602152686 validation loss: 0.21879596493955483
epoch 28 time used: 17  seconds  train loss: 0.21477491250440822 validation loss: 0.21903048536468764
epoch 29 time used: 17  seconds  train loss: 0.21366069735767867 validation loss: 0.2177105823364927
epoch 30 time used: 17  seconds  train loss: 0.2130320921059264 validation loss: 0.2170942614691229
epoch 31 time used: 18  seconds  train loss: 0.21272475731306756 validation loss: 0.21579663444435807
epoch 32 time used: 13  seconds  train loss: 0.21137709630927162 validation loss: 0.2157071052587719
epoch 33 time used: 12  seconds  train loss: 0.21106057040050824 validation loss: 0.21373228686269324
epoch 34 time used: 17  seconds  train loss: 0.21001683897057924 validation loss: 0.21406877649490044
epoch 35 time used: 18  seconds  train loss: 0.20960969726406561 validation loss: 0.21417014489531586
epoch 36 time used: 17  seconds  train loss: 0.20862039890629794 validation loss: 0.21261651847135388
epoch 37 time used: 17  seconds  train loss: 0.20776337537250109 validation loss: 0.21307442712566205
epoch 38 time used: 17  seconds  train loss: 0.20776831400697612 validation loss: 0.2123044110235322
epoch 39 time used: 17  seconds  train loss: 0.20727456128088084 validation loss: 0.21153452337060188
epoch 40 time used: 18  seconds  train loss: 0.2066213860403337 validation loss: 0.21198796412466053
epoch 41 time used: 17  seconds  train loss: 0.20597615809871275 validation loss: 0.2119456868442344
epoch 42 time used: 18  seconds  train loss: 0.20518597774389788 validation loss: 0.21092862762081507
epoch 43 time used: 17  seconds  train loss: 0.2049374166580921 validation loss: 0.2096926887852766
epoch 44 time used: 18  seconds  train loss: 0.20473586078727132 validation loss: 0.20960809641474665
epoch 45 time used: 15  seconds  train loss: 0.20339685016748063 validation loss: 0.20780884661099194
epoch 46 time used: 16  seconds  train loss: 0.20283057592398654 validation loss: 0.20948716108960827
epoch 47 time used: 18  seconds  train loss: 0.20257057562436426 validation loss: 0.2085384937673722
epoch 48 time used: 18  seconds  train loss: 0.2018234990622191 validation loss: 0.20742534283767478
epoch 49 time used: 18  seconds  train loss: 0.20117383542339148 validation loss: 0.2074484081436278
epoch 50 time used: 17  seconds  train loss: 0.2014766799624284 validation loss: 0.20874866834723194
epoch 51 time used: 15  seconds  train loss: 0.20104632126534844 validation loss: 0.2054703373332331
epoch 52 time used: 17  seconds  train loss: 0.1997001655023262 validation loss: 0.2058022320015527
epoch 53 time used: 18  seconds  train loss: 0.19934167134031086 validation loss: 0.2056101477373959
epoch 54 time used: 18  seconds  train loss: 0.19913340442764438 validation loss: 0.2051609151885636
epoch 55 time used: 18  seconds  train loss: 0.1982330240875259 validation loss: 0.2049869241727398
epoch 56 time used: 18  seconds  train loss: 0.19841639057195337 validation loss: 0.2044592318844945
epoch 57 time used: 17  seconds  train loss: 0.19763956130289434 validation loss: 0.2041988770790394
epoch 58 time used: 12  seconds  train loss: 0.19713139387268486 validation loss: 0.20252981230285055
epoch 59 time used: 12  seconds  train loss: 0.19652662395381523 validation loss: 0.20267627930137952
epoch 60 time used: 12  seconds  train loss: 0.19605967708060748 validation loss: 0.203431945772288
epoch 61 time used: 12  seconds  train loss: 0.19591772223008663 validation loss: 0.20361119917611428
epoch 62 time used: 13  seconds  train loss: 0.19546237307590655 validation loss: 0.20148855465619958
epoch 63 time used: 17  seconds  train loss: 0.19504538339747643 validation loss: 0.20137658123621857
epoch 64 time used: 17  seconds  train loss: 0.19476458057639728 validation loss: 0.20121531781814334
epoch 65 time used: 17  seconds  train loss: 0.1939386138270412 validation loss: 0.20261501993068068
epoch 66 time used: 17  seconds  train loss: 0.1936979000998663 validation loss: 0.20023931584151486
epoch 67 time used: 17  seconds  train loss: 0.1936687587486792 validation loss: 0.2001183751441381
epoch 68 time used: 17  seconds  train loss: 0.1927960274329899 validation loss: 0.19988038215342074
epoch 69 time used: 18  seconds  train loss: 0.192338706146322 validation loss: 0.19990434636576002
epoch 70 time used: 17  seconds  train loss: 0.1919922870166301 validation loss: 0.19954990265339495
epoch 71 time used: 17  seconds  train loss: 0.19209878336131708 validation loss: 0.19849521564335668
epoch 72 time used: 17  seconds  train loss: 0.1914832139582676 validation loss: 0.1991508832266177
epoch 73 time used: 18  seconds  train loss: 0.19060863071052345 validation loss: 0.19794854525151553
epoch 74 time used: 17  seconds  train loss: 0.19090387461762262 validation loss: 0.1982113788009574
epoch 75 time used: 18  seconds  train loss: 0.19062834214340174 validation loss: 0.19805787460367405
epoch 76 time used: 18  seconds  train loss: 0.1900164279266876 validation loss: 0.19818754400686067
epoch 77 time used: 18  seconds  train loss: 0.18933434845630065 validation loss: 0.19663393513617758
epoch 78 time used: 18  seconds  train loss: 0.18910666638976167 validation loss: 0.19717029286192542
epoch 79 time used: 17  seconds  train loss: 0.18841479526772575 validation loss: 0.19594433772788344
epoch 80 time used: 17  seconds  train loss: 0.1886077920612 validation loss: 0.1961965759821912
epoch 81 time used: 17  seconds  train loss: 0.18834412678041323 validation loss: 0.19646359524486137
epoch 82 time used: 17  seconds  train loss: 0.18756565826701777 validation loss: 0.19595556324098154
epoch 83 time used: 15  seconds  train loss: 0.18751403772951455 validation loss: 0.19600710505699337
epoch 84 time used: 12  seconds  train loss: 0.18721679929202956 validation loss: 0.19557913506262248
epoch 85 time used: 16  seconds  train loss: 0.18645607754661006 validation loss: 0.1951746397523695
epoch 86 time used: 17  seconds  train loss: 0.18606032531211691 validation loss: 0.19422216744879892
epoch 87 time used: 17  seconds  train loss: 0.18619836718184107 validation loss: 0.1945114662595565
epoch 88 time used: 17  seconds  train loss: 0.18566565813188798 validation loss: 0.19383155584709344
epoch 89 time used: 17  seconds  train loss: 0.1855519087210827 validation loss: 0.1937166574983276
epoch 90 time used: 17  seconds  train loss: 0.18520021277780754 validation loss: 0.19501320738079747
epoch 91 time used: 17  seconds  train loss: 0.18504415534103894 validation loss: 0.19326074663666543
epoch 92 time used: 17  seconds  train loss: 0.1844778281976938 validation loss: 0.19507617837044422
epoch 93 time used: 18  seconds  train loss: 0.18379470687037694 validation loss: 0.19344130171174942
epoch 94 time used: 19  seconds  train loss: 0.18412616766350332 validation loss: 0.1930364252785853
epoch 95 time used: 19  seconds  train loss: 0.18345441849234828 validation loss: 0.19271214435560255
epoch 96 time used: 20  seconds  train loss: 0.18319452270977188 validation loss: 0.1921551538938396
epoch 97 time used: 19  seconds  train loss: 0.18288669339464664 validation loss: 0.19230759383539983
epoch 98 time used: 19  seconds  train loss: 0.18298041613066202 validation loss: 0.19158768889330077
epoch 99 time used: 17  seconds  train loss: 0.18231233586151824 validation loss: 0.19172487570704969
epoch 100 time used: 18  seconds  train loss: 0.181983601524187 validation loss: 0.19080884374690885
epoch 101 time used: 18  seconds  train loss: 0.18189802234321298 validation loss: 0.19149218755521846
epoch 102 time used: 18  seconds  train loss: 0.18166939206822205 validation loss: 0.1915640591623031
epoch 103 time used: 18  seconds  train loss: 0.18137424200394273 validation loss: 0.1912256021432991
epoch 104 time used: 19  seconds  train loss: 0.18131495658994537 validation loss: 0.1916326699566991
epoch 105 time used: 18  seconds  train loss: 0.18066534508331847 validation loss: 0.1907072138068884
epoch 106 time used: 18  seconds  train loss: 0.18063425466316238 validation loss: 0.19042958211232375
epoch 107 time used: 18  seconds  train loss: 0.18023421633581715 validation loss: 0.18964348567667785
epoch 108 time used: 18  seconds  train loss: 0.17985120955472045 validation loss: 0.18950080028344615
epoch 109 time used: 18  seconds  train loss: 0.17974294613248795 validation loss: 0.18921458841866245
epoch 110 time used: 18  seconds  train loss: 0.1797296121002293 validation loss: 0.18924074934947444
epoch 111 time used: 18  seconds  train loss: 0.17916471486589905 validation loss: 0.18931253333467113
epoch 112 time used: 18  seconds  train loss: 0.1792177923453682 validation loss: 0.18959872192542213
epoch 113 time used: 12  seconds  train loss: 0.17885394119889875 validation loss: 0.1891010664594697
epoch 114 time used: 15  seconds  train loss: 0.17839787446173777 validation loss: 0.1880526807535327
epoch 115 time used: 18  seconds  train loss: 0.17808212589607356 validation loss: 0.18841817652879955
epoch 116 time used: 18  seconds  train loss: 0.1781455481726765 validation loss: 0.18819146404012027
epoch 117 time used: 19  seconds  train loss: 0.1777902283661133 validation loss: 0.18787100722432068
epoch 118 time used: 19  seconds  train loss: 0.17774914043284723 validation loss: 0.18824129956692065
epoch 119 time used: 18  seconds  train loss: 0.17743028837362718 validation loss: 0.18800207431052524
epoch 120 time used: 19  seconds  train loss: 0.17684035557545394 validation loss: 0.18805924137864055
epoch 121 time used: 19  seconds  train loss: 0.1770288577667074 validation loss: 0.18676251544485892
epoch 122 time used: 19  seconds  train loss: 0.1773286335605109 validation loss: 0.1871690914519365
epoch 123 time used: 19  seconds  train loss: 0.1764839474594006 validation loss: 0.18821794156748026
epoch 124 time used: 18  seconds  train loss: 0.17665435419453446 validation loss: 0.1874113584663007
epoch 125 time used: 18  seconds  train loss: 0.17593544573417735 validation loss: 0.18691640875540796
epoch 126 time used: 19  seconds  train loss: 0.17593226487313182 validation loss: 0.18767029935301743
epoch 127 time used: 19  seconds  train loss: 0.17578054284831776 validation loss: 0.18680620898162714
epoch 128 time used: 19  seconds  train loss: 0.17589487956018762 validation loss: 0.18649560750312827
epoch 129 time used: 18  seconds  train loss: 0.1755221355931161 validation loss: 0.18623422528258474
epoch 130 time used: 19  seconds  train loss: 0.17517837306304207 validation loss: 0.18598885524803344
epoch 131 time used: 18  seconds  train loss: 0.17500873403165174 validation loss: 0.18587673052983902
epoch 132 time used: 19  seconds  train loss: 0.1744273537032022 validation loss: 0.18586542143253212
epoch 133 time used: 18  seconds  train loss: 0.17472976377646232 validation loss: 0.18581826472309612
epoch 134 time used: 19  seconds  train loss: 0.17450178846265035 validation loss: 0.18497999998513998
epoch 135 time used: 19  seconds  train loss: 0.17413491608752932 validation loss: 0.18478634026957727
epoch 136 time used: 19  seconds  train loss: 0.1739195856843587 validation loss: 0.18572748132385802
epoch 137 time used: 19  seconds  train loss: 0.17369252084267034 validation loss: 0.18510561657849545
epoch 138 time used: 19  seconds  train loss: 0.17370909573416154 validation loss: 0.18566672764909792
epoch 139 time used: 19  seconds  train loss: 0.17388328756343902 validation loss: 0.18552607940525853
epoch 140 time used: 19  seconds  train loss: 0.17348343770395944 validation loss: 0.18420156453142694
epoch 141 time used: 19  seconds  train loss: 0.17301185280910564 validation loss: 0.1850457185602025
epoch 142 time used: 19  seconds  train loss: 0.17267575250761805 validation loss: 0.18453901446824475
epoch 143 time used: 19  seconds  train loss: 0.1731458728860324 validation loss: 0.18415202455424065
epoch 144 time used: 19  seconds  train loss: 0.17245060306517357 validation loss: 0.1842216956346836
epoch 145 time used: 19  seconds  train loss: 0.17253672936217654 validation loss: 0.18397046810922388
epoch 146 time used: 19  seconds  train loss: 0.1723264504575092 validation loss: 0.184115565101963
epoch 147 time used: 19  seconds  train loss: 0.17228351978455766 validation loss: 0.18342172626046813
epoch 148 time used: 19  seconds  train loss: 0.1718654695000678 validation loss: 0.18384175898514676
epoch 149 time used: 19  seconds  train loss: 0.17167984984540613 validation loss: 0.18397928962215176
epoch 150 time used: 19  seconds  train loss: 0.17163695702052947 validation loss: 0.18360555331773643
epoch 151 time used: 19  seconds  train loss: 0.171347044289287 validation loss: 0.18359824181181053
epoch 152 time used: 18  seconds  train loss: 0.17154630148472985 validation loss: 0.1835924352891637
epoch 153 time used: 19  seconds  train loss: 0.17109372755157315 validation loss: 0.18254531216975015
epoch 154 time used: 19  seconds  train loss: 0.17090126453256 validation loss: 0.18334387116988454
epoch 155 time used: 19  seconds  train loss: 0.1710091271635994 validation loss: 0.18276139716386658
epoch 156 time used: 19  seconds  train loss: 0.17050844912891244 validation loss: 0.18252762659100621
epoch 157 time used: 19  seconds  train loss: 0.1706090299360986 validation loss: 0.1840919413467305
epoch 158 time used: 19  seconds  train loss: 0.17029542924139685 validation loss: 0.1823391966815003
epoch 159 time used: 19  seconds  train loss: 0.17018913678074257 validation loss: 0.18304615848178668
epoch 160 time used: 19  seconds  train loss: 0.16990316654110638 validation loss: 0.18210870477212068
epoch 161 time used: 19  seconds  train loss: 0.16995064193218276 validation loss: 0.182508871231294
epoch 162 time used: 19  seconds  train loss: 0.1700031660135227 validation loss: 0.18179216532964265
epoch 163 time used: 19  seconds  train loss: 0.1696464250676205 validation loss: 0.18250253535615873
epoch 164 time used: 19  seconds  train loss: 0.1694814373168488 validation loss: 0.18173799504400048
epoch 165 time used: 19  seconds  train loss: 0.16929743454749396 validation loss: 0.18181755800486563
epoch 166 time used: 19  seconds  train loss: 0.16884705179923903 validation loss: 0.1820557343572191
epoch 167 time used: 19  seconds  train loss: 0.1689712690207093 validation loss: 0.18113676038253532
epoch 168 time used: 19  seconds  train loss: 0.16888388883982025 validation loss: 0.1821479633220998
epoch 169 time used: 19  seconds  train loss: 0.16898841792028269 validation loss: 0.18204311102509702
epoch 170 time used: 19  seconds  train loss: 0.16844821548108213 validation loss: 0.18105707278913996
epoch 171 time used: 19  seconds  train loss: 0.16861708679901183 validation loss: 0.18081238874352734
epoch 172 time used: 19  seconds  train loss: 0.16855824147212922 validation loss: 0.1811979003994382
epoch 173 time used: 19  seconds  train loss: 0.16823034846495058 validation loss: 0.18230310684262313
epoch 174 time used: 19  seconds  train loss: 0.1682722917258409 validation loss: 0.18073049146858408
epoch 175 time used: 19  seconds  train loss: 0.1679584229511355 validation loss: 0.18105426777517597
epoch 176 time used: 19  seconds  train loss: 0.16792174569842166 validation loss: 0.180472584763256
epoch 177 time used: 19  seconds  train loss: 0.16772054399132613 validation loss: 0.18051625267988738
epoch 178 time used: 19  seconds  train loss: 0.16739045393983898 validation loss: 0.1813183755651584
epoch 179 time used: 19  seconds  train loss: 0.1673624432015038 validation loss: 0.17979832161887332
epoch 180 time used: 19  seconds  train loss: 0.1677981532471243 validation loss: 0.18025430770887352
epoch 181 time used: 19  seconds  train loss: 0.16746963006221086 validation loss: 0.18043507035466785
epoch 182 time used: 19  seconds  train loss: 0.16726040412111007 validation loss: 0.18001805638593738
epoch 183 time used: 19  seconds  train loss: 0.16684229485386934 validation loss: 0.18016500917252173
epoch 184 time used: 19  seconds  train loss: 0.16677576075616238 validation loss: 0.18041909082712476
epoch 185 time used: 19  seconds  train loss: 0.16659561937470213 validation loss: 0.1794539130947893
epoch 186 time used: 19  seconds  train loss: 0.1666408224528723 validation loss: 0.17983683288369393
epoch 187 time used: 19  seconds  train loss: 0.166672632365418 validation loss: 0.18014859972990246
epoch 188 time used: 19  seconds  train loss: 0.16649739363118107 validation loss: 0.1801379274298515
epoch 189 time used: 19  seconds  train loss: 0.16630325347117114 validation loss: 0.17971134218942486
epoch 190 time used: 19  seconds  train loss: 0.16597563693956402 validation loss: 0.17948111520280038
epoch 191 time used: 19  seconds  train loss: 0.166222193505813 validation loss: 0.17928984077807772
epoch 192 time used: 18  seconds  train loss: 0.16580069428027394 validation loss: 0.17877807852817956
epoch 193 time used: 18  seconds  train loss: 0.1660131587776564 validation loss: 0.1792964423665032
epoch 194 time used: 18  seconds  train loss: 0.16578158033197307 validation loss: 0.1794524735049119
epoch 195 time used: 18  seconds  train loss: 0.16593137964543123 validation loss: 0.17860830422645968
epoch 196 time used: 18  seconds  train loss: 0.1652466989191262 validation loss: 0.17849400755989164
epoch 197 time used: 18  seconds  train loss: 0.16553451346775822 validation loss: 0.17904172348112496/home/cseadmin/mhy/model/DCRNN.py:300: RuntimeWarning: divide by zero encountered in power
  d_inv_sqrt = np.power(rowsum, -0.5).flatten()

epoch 198 time used: 18  seconds  train loss: 0.16522277397035892 validation loss: 0.1790031153885079
epoch 199 time used: 18  seconds  train loss: 0.16513755516719072 validation loss: 0.17928916555061655
YS.shape, YS_pred.shape, (14021, 3, 69, 1) (14021, 3, 69, 1)
YS.shape, YS_pred.shape, (14021, 3, 69) (14021, 3, 69)
****************************************
DCRNN, train, Torch MSE, 1.6483716640e-01, 0.1648371664
DCRNN, train, MSE, RMSE, MAE, MAPE, 297.7966873522, 17.2567867041, 10.1324353363, 15.9428985026
Model Training Ended ... Sun Jan  2 22:12:36 2022
pred_NYC-Taxi_DCRNN_2201022112 testing started Sun Jan  2 22:12:36 2022
TEST XS.shape, YS.shape (3507, 12, 69, 2) (3507, 3, 69, 1)
Model Testing Started ... Sun Jan  2 22:12:36 2022
TIMESTEP_IN, TIMESTEP_OUT 12 3
adj_mx shape is : (69, 69)
YS.shape, YS_pred.shape, (3507, 3, 69, 1) (3507, 3, 69, 1)
YS.shape, YS_pred.shape, (3507, 3, 69) (3507, 3, 69)
****************************************
DCRNN, test, Torch MSE, 1.7150785960e-01, 0.1715078596
all pred steps, DCRNN, test, MSE, RMSE, MAE, MAPE, 327.8026365284, 18.1053206690, 10.5825723335, 17.8861083626
1 step, DCRNN, test, MSE, RMSE, MAE, MAPE, 320.8052045065, 17.9110358301, 10.6480593317, 18.0847191978
2 step, DCRNN, test, MSE, RMSE, MAE, MAPE, 318.1247250630, 17.8360512744, 10.3835104401, 17.5669849673
3 step, DCRNN, test, MSE, RMSE, MAE, MAPE, 344.4778764929, 18.5601152069, 10.7161483588, 18.0066241045
Model Testing Ended ... Sun Jan  2 22:12:39 2022
