data.shape (17544, 69)
pred_NYC-Taxi_DCRNN_2201031939 training started Mon Jan  3 19:39:19 2022
TRAIN XS.shape YS,shape (14021, 12, 69, 1) (14021, 3, 69, 1)
Model Training Started ... Mon Jan  3 19:39:19 2022
TIMESTEP_IN, TIMESTEP_OUT 12 3
adj_mx shape is : (69, 69)
==========================================================================================
Layer (type:depth-idx)                   Output Shape              Param #
==========================================================================================
├─DCGRU_Encoder: 1-1                     [2, 12, 69, 64]           --
|    └─ModuleList: 2                     []                        --
|    |    └─DCGRU_Cell: 3-1              [-1, 69, 64]              75,072
|    |    └─DCGRU_Cell: 3-2              [-1, 69, 64]              (recursive)
|    |    └─DCGRU_Cell: 3-3              [-1, 69, 64]              (recursive)
|    |    └─DCGRU_Cell: 3-4              [-1, 69, 64]              (recursive)
|    |    └─DCGRU_Cell: 3-5              [-1, 69, 64]              (recursive)
|    |    └─DCGRU_Cell: 3-6              [-1, 69, 64]              (recursive)
|    |    └─DCGRU_Cell: 3-7              [-1, 69, 64]              (recursive)
|    |    └─DCGRU_Cell: 3-8              [-1, 69, 64]              (recursive)
|    |    └─DCGRU_Cell: 3-9              [-1, 69, 64]              (recursive)
|    |    └─DCGRU_Cell: 3-10             [-1, 69, 64]              (recursive)
|    |    └─DCGRU_Cell: 3-11             [-1, 69, 64]              (recursive)
|    |    └─DCGRU_Cell: 3-12             [-1, 69, 64]              (recursive)
|    |    └─DCGRU_Cell: 3-13             [-1, 69, 64]              147,648
|    |    └─DCGRU_Cell: 3-14             [-1, 69, 64]              (recursive)
|    |    └─DCGRU_Cell: 3-15             [-1, 69, 64]              (recursive)
|    |    └─DCGRU_Cell: 3-16             [-1, 69, 64]              (recursive)
|    |    └─DCGRU_Cell: 3-17             [-1, 69, 64]              (recursive)
|    |    └─DCGRU_Cell: 3-18             [-1, 69, 64]              (recursive)
|    |    └─DCGRU_Cell: 3-19             [-1, 69, 64]              (recursive)
|    |    └─DCGRU_Cell: 3-20             [-1, 69, 64]              (recursive)
|    |    └─DCGRU_Cell: 3-21             [-1, 69, 64]              (recursive)
|    |    └─DCGRU_Cell: 3-22             [-1, 69, 64]              (recursive)
|    |    └─DCGRU_Cell: 3-23             [-1, 69, 64]              (recursive)
|    |    └─DCGRU_Cell: 3-24             [-1, 69, 64]              (recursive)
├─DCGRU_Decoder: 1-2                     [-1, 69, 1]               --
|    └─ModuleList: 2                     []                        --
|    |    └─DCGRU_Cell: 3-25             [-1, 69, 64]              75,072
|    |    └─DCGRU_Cell: 3-26             [-1, 69, 64]              147,648
|    └─Linear: 2-1                       [-1, 69, 1]               65
├─DCGRU_Decoder: 1-3                     [-1, 69, 1]               (recursive)
|    └─ModuleList: 2                     []                        --
|    |    └─DCGRU_Cell: 3-27             [-1, 69, 64]              (recursive)
|    |    └─DCGRU_Cell: 3-28             [-1, 69, 64]              (recursive)
|    └─Linear: 2-2                       [-1, 69, 1]               (recursive)
├─DCGRU_Decoder: 1-4                     [-1, 69, 1]               (recursive)
|    └─ModuleList: 2                     []                        --
|    |    └─DCGRU_Cell: 3-29             [-1, 69, 64]              (recursive)
|    |    └─DCGRU_Cell: 3-30             [-1, 69, 64]              (recursive)
|    └─Linear: 2-3                       [-1, 69, 1]               (recursive)
==========================================================================================
Total params: 445,505
Trainable params: 445,505
Non-trainable params: 0
Total mult-adds (M): 0.00
==========================================================================================
Input size (MB): 0.00
Forward/backward pass size (MB): 0.40
Params size (MB): 1.70
Estimated Total Size (MB): 2.11
==========================================================================================
XS_torch.shape:   torch.Size([14021, 12, 69, 1])
YS_torch.shape:   torch.Size([14021, 3, 69, 1])
LOSS is : MAE
epoch 0 time used: 24  seconds  train loss: 0.33443425504905533 validation loss: 0.3674404461487184
epoch 1 time used: 25  seconds  train loss: 0.28415704555724475 validation loss: 0.3736562669209188
epoch 2 time used: 26  seconds  train loss: 0.27437331222111916 validation loss: 0.3720622788275301
epoch 3 time used: 25  seconds  train loss: 0.2698639490956548 validation loss: 0.3753863560833798
epoch 4 time used: 25  seconds  train loss: 0.2675625070672024 validation loss: 0.3718062443217752
epoch 5 time used: 26  seconds  train loss: 0.2637663332810416 validation loss: 0.36224431335008017
epoch 6 time used: 25  seconds  train loss: 0.2618931003830742 validation loss: 0.3867750602385961
epoch 7 time used: 25  seconds  train loss: 0.25970558417923956 validation loss: 0.39118222131500635
epoch 8 time used: 25  seconds  train loss: 0.2588280076151917 validation loss: 0.37981639745503376
epoch 9 time used: 25  seconds  train loss: 0.2568292813014238 validation loss: 0.39234796280325035
epoch 10 time used: 26  seconds  train loss: 0.25532011357374446 validation loss: 0.38410299499580264
epoch 11 time used: 25  seconds  train loss: 0.25345200542172275 validation loss: 0.3697122019219929
epoch 12 time used: 26  seconds  train loss: 0.2514796089690712 validation loss: 0.36975622862254426
epoch 13 time used: 25  seconds  train loss: 0.251850125744555 validation loss: 0.37955032818601664
epoch 14 time used: 25  seconds  train loss: 0.2502136491761365 validation loss: 0.3722185512576454
Early stopping at epoch: 15
YS.shape, YS_pred.shape, (14021, 3, 69, 1) (14021, 3, 69, 1)
YS.shape, YS_pred.shape, (14021, 3, 69) (14021, 3, 69)
****************************************
DCRNN, train, Torch MSE, 2.4855398129e-01, 0.2485539813
DCRNN, train, MSE, RMSE, MAE, MAPE, 346.2586040669, 18.6080252597, 10.1230517640, 64.2100518767
Model Training Ended ... Mon Jan  3 19:46:32 2022
pred_NYC-Taxi_DCRNN_2201031939 testing started Mon Jan  3 19:46:32 2022
TEST XS.shape, YS.shape (3507, 12, 69, 1) (3507, 3, 69, 1)
Model Testing Started ... Mon Jan  3 19:46:32 2022
TIMESTEP_IN, TIMESTEP_OUT 12 3
adj_mx shape is : (69, 69)
YS.shape, YS_pred.shape, (3507, 3, 69, 1) (3507, 3, 69, 1)
YS.shape, YS_pred.shape, (3507, 3, 69) (3507, 3, 69)
****************************************
DCRNN, test, Torch MSE, 5.4371556423e-01, 0.5437155642
all pred steps, DCRNN, test, MSE, RMSE, MAE, MAPE, 657.3993754174, 25.6398006119, 15.4776229681, 71.3829672769
1 step, DCRNN, test, MSE, RMSE, MAE, MAPE, 305.4212819691, 17.4763063022, 10.9149878346, 53.9772517211
2 step, DCRNN, test, MSE, RMSE, MAE, MAPE, 675.2298755222, 25.9851856934, 16.0973441417, 73.2354710190
3 step, DCRNN, test, MSE, RMSE, MAE, MAPE, 991.5504509174, 31.4888940885, 19.4205807973, 86.9363502363
Model Testing Ended ... Mon Jan  3 19:46:41 2022
