data.shape (17544, 69)
pred_NYC-Taxi_DCRNN_2201031939 training started Mon Jan  3 19:39:28 2022
TRAIN XS.shape YS,shape (14021, 12, 69, 1) (14021, 3, 69, 1)
Model Training Started ... Mon Jan  3 19:39:28 2022
TIMESTEP_IN, TIMESTEP_OUT 12 3
adj_mx shape is : (69, 69)
==========================================================================================
Layer (type:depth-idx)                   Output Shape              Param #
==========================================================================================
├─DCGRU_Encoder: 1-1                     [2, 12, 69, 64]           --
|    └─ModuleList: 2                     []                        --
|    |    └─DCGRU_Cell: 3-1              [-1, 69, 64]              75,072
|    |    └─DCGRU_Cell: 3-2              [-1, 69, 64]              (recursive)
|    |    └─DCGRU_Cell: 3-3              [-1, 69, 64]              (recursive)
|    |    └─DCGRU_Cell: 3-4              [-1, 69, 64]              (recursive)
|    |    └─DCGRU_Cell: 3-5              [-1, 69, 64]              (recursive)
|    |    └─DCGRU_Cell: 3-6              [-1, 69, 64]              (recursive)
|    |    └─DCGRU_Cell: 3-7              [-1, 69, 64]              (recursive)
|    |    └─DCGRU_Cell: 3-8              [-1, 69, 64]              (recursive)
|    |    └─DCGRU_Cell: 3-9              [-1, 69, 64]              (recursive)
|    |    └─DCGRU_Cell: 3-10             [-1, 69, 64]              (recursive)
|    |    └─DCGRU_Cell: 3-11             [-1, 69, 64]              (recursive)
|    |    └─DCGRU_Cell: 3-12             [-1, 69, 64]              (recursive)
|    |    └─DCGRU_Cell: 3-13             [-1, 69, 64]              147,648
|    |    └─DCGRU_Cell: 3-14             [-1, 69, 64]              (recursive)
|    |    └─DCGRU_Cell: 3-15             [-1, 69, 64]              (recursive)
|    |    └─DCGRU_Cell: 3-16             [-1, 69, 64]              (recursive)
|    |    └─DCGRU_Cell: 3-17             [-1, 69, 64]              (recursive)
|    |    └─DCGRU_Cell: 3-18             [-1, 69, 64]              (recursive)
|    |    └─DCGRU_Cell: 3-19             [-1, 69, 64]              (recursive)
|    |    └─DCGRU_Cell: 3-20             [-1, 69, 64]              (recursive)
|    |    └─DCGRU_Cell: 3-21             [-1, 69, 64]              (recursive)
|    |    └─DCGRU_Cell: 3-22             [-1, 69, 64]              (recursive)
|    |    └─DCGRU_Cell: 3-23             [-1, 69, 64]              (recursive)
|    |    └─DCGRU_Cell: 3-24             [-1, 69, 64]              (recursive)
├─DCGRU_Decoder: 1-2                     [-1, 69, 1]               --
|    └─ModuleList: 2                     []                        --
|    |    └─DCGRU_Cell: 3-25             [-1, 69, 64]              75,072
|    |    └─DCGRU_Cell: 3-26             [-1, 69, 64]              147,648
|    └─Linear: 2-1                       [-1, 69, 1]               65
├─DCGRU_Decoder: 1-3                     [-1, 69, 1]               (recursive)
|    └─ModuleList: 2                     []                        --
|    |    └─DCGRU_Cell: 3-27             [-1, 69, 64]              (recursive)
|    |    └─DCGRU_Cell: 3-28             [-1, 69, 64]              (recursive)
|    └─Linear: 2-2                       [-1, 69, 1]               (recursive)
├─DCGRU_Decoder: 1-4                     [-1, 69, 1]               (recursive)
|    └─ModuleList: 2                     []                        --
|    |    └─DCGRU_Cell: 3-29             [-1, 69, 64]              (recursive)
|    |    └─DCGRU_Cell: 3-30             [-1, 69, 64]              (recursive)
|    └─Linear: 2-3                       [-1, 69, 1]               (recursive)
==========================================================================================
Total params: 445,505
Trainable params: 445,505
Non-trainable params: 0
Total mult-adds (M): 0.00
==========================================================================================
Input size (MB): 0.00
Forward/backward pass size (MB): 0.40
Params size (MB): 1.70
Estimated Total Size (MB): 2.11
==========================================================================================
XS_torch.shape:   torch.Size([14021, 12, 69, 1])
YS_torch.shape:   torch.Size([14021, 3, 69, 1])
LOSS is : MAE
epoch 0 time used: 25  seconds  train loss: 0.3350315502112021 validation loss: 0.3794481400007258
epoch 1 time used: 25  seconds  train loss: 0.27565630088810195 validation loss: 0.38600707195244444
epoch 2 time used: 25  seconds  train loss: 0.2653855114135518 validation loss: 0.3896835522011084
epoch 3 time used: 26  seconds  train loss: 0.2619760291153498 validation loss: 0.39862864536349596
epoch 4 time used: 25  seconds  train loss: 0.25868161131980405 validation loss: 0.3904923282380928
epoch 5 time used: 25  seconds  train loss: 0.2561708354225056 validation loss: 0.3840905212023159
epoch 6 time used: 25  seconds  train loss: 0.2535661066349998 validation loss: 0.39021078178832275
epoch 7 time used: 26  seconds  train loss: 0.25246396555374295 validation loss: 0.39070543993627826
epoch 8 time used: 25  seconds  train loss: 0.2522148791279123 validation loss: 0.3967768762598565
epoch 9 time used: 24  seconds  train loss: 0.2500177755257109 validation loss: 0.4086773518453784
Early stopping at epoch: 10
YS.shape, YS_pred.shape, (14021, 3, 69, 1) (14021, 3, 69, 1)
YS.shape, YS_pred.shape, (14021, 3, 69) (14021, 3, 69)
****************************************
DCRNN, train, Torch MSE, 2.5195185725e-01, 0.2519518572
DCRNN, train, MSE, RMSE, MAE, MAPE, 339.0729228398, 18.4139328455, 10.3529196977, 73.6197432386
Model Training Ended ... Mon Jan  3 19:44:28 2022
pred_NYC-Taxi_DCRNN_2201031939 testing started Mon Jan  3 19:44:28 2022
TEST XS.shape, YS.shape (3507, 12, 69, 1) (3507, 3, 69, 1)
Model Testing Started ... Mon Jan  3 19:44:28 2022
TIMESTEP_IN, TIMESTEP_OUT 12 3
adj_mx shape is : (69, 69)
YS.shape, YS_pred.shape, (3507, 3, 69, 1) (3507, 3, 69, 1)
YS.shape, YS_pred.shape, (3507, 3, 69) (3507, 3, 69)
****************************************
DCRNN, test, Torch MSE, 5.3475130699e-01, 0.5347513070
all pred steps, DCRNN, test, MSE, RMSE, MAE, MAPE, 634.4334389980, 25.1879621843, 15.3406265727, 76.5717447951
1 step, DCRNN, test, MSE, RMSE, MAE, MAPE, 288.4047106513, 16.9824824643, 10.7303268282, 55.2349319511
2 step, DCRNN, test, MSE, RMSE, MAE, MAPE, 635.1240472134, 25.2016675483, 15.7924110204, 78.2160406118
3 step, DCRNN, test, MSE, RMSE, MAE, MAPE, 979.7819122573, 31.3014682125, 19.4992769160, 96.2648885121
Model Testing Ended ... Mon Jan  3 19:44:37 2022
