data.shape (17544, 69)
pred_NYC-Taxi_DCRNN_2201080056 training started Sat Jan  8 00:56:13 2022
TRAIN XS.shape YS,shape (14021, 12, 69, 33) (14021, 3, 69, 1)
Model Training Started ... Sat Jan  8 00:56:16 2022
TIMESTEP_IN, TIMESTEP_OUT 12 3
==========================================================================================
Layer (type:depth-idx)                   Output Shape              Param #
==========================================================================================
├─DCGRU_Encoder: 1-1                     [2, 12, 69, 64]           --
|    └─ModuleList: 2                     []                        --
|    |    └─DCGRU_Cell: 3-1              [-1, 69, 64]              56,064
|    |    └─DCGRU_Cell: 3-2              [-1, 69, 64]              (recursive)
|    |    └─DCGRU_Cell: 3-3              [-1, 69, 64]              (recursive)
|    |    └─DCGRU_Cell: 3-4              [-1, 69, 64]              (recursive)
|    |    └─DCGRU_Cell: 3-5              [-1, 69, 64]              (recursive)
|    |    └─DCGRU_Cell: 3-6              [-1, 69, 64]              (recursive)
|    |    └─DCGRU_Cell: 3-7              [-1, 69, 64]              (recursive)
|    |    └─DCGRU_Cell: 3-8              [-1, 69, 64]              (recursive)
|    |    └─DCGRU_Cell: 3-9              [-1, 69, 64]              (recursive)
|    |    └─DCGRU_Cell: 3-10             [-1, 69, 64]              (recursive)
|    |    └─DCGRU_Cell: 3-11             [-1, 69, 64]              (recursive)
|    |    └─DCGRU_Cell: 3-12             [-1, 69, 64]              (recursive)
|    |    └─DCGRU_Cell: 3-13             [-1, 69, 64]              73,920
|    |    └─DCGRU_Cell: 3-14             [-1, 69, 64]              (recursive)
|    |    └─DCGRU_Cell: 3-15             [-1, 69, 64]              (recursive)
|    |    └─DCGRU_Cell: 3-16             [-1, 69, 64]              (recursive)
|    |    └─DCGRU_Cell: 3-17             [-1, 69, 64]              (recursive)
|    |    └─DCGRU_Cell: 3-18             [-1, 69, 64]              (recursive)
|    |    └─DCGRU_Cell: 3-19             [-1, 69, 64]              (recursive)
|    |    └─DCGRU_Cell: 3-20             [-1, 69, 64]              (recursive)
|    |    └─DCGRU_Cell: 3-21             [-1, 69, 64]              (recursive)
|    |    └─DCGRU_Cell: 3-22             [-1, 69, 64]              (recursive)
|    |    └─DCGRU_Cell: 3-23             [-1, 69, 64]              (recursive)
|    |    └─DCGRU_Cell: 3-24             [-1, 69, 64]              (recursive)
├─DCGRU_Decoder: 1-2                     [-1, 69, 1]               --
|    └─ModuleList: 2                     []                        --
|    |    └─DCGRU_Cell: 3-25             [-1, 69, 64]              37,632
|    |    └─DCGRU_Cell: 3-26             [-1, 69, 64]              73,920
|    └─Linear: 2-1                       [-1, 69, 1]               65
├─DCGRU_Decoder: 1-3                     [-1, 69, 1]               (recursive)
|    └─ModuleList: 2                     []                        --
|    |    └─DCGRU_Cell: 3-27             [-1, 69, 64]              (recursive)
|    |    └─DCGRU_Cell: 3-28             [-1, 69, 64]              (recursive)
|    └─Linear: 2-2                       [-1, 69, 1]               (recursive)
├─DCGRU_Decoder: 1-4                     [-1, 69, 1]               (recursive)
|    └─ModuleList: 2                     []                        --
|    |    └─DCGRU_Cell: 3-29             [-1, 69, 64]              (recursive)
|    |    └─DCGRU_Cell: 3-30             [-1, 69, 64]              (recursive)
|    └─Linear: 2-3                       [-1, 69, 1]               (recursive)
==========================================================================================
Total params: 241,601
Trainable params: 241,601
Non-trainable params: 0
Total mult-adds (M): 0.00
==========================================================================================
Input size (MB): 0.10
Forward/backward pass size (MB): 0.40
Params size (MB): 0.92
Estimated Total Size (MB): 1.43
==========================================================================================
XS_torch.shape:   torch.Size([14021, 12, 69, 33])
YS_torch.shape:   torch.Size([14021, 3, 69, 1])
LOSS is : MAE
epoch 0 time used: 19  seconds  train loss: 0.3918679337626682 validation loss: 0.33063841374411423
epoch 1 time used: 19  seconds  train loss: 0.31931398579146913 validation loss: 0.31784292254798835
epoch 2 time used: 19  seconds  train loss: 0.29872373944585084 validation loss: 0.2979201697412383
epoch 3 time used: 19  seconds  train loss: 0.28137562886721 validation loss: 0.2830854670632858
epoch 4 time used: 19  seconds  train loss: 0.26925118389971525 validation loss: 0.27828312780404185
epoch 5 time used: 19  seconds  train loss: 0.2609415063552527 validation loss: 0.27177925884757664
epoch 6 time used: 20  seconds  train loss: 0.2536318031339176 validation loss: 0.2625750746478099
epoch 7 time used: 19  seconds  train loss: 0.2484355122336822 validation loss: 0.26041333203103567
epoch 8 time used: 19  seconds  train loss: 0.24484316915283383 validation loss: 0.25498264403222154
epoch 9 time used: 19  seconds  train loss: 0.2417117005252356 validation loss: 0.2511753918984517
epoch 10 time used: 19  seconds  train loss: 0.2384522419810334 validation loss: 0.24970951055841178
epoch 11 time used: 19  seconds  train loss: 0.23617445637921694 validation loss: 0.24828216712337456
epoch 12 time used: 19  seconds  train loss: 0.2336451575563286 validation loss: 0.24445224035248644
epoch 13 time used: 19  seconds  train loss: 0.23188177005238747 validation loss: 0.2445828556011421
epoch 14 time used: 19  seconds  train loss: 0.22996774964935818 validation loss: 0.24204954766778353
epoch 15 time used: 20  seconds  train loss: 0.22879838639336453 validation loss: 0.24185413769055827
epoch 16 time used: 19  seconds  train loss: 0.22689615378540737 validation loss: 0.24037475041573345
epoch 17 time used: 19  seconds  train loss: 0.22545502377831278 validation loss: 0.23675321453955944
epoch 18 time used: 19  seconds  train loss: 0.2250806244073802 validation loss: 0.23794820263803312
epoch 19 time used: 19  seconds  train loss: 0.22376462551915455 validation loss: 0.23658697580821977
epoch 20 time used: 20  seconds  train loss: 0.22217230660580328 validation loss: 0.23449834145040288
epoch 21 time used: 19  seconds  train loss: 0.22118964139281014 validation loss: 0.23426411856397247
epoch 22 time used: 19  seconds  train loss: 0.22032934796510864 validation loss: 0.23376683850867777
epoch 23 time used: 19  seconds  train loss: 0.2193620717502161 validation loss: 0.23318215566264924
epoch 24 time used: 19  seconds  train loss: 0.2185704650039738 validation loss: 0.23095654416138692
epoch 25 time used: 19  seconds  train loss: 0.21792237564100284 validation loss: 0.2282724056458786
epoch 26 time used: 19  seconds  train loss: 0.21720717454290872 validation loss: 0.22817767857315197
epoch 27 time used: 20  seconds  train loss: 0.21640628073419155 validation loss: 0.22751194557426863
epoch 28 time used: 18  seconds  train loss: 0.21543298443074252 validation loss: 0.2287669384302715
epoch 29 time used: 20  seconds  train loss: 0.2144853909298617 validation loss: 0.22564718710376547
epoch 30 time used: 19  seconds  train loss: 0.21359676400088393 validation loss: 0.2259542748748542
epoch 31 time used: 19  seconds  train loss: 0.2136728744097552 validation loss: 0.22651989115386165
epoch 32 time used: 19  seconds  train loss: 0.2132001727537647 validation loss: 0.228011652784761
epoch 33 time used: 19  seconds  train loss: 0.21201260872294547 validation loss: 0.2262261450137673
epoch 34 time used: 20  seconds  train loss: 0.2114296398005036 validation loss: 0.22490019191011862
epoch 35 time used: 20  seconds  train loss: 0.21050629954521533 validation loss: 0.2218998937234835
epoch 36 time used: 20  seconds  train loss: 0.21020627653400556 validation loss: 0.22450949788025565
epoch 37 time used: 20  seconds  train loss: 0.20967313527749967 validation loss: 0.2237940127177709
epoch 38 time used: 19  seconds  train loss: 0.20871032317259197 validation loss: 0.22402373035329448
epoch 39 time used: 21  seconds  train loss: 0.20855193373567707 validation loss: 0.22243400753666454
epoch 40 time used: 19  seconds  train loss: 0.20755170400849296 validation loss: 0.2204106778875461
epoch 41 time used: 19  seconds  train loss: 0.20744130898171073 validation loss: 0.21949168935171617
epoch 42 time used: 20  seconds  train loss: 0.20684475126428173 validation loss: 0.22245404866342877
epoch 43 time used: 19  seconds  train loss: 0.20661980775617644 validation loss: 0.21992066468569596
epoch 44 time used: 19  seconds  train loss: 0.20595438845448358 validation loss: 0.22324330678886506
epoch 45 time used: 20  seconds  train loss: 0.20515831817642344 validation loss: 0.22107082565410166
epoch 46 time used: 20  seconds  train loss: 0.20483825199565944 validation loss: 0.21749414792587196
epoch 47 time used: 20  seconds  train loss: 0.20419049085663551 validation loss: 0.22016490505412178
epoch 48 time used: 19  seconds  train loss: 0.2036144284790799 validation loss: 0.21695785874716567
epoch 49 time used: 20  seconds  train loss: 0.20344156888746306 validation loss: 0.2175387268534267
epoch 50 time used: 19  seconds  train loss: 0.20281663849915826 validation loss: 0.21714121392299568
epoch 51 time used: 20  seconds  train loss: 0.20237887534851898 validation loss: 0.2207673681475949
epoch 52 time used: 21  seconds  train loss: 0.2020258344964947 validation loss: 0.2190992539430848
epoch 53 time used: 19  seconds  train loss: 0.20112286756840908 validation loss: 0.21710861036931184
epoch 54 time used: 19  seconds  train loss: 0.2005649953157458 validation loss: 0.21511908804629098
epoch 55 time used: 20  seconds  train loss: 0.20026726901220274 validation loss: 0.21495709334926746
epoch 56 time used: 21  seconds  train loss: 0.20012870195792715 validation loss: 0.2165159732018344
epoch 57 time used: 20  seconds  train loss: 0.19995729494530173 validation loss: 0.21667942238989654
epoch 58 time used: 19  seconds  train loss: 0.19877749824314037 validation loss: 0.21450129056140074
epoch 59 time used: 19  seconds  train loss: 0.19829925937978304 validation loss: 0.21440029842168076
epoch 60 time used: 20  seconds  train loss: 0.19787017093988984 validation loss: 0.21429649187508
epoch 61 time used: 20  seconds  train loss: 0.19733915625447981 validation loss: 0.21315011074389312
epoch 62 time used: 19  seconds  train loss: 0.19697826470114488 validation loss: 0.2152314293540959
epoch 63 time used: 19  seconds  train loss: 0.1968694363465945 validation loss: 0.21319024731483177
epoch 64 time used: 19  seconds  train loss: 0.19655039264201962 validation loss: 0.2122772066544208
epoch 65 time used: 19  seconds  train loss: 0.19591861281618064 validation loss: 0.21321361258209465
epoch 66 time used: 19  seconds  train loss: 0.19542058406414098 validation loss: 0.21276326244617283
epoch 67 time used: 19  seconds  train loss: 0.1948386627657234 validation loss: 0.21191144014214083
epoch 68 time used: 19  seconds  train loss: 0.19444172370499885 validation loss: 0.21330295690147794
epoch 69 time used: 19  seconds  train loss: 0.19383065500164562 validation loss: 0.21370579759631236
epoch 70 time used: 19  seconds  train loss: 0.1937539655852481 validation loss: 0.21337880934570017
epoch 71 time used: 19  seconds  train loss: 0.19314651024586454 validation loss: 0.2109965984898163
epoch 72 time used: 20  seconds  train loss: 0.19281957576668998 validation loss: 0.20945187119572622
epoch 73 time used: 19  seconds  train loss: 0.19261133501729477 validation loss: 0.2123348253475756
epoch 74 time used: 19  seconds  train loss: 0.19203364001274265 validation loss: 0.21182288511678007
epoch 75 time used: 19  seconds  train loss: 0.1913977083599758 validation loss: 0.21211816984214446
epoch 76 time used: 19  seconds  train loss: 0.19122001946089048 validation loss: 0.20969237626890966
epoch 77 time used: 19  seconds  train loss: 0.19086620955930536 validation loss: 0.2089137887774504
epoch 78 time used: 19  seconds  train loss: 0.19010494201938144 validation loss: 0.2094601871997237
epoch 79 time used: 19  seconds  train loss: 0.1903192000345178 validation loss: 0.21004343579411167
epoch 80 time used: 19  seconds  train loss: 0.18961479668124398 validation loss: 0.20828955594601117
epoch 81 time used: 19  seconds  train loss: 0.189430873033314 validation loss: 0.2090471063215122
epoch 82 time used: 19  seconds  train loss: 0.18882680618008924 validation loss: 0.20946410930775536
epoch 83 time used: 19  seconds  train loss: 0.18849468981360706 validation loss: 0.20887991710349757
epoch 84 time used: 19  seconds  train loss: 0.18859221186473077 validation loss: 0.20985491367251413
epoch 85 time used: 19  seconds  train loss: 0.18797239687452885 validation loss: 0.2079605291859463
epoch 86 time used: 19  seconds  train loss: 0.18763838945497782 validation loss: 0.20824291123979377
epoch 87 time used: 20  seconds  train loss: 0.18726097103688086 validation loss: 0.20565793359374837
epoch 88 time used: 21  seconds  train loss: 0.18661619029528628 validation loss: 0.20907738416349964
epoch 89 time used: 20  seconds  train loss: 0.1865990814981532 validation loss: 0.20636123794524655
epoch 90 time used: 21  seconds  train loss: 0.18617950154897792 validation loss: 0.20594939556348957
epoch 91 time used: 19  seconds  train loss: 0.18600616469750936 validation loss: 0.20555842877352368
epoch 92 time used: 19  seconds  train loss: 0.185790936751361 validation loss: 0.2052452156391405
epoch 93 time used: 19  seconds  train loss: 0.18562095510015122 validation loss: 0.20652019851763997
epoch 94 time used: 19  seconds  train loss: 0.18451743468248694 validation loss: 0.20457333843162653
epoch 95 time used: 21  seconds  train loss: 0.18451096746678222 validation loss: 0.2059082474391663
epoch 96 time used: 21  seconds  train loss: 0.18423639871435132 validation loss: 0.2049245811654579
epoch 97 time used: 21  seconds  train loss: 0.18433960359804707 validation loss: 0.20382303442366112
epoch 98 time used: 21  seconds  train loss: 0.18352561919938715 validation loss: 0.2047741943539991
epoch 99 time used: 19  seconds  train loss: 0.1832973627215066 validation loss: 0.20557144200094618
epoch 100 time used: 19  seconds  train loss: 0.1832420382372984 validation loss: 0.2042015696670148
epoch 101 time used: 19  seconds  train loss: 0.18273292867181976 validation loss: 0.20401876719420933
epoch 102 time used: 19  seconds  train loss: 0.18248648958521788 validation loss: 0.2036218782679666
epoch 103 time used: 19  seconds  train loss: 0.18189915181916508 validation loss: 0.20472175541668025
epoch 104 time used: 19  seconds  train loss: 0.18194894144268428 validation loss: 0.20311002978174195
epoch 105 time used: 19  seconds  train loss: 0.18137012219969287 validation loss: 0.20164847375662479
epoch 106 time used: 19  seconds  train loss: 0.1815467450074198 validation loss: 0.20408173200408186
epoch 107 time used: 19  seconds  train loss: 0.18121357150873843 validation loss: 0.20228545811437432
epoch 108 time used: 19  seconds  train loss: 0.1806296093828483 validation loss: 0.20122880081891062
epoch 109 time used: 19  seconds  train loss: 0.1806021700872829 validation loss: 0.20155329363929567
epoch 110 time used: 19  seconds  train loss: 0.1801772314774551 validation loss: 0.20281382062335865
epoch 111 time used: 19  seconds  train loss: 0.1799332311429766 validation loss: 0.20126633612992623
epoch 112 time used: 19  seconds  train loss: 0.1796451581148282 validation loss: 0.20080663554510658
epoch 113 time used: 20  seconds  train loss: 0.17980673953400086 validation loss: 0.2019328639310765
epoch 114 time used: 19  seconds  train loss: 0.17923941355615242 validation loss: 0.20091477967267438
epoch 115 time used: 20  seconds  train loss: 0.17874063322588407 validation loss: 0.20172879257952903
epoch 116 time used: 20  seconds  train loss: 0.1786906435177153 validation loss: 0.20115095596278115
epoch 117 time used: 19  seconds  train loss: 0.17866939073534793 validation loss: 0.20212956200445711
epoch 118 time used: 21  seconds  train loss: 0.17814575165344987 validation loss: 0.19904109388504856
epoch 119 time used: 20  seconds  train loss: 0.17788405460373835 validation loss: 0.20032424565151769
epoch 120 time used: 19  seconds  train loss: 0.17776997529764613 validation loss: 0.19994592998990723
epoch 121 time used: 19  seconds  train loss: 0.17750805187369154 validation loss: 0.199039351962256
epoch 122 time used: 19  seconds  train loss: 0.17736194435571434 validation loss: 0.19853949480511024
epoch 123 time used: 19  seconds  train loss: 0.17715059785353932 validation loss: 0.19926335173406673
epoch 124 time used: 19  seconds  train loss: 0.17685997881114307 validation loss: 0.19853135048323065
epoch 125 time used: 20  seconds  train loss: 0.17650477787862975 validation loss: 0.1997174116215975
epoch 126 time used: 17  seconds  train loss: 0.1764111208058663 validation loss: 0.19926603664620154
epoch 127 time used: 18  seconds  train loss: 0.1759528480652376 validation loss: 0.19792015769790391
epoch 128 time used: 19  seconds  train loss: 0.1758182031404012 validation loss: 0.19839878141438017
epoch 129 time used: 19  seconds  train loss: 0.17573015094969457 validation loss: 0.19799737140102788
epoch 130 time used: 21  seconds  train loss: 0.17561091546772123 validation loss: 0.1982977529780496
epoch 131 time used: 20  seconds  train loss: 0.1754148385745911 validation loss: 0.1978668256089542
epoch 132 time used: 20  seconds  train loss: 0.17472862182376359 validation loss: 0.19773310107533346
epoch 133 time used: 20  seconds  train loss: 0.17456929309868757 validation loss: 0.19850497185775912
epoch 134 time used: 19  seconds  train loss: 0.17462104752800695 validation loss: 0.19682145989152003
epoch 135 time used: 19  seconds  train loss: 0.17464713400511 validation loss: 0.1963587076457922
epoch 136 time used: 21  seconds  train loss: 0.17422605233274846 validation loss: 0.19960184882384877
epoch 137 time used: 20  seconds  train loss: 0.1742393007719987 validation loss: 0.19585991152272658
epoch 138 time used: 20  seconds  train loss: 0.1737593701288449 validation loss: 0.19711086380094103
epoch 139 time used: 19  seconds  train loss: 0.17354942634240167 validation loss: 0.19645959771298302
epoch 140 time used: 19  seconds  train loss: 0.17336469570452356 validation loss: 0.19682157450210552
epoch 141 time used: 13  seconds  train loss: 0.17335625922287332 validation loss: 0.19521967351810632
epoch 142 time used: 20  seconds  train loss: 0.17292088586478735 validation loss: 0.19602395837230813
epoch 143 time used: 20  seconds  train loss: 0.17273883477344085 validation loss: 0.19607064856404383
epoch 144 time used: 21  seconds  train loss: 0.17246003670512872 validation loss: 0.19542334452738983
epoch 145 time used: 21  seconds  train loss: 0.17280651131941824 validation loss: 0.19494348883424836
epoch 146 time used: 19  seconds  train loss: 0.1721271293284569 validation loss: 0.19500027480495363
epoch 147 time used: 19  seconds  train loss: 0.17215162143961474 validation loss: 0.19592076405687325
epoch 148 time used: 19  seconds  train loss: 0.1719843028498893 validation loss: 0.19518600473115597
epoch 149 time used: 19  seconds  train loss: 0.17166838246659732 validation loss: 0.19401471762234188
epoch 150 time used: 19  seconds  train loss: 0.17153018397191933 validation loss: 0.19534614625245045
epoch 151 time used: 19  seconds  train loss: 0.1712451804080692 validation loss: 0.19415411539269528
epoch 152 time used: 19  seconds  train loss: 0.17126309862928202 validation loss: 0.1936848106737213
epoch 153 time used: 19  seconds  train loss: 0.17131470616531558 validation loss: 0.1935682144681182
epoch 154 time used: 19  seconds  train loss: 0.17097046725964524 validation loss: 0.19399925245262184
epoch 155 time used: 19  seconds  train loss: 0.17098908015579364 validation loss: 0.19487229873640363
epoch 156 time used: 19  seconds  train loss: 0.17048710647801604 validation loss: 0.1935861670182082
epoch 157 time used: 19  seconds  train loss: 0.17026789824077196 validation loss: 0.1928673047833761
epoch 158 time used: 21  seconds  train loss: 0.17016015049005745 validation loss: 0.19461107867755553
epoch 159 time used: 20  seconds  train loss: 0.1702649303055136 validation loss: 0.19293666871969045
epoch 160 time used: 19  seconds  train loss: 0.1700474156457281 validation loss: 0.19403615064336718
epoch 161 time used: 21  seconds  train loss: 0.16970107751771843 validation loss: 0.19264469318266128
epoch 162 time used: 15  seconds  train loss: 0.16976841730814163 validation loss: 0.1939921769256668
epoch 163 time used: 17  seconds  train loss: 0.16934021841461355 validation loss: 0.1919650696494276
epoch 164 time used: 19  seconds  train loss: 0.1695602409150494 validation loss: 0.19173410038436675
epoch 165 time used: 20  seconds  train loss: 0.16913733945477463 validation loss: 0.19191688654494843
epoch 166 time used: 20  seconds  train loss: 0.16869089035557192 validation loss: 0.19217618772015188
epoch 167 time used: 20  seconds  train loss: 0.16893334678496605 validation loss: 0.19191097126847598
epoch 168 time used: 20  seconds  train loss: 0.16858843918300662 validation loss: 0.19242917157654346
epoch 169 time used: 21  seconds  train loss: 0.16856767639474057 validation loss: 0.19160286824633854
epoch 170 time used: 20  seconds  train loss: 0.16814583597779467 validation loss: 0.19111131233653544
epoch 171 time used: 19  seconds  train loss: 0.16824805651517188 validation loss: 0.19082202142262827
epoch 172 time used: 19  seconds  train loss: 0.16819205004655075 validation loss: 0.19073393904373975
epoch 173 time used: 19  seconds  train loss: 0.16803554315539032 validation loss: 0.19150606669906337
epoch 174 time used: 19  seconds  train loss: 0.16788146997318232 validation loss: 0.19125978558558568
epoch 175 time used: 19  seconds  train loss: 0.1676358020010234 validation loss: 0.19143740992612723
epoch 176 time used: 19  seconds  train loss: 0.16754697043148672 validation loss: 0.19108007573700603
epoch 177 time used: 19  seconds  train loss: 0.1676678637320186 validation loss: 0.1909857190512142
epoch 178 time used: 19  seconds  train loss: 0.16737745048306374 validation loss: 0.19040137242910457
epoch 179 time used: 19  seconds  train loss: 0.16698031879555802 validation loss: 0.1904312355631906
epoch 180 time used: 19  seconds  train loss: 0.16705352784582952 validation loss: 0.190429336782938
epoch 181 time used: 19  seconds  train loss: 0.16665752444879062 validation loss: 0.18985418811295962
epoch 182 time used: 19  seconds  train loss: 0.1667640851740733 validation loss: 0.18972484625480682
epoch 183 time used: 19  seconds  train loss: 0.16650537455124695 validation loss: 0.18995582605183498
epoch 184 time used: 19  seconds  train loss: 0.16641893107377242 validation loss: 0.18988992631673404
epoch 185 time used: 19  seconds  train loss: 0.16674841342315946 validation loss: 0.1902156618157592
epoch 186 time used: 19  seconds  train loss: 0.16621301858830148 validation loss: 0.18953747697136297
epoch 187 time used: 19  seconds  train loss: 0.16599801527217814 validation loss: 0.19002708911691743
epoch 188 time used: 19  seconds  train loss: 0.1659025131033343 validation loss: 0.1896246016042544
epoch 189 time used: 19  seconds  train loss: 0.1657099249330296 validation loss: 0.1890628074263411
epoch 190 time used: 19  seconds  train loss: 0.16585836338227294 validation loss: 0.1895766373674868
epoch 191 time used: 19  seconds  train loss: 0.16582315537336403 validation loss: 0.18863632232035762
epoch 192 time used: 19  seconds  train loss: 0.1654320319001279 validation loss: 0.1886575229750724
epoch 193 time used: 19  seconds  train loss: 0.1654807343947837 validation loss: 0.189257192717099
epoch 194 time used: 19  seconds  train loss: 0.1652880815815218 validation loss: 0.1885296373335348
epoch 195 time used: 19  seconds  train loss: 0.16499188912101392 validation loss: 0.18890186176086518
epoch 196 time used: 19  seconds  train loss: 0.16518107139698876 validation loss: 0.18975150662527993
epoch 197 time used: 19  seconds  train loss: 0.1648141871281466 validation loss: 0.18869128711925393
epoch /home/cseadmin/mhy/model/DCRNN.py:309: RuntimeWarning: divide by zero encountered in power
  d_inv_sqrt = np.power(rowsum, -0.5).flatten()
198 time used: 20  seconds  train loss: 0.16491718429441674 validation loss: 0.1872487405471236
epoch 199 time used: 20  seconds  train loss: 0.16431305283224462 validation loss: 0.1882777856253789
YS.shape, YS_pred.shape, (14021, 3, 69, 1) (14021, 3, 69, 1)
YS.shape, YS_pred.shape, (14021, 3, 69) (14021, 3, 69)
****************************************
DCRNN, train, Torch MSE, 1.6265775966e-01, 0.1626577597
DCRNN, train, MSE, RMSE, MAE, MAPE, 310.7835249108, 17.6290534321, 10.2447542994, 15.6518991231
Model Training Ended ... Sat Jan  8 02:02:21 2022
pred_NYC-Taxi_DCRNN_2201080056 testing started Sat Jan  8 02:02:21 2022
TEST XS.shape, YS.shape (3507, 12, 69, 33) (3507, 3, 69, 1)
Model Testing Started ... Sat Jan  8 02:02:22 2022
TIMESTEP_IN, TIMESTEP_OUT 12 3
YS.shape, YS_pred.shape, (3507, 3, 69, 1) (3507, 3, 69, 1)
YS.shape, YS_pred.shape, (3507, 3, 69) (3507, 3, 69)
****************************************
DCRNN, test, Torch MSE, 1.8085905075e-01, 0.1808590508
all pred steps, DCRNN, test, MSE, RMSE, MAE, MAPE, 374.6534027481, 19.3559655597, 11.3831257261, 18.2398764396
1 step, DCRNN, test, MSE, RMSE, MAE, MAPE, 342.8546918088, 18.5163358095, 11.1058846113, 18.1879393130
2 step, DCRNN, test, MSE, RMSE, MAE, MAPE, 371.3332443698, 19.2700089354, 11.2953332724, 17.9459718075
3 step, DCRNN, test, MSE, RMSE, MAE, MAPE, 409.7718665485, 20.2428225934, 11.7481563756, 18.5857181372
Model Testing Ended ... Sat Jan  8 02:02:25 2022
