data.shape (17544, 69)
pred_NYC-Taxi_DCRNN_2201092121 training started Sun Jan  9 21:21:04 2022
TRAIN XS.shape YS,shape (14021, 12, 69, 1) (14021, 3, 69, 1)
Model Training Started ... Sun Jan  9 21:21:04 2022
TIMESTEP_IN, TIMESTEP_OUT 12 3
==========================================================================================
Layer (type:depth-idx)                   Output Shape              Param #
==========================================================================================
├─DCGRU_Encoder: 1-1                     [2, 12, 69, 64]           --
|    └─ModuleList: 2                     []                        --
|    |    └─DCGRU_Cell: 3-1              [-1, 69, 64]              112,512
|    |    └─DCGRU_Cell: 3-2              [-1, 69, 64]              (recursive)
|    |    └─DCGRU_Cell: 3-3              [-1, 69, 64]              (recursive)
|    |    └─DCGRU_Cell: 3-4              [-1, 69, 64]              (recursive)
|    |    └─DCGRU_Cell: 3-5              [-1, 69, 64]              (recursive)
|    |    └─DCGRU_Cell: 3-6              [-1, 69, 64]              (recursive)
|    |    └─DCGRU_Cell: 3-7              [-1, 69, 64]              (recursive)
|    |    └─DCGRU_Cell: 3-8              [-1, 69, 64]              (recursive)
|    |    └─DCGRU_Cell: 3-9              [-1, 69, 64]              (recursive)
|    |    └─DCGRU_Cell: 3-10             [-1, 69, 64]              (recursive)
|    |    └─DCGRU_Cell: 3-11             [-1, 69, 64]              (recursive)
|    |    └─DCGRU_Cell: 3-12             [-1, 69, 64]              (recursive)
|    |    └─DCGRU_Cell: 3-13             [-1, 69, 64]              221,376
|    |    └─DCGRU_Cell: 3-14             [-1, 69, 64]              (recursive)
|    |    └─DCGRU_Cell: 3-15             [-1, 69, 64]              (recursive)
|    |    └─DCGRU_Cell: 3-16             [-1, 69, 64]              (recursive)
|    |    └─DCGRU_Cell: 3-17             [-1, 69, 64]              (recursive)
|    |    └─DCGRU_Cell: 3-18             [-1, 69, 64]              (recursive)
|    |    └─DCGRU_Cell: 3-19             [-1, 69, 64]              (recursive)
|    |    └─DCGRU_Cell: 3-20             [-1, 69, 64]              (recursive)
|    |    └─DCGRU_Cell: 3-21             [-1, 69, 64]              (recursive)
|    |    └─DCGRU_Cell: 3-22             [-1, 69, 64]              (recursive)
|    |    └─DCGRU_Cell: 3-23             [-1, 69, 64]              (recursive)
|    |    └─DCGRU_Cell: 3-24             [-1, 69, 64]              (recursive)
├─DCGRU_Decoder: 1-2                     [-1, 69, 1]               --
|    └─ModuleList: 2                     []                        --
|    |    └─DCGRU_Cell: 3-25             [-1, 69, 64]              112,512
|    |    └─DCGRU_Cell: 3-26             [-1, 69, 64]              221,376
|    └─Linear: 2-1                       [-1, 69, 1]               65
├─DCGRU_Decoder: 1-3                     [-1, 69, 1]               (recursive)
|    └─ModuleList: 2                     []                        --
|    |    └─DCGRU_Cell: 3-27             [-1, 69, 64]              (recursive)
|    |    └─DCGRU_Cell: 3-28             [-1, 69, 64]              (recursive)
|    └─Linear: 2-2                       [-1, 69, 1]               (recursive)
├─DCGRU_Decoder: 1-4                     [-1, 69, 1]               (recursive)
|    └─ModuleList: 2                     []                        --
|    |    └─DCGRU_Cell: 3-29             [-1, 69, 64]              (recursive)
|    |    └─DCGRU_Cell: 3-30             [-1, 69, 64]              (recursive)
|    └─Linear: 2-3                       [-1, 69, 1]               (recursive)
==========================================================================================
Total params: 667,841
Trainable params: 667,841
Non-trainable params: 0
Total mult-adds (M): 0.00
==========================================================================================
Input size (MB): 0.00
Forward/backward pass size (MB): 0.40
Params size (MB): 2.55
Estimated Total Size (MB): 2.96
==========================================================================================
XS_torch.shape:   torch.Size([14021, 12, 69, 1])
YS_torch.shape:   torch.Size([14021, 3, 69, 1])
LOSS is : MAE
epoch 0 time used: 29  seconds  train loss: 0.2922952943373706 validation loss: 0.3554482188859941
epoch 1 time used: 29  seconds  train loss: 0.2343835080091674 validation loss: 0.3616951014474672
epoch 2 time used: 29  seconds  train loss: 0.21864281772576055 validation loss: 0.3349349954368996
epoch 3 time used: 29  seconds  train loss: 0.21194482628495365 validation loss: 0.3261212678514612
epoch 4 time used: 29  seconds  train loss: 0.20573871027171747 validation loss: 0.3322542470078161
epoch 5 time used: 30  seconds  train loss: 0.202666405686774 validation loss: 0.3540116237934426
epoch 6 time used: 30  seconds  train loss: 0.1977846890950304 validation loss: 0.32672838265733994
epoch 7 time used: 30  seconds  train loss: 0.19492909911306977 validation loss: 0.3327877493803663
epoch 8 time used: 31  seconds  train loss: 0.1923586015917791 validation loss: 0.3236759264198495
epoch 9 time used: 32  seconds  train loss: 0.18961995695287956 validation loss: 0.3531350111764156
epoch 10 time used: 31  seconds  train loss: 0.18781302666718538 validation loss: 0.33860958074748143
epoch 11 time used: 30  seconds  train loss: 0.1857340935779232 validation loss: 0.32882380028214375
epoch 12 time used: 30  seconds  train loss: 0.1846136898774062 validation loss: 0.3277462556813692
epoch 13 time used: 30  seconds  train loss: 0.18282459181665714 validation loss: 0.31811813956590906
epoch 14 time used: 30  seconds  train loss: 0.18119421285489967 validation loss: 0.32892946071850526
epoch 15 time used: 30  seconds  train loss: 0.17914107356391748 validation loss: 0.33093267677514404
epoch 16 time used: 30  seconds  train loss: 0.17750637192445506 validation loss: 0.33147525445638354
epoch 17 time used: 30  seconds  train loss: 0.17710808853314838 validation loss: 0.31613571667290385
epoch 18 time used: 30  seconds  train loss: 0.1748174116340957 validation loss: 0.3343496307671172
epoch 19 time used: 30  seconds  train loss: 0.17397251508991532 validation loss: 0.32223546770186134
epoch 20 time used: 29  seconds  train loss: 0.1738004990147969 validation loss: 0.3208632566761576
epoch 21 time used: 30  seconds  train loss: 0.17198679187339022 validation loss: 0.3250460752200482
epoch 22 time used: 31  seconds  train loss: 0.17092961838142778 validation loss: 0.3375573565772242
epoch 23 time used: 33  seconds  train loss: 0.1697203061908707 validation loss: 0.3075328525718933
epoch 24 time used: 33  seconds  train loss: 0.16915109870699668 validation loss: 0.33793530114636855
epoch 25 time used: 33  seconds  train loss: 0.16918312522324902 validation loss: 0.3355252031795787
epoch 26 time used: 33  seconds  train loss: 0.167096735096382 validation loss: 0.3153904243258157
epoch 27 time used: 34  seconds  train loss: 0.16669799329638288 validation loss: 0.329883639396291
epoch 28 time used: 33  seconds  train loss: 0.16559840218908903 validation loss: 0.3274039200762647
epoch 29 time used: 33  seconds  train loss: 0.16521094063127473 validation loss: 0.3224742906099038
epoch 30 time used: 34  seconds  train loss: 0.16428936434406236 validation loss: 0.3242500346011593
epoch 31 time used: 31  seconds  train loss: 0.16341324283200598 validation loss: 0.31369053929857166
epoch 32 time used: 31  seconds  train loss: 0.16282535487932298 validation loss: 0.3188136448808486
Early stopping at epoch: 33
YS.shape, YS_pred.shape, (14021, 3, 69, 1) (14021, 3, 69, 1)
YS.shape, YS_pred.shape, (14021, 3, 69) (14021, 3, 69)
****************************************
DCRNN, train, Torch MSE, 1.6140482537e-01, 0.1614048254
DCRNN, train, MSE, RMSE, MAE, MAPE, 149.3411350187, 12.2205210617, 6.8942196369, 43.4218535530
Model Training Ended ... Sun Jan  9 21:39:09 2022
pred_NYC-Taxi_DCRNN_2201092121 testing started Sun Jan  9 21:39:09 2022/home/cseadmin/mhy/model/DCRNN.py:318: RuntimeWarning: divide by zero encountered in power
  d_inv = np.power(rowsum, -1).flatten()

TEST XS.shape, YS.shape (3507, 12, 69, 1) (3507, 3, 69, 1)
Model Testing Started ... Sun Jan  9 21:39:09 2022
TIMESTEP_IN, TIMESTEP_OUT 12 3
YS.shape, YS_pred.shape, (3507, 3, 69, 1) (3507, 3, 69, 1)
YS.shape, YS_pred.shape, (3507, 3, 69) (3507, 3, 69)
****************************************
DCRNN, test, Torch MSE, 3.5015637755e-01, 0.3501563775
all pred steps, DCRNN, test, MSE, RMSE, MAE, MAPE, 299.5972480636, 17.3088777240, 10.0387114635, 57.4022226081
1 step, DCRNN, test, MSE, RMSE, MAE, MAPE, 172.7568888337, 13.1437014891, 7.9135995377, 47.3460328099
2 step, DCRNN, test, MSE, RMSE, MAE, MAPE, 306.2060442735, 17.4987440770, 10.1971221455, 57.4954383985
3 step, DCRNN, test, MSE, RMSE, MAE, MAPE, 419.8325677274, 20.4898161956, 12.0054749135, 67.3654932877
Model Testing Ended ... Sun Jan  9 21:39:14 2022
