data.shape (17544, 69)
pred_NYC-Taxi_DCRNN_2201080055 training started Sat Jan  8 00:55:07 2022
TRAIN XS.shape YS,shape (14021, 12, 69, 33) (14021, 3, 69, 1)
Model Training Started ... Sat Jan  8 00:55:10 2022
TIMESTEP_IN, TIMESTEP_OUT 12 3
==========================================================================================
Layer (type:depth-idx)                   Output Shape              Param #
==========================================================================================
├─DCGRU_Encoder: 1-1                     [2, 12, 69, 64]           --
|    └─ModuleList: 2                     []                        --
|    |    └─DCGRU_Cell: 3-1              [-1, 69, 64]              56,064
|    |    └─DCGRU_Cell: 3-2              [-1, 69, 64]              (recursive)
|    |    └─DCGRU_Cell: 3-3              [-1, 69, 64]              (recursive)
|    |    └─DCGRU_Cell: 3-4              [-1, 69, 64]              (recursive)
|    |    └─DCGRU_Cell: 3-5              [-1, 69, 64]              (recursive)
|    |    └─DCGRU_Cell: 3-6              [-1, 69, 64]              (recursive)
|    |    └─DCGRU_Cell: 3-7              [-1, 69, 64]              (recursive)
|    |    └─DCGRU_Cell: 3-8              [-1, 69, 64]              (recursive)
|    |    └─DCGRU_Cell: 3-9              [-1, 69, 64]              (recursive)
|    |    └─DCGRU_Cell: 3-10             [-1, 69, 64]              (recursive)
|    |    └─DCGRU_Cell: 3-11             [-1, 69, 64]              (recursive)
|    |    └─DCGRU_Cell: 3-12             [-1, 69, 64]              (recursive)
|    |    └─DCGRU_Cell: 3-13             [-1, 69, 64]              73,920
|    |    └─DCGRU_Cell: 3-14             [-1, 69, 64]              (recursive)
|    |    └─DCGRU_Cell: 3-15             [-1, 69, 64]              (recursive)
|    |    └─DCGRU_Cell: 3-16             [-1, 69, 64]              (recursive)
|    |    └─DCGRU_Cell: 3-17             [-1, 69, 64]              (recursive)
|    |    └─DCGRU_Cell: 3-18             [-1, 69, 64]              (recursive)
|    |    └─DCGRU_Cell: 3-19             [-1, 69, 64]              (recursive)
|    |    └─DCGRU_Cell: 3-20             [-1, 69, 64]              (recursive)
|    |    └─DCGRU_Cell: 3-21             [-1, 69, 64]              (recursive)
|    |    └─DCGRU_Cell: 3-22             [-1, 69, 64]              (recursive)
|    |    └─DCGRU_Cell: 3-23             [-1, 69, 64]              (recursive)
|    |    └─DCGRU_Cell: 3-24             [-1, 69, 64]              (recursive)
├─DCGRU_Decoder: 1-2                     [-1, 69, 1]               --
|    └─ModuleList: 2                     []                        --
|    |    └─DCGRU_Cell: 3-25             [-1, 69, 64]              37,632
|    |    └─DCGRU_Cell: 3-26             [-1, 69, 64]              73,920
|    └─Linear: 2-1                       [-1, 69, 1]               65
├─DCGRU_Decoder: 1-3                     [-1, 69, 1]               (recursive)
|    └─ModuleList: 2                     []                        --
|    |    └─DCGRU_Cell: 3-27             [-1, 69, 64]              (recursive)
|    |    └─DCGRU_Cell: 3-28             [-1, 69, 64]              (recursive)
|    └─Linear: 2-2                       [-1, 69, 1]               (recursive)
├─DCGRU_Decoder: 1-4                     [-1, 69, 1]               (recursive)
|    └─ModuleList: 2                     []                        --
|    |    └─DCGRU_Cell: 3-29             [-1, 69, 64]              (recursive)
|    |    └─DCGRU_Cell: 3-30             [-1, 69, 64]              (recursive)
|    └─Linear: 2-3                       [-1, 69, 1]               (recursive)
==========================================================================================
Total params: 241,601
Trainable params: 241,601
Non-trainable params: 0
Total mult-adds (M): 0.00
==========================================================================================
Input size (MB): 0.10
Forward/backward pass size (MB): 0.40
Params size (MB): 0.92
Estimated Total Size (MB): 1.43
==========================================================================================
XS_torch.shape:   torch.Size([14021, 12, 69, 33])
YS_torch.shape:   torch.Size([14021, 3, 69, 1])
LOSS is : MAE
epoch 0 time used: 18  seconds  train loss: 0.41359987938524573 validation loss: 0.34795051308203206
epoch 1 time used: 20  seconds  train loss: 0.3419066625384582 validation loss: 0.3364471543773677
epoch 2 time used: 18  seconds  train loss: 0.32005464198887057 validation loss: 0.3149467581724753
epoch 3 time used: 19  seconds  train loss: 0.30263796801438037 validation loss: 0.30223786966908134
epoch 4 time used: 19  seconds  train loss: 0.2910400473375759 validation loss: 0.2909295427853627
epoch 5 time used: 19  seconds  train loss: 0.2810379087167024 validation loss: 0.285102051051086
epoch 6 time used: 20  seconds  train loss: 0.2749770225785165 validation loss: 0.2758038525267186
epoch 7 time used: 21  seconds  train loss: 0.268682452465915 validation loss: 0.2724003633702067
epoch 8 time used: 21  seconds  train loss: 0.2645796102656578 validation loss: 0.2655701589325939
epoch 9 time used: 19  seconds  train loss: 0.260977136275455 validation loss: 0.26732367251644257
epoch 10 time used: 19  seconds  train loss: 0.25835438886487916 validation loss: 0.26491870590434097
epoch 11 time used: 19  seconds  train loss: 0.2558676748544726 validation loss: 0.2625306475199908
epoch 12 time used: 19  seconds  train loss: 0.25274377039056434 validation loss: 0.2557155660779151
epoch 13 time used: 18  seconds  train loss: 0.25091004755468216 validation loss: 0.2576613913025097
epoch 14 time used: 18  seconds  train loss: 0.24896399503835528 validation loss: 0.2566357333865495
epoch 15 time used: 18  seconds  train loss: 0.24761806062583935 validation loss: 0.2549697092207785
epoch 16 time used: 18  seconds  train loss: 0.24562546576336536 validation loss: 0.25347434236740835
epoch 17 time used: 18  seconds  train loss: 0.24367541485299962 validation loss: 0.24838650377899732
epoch 18 time used: 18  seconds  train loss: 0.24288485604658708 validation loss: 0.247410554181693
epoch 19 time used: 20  seconds  train loss: 0.2413152417123687 validation loss: 0.2505231034191282
epoch 20 time used: 20  seconds  train loss: 0.23989682539903967 validation loss: 0.24709292709045388
epoch 21 time used: 20  seconds  train loss: 0.2390373558253001 validation loss: 0.24483362824591784
epoch 22 time used: 20  seconds  train loss: 0.2379095784161042 validation loss: 0.24583623966725976
epoch 23 time used: 19  seconds  train loss: 0.2370303646142995 validation loss: 0.24456005569396533
epoch 24 time used: 19  seconds  train loss: 0.2361467634432472 validation loss: 0.24324053043103258
epoch 25 time used: 19  seconds  train loss: 0.23484874178327797 validation loss: 0.24222816039818187
epoch 26 time used: 20  seconds  train loss: 0.23402390842100368 validation loss: 0.24115064795433422
epoch 27 time used: 20  seconds  train loss: 0.23317713572491564 validation loss: 0.2413067206935888
epoch 28 time used: 19  seconds  train loss: 0.2322661370952393 validation loss: 0.2408038713951758
epoch 29 time used: 19  seconds  train loss: 0.23132825812630362 validation loss: 0.23741953290841677
epoch 30 time used: 19  seconds  train loss: 0.2305910615296017 validation loss: 0.23760027375074366
epoch 31 time used: 21  seconds  train loss: 0.229857295051941 validation loss: 0.24011481310630348
epoch 32 time used: 20  seconds  train loss: 0.22945474482220082 validation loss: 0.23746416252372066
epoch 33 time used: 21  seconds  train loss: 0.22817793562352404 validation loss: 0.23807293205552282
epoch 34 time used: 19  seconds  train loss: 0.22771340589162617 validation loss: 0.2365643687746012
epoch 35 time used: 19  seconds  train loss: 0.2269146694814805 validation loss: 0.235558383324047
epoch 36 time used: 20  seconds  train loss: 0.2258337916527581 validation loss: 0.2349729240025647
epoch 37 time used: 19  seconds  train loss: 0.22583972362672075 validation loss: 0.23410602718064666
epoch 38 time used: 20  seconds  train loss: 0.22490446211695478 validation loss: 0.2346022015408795
epoch 39 time used: 19  seconds  train loss: 0.22414201107404502 validation loss: 0.23427636473435914
epoch 40 time used: 19  seconds  train loss: 0.2231456058438142 validation loss: 0.23268824870152535
epoch 41 time used: 19  seconds  train loss: 0.2229911723761128 validation loss: 0.23139466112399876
epoch 42 time used: 19  seconds  train loss: 0.22284132232485668 validation loss: 0.2330372251752983
epoch 43 time used: 19  seconds  train loss: 0.22171219563907857 validation loss: 0.23220052768588406
epoch 44 time used: 19  seconds  train loss: 0.22131376837650182 validation loss: 0.23482354919501053
epoch 45 time used: 20  seconds  train loss: 0.2204073733456717 validation loss: 0.22967206525653006
epoch 46 time used: 20  seconds  train loss: 0.22025523531755642 validation loss: 0.22908022289981994
epoch 47 time used: 19  seconds  train loss: 0.21892018878560987 validation loss: 0.22925691532701067
epoch 48 time used: 19  seconds  train loss: 0.2188370084389437 validation loss: 0.22803118354887944
epoch 49 time used: 19  seconds  train loss: 0.21854857549455137 validation loss: 0.22806323916825036
epoch 50 time used: 19  seconds  train loss: 0.2177399677768918 validation loss: 0.229328994963826
epoch 51 time used: 19  seconds  train loss: 0.21684700580035043 validation loss: 0.22947656132463584
epoch 52 time used: 19  seconds  train loss: 0.2170048141794326 validation loss: 0.22921267247036806
epoch 53 time used: 19  seconds  train loss: 0.21634144372667208 validation loss: 0.22616150367450388
epoch 54 time used: 19  seconds  train loss: 0.21530355389688782 validation loss: 0.2252440701891746
epoch 55 time used: 19  seconds  train loss: 0.2146377206713515 validation loss: 0.22507761101755358
epoch 56 time used: 19  seconds  train loss: 0.2146215240857016 validation loss: 0.22599192052926598
epoch 57 time used: 19  seconds  train loss: 0.21409734480634435 validation loss: 0.23026644616588074
epoch 58 time used: 20  seconds  train loss: 0.21392665390456037 validation loss: 0.2237647891860653
epoch 59 time used: 19  seconds  train loss: 0.21304476960283714 validation loss: 0.22253707653953902
epoch 60 time used: 19  seconds  train loss: 0.21230517325356218 validation loss: 0.2228205094780163
epoch 61 time used: 19  seconds  train loss: 0.21179983921089116 validation loss: 0.22434499015722423
epoch 62 time used: 19  seconds  train loss: 0.21150340466846035 validation loss: 0.22261387763435475
epoch 63 time used: 19  seconds  train loss: 0.2113891985931807 validation loss: 0.2230081701628902
epoch 64 time used: 19  seconds  train loss: 0.21033191395711542 validation loss: 0.2207247657277417
epoch 65 time used: 19  seconds  train loss: 0.21018925963141533 validation loss: 0.22061033928591525
epoch 66 time used: 19  seconds  train loss: 0.20948361334056 validation loss: 0.2213409191291807
epoch 67 time used: 19  seconds  train loss: 0.2087802947597547 validation loss: 0.22216377735851972
epoch 68 time used: 20  seconds  train loss: 0.20849880241379895 validation loss: 0.22131363894520523
epoch 69 time used: 19  seconds  train loss: 0.2077818074918625 validation loss: 0.22160791019609977
epoch 70 time used: 20  seconds  train loss: 0.2076012400207591 validation loss: 0.2203411364378551
epoch 71 time used: 19  seconds  train loss: 0.2072671901909583 validation loss: 0.21963053979128344
epoch 72 time used: 19  seconds  train loss: 0.20679510385040978 validation loss: 0.2192803635147729
epoch 73 time used: 20  seconds  train loss: 0.2065605939620086 validation loss: 0.21843928096128476
epoch 74 time used: 20  seconds  train loss: 0.20582336318543418 validation loss: 0.21819861172881727
epoch 75 time used: 20  seconds  train loss: 0.20511764557597922 validation loss: 0.21732969028706287
epoch 76 time used: 19  seconds  train loss: 0.20498754656932858 validation loss: 0.21786299263723768
epoch 77 time used: 19  seconds  train loss: 0.20438151475483018 validation loss: 0.21711678188389802
epoch 78 time used: 19  seconds  train loss: 0.20382754301593403 validation loss: 0.21643775097996049
epoch 79 time used: 18  seconds  train loss: 0.2035876286459311 validation loss: 0.2166058608738273
epoch 80 time used: 19  seconds  train loss: 0.20326641533811668 validation loss: 0.21609593226579143
epoch 81 time used: 19  seconds  train loss: 0.20264861346709834 validation loss: 0.21973941082010526
epoch 82 time used: 20  seconds  train loss: 0.20258495507000865 validation loss: 0.21708068108803466
epoch 83 time used: 21  seconds  train loss: 0.2023632386082891 validation loss: 0.2163228930164866
epoch 84 time used: 21  seconds  train loss: 0.2019113459356219 validation loss: 0.21637675864011033
epoch 85 time used: 21  seconds  train loss: 0.20124171567849394 validation loss: 0.21578672099847898
epoch 86 time used: 21  seconds  train loss: 0.20078258417524886 validation loss: 0.21414745507652394
epoch 87 time used: 21  seconds  train loss: 0.20023656154265806 validation loss: 0.2137867855264062
epoch 88 time used: 21  seconds  train loss: 0.20001698563978887 validation loss: 0.21499091748911112
epoch 89 time used: 21  seconds  train loss: 0.19985967347374714 validation loss: 0.2123892398575545
epoch 90 time used: 18  seconds  train loss: 0.19942989424089674 validation loss: 0.21259619486005527
epoch 91 time used: 19  seconds  train loss: 0.19886372644329134 validation loss: 0.21296844185588704
epoch 92 time used: 18  seconds  train loss: 0.1987054363636462 validation loss: 0.21266081240676296
epoch 93 time used: 19  seconds  train loss: 0.19850594573935118 validation loss: 0.2123474143381739
epoch 94 time used: 19  seconds  train loss: 0.1975470433357215 validation loss: 0.2109573539739599
epoch 95 time used: 21  seconds  train loss: 0.1973507059759296 validation loss: 0.21189361157855235
epoch 96 time used: 21  seconds  train loss: 0.19718492710808025 validation loss: 0.21279154089744337
epoch 97 time used: 21  seconds  train loss: 0.19705688130847787 validation loss: 0.21012644811453168
epoch 98 time used: 19  seconds  train loss: 0.19673606055176215 validation loss: 0.2107771804553063
epoch 99 time used: 19  seconds  train loss: 0.19638970436453626 validation loss: 0.21079549043775625
epoch 100 time used: 19  seconds  train loss: 0.19574822128343786 validation loss: 0.20954319147028655
epoch 101 time used: 19  seconds  train loss: 0.19540315556980944 validation loss: 0.2099167027952191
epoch 102 time used: 18  seconds  train loss: 0.19536111884020732 validation loss: 0.21240498925438622
epoch 103 time used: 19  seconds  train loss: 0.19537746534601733 validation loss: 0.20876674011511184
epoch 104 time used: 19  seconds  train loss: 0.19491951129200952 validation loss: 0.2098409266588828
epoch 105 time used: 19  seconds  train loss: 0.19480541037996235 validation loss: 0.21048627717285515
epoch 106 time used: 18  seconds  train loss: 0.19400267641144775 validation loss: 0.2097941608137902
epoch 107 time used: 19  seconds  train loss: 0.1939094792875359 validation loss: 0.20849955815522248
epoch 108 time used: 20  seconds  train loss: 0.19351900874946495 validation loss: 0.2079605904226635
epoch 109 time used: 20  seconds  train loss: 0.19315575085577918 validation loss: 0.2075423319307111
epoch 110 time used: 21  seconds  train loss: 0.19304241134594113 validation loss: 0.20703503805708354
epoch 111 time used: 21  seconds  train loss: 0.19260209592324654 validation loss: 0.2070799934748439
epoch 112 time used: 21  seconds  train loss: 0.1923493547532082 validation loss: 0.20737332337696893
epoch 113 time used: 20  seconds  train loss: 0.19221578638989723 validation loss: 0.20657343483284005
epoch 114 time used: 20  seconds  train loss: 0.19201758262444132 validation loss: 0.20621974271532473
epoch 115 time used: 20  seconds  train loss: 0.19129084984467945 validation loss: 0.20626392062058532
epoch 116 time used: 19  seconds  train loss: 0.19156251945400768 validation loss: 0.20805938378681949
epoch 117 time used: 19  seconds  train loss: 0.19121091192169767 validation loss: 0.2057979090582352
epoch 118 time used: 19  seconds  train loss: 0.19078732602344417 validation loss: 0.2059028130800331
epoch 119 time used: 19  seconds  train loss: 0.19038001976768784 validation loss: 0.20488961053724228
epoch 120 time used: 21  seconds  train loss: 0.1905211690712488 validation loss: 0.20582701469820971
epoch 121 time used: 19  seconds  train loss: 0.19000702748517861 validation loss: 0.20472171158873553
epoch 122 time used: 19  seconds  train loss: 0.1900969310492073 validation loss: 0.20527866898403124
epoch 123 time used: 19  seconds  train loss: 0.18959880874586058 validation loss: 0.2043435023008451
epoch 124 time used: 18  seconds  train loss: 0.18916412011726616 validation loss: 0.2041217586226417
epoch 125 time used: 18  seconds  train loss: 0.1892287854820655 validation loss: 0.20497861462052863
epoch 126 time used: 19  seconds  train loss: 0.18887041485830436 validation loss: 0.2058201294606982
epoch 127 time used: 20  seconds  train loss: 0.18863444621569955 validation loss: 0.20335676998359029
epoch 128 time used: 20  seconds  train loss: 0.18825692259064317 validation loss: 0.2025154027694712
epoch 129 time used: 19  seconds  train loss: 0.18801187445237422 validation loss: 0.20385310356438807
epoch 130 time used: 19  seconds  train loss: 0.18788536945810372 validation loss: 0.20268303080245692
epoch 131 time used: 19  seconds  train loss: 0.18773061768760657 validation loss: 0.20229407010150513
epoch 132 time used: 19  seconds  train loss: 0.187271027829113 validation loss: 0.20297710968131552
epoch 133 time used: 19  seconds  train loss: 0.18704056173786496 validation loss: 0.2027355832963145
epoch 134 time used: 19  seconds  train loss: 0.18711178825350122 validation loss: 0.20302475663300454
epoch 135 time used: 19  seconds  train loss: 0.1872088959823807 validation loss: 0.20166726397638382
epoch 136 time used: 19  seconds  train loss: 0.1866008798938875 validation loss: 0.20192262510775977
epoch 137 time used: 18  seconds  train loss: 0.18667447838578816 validation loss: 0.20102231640579085
epoch 138 time used: 19  seconds  train loss: 0.1860037835142999 validation loss: 0.20195732998018326
epoch 139 time used: 19  seconds  train loss: 0.18611237522849905 validation loss: 0.20108881613151455
epoch 140 time used: 19  seconds  train loss: 0.18600055038501434 validation loss: 0.2012323891086301
epoch 141 time used: 19  seconds  train loss: 0.1855276405937632 validation loss: 0.2015058990893062
epoch 142 time used: 21  seconds  train loss: 0.18541355490354128 validation loss: 0.20076881485092796
epoch 143 time used: 19  seconds  train loss: 0.18514342170741918 validation loss: 0.20156579454048523
epoch 144 time used: 20  seconds  train loss: 0.18486743351614043 validation loss: 0.20170861781833516
epoch 145 time used: 20  seconds  train loss: 0.1847591486871534 validation loss: 0.2001201195830423
epoch 146 time used: 19  seconds  train loss: 0.18449973379862125 validation loss: 0.19998767725481553
epoch 147 time used: 19  seconds  train loss: 0.18447601342865882 validation loss: 0.19944068274359258
epoch 148 time used: 19  seconds  train loss: 0.18440675563966952 validation loss: 0.20098504620453866
epoch 149 time used: 19  seconds  train loss: 0.18417438371079653 validation loss: 0.20063815902997206
epoch 150 time used: 21  seconds  train loss: 0.18433194399307556 validation loss: 0.19945800357965218
epoch 151 time used: 19  seconds  train loss: 0.18380412370947932 validation loss: 0.19881848179981224
epoch 152 time used: 20  seconds  train loss: 0.18336353429393035 validation loss: 0.19947595097001322
epoch 153 time used: 20  seconds  train loss: 0.18319521354159743 validation loss: 0.1986551497214465
epoch 154 time used: 19  seconds  train loss: 0.1830316127502922 validation loss: 0.1990280057693031
epoch 155 time used: 19  seconds  train loss: 0.18344493168532208 validation loss: 0.19994559057834688
epoch 156 time used: 19  seconds  train loss: 0.18270188167734958 validation loss: 0.19922073346951044
epoch 157 time used: 19  seconds  train loss: 0.18259808646571493 validation loss: 0.198575767521102
epoch 158 time used: 19  seconds  train loss: 0.18218581508183113 validation loss: 0.19811295012848348
epoch 159 time used: 19  seconds  train loss: 0.1825107107984153 validation loss: 0.19767865386440356
epoch 160 time used: 19  seconds  train loss: 0.1823471884726312 validation loss: 0.1986242716253246
epoch 161 time used: 19  seconds  train loss: 0.18216428335575083 validation loss: 0.1973526159219584
epoch 162 time used: 19  seconds  train loss: 0.18192777500154142 validation loss: 0.19727127866036404
epoch 163 time used: 19  seconds  train loss: 0.18156658003685489 validation loss: 0.1980407150707718
epoch 164 time used: 19  seconds  train loss: 0.181324471464793 validation loss: 0.19775560246626445
epoch 165 time used: 19  seconds  train loss: 0.1817751345997491 validation loss: 0.19732535513584368
epoch 166 time used: 19  seconds  train loss: 0.18083738655405787 validation loss: 0.19663396972421232
epoch 167 time used: 19  seconds  train loss: 0.18089765240810265 validation loss: 0.19680763824422634
epoch 168 time used: 19  seconds  train loss: 0.1808487799615008 validation loss: 0.19581376841526607
epoch 169 time used: 19  seconds  train loss: 0.18058006913392988 validation loss: 0.19679967080669544
epoch 170 time used: 19  seconds  train loss: 0.1805461482462216 validation loss: 0.19667446767168595
epoch 171 time used: 20  seconds  train loss: 0.18026244516457413 validation loss: 0.1968780392435572
epoch 172 time used: 19  seconds  train loss: 0.1803152485054325 validation loss: 0.19619262391883036
epoch 173 time used: 19  seconds  train loss: 0.1799608077847845 validation loss: 0.19646357263385808
epoch 174 time used: 19  seconds  train loss: 0.17982074185443073 validation loss: 0.1967967936245292
epoch 175 time used: 19  seconds  train loss: 0.17996388247201991 validation loss: 0.19647375466615488
epoch 176 time used: 19  seconds  train loss: 0.1797517031518652 validation loss: 0.19544776813411333
epoch 177 time used: 19  seconds  train loss: 0.1794875671702641 validation loss: 0.1949627892636464
epoch 178 time used: 19  seconds  train loss: 0.17934983224891318 validation loss: 0.19490448381651895
epoch 179 time used: 19  seconds  train loss: 0.17926489251578012 validation loss: 0.19702216270509884
epoch 180 time used: 19  seconds  train loss: 0.17925058539931302 validation loss: 0.19509771166191875
epoch 181 time used: 19  seconds  train loss: 0.17931450622105854 validation loss: 0.1957476297175619
epoch 182 time used: 19  seconds  train loss: 0.17894029748976173 validation loss: 0.19512527688054174
epoch 183 time used: 19  seconds  train loss: 0.17870434138706465 validation loss: 0.19440824471741353
epoch 184 time used: 19  seconds  train loss: 0.1784944077258317 validation loss: 0.194989696400069
epoch 185 time used: 19  seconds  train loss: 0.1783388619911488 validation loss: 0.19484044863065175
epoch 186 time used: 19  seconds  train loss: 0.17844442538807748 validation loss: 0.19603700084102813
epoch 187 time used: 19  seconds  train loss: 0.178114466546489 validation loss: 0.19388335786815106
epoch 188 time used: 19  seconds  train loss: 0.17814920083742636 validation loss: 0.19426144075543283
epoch 189 time used: 19  seconds  train loss: 0.17758835792871885 validation loss: 0.1938320389915315
epoch 190 time used: 19  seconds  train loss: 0.177869779748018 validation loss: 0.19362708514782612
epoch 191 time used: 19  seconds  train loss: 0.17745213678946586 validation loss: 0.19352169372290118
epoch 192 time used: 19  seconds  train loss: 0.17757896867644177 validation loss: 0.1936259041224217
epoch 193 time used: 19  seconds  train loss: 0.177751514707204 validation loss: 0.19379646390999514
epoch 194 time used: 19  seconds  train loss: 0.17737935755534245 validation loss: 0.1939797644879025
epoch 195 time used: 19  seconds  train loss: 0.17720200851642234 validation loss: 0.1923610520699469
epoch 196 time used: 19  seconds  train loss: 0.17675236037063569 validation loss: 0.19348156984302567
epoch 197 time used: 19  seconds  train loss: 0.1769378459051295 validation loss: 0.1933063034816123
epoch 198 time used: 19  seconds  train loss:/home/cseadmin/mhy/model/DCRNN.py:309: RuntimeWarning: divide by zero encountered in power
  d_inv_sqrt = np.power(rowsum, -0.5).flatten()
 0.1767900645451084 validation loss: 0.1927030133864435
epoch 199 time used: 19  seconds  train loss: 0.1766305994843675 validation loss: 0.19327263870683997
YS.shape, YS_pred.shape, (14021, 3, 69, 1) (14021, 3, 69, 1)
YS.shape, YS_pred.shape, (14021, 3, 69) (14021, 3, 69)
****************************************
DCRNN, train, Torch MSE, 1.7496439616e-01, 0.1749643962
DCRNN, train, MSE, RMSE, MAE, MAPE, 422.3217571518, 20.5504685385, 11.4593606601, 17.4198683015
Model Training Ended ... Sat Jan  8 02:00:55 2022
pred_NYC-Taxi_DCRNN_2201080055 testing started Sat Jan  8 02:00:55 2022
TEST XS.shape, YS.shape (3507, 12, 69, 33) (3507, 3, 69, 1)
Model Testing Started ... Sat Jan  8 02:00:55 2022
TIMESTEP_IN, TIMESTEP_OUT 12 3
YS.shape, YS_pred.shape, (3507, 3, 69, 1) (3507, 3, 69, 1)
YS.shape, YS_pred.shape, (3507, 3, 69) (3507, 3, 69)
****************************************
DCRNN, test, Torch MSE, 1.8722990510e-01, 0.1872299051
all pred steps, DCRNN, test, MSE, RMSE, MAE, MAPE, 502.3800277130, 22.4138356314, 12.5584685810, 19.9814886867
1 step, DCRNN, test, MSE, RMSE, MAE, MAPE, 470.8655427097, 21.6994364606, 12.2561610428, 19.8523978467
2 step, DCRNN, test, MSE, RMSE, MAE, MAPE, 489.6062016919, 22.1270468362, 12.3660285510, 19.7277595299
3 step, DCRNN, test, MSE, RMSE, MAE, MAPE, 546.6682037295, 23.3809367590, 13.0532138820, 20.3643062480
Model Testing Ended ... Sat Jan  8 02:00:58 2022
