/home/cseadmin/mhy/model/DCRNN.py:300: RuntimeWarning: divide by zero encountered in power
  d_inv_sqrt = np.power(rowsum, -0.5).flatten()
data.shape (17544, 69)
pred_NYC-Taxi_DCRNN_2201030057 training started Mon Jan  3 00:57:01 2022
TRAIN XS.shape YS,shape (14021, 12, 69, 2) (14021, 3, 69, 1)
Model Training Started ... Mon Jan  3 00:57:02 2022
TIMESTEP_IN, TIMESTEP_OUT 12 3
adj_mx shape is : (69, 69)
==========================================================================================
Layer (type:depth-idx)                   Output Shape              Param #
==========================================================================================
├─DCGRU_Encoder: 1-1                     [2, 12, 69, 64]           --
|    └─ModuleList: 2                     []                        --
|    |    └─DCGRU_Cell: 3-1              [-1, 69, 64]              38,208
|    |    └─DCGRU_Cell: 3-2              [-1, 69, 64]              (recursive)
|    |    └─DCGRU_Cell: 3-3              [-1, 69, 64]              (recursive)
|    |    └─DCGRU_Cell: 3-4              [-1, 69, 64]              (recursive)
|    |    └─DCGRU_Cell: 3-5              [-1, 69, 64]              (recursive)
|    |    └─DCGRU_Cell: 3-6              [-1, 69, 64]              (recursive)
|    |    └─DCGRU_Cell: 3-7              [-1, 69, 64]              (recursive)
|    |    └─DCGRU_Cell: 3-8              [-1, 69, 64]              (recursive)
|    |    └─DCGRU_Cell: 3-9              [-1, 69, 64]              (recursive)
|    |    └─DCGRU_Cell: 3-10             [-1, 69, 64]              (recursive)
|    |    └─DCGRU_Cell: 3-11             [-1, 69, 64]              (recursive)
|    |    └─DCGRU_Cell: 3-12             [-1, 69, 64]              (recursive)
|    |    └─DCGRU_Cell: 3-13             [-1, 69, 64]              73,920
|    |    └─DCGRU_Cell: 3-14             [-1, 69, 64]              (recursive)
|    |    └─DCGRU_Cell: 3-15             [-1, 69, 64]              (recursive)
|    |    └─DCGRU_Cell: 3-16             [-1, 69, 64]              (recursive)
|    |    └─DCGRU_Cell: 3-17             [-1, 69, 64]              (recursive)
|    |    └─DCGRU_Cell: 3-18             [-1, 69, 64]              (recursive)
|    |    └─DCGRU_Cell: 3-19             [-1, 69, 64]              (recursive)
|    |    └─DCGRU_Cell: 3-20             [-1, 69, 64]              (recursive)
|    |    └─DCGRU_Cell: 3-21             [-1, 69, 64]              (recursive)
|    |    └─DCGRU_Cell: 3-22             [-1, 69, 64]              (recursive)
|    |    └─DCGRU_Cell: 3-23             [-1, 69, 64]              (recursive)
|    |    └─DCGRU_Cell: 3-24             [-1, 69, 64]              (recursive)
├─DCGRU_Decoder: 1-2                     [-1, 69, 1]               --
|    └─ModuleList: 2                     []                        --
|    |    └─DCGRU_Cell: 3-25             [-1, 69, 64]              37,632
|    |    └─DCGRU_Cell: 3-26             [-1, 69, 64]              73,920
|    └─Linear: 2-1                       [-1, 69, 1]               65
├─DCGRU_Decoder: 1-3                     [-1, 69, 1]               (recursive)
|    └─ModuleList: 2                     []                        --
|    |    └─DCGRU_Cell: 3-27             [-1, 69, 64]              (recursive)
|    |    └─DCGRU_Cell: 3-28             [-1, 69, 64]              (recursive)
|    └─Linear: 2-2                       [-1, 69, 1]               (recursive)
├─DCGRU_Decoder: 1-4                     [-1, 69, 1]               (recursive)
|    └─ModuleList: 2                     []                        --
|    |    └─DCGRU_Cell: 3-29             [-1, 69, 64]              (recursive)
|    |    └─DCGRU_Cell: 3-30             [-1, 69, 64]              (recursive)
|    └─Linear: 2-3                       [-1, 69, 1]               (recursive)
==========================================================================================
Total params: 223,745
Trainable params: 223,745
Non-trainable params: 0
Total mult-adds (M): 0.00
==========================================================================================
Input size (MB): 0.01
Forward/backward pass size (MB): 0.40
Params size (MB): 0.85
Estimated Total Size (MB): 1.26
==========================================================================================
XS_torch.shape:   torch.Size([14021, 12, 69, 2])
YS_torch.shape:   torch.Size([14021, 3, 69, 1])
LOSS is : MAE
epoch 0 time used: 18  seconds  train loss: 0.31818284256123236 validation loss: 0.35036959387340755
epoch 1 time used: 19  seconds  train loss: 0.2475598585218881 validation loss: 0.32637217360364323
epoch 2 time used: 19  seconds  train loss: 0.23133312774027137 validation loss: 0.33692676660270604
epoch 3 time used: 19  seconds  train loss: 0.21919325995433592 validation loss: 0.3360597996356755
epoch 4 time used: 19  seconds  train loss: 0.21389789003812026 validation loss: 0.35595193056467256
epoch 5 time used: 19  seconds  train loss: 0.20736245781348434 validation loss: 0.31449861046727967
epoch 6 time used: 19  seconds  train loss: 0.2029271208242986 validation loss: 0.33012398955010036
epoch 7 time used: 19  seconds  train loss: 0.19839891026122664 validation loss: 0.30880485351807857
epoch 8 time used: 18  seconds  train loss: 0.19518614671383458 validation loss: 0.30066775728210476
epoch 9 time used: 18  seconds  train loss: 0.19332291693573944 validation loss: 0.3233217762255084
epoch 10 time used: 19  seconds  train loss: 0.19075585697678274 validation loss: 0.31072996319598356
epoch 11 time used: 20  seconds  train loss: 0.18944921296661982 validation loss: 0.30871344593614425
epoch 12 time used: 19  seconds  train loss: 0.18627651703349923 validation loss: 0.323204158580582
epoch 13 time used: 19  seconds  train loss: 0.18433807896195695 validation loss: 0.3195554932321199
epoch 14 time used: 19  seconds  train loss: 0.18270668813993382 validation loss: 0.31375530159820236
epoch 15 time used: 19  seconds  train loss: 0.18164675560104834 validation loss: 0.3049398724922642
epoch 16 time used: 19  seconds  train loss: 0.18032106397631584 validation loss: 0.3069119978243463
epoch 17 time used: 19  seconds  train loss: 0.17892520418764132 validation loss: 0.30925384350864804
Early stopping at epoch: 18
YS.shape, YS_pred.shape, (14021, 3, 69, 1) (14021, 3, 69, 1)
YS.shape, YS_pred.shape, (14021, 3, 69) (14021, 3, 69)
****************************************
DCRNN, train, Torch MSE, 1.7747588125e-01, 0.1774758813
DCRNN, train, MSE, RMSE, MAE, MAPE, 167.5170343501, 12.9428371832, 7.3200629980, 51.8887169837
Model Training Ended ... Mon Jan  3 01:03:24 2022
pred_NYC-Taxi_DCRNN_2201030057 testing started Mon Jan  3 01:03:24 2022
TEST XS.shape, YS.shape (3507, 12, 69, 2) (3507, 3, 69, 1)
Model Testing Started ... Mon Jan  3 01:03:24 2022
TIMESTEP_IN, TIMESTEP_OUT 12 3
adj_mx shape is : (69, 69)
YS.shape, YS_pred.shape, (3507, 3, 69, 1) (3507, 3, 69, 1)
YS.shape, YS_pred.shape, (3507, 3, 69) (3507, 3, 69)
****************************************
DCRNN, test, Torch MSE, 3.4303906012e-01, 0.3430390601
all pred steps, DCRNN, test, MSE, RMSE, MAE, MAPE, 246.1505400794, 15.6891854498, 9.3846005243, 51.4782576229
1 step, DCRNN, test, MSE, RMSE, MAE, MAPE, 148.7331532751, 12.1956202497, 7.5206947028, 43.3114104473
2 step, DCRNN, test, MSE, RMSE, MAE, MAPE, 251.5243912679, 15.8595205245, 9.5333334779, 51.6456845211
3 step, DCRNN, test, MSE, RMSE, MAE, MAPE, 338.1950435779, 18.3900800319, 11.0997921408, 59.4777635067
Model Testing Ended ... Mon Jan  3 01:03:27 2022
