data.shape (35088, 69, 2)
pred_METR-LA_GraphWaveNet_2112251828 training started Sat Dec 25 18:28:39 2021
TRAIN XS.shape YS,shape (28056, 2, 69, 12) (28056, 3, 69, 1)
Model Training Started ... Sat Dec 25 18:28:39 2021
TIMESTEP_IN, TIMESTEP_OUT 12 3
==========================================================================================
Layer (type:depth-idx)                   Output Shape              Param #
==========================================================================================
├─Conv2d: 1-1                            [-1, 32, 69, 13]          96
├─ModuleList: 1                          []                        --
|    └─Conv2d: 2-1                       [-1, 32, 69, 12]          2,080
├─ModuleList: 1                          []                        --
|    └─Conv1d: 2-2                       [-1, 32, 69, 12]          2,080
├─ModuleList: 1                          []                        --
|    └─Conv1d: 2-3                       [-1, 256, 69, 12]         8,448
├─ModuleList: 1                          []                        --
|    └─gcn: 2-4                          [-1, 32, 69, 12]          --
|    |    └─nconv: 3-1                   [-1, 32, 69, 12]          --
|    |    └─nconv: 3-2                   [-1, 32, 69, 12]          --
|    |    └─nconv: 3-3                   [-1, 32, 69, 12]          --
|    |    └─nconv: 3-4                   [-1, 32, 69, 12]          --
|    |    └─linear: 3-5                  [-1, 32, 69, 12]          5,152
├─ModuleList: 1                          []                        --
|    └─BatchNorm2d: 2-5                  [-1, 32, 69, 12]          64
├─ModuleList: 1                          []                        --
|    └─Conv2d: 2-6                       [-1, 32, 69, 10]          2,080
├─ModuleList: 1                          []                        --
|    └─Conv1d: 2-7                       [-1, 32, 69, 10]          2,080
├─ModuleList: 1                          []                        --
|    └─Conv1d: 2-8                       [-1, 256, 69, 10]         8,448
├─ModuleList: 1                          []                        --
|    └─gcn: 2-9                          [-1, 32, 69, 10]          --
|    |    └─nconv: 3-6                   [-1, 32, 69, 10]          --
|    |    └─nconv: 3-7                   [-1, 32, 69, 10]          --
|    |    └─nconv: 3-8                   [-1, 32, 69, 10]          --
|    |    └─nconv: 3-9                   [-1, 32, 69, 10]          --
|    |    └─linear: 3-10                 [-1, 32, 69, 10]          5,152
├─ModuleList: 1                          []                        --
|    └─BatchNorm2d: 2-10                 [-1, 32, 69, 10]          64
├─ModuleList: 1                          []                        --
|    └─Conv2d: 2-11                      [-1, 32, 69, 9]           2,080
├─ModuleList: 1                          []                        --
|    └─Conv1d: 2-12                      [-1, 32, 69, 9]           2,080
├─ModuleList: 1                          []                        --
|    └─Conv1d: 2-13                      [-1, 256, 69, 9]          8,448
├─ModuleList: 1                          []                        --
|    └─gcn: 2-14                         [-1, 32, 69, 9]           --
|    |    └─nconv: 3-11                  [-1, 32, 69, 9]           --
|    |    └─nconv: 3-12                  [-1, 32, 69, 9]           --
|    |    └─nconv: 3-13                  [-1, 32, 69, 9]           --
|    |    └─nconv: 3-14                  [-1, 32, 69, 9]           --
|    |    └─linear: 3-15                 [-1, 32, 69, 9]           5,152
├─ModuleList: 1                          []                        --
|    └─BatchNorm2d: 2-15                 [-1, 32, 69, 9]           64
├─ModuleList: 1                          []                        --
|    └─Conv2d: 2-16                      [-1, 32, 69, 7]           2,080
├─ModuleList: 1                          []                        --
|    └─Conv1d: 2-17                      [-1, 32, 69, 7]           2,080
├─ModuleList: 1                          []                        --
|    └─Conv1d: 2-18                      [-1, 256, 69, 7]          8,448
├─ModuleList: 1                          []                        --
|    └─gcn: 2-19                         [-1, 32, 69, 7]           --
|    |    └─nconv: 3-16                  [-1, 32, 69, 7]           --
|    |    └─nconv: 3-17                  [-1, 32, 69, 7]           --
|    |    └─nconv: 3-18                  [-1, 32, 69, 7]           --
|    |    └─nconv: 3-19                  [-1, 32, 69, 7]           --
|    |    └─linear: 3-20                 [-1, 32, 69, 7]           5,152
├─ModuleList: 1                          []                        --
|    └─BatchNorm2d: 2-20                 [-1, 32, 69, 7]           64
├─ModuleList: 1                          []                        --
|    └─Conv2d: 2-21                      [-1, 32, 69, 6]           2,080
├─ModuleList: 1                          []                        --
|    └─Conv1d: 2-22                      [-1, 32, 69, 6]           2,080
├─ModuleList: 1                          []                        --
|    └─Conv1d: 2-23                      [-1, 256, 69, 6]          8,448
├─ModuleList: 1                          []                        --
|    └─gcn: 2-24                         [-1, 32, 69, 6]           --
|    |    └─nconv: 3-21                  [-1, 32, 69, 6]           --
|    |    └─nconv: 3-22                  [-1, 32, 69, 6]           --
|    |    └─nconv: 3-23                  [-1, 32, 69, 6]           --
|    |    └─nconv: 3-24                  [-1, 32, 69, 6]           --
|    |    └─linear: 3-25                 [-1, 32, 69, 6]           5,152
├─ModuleList: 1                          []                        --
|    └─BatchNorm2d: 2-25                 [-1, 32, 69, 6]           64
├─ModuleList: 1                          []                        --
|    └─Conv2d: 2-26                      [-1, 32, 69, 4]           2,080
├─ModuleList: 1                          []                        --
|    └─Conv1d: 2-27                      [-1, 32, 69, 4]           2,080
├─ModuleList: 1                          []                        --
|    └─Conv1d: 2-28                      [-1, 256, 69, 4]          8,448
├─ModuleList: 1                          []                        --
|    └─gcn: 2-29                         [-1, 32, 69, 4]           --
|    |    └─nconv: 3-26                  [-1, 32, 69, 4]           --
|    |    └─nconv: 3-27                  [-1, 32, 69, 4]           --
|    |    └─nconv: 3-28                  [-1, 32, 69, 4]           --
|    |    └─nconv: 3-29                  [-1, 32, 69, 4]           --
|    |    └─linear: 3-30                 [-1, 32, 69, 4]           5,152
├─ModuleList: 1                          []                        --
|    └─BatchNorm2d: 2-30                 [-1, 32, 69, 4]           64
├─ModuleList: 1                          []                        --
|    └─Conv2d: 2-31                      [-1, 32, 69, 3]           2,080
├─ModuleList: 1                          []                        --
|    └─Conv1d: 2-32                      [-1, 32, 69, 3]           2,080
├─ModuleList: 1                          []                        --
|    └─Conv1d: 2-33                      [-1, 256, 69, 3]          8,448
├─ModuleList: 1                          []                        --
|    └─gcn: 2-34                         [-1, 32, 69, 3]           --
|    |    └─nconv: 3-31                  [-1, 32, 69, 3]           --
|    |    └─nconv: 3-32                  [-1, 32, 69, 3]           --
|    |    └─nconv: 3-33                  [-1, 32, 69, 3]           --
|    |    └─nconv: 3-34                  [-1, 32, 69, 3]           --
|    |    └─linear: 3-35                 [-1, 32, 69, 3]           5,152
├─ModuleList: 1                          []                        --
|    └─BatchNorm2d: 2-35                 [-1, 32, 69, 3]           64
├─ModuleList: 1                          []                        --
|    └─Conv2d: 2-36                      [-1, 32, 69, 1]           2,080
├─ModuleList: 1                          []                        --
|    └─Conv1d: 2-37                      [-1, 32, 69, 1]           2,080
├─ModuleList: 1                          []                        --
|    └─Conv1d: 2-38                      [-1, 256, 69, 1]          8,448
├─ModuleList: 1                          []                        --
|    └─gcn: 2-39                         [-1, 32, 69, 1]           --
|    |    └─nconv: 3-36                  [-1, 32, 69, 1]           --
|    |    └─nconv: 3-37                  [-1, 32, 69, 1]           --
|    |    └─nconv: 3-38                  [-1, 32, 69, 1]           --
|    |    └─nconv: 3-39                  [-1, 32, 69, 1]           --
|    |    └─linear: 3-40                 [-1, 32, 69, 1]           5,152
├─ModuleList: 1                          []                        --
|    └─BatchNorm2d: 2-40                 [-1, 32, 69, 1]           64
├─Conv2d: 1-2                            [-1, 512, 69, 1]          131,584
├─Conv2d: 1-3                            [-1, 3, 69, 1]            1,539
==========================================================================================
Total params: 275,811
Trainable params: 275,811
Non-trainable params: 0
Total mult-adds (M): 71.75
==========================================================================================
Input size (MB): 0.01
Forward/backward pass size (MB): 11.00
Params size (MB): 1.05
Estimated Total Size (MB): 12.06
==========================================================================================
XS_torch.shape:   torch.Size([28056, 2, 69, 12])
YS_torch.shape:   torch.Size([28056, 3, 69, 1])
LOSS is : MAE
epoch 0 time used: 19  seconds  train loss: 0.26128106554965974 validation loss: 0.31183051415444235
epoch 1 time used: 18  seconds  train loss: 0.22842266525402638 validation loss: 0.31358468760307406
epoch 2 time used: 18  seconds  train loss: 0.21564225314569024 validation loss: 0.30041929902702713
epoch 3 time used: 18  seconds  train loss: 0.20833634309596 validation loss: 0.302412630487175
epoch 4 time used: 18  seconds  train loss: 0.20362222175854733 validation loss: 0.3021352894206927
epoch 5 time used: 18  seconds  train loss: 0.1998700190039146 validation loss: 0.29433548416478156
epoch 6 time used: 18  seconds  train loss: 0.1970837277629729 validation loss: 0.2920534951941118
epoch 7 time used: 18  seconds  train loss: 0.195832213776054 validation loss: 0.2964733135489477
epoch 8 time used: 18  seconds  train loss: 0.19354277778846474 validation loss: 0.29210439926034065
epoch 9 time used: 18  seconds  train loss: 0.19193769402914587 validation loss: 0.2909337341921398
epoch 10 time used: 18  seconds  train loss: 0.19055199409809281 validation loss: 0.29040603526202163
epoch 11 time used: 18  seconds  train loss: 0.18963165115599206 validation loss: 0.29173301730973106
epoch 12 time used: 18  seconds  train loss: 0.1892086691282457 validation loss: 0.2878246202593282
epoch 13 time used: 18  seconds  train loss: 0.18789683563536191 validation loss: 0.2864702271793111
epoch 14 time used: 18  seconds  train loss: 0.1869516482158583 validation loss: 0.2860570367088949
epoch 15 time used: 18  seconds  train loss: 0.18579585495813447 validation loss: 0.2886339839041182
epoch 16 time used: 18  seconds  train loss: 0.18548176840995984 validation loss: 0.2893050398060424
epoch 17 time used: 18  seconds  train loss: 0.18427752557900817 validation loss: 0.28649209037376394
epoch 18 time used: 18  seconds  train loss: 0.1835804739182066 validation loss: 0.2888432869399277
epoch 19 time used: 18  seconds  train loss: 0.18300937525322541 validation loss: 0.28521411921823675
epoch 20 time used: 18  seconds  train loss: 0.18274794009677398 validation loss: 0.29127810066467613
epoch 21 time used: 18  seconds  train loss: 0.18177952400860783 validation loss: 0.29147247065497084
epoch 22 time used: 18  seconds  train loss: 0.18132327075567675 validation loss: 0.2864112714382533
epoch 23 time used: 18  seconds  train loss: 0.18109728285768978 validation loss: 0.294954512834481
epoch 24 time used: 18  seconds  train loss: 0.1804802365292405 validation loss: 0.28782439135845683
epoch 25 time used: 18  seconds  train loss: 0.1794273839996635 validation loss: 0.2892829130730603
epoch 26 time used: 18  seconds  train loss: 0.17947359497585802 validation loss: 0.28915808275278254
epoch 27 time used: 18  seconds  train loss: 0.17898322985409632 validation loss: 0.2917426473561739
epoch 28 time used: 18  seconds  train loss: 0.17811731589285293 validation loss: 0.28979319413910914
Early stopping at epoch: 29
YS.shape, YS_pred.shape before, (28056, 3, 69, 1) (28056, 3, 69, 1)
YS.shape, YS_pred.shape after, (28056, 3, 69) (28056, 3, 69)
YS_pred.shape before (28056, 3, 69)
YS_pred.shape after (28056, 3, 69)
YS.shape, YS_pred.shape, (28056, 3, 69) (28056, 3, 69)
****************************************
GraphWaveNet, train, Torch MSE, 1.7647694201e-01, 0.1764769420
GraphWaveNet, train, MSE, RMSE, MAE, MAPE, 34.7801104582, 5.8974664440, 3.4689797404, 114.9398731504
Model Training Ended ... Sat Dec 25 18:38:06 2021
pred_METR-LA_GraphWaveNet_2112251828 testing started Sat Dec 25 18:38:06 2021
TEST XS.shape, YS.shape (7016, 2, 69, 12) (7016, 3, 69, 1)
Model Testing Started ... Sat Dec 25 18:38:06 2021
TIMESTEP_IN, TIMESTEP_OUT 12 3
YS.shape, YS_pred.shape before, (7016, 3, 69, 1) (7016, 3, 69, 1)
YS.shape, YS_pred.shape after, (7016, 3, 69) (7016, 3, 69)
YS.shape, YS_pred.shape, (7016, 3, 69) (7016, 3, 69)
****************************************
GraphWaveNet, test, Torch MSE, 3.1879084373e-01, 0.3187908437
all pred steps, GraphWaveNet, test, MSE, RMSE, MAE, MAPE, 55.0473831955, 7.4193923737, 4.4830431948, 122.8564845080
1 step, GraphWaveNet, test, MSE, RMSE, MAE, MAPE, 39.7540857333, 6.3050841179, 3.9591121186, 117.7884495956
2 step, GraphWaveNet, test, MSE, RMSE, MAE, MAPE, 54.8782110953, 7.4079829303, 4.4953520225, 121.0487842335
3 step, GraphWaveNet, test, MSE, RMSE, MAE, MAPE, 70.5102633454, 8.3970389630, 4.9946789369, 129.7323754002
Model Testing Ended ... Sat Dec 25 18:38:09 2021
