data.shape (17544, 69)
pred_METR-LA_GraphWaveNet_2201030155 training started Mon Jan  3 01:55:10 2022
TRAIN XS.shape YS,shape (14021, 1, 69, 12) (14021, 3, 69, 1)
Model Training Started ... Mon Jan  3 01:55:10 2022
TIMESTEP_IN, TIMESTEP_OUT 12 3
==========================================================================================
Layer (type:depth-idx)                   Output Shape              Param #
==========================================================================================
├─Conv2d: 1-1                            [-1, 32, 69, 13]          64
├─ModuleList: 1                          []                        --
|    └─Conv2d: 2-1                       [-1, 32, 69, 12]          2,080
├─ModuleList: 1                          []                        --
|    └─Conv1d: 2-2                       [-1, 32, 69, 12]          2,080
├─ModuleList: 1                          []                        --
|    └─Conv1d: 2-3                       [-1, 256, 69, 12]         8,448
├─ModuleList: 1                          []                        --
|    └─gcn: 2-4                          [-1, 32, 69, 12]          --
|    |    └─nconv: 3-1                   [-1, 32, 69, 12]          --
|    |    └─nconv: 3-2                   [-1, 32, 69, 12]          --
|    |    └─nconv: 3-3                   [-1, 32, 69, 12]          --
|    |    └─nconv: 3-4                   [-1, 32, 69, 12]          --
|    |    └─linear: 3-5                  [-1, 32, 69, 12]          5,152
├─ModuleList: 1                          []                        --
|    └─BatchNorm2d: 2-5                  [-1, 32, 69, 12]          64
├─ModuleList: 1                          []                        --
|    └─Conv2d: 2-6                       [-1, 32, 69, 10]          2,080
├─ModuleList: 1                          []                        --
|    └─Conv1d: 2-7                       [-1, 32, 69, 10]          2,080
├─ModuleList: 1                          []                        --
|    └─Conv1d: 2-8                       [-1, 256, 69, 10]         8,448
├─ModuleList: 1                          []                        --
|    └─gcn: 2-9                          [-1, 32, 69, 10]          --
|    |    └─nconv: 3-6                   [-1, 32, 69, 10]          --
|    |    └─nconv: 3-7                   [-1, 32, 69, 10]          --
|    |    └─nconv: 3-8                   [-1, 32, 69, 10]          --
|    |    └─nconv: 3-9                   [-1, 32, 69, 10]          --
|    |    └─linear: 3-10                 [-1, 32, 69, 10]          5,152
├─ModuleList: 1                          []                        --
|    └─BatchNorm2d: 2-10                 [-1, 32, 69, 10]          64
├─ModuleList: 1                          []                        --
|    └─Conv2d: 2-11                      [-1, 32, 69, 9]           2,080
├─ModuleList: 1                          []                        --
|    └─Conv1d: 2-12                      [-1, 32, 69, 9]           2,080
├─ModuleList: 1                          []                        --
|    └─Conv1d: 2-13                      [-1, 256, 69, 9]          8,448
├─ModuleList: 1                          []                        --
|    └─gcn: 2-14                         [-1, 32, 69, 9]           --
|    |    └─nconv: 3-11                  [-1, 32, 69, 9]           --
|    |    └─nconv: 3-12                  [-1, 32, 69, 9]           --
|    |    └─nconv: 3-13                  [-1, 32, 69, 9]           --
|    |    └─nconv: 3-14                  [-1, 32, 69, 9]           --
|    |    └─linear: 3-15                 [-1, 32, 69, 9]           5,152
├─ModuleList: 1                          []                        --
|    └─BatchNorm2d: 2-15                 [-1, 32, 69, 9]           64
├─ModuleList: 1                          []                        --
|    └─Conv2d: 2-16                      [-1, 32, 69, 7]           2,080
├─ModuleList: 1                          []                        --
|    └─Conv1d: 2-17                      [-1, 32, 69, 7]           2,080
├─ModuleList: 1                          []                        --
|    └─Conv1d: 2-18                      [-1, 256, 69, 7]          8,448
├─ModuleList: 1                          []                        --
|    └─gcn: 2-19                         [-1, 32, 69, 7]           --
|    |    └─nconv: 3-16                  [-1, 32, 69, 7]           --
|    |    └─nconv: 3-17                  [-1, 32, 69, 7]           --
|    |    └─nconv: 3-18                  [-1, 32, 69, 7]           --
|    |    └─nconv: 3-19                  [-1, 32, 69, 7]           --
|    |    └─linear: 3-20                 [-1, 32, 69, 7]           5,152
├─ModuleList: 1                          []                        --
|    └─BatchNorm2d: 2-20                 [-1, 32, 69, 7]           64
├─ModuleList: 1                          []                        --
|    └─Conv2d: 2-21                      [-1, 32, 69, 6]           2,080
├─ModuleList: 1                          []                        --
|    └─Conv1d: 2-22                      [-1, 32, 69, 6]           2,080
├─ModuleList: 1                          []                        --
|    └─Conv1d: 2-23                      [-1, 256, 69, 6]          8,448
├─ModuleList: 1                          []                        --
|    └─gcn: 2-24                         [-1, 32, 69, 6]           --
|    |    └─nconv: 3-21                  [-1, 32, 69, 6]           --
|    |    └─nconv: 3-22                  [-1, 32, 69, 6]           --
|    |    └─nconv: 3-23                  [-1, 32, 69, 6]           --
|    |    └─nconv: 3-24                  [-1, 32, 69, 6]           --
|    |    └─linear: 3-25                 [-1, 32, 69, 6]           5,152
├─ModuleList: 1                          []                        --
|    └─BatchNorm2d: 2-25                 [-1, 32, 69, 6]           64
├─ModuleList: 1                          []                        --
|    └─Conv2d: 2-26                      [-1, 32, 69, 4]           2,080
├─ModuleList: 1                          []                        --
|    └─Conv1d: 2-27                      [-1, 32, 69, 4]           2,080
├─ModuleList: 1                          []                        --
|    └─Conv1d: 2-28                      [-1, 256, 69, 4]          8,448
├─ModuleList: 1                          []                        --
|    └─gcn: 2-29                         [-1, 32, 69, 4]           --
|    |    └─nconv: 3-26                  [-1, 32, 69, 4]           --
|    |    └─nconv: 3-27                  [-1, 32, 69, 4]           --
|    |    └─nconv: 3-28                  [-1, 32, 69, 4]           --
|    |    └─nconv: 3-29                  [-1, 32, 69, 4]           --
|    |    └─linear: 3-30                 [-1, 32, 69, 4]           5,152
├─ModuleList: 1                          []                        --
|    └─BatchNorm2d: 2-30                 [-1, 32, 69, 4]           64
├─ModuleList: 1                          []                        --
|    └─Conv2d: 2-31                      [-1, 32, 69, 3]           2,080
├─ModuleList: 1                          []                        --
|    └─Conv1d: 2-32                      [-1, 32, 69, 3]           2,080
├─ModuleList: 1                          []                        --
|    └─Conv1d: 2-33                      [-1, 256, 69, 3]          8,448
├─ModuleList: 1                          []                        --
|    └─gcn: 2-34                         [-1, 32, 69, 3]           --
|    |    └─nconv: 3-31                  [-1, 32, 69, 3]           --
|    |    └─nconv: 3-32                  [-1, 32, 69, 3]           --
|    |    └─nconv: 3-33                  [-1, 32, 69, 3]           --
|    |    └─nconv: 3-34                  [-1, 32, 69, 3]           --
|    |    └─linear: 3-35                 [-1, 32, 69, 3]           5,152
├─ModuleList: 1                          []                        --
|    └─BatchNorm2d: 2-35                 [-1, 32, 69, 3]           64
├─ModuleList: 1                          []                        --
|    └─Conv2d: 2-36                      [-1, 32, 69, 1]           2,080
├─ModuleList: 1                          []                        --
|    └─Conv1d: 2-37                      [-1, 32, 69, 1]           2,080
├─ModuleList: 1                          []                        --
|    └─Conv1d: 2-38                      [-1, 256, 69, 1]          8,448
├─ModuleList: 1                          []                        --
|    └─gcn: 2-39                         [-1, 32, 69, 1]           --
|    |    └─nconv: 3-36                  [-1, 32, 69, 1]           --
|    |    └─nconv: 3-37                  [-1, 32, 69, 1]           --
|    |    └─nconv: 3-38                  [-1, 32, 69, 1]           --
|    |    └─nconv: 3-39                  [-1, 32, 69, 1]           --
|    |    └─linear: 3-40                 [-1, 32, 69, 1]           5,152
├─ModuleList: 1                          []                        --
|    └─BatchNorm2d: 2-40                 [-1, 32, 69, 1]           64
├─Conv2d: 1-2                            [-1, 512, 69, 1]          131,584
├─Conv2d: 1-3                            [-1, 3, 69, 1]            1,539
==========================================================================================
Total params: 275,779
Trainable params: 275,779
Non-trainable params: 0
Total mult-adds (M): 71.72
==========================================================================================
Input size (MB): 0.00
Forward/backward pass size (MB): 11.00
Params size (MB): 1.05
Estimated Total Size (MB): 12.06
==========================================================================================
XS_torch.shape:   torch.Size([14021, 1, 69, 12])
YS_torch.shape:   torch.Size([14021, 3, 69, 1])
LOSS is : MAE
epoch 0 time used: 8  seconds  train loss: 0.3165683079356668 validation loss: 0.3688969488866113
epoch 1 time used: 10  seconds  train loss: 0.2384382095376171 validation loss: 0.3656822891488323
epoch 2 time used: 12  seconds  train loss: 0.21621955317066435 validation loss: 0.34608800245977034
epoch 3 time used: 12  seconds  train loss: 0.2063292742970715 validation loss: 0.32946831849868546
epoch 4 time used: 12  seconds  train loss: 0.2009979346879422 validation loss: 0.3571654632305052
epoch 5 time used: 12  seconds  train loss: 0.19578670463754022 validation loss: 0.33866851510351476
epoch 6 time used: 12  seconds  train loss: 0.19240603733711845 validation loss: 0.31325908036688976
epoch 7 time used: 12  seconds  train loss: 0.18837850085387683 validation loss: 0.3224756186068296
epoch 8 time used: 12  seconds  train loss: 0.186363391342558 validation loss: 0.32803869626553345
epoch 9 time used: 12  seconds  train loss: 0.1831185463773415 validation loss: 0.31578350884874956
epoch 10 time used: 12  seconds  train loss: 0.18137992254813953 validation loss: 0.31042097264946494
epoch 11 time used: 12  seconds  train loss: 0.17981277223048475 validation loss: 0.2985446486415961
epoch 12 time used: 12  seconds  train loss: 0.17913436334316607 validation loss: 0.30053112913864516
epoch 13 time used: 12  seconds  train loss: 0.1757253860762658 validation loss: 0.3090811277109082
epoch 14 time used: 12  seconds  train loss: 0.17567337238034558 validation loss: 0.30181321843447034
epoch 15 time used: 12  seconds  train loss: 0.1727513728786611 validation loss: 0.2997816415834073
epoch 16 time used: 12  seconds  train loss: 0.17185699422292613 validation loss: 0.31052138893113296
epoch 17 time used: 12  seconds  train loss: 0.17166335787472292 validation loss: 0.3008332920292073
epoch 18 time used: 12  seconds  train loss: 0.169887278881258 validation loss: 0.3240837749588918
epoch 19 time used: 12  seconds  train loss: 0.16944709706372535 validation loss: 0.31430002691673675
epoch 20 time used: 12  seconds  train loss: 0.16742707465850923 validation loss: 0.30774215567608393
Early stopping at epoch: 21
YS.shape, YS_pred.shape before, (14021, 3, 69, 1) (14021, 3, 69, 1)
YS.shape, YS_pred.shape after, (14021, 3, 69) (14021, 3, 69)
YS_pred.shape before (14021, 3, 69)
YS_pred.shape after (14021, 3, 69)
YS.shape, YS_pred.shape, (14021, 3, 69) (14021, 3, 69)
****************************************
GraphWaveNet, train, Torch MSE, 1.6546310050e-01, 0.1654631005
GraphWaveNet, train, MSE, RMSE, MAE, MAPE, 150.0545489817, 12.2496754643, 6.8819089586, 43.0664972525
Model Training Ended ... Mon Jan  3 01:59:47 2022
pred_METR-LA_GraphWaveNet_2201030155 testing started Mon Jan  3 01:59:47 2022
TEST XS.shape, YS.shape (3507, 1, 69, 12) (3507, 3, 69, 1)
Model Testing Started ... Mon Jan  3 01:59:47 2022
TIMESTEP_IN, TIMESTEP_OUT 12 3
YS.shape, YS_pred.shape before, (3507, 3, 69, 1) (3507, 3, 69, 1)
YS.shape, YS_pred.shape after, (3507, 3, 69) (3507, 3, 69)
YS.shape, YS_pred.shape, (3507, 3, 69) (3507, 3, 69)
****************************************
GraphWaveNet, test, Torch MSE, 3.6239367838e-01, 0.3623936784
all pred steps, GraphWaveNet, test, MSE, RMSE, MAE, MAPE, 315.7244013755, 17.7686353268, 10.3722096397, 52.4234210154
1 step, GraphWaveNet, test, MSE, RMSE, MAE, MAPE, 187.8589733950, 13.7061655249, 8.2821013200, 43.6041034888
2 step, GraphWaveNet, test, MSE, RMSE, MAE, MAPE, 326.2028197597, 18.0610857857, 10.5924975745, 52.9065663869
3 step, GraphWaveNet, test, MSE, RMSE, MAE, MAPE, 433.1126634111, 20.8113589996, 12.2420507644, 60.7596837828
Model Testing Ended ... Mon Jan  3 01:59:49 2022
