data.shape (17544, 69, 2)
pred_METR-LA_GraphWaveNet_2112262141 training started Sun Dec 26 21:41:35 2021
TRAIN XS.shape YS,shape (14021, 2, 69, 12) (14021, 3, 69, 1)
Model Training Started ... Sun Dec 26 21:41:35 2021
TIMESTEP_IN, TIMESTEP_OUT 12 3
==========================================================================================
Layer (type:depth-idx)                   Output Shape              Param #
==========================================================================================
├─Conv2d: 1-1                            [-1, 32, 69, 13]          96
├─ModuleList: 1                          []                        --
|    └─Conv2d: 2-1                       [-1, 32, 69, 12]          2,080
├─ModuleList: 1                          []                        --
|    └─Conv1d: 2-2                       [-1, 32, 69, 12]          2,080
├─ModuleList: 1                          []                        --
|    └─Conv1d: 2-3                       [-1, 256, 69, 12]         8,448
├─ModuleList: 1                          []                        --
|    └─gcn: 2-4                          [-1, 32, 69, 12]          --
|    |    └─nconv: 3-1                   [-1, 32, 69, 12]          --
|    |    └─nconv: 3-2                   [-1, 32, 69, 12]          --
|    |    └─nconv: 3-3                   [-1, 32, 69, 12]          --
|    |    └─nconv: 3-4                   [-1, 32, 69, 12]          --
|    |    └─linear: 3-5                  [-1, 32, 69, 12]          5,152
├─ModuleList: 1                          []                        --
|    └─BatchNorm2d: 2-5                  [-1, 32, 69, 12]          64
├─ModuleList: 1                          []                        --
|    └─Conv2d: 2-6                       [-1, 32, 69, 10]          2,080
├─ModuleList: 1                          []                        --
|    └─Conv1d: 2-7                       [-1, 32, 69, 10]          2,080
├─ModuleList: 1                          []                        --
|    └─Conv1d: 2-8                       [-1, 256, 69, 10]         8,448
├─ModuleList: 1                          []                        --
|    └─gcn: 2-9                          [-1, 32, 69, 10]          --
|    |    └─nconv: 3-6                   [-1, 32, 69, 10]          --
|    |    └─nconv: 3-7                   [-1, 32, 69, 10]          --
|    |    └─nconv: 3-8                   [-1, 32, 69, 10]          --
|    |    └─nconv: 3-9                   [-1, 32, 69, 10]          --
|    |    └─linear: 3-10                 [-1, 32, 69, 10]          5,152
├─ModuleList: 1                          []                        --
|    └─BatchNorm2d: 2-10                 [-1, 32, 69, 10]          64
├─ModuleList: 1                          []                        --
|    └─Conv2d: 2-11                      [-1, 32, 69, 9]           2,080
├─ModuleList: 1                          []                        --
|    └─Conv1d: 2-12                      [-1, 32, 69, 9]           2,080
├─ModuleList: 1                          []                        --
|    └─Conv1d: 2-13                      [-1, 256, 69, 9]          8,448
├─ModuleList: 1                          []                        --
|    └─gcn: 2-14                         [-1, 32, 69, 9]           --
|    |    └─nconv: 3-11                  [-1, 32, 69, 9]           --
|    |    └─nconv: 3-12                  [-1, 32, 69, 9]           --
|    |    └─nconv: 3-13                  [-1, 32, 69, 9]           --
|    |    └─nconv: 3-14                  [-1, 32, 69, 9]           --
|    |    └─linear: 3-15                 [-1, 32, 69, 9]           5,152
├─ModuleList: 1                          []                        --
|    └─BatchNorm2d: 2-15                 [-1, 32, 69, 9]           64
├─ModuleList: 1                          []                        --
|    └─Conv2d: 2-16                      [-1, 32, 69, 7]           2,080
├─ModuleList: 1                          []                        --
|    └─Conv1d: 2-17                      [-1, 32, 69, 7]           2,080
├─ModuleList: 1                          []                        --
|    └─Conv1d: 2-18                      [-1, 256, 69, 7]          8,448
├─ModuleList: 1                          []                        --
|    └─gcn: 2-19                         [-1, 32, 69, 7]           --
|    |    └─nconv: 3-16                  [-1, 32, 69, 7]           --
|    |    └─nconv: 3-17                  [-1, 32, 69, 7]           --
|    |    └─nconv: 3-18                  [-1, 32, 69, 7]           --
|    |    └─nconv: 3-19                  [-1, 32, 69, 7]           --
|    |    └─linear: 3-20                 [-1, 32, 69, 7]           5,152
├─ModuleList: 1                          []                        --
|    └─BatchNorm2d: 2-20                 [-1, 32, 69, 7]           64
├─ModuleList: 1                          []                        --
|    └─Conv2d: 2-21                      [-1, 32, 69, 6]           2,080
├─ModuleList: 1                          []                        --
|    └─Conv1d: 2-22                      [-1, 32, 69, 6]           2,080
├─ModuleList: 1                          []                        --
|    └─Conv1d: 2-23                      [-1, 256, 69, 6]          8,448
├─ModuleList: 1                          []                        --
|    └─gcn: 2-24                         [-1, 32, 69, 6]           --
|    |    └─nconv: 3-21                  [-1, 32, 69, 6]           --
|    |    └─nconv: 3-22                  [-1, 32, 69, 6]           --
|    |    └─nconv: 3-23                  [-1, 32, 69, 6]           --
|    |    └─nconv: 3-24                  [-1, 32, 69, 6]           --
|    |    └─linear: 3-25                 [-1, 32, 69, 6]           5,152
├─ModuleList: 1                          []                        --
|    └─BatchNorm2d: 2-25                 [-1, 32, 69, 6]           64
├─ModuleList: 1                          []                        --
|    └─Conv2d: 2-26                      [-1, 32, 69, 4]           2,080
├─ModuleList: 1                          []                        --
|    └─Conv1d: 2-27                      [-1, 32, 69, 4]           2,080
├─ModuleList: 1                          []                        --
|    └─Conv1d: 2-28                      [-1, 256, 69, 4]          8,448
├─ModuleList: 1                          []                        --
|    └─gcn: 2-29                         [-1, 32, 69, 4]           --
|    |    └─nconv: 3-26                  [-1, 32, 69, 4]           --
|    |    └─nconv: 3-27                  [-1, 32, 69, 4]           --
|    |    └─nconv: 3-28                  [-1, 32, 69, 4]           --
|    |    └─nconv: 3-29                  [-1, 32, 69, 4]           --
|    |    └─linear: 3-30                 [-1, 32, 69, 4]           5,152
├─ModuleList: 1                          []                        --
|    └─BatchNorm2d: 2-30                 [-1, 32, 69, 4]           64
├─ModuleList: 1                          []                        --
|    └─Conv2d: 2-31                      [-1, 32, 69, 3]           2,080
├─ModuleList: 1                          []                        --
|    └─Conv1d: 2-32                      [-1, 32, 69, 3]           2,080
├─ModuleList: 1                          []                        --
|    └─Conv1d: 2-33                      [-1, 256, 69, 3]          8,448
├─ModuleList: 1                          []                        --
|    └─gcn: 2-34                         [-1, 32, 69, 3]           --
|    |    └─nconv: 3-31                  [-1, 32, 69, 3]           --
|    |    └─nconv: 3-32                  [-1, 32, 69, 3]           --
|    |    └─nconv: 3-33                  [-1, 32, 69, 3]           --
|    |    └─nconv: 3-34                  [-1, 32, 69, 3]           --
|    |    └─linear: 3-35                 [-1, 32, 69, 3]           5,152
├─ModuleList: 1                          []                        --
|    └─BatchNorm2d: 2-35                 [-1, 32, 69, 3]           64
├─ModuleList: 1                          []                        --
|    └─Conv2d: 2-36                      [-1, 32, 69, 1]           2,080
├─ModuleList: 1                          []                        --
|    └─Conv1d: 2-37                      [-1, 32, 69, 1]           2,080
├─ModuleList: 1                          []                        --
|    └─Conv1d: 2-38                      [-1, 256, 69, 1]          8,448
├─ModuleList: 1                          []                        --
|    └─gcn: 2-39                         [-1, 32, 69, 1]           --
|    |    └─nconv: 3-36                  [-1, 32, 69, 1]           --
|    |    └─nconv: 3-37                  [-1, 32, 69, 1]           --
|    |    └─nconv: 3-38                  [-1, 32, 69, 1]           --
|    |    └─nconv: 3-39                  [-1, 32, 69, 1]           --
|    |    └─linear: 3-40                 [-1, 32, 69, 1]           5,152
├─ModuleList: 1                          []                        --
|    └─BatchNorm2d: 2-40                 [-1, 32, 69, 1]           64
├─Conv2d: 1-2                            [-1, 512, 69, 1]          131,584
├─Conv2d: 1-3                            [-1, 3, 69, 1]            1,539
==========================================================================================
Total params: 275,811
Trainable params: 275,811
Non-trainable params: 0
Total mult-adds (M): 71.75
==========================================================================================
Input size (MB): 0.01
Forward/backward pass size (MB): 11.00
Params size (MB): 1.05
Estimated Total Size (MB): 12.06
==========================================================================================
XS_torch.shape:   torch.Size([14021, 2, 69, 12])
YS_torch.shape:   torch.Size([14021, 3, 69, 1])
LOSS is : MAE
epoch 0 time used: 8  seconds  train loss: 0.3001646143744114 validation loss: 0.33080687182193064
epoch 1 time used: 9  seconds  train loss: 0.23319080362675204 validation loss: 0.3467410346880955
epoch 2 time used: 8  seconds  train loss: 0.21189687417818273 validation loss: 0.3164431527894494
epoch 3 time used: 11  seconds  train loss: 0.2010648168227476 validation loss: 0.3104598002643226
epoch 4 time used: 12  seconds  train loss: 0.19624515423896766 validation loss: 0.3199467277499654
epoch 5 time used: 12  seconds  train loss: 0.19125262313356298 validation loss: 0.30286746435143647
epoch 6 time used: 12  seconds  train loss: 0.18767358433123632 validation loss: 0.31861892240562917
epoch 7 time used: 12  seconds  train loss: 0.18397533066174787 validation loss: 0.310134829314722
epoch 8 time used: 12  seconds  train loss: 0.18049082464626878 validation loss: 0.31029689407185423
epoch 9 time used: 12  seconds  train loss: 0.1791775394795887 validation loss: 0.2957790497705315
epoch 10 time used: 12  seconds  train loss: 0.1764112712556079 validation loss: 0.31830265934441476
epoch 11 time used: 12  seconds  train loss: 0.17444827018186018 validation loss: 0.28857372874575754
epoch 12 time used: 12  seconds  train loss: 0.17281010034207145 validation loss: 0.30945562976330127
epoch 13 time used: 12  seconds  train loss: 0.1709994237965934 validation loss: 0.30346718750133284
epoch 14 time used: 12  seconds  train loss: 0.16995347462009056 validation loss: 0.3163805359680178
epoch 15 time used: 12  seconds  train loss: 0.16893073824122865 validation loss: 0.2924547559420721
epoch 16 time used: 12  seconds  train loss: 0.16666983832724522 validation loss: 0.2984134037019998
epoch 17 time used: 12  seconds  train loss: 0.16683409696570584 validation loss: 0.2912892639398983
epoch 18 time used: 12  seconds  train loss: 0.1649748437619186 validation loss: 0.2779714711482227
epoch 19 time used: 12  seconds  train loss: 0.1634267967280558 validation loss: 0.29531991396777235
epoch 20 time used: 12  seconds  train loss: 0.1617911411227642 validation loss: 0.29908972868087014
epoch 21 time used: 12  seconds  train loss: 0.1616206207510933 validation loss: 0.2982848651974934
epoch 22 time used: 12  seconds  train loss: 0.16157040209851048 validation loss: 0.30632217448572396
epoch 23 time used: 12  seconds  train loss: 0.15989861948543782 validation loss: 0.2993329835495674
epoch 24 time used: 12  seconds  train loss: 0.15952825673072704 validation loss: 0.29258053352407093
epoch 25 time used: 12  seconds  train loss: 0.15985613733889578 validation loss: 0.28946268527900837
epoch 26 time used: 12  seconds  train loss: 0.15797665137536449 validation loss: 0.3034533746264284
epoch 27 time used: 12  seconds  train loss: 0.1574460118377407 validation loss: 0.3129830037908288
Early stopping at epoch: 28
YS.shape, YS_pred.shape before, (14021, 3, 69, 1) (14021, 3, 69, 1)
YS.shape, YS_pred.shape after, (14021, 3, 69) (14021, 3, 69)
YS_pred.shape before (14021, 3, 69)
YS_pred.shape after (14021, 3, 69)
YS.shape, YS_pred.shape, (14021, 3, 69) (14021, 3, 69)
****************************************
GraphWaveNet, train, Torch MSE, 1.5451382116e-01, 0.1545138212
GraphWaveNet, train, MSE, RMSE, MAE, MAPE, 134.7693878414, 11.6090218297, 6.4577168830, 41.8576800396
Model Training Ended ... Sun Dec 26 21:47:33 2021
pred_METR-LA_GraphWaveNet_2112262141 testing started Sun Dec 26 21:47:33 2021
TEST XS.shape, YS.shape (3507, 2, 69, 12) (3507, 3, 69, 1)
Model Testing Started ... Sun Dec 26 21:47:33 2021
TIMESTEP_IN, TIMESTEP_OUT 12 3
YS.shape, YS_pred.shape before, (3507, 3, 69, 1) (3507, 3, 69, 1)
YS.shape, YS_pred.shape after, (3507, 3, 69) (3507, 3, 69)
YS.shape, YS_pred.shape, (3507, 3, 69) (3507, 3, 69)
****************************************
GraphWaveNet, test, Torch MSE, 3.2052139039e-01, 0.3205213904
all pred steps, GraphWaveNet, test, MSE, RMSE, MAE, MAPE, 247.6728677039, 15.7376258598, 9.0743631012, 50.2064952262
1 step, GraphWaveNet, test, MSE, RMSE, MAE, MAPE, 135.5660881527, 11.6432851100, 7.1128281500, 39.5372115749
2 step, GraphWaveNet, test, MSE, RMSE, MAE, MAPE, 250.1911687469, 15.8174324322, 9.2122814320, 50.3447353319
3 step, GraphWaveNet, test, MSE, RMSE, MAE, MAPE, 357.2624749741, 18.9013881758, 10.8979994668, 60.7376493335
Model Testing Ended ... Sun Dec 26 21:47:35 2021
