data.shape (17544, 69)
pred_METR-LA_GraphWaveNet_2112261651 training started Sun Dec 26 16:51:56 2021
TRAIN XS.shape YS,shape (14021, 1, 69, 12) (14021, 3, 69, 1)
Model Training Started ... Sun Dec 26 16:51:56 2021
TIMESTEP_IN, TIMESTEP_OUT 12 3
==========================================================================================
Layer (type:depth-idx)                   Output Shape              Param #
==========================================================================================
├─Conv2d: 1-1                            [-1, 32, 69, 13]          64
├─ModuleList: 1                          []                        --
|    └─Conv2d: 2-1                       [-1, 32, 69, 12]          2,080
├─ModuleList: 1                          []                        --
|    └─Conv1d: 2-2                       [-1, 32, 69, 12]          2,080
├─ModuleList: 1                          []                        --
|    └─Conv1d: 2-3                       [-1, 256, 69, 12]         8,448
├─ModuleList: 1                          []                        --
|    └─gcn: 2-4                          [-1, 32, 69, 12]          --
|    |    └─nconv: 3-1                   [-1, 32, 69, 12]          --
|    |    └─nconv: 3-2                   [-1, 32, 69, 12]          --
|    |    └─nconv: 3-3                   [-1, 32, 69, 12]          --
|    |    └─nconv: 3-4                   [-1, 32, 69, 12]          --
|    |    └─linear: 3-5                  [-1, 32, 69, 12]          5,152
├─ModuleList: 1                          []                        --
|    └─BatchNorm2d: 2-5                  [-1, 32, 69, 12]          64
├─ModuleList: 1                          []                        --
|    └─Conv2d: 2-6                       [-1, 32, 69, 10]          2,080
├─ModuleList: 1                          []                        --
|    └─Conv1d: 2-7                       [-1, 32, 69, 10]          2,080
├─ModuleList: 1                          []                        --
|    └─Conv1d: 2-8                       [-1, 256, 69, 10]         8,448
├─ModuleList: 1                          []                        --
|    └─gcn: 2-9                          [-1, 32, 69, 10]          --
|    |    └─nconv: 3-6                   [-1, 32, 69, 10]          --
|    |    └─nconv: 3-7                   [-1, 32, 69, 10]          --
|    |    └─nconv: 3-8                   [-1, 32, 69, 10]          --
|    |    └─nconv: 3-9                   [-1, 32, 69, 10]          --
|    |    └─linear: 3-10                 [-1, 32, 69, 10]          5,152
├─ModuleList: 1                          []                        --
|    └─BatchNorm2d: 2-10                 [-1, 32, 69, 10]          64
├─ModuleList: 1                          []                        --
|    └─Conv2d: 2-11                      [-1, 32, 69, 9]           2,080
├─ModuleList: 1                          []                        --
|    └─Conv1d: 2-12                      [-1, 32, 69, 9]           2,080
├─ModuleList: 1                          []                        --
|    └─Conv1d: 2-13                      [-1, 256, 69, 9]          8,448
├─ModuleList: 1                          []                        --
|    └─gcn: 2-14                         [-1, 32, 69, 9]           --
|    |    └─nconv: 3-11                  [-1, 32, 69, 9]           --
|    |    └─nconv: 3-12                  [-1, 32, 69, 9]           --
|    |    └─nconv: 3-13                  [-1, 32, 69, 9]           --
|    |    └─nconv: 3-14                  [-1, 32, 69, 9]           --
|    |    └─linear: 3-15                 [-1, 32, 69, 9]           5,152
├─ModuleList: 1                          []                        --
|    └─BatchNorm2d: 2-15                 [-1, 32, 69, 9]           64
├─ModuleList: 1                          []                        --
|    └─Conv2d: 2-16                      [-1, 32, 69, 7]           2,080
├─ModuleList: 1                          []                        --
|    └─Conv1d: 2-17                      [-1, 32, 69, 7]           2,080
├─ModuleList: 1                          []                        --
|    └─Conv1d: 2-18                      [-1, 256, 69, 7]          8,448
├─ModuleList: 1                          []                        --
|    └─gcn: 2-19                         [-1, 32, 69, 7]           --
|    |    └─nconv: 3-16                  [-1, 32, 69, 7]           --
|    |    └─nconv: 3-17                  [-1, 32, 69, 7]           --
|    |    └─nconv: 3-18                  [-1, 32, 69, 7]           --
|    |    └─nconv: 3-19                  [-1, 32, 69, 7]           --
|    |    └─linear: 3-20                 [-1, 32, 69, 7]           5,152
├─ModuleList: 1                          []                        --
|    └─BatchNorm2d: 2-20                 [-1, 32, 69, 7]           64
├─ModuleList: 1                          []                        --
|    └─Conv2d: 2-21                      [-1, 32, 69, 6]           2,080
├─ModuleList: 1                          []                        --
|    └─Conv1d: 2-22                      [-1, 32, 69, 6]           2,080
├─ModuleList: 1                          []                        --
|    └─Conv1d: 2-23                      [-1, 256, 69, 6]          8,448
├─ModuleList: 1                          []                        --
|    └─gcn: 2-24                         [-1, 32, 69, 6]           --
|    |    └─nconv: 3-21                  [-1, 32, 69, 6]           --
|    |    └─nconv: 3-22                  [-1, 32, 69, 6]           --
|    |    └─nconv: 3-23                  [-1, 32, 69, 6]           --
|    |    └─nconv: 3-24                  [-1, 32, 69, 6]           --
|    |    └─linear: 3-25                 [-1, 32, 69, 6]           5,152
├─ModuleList: 1                          []                        --
|    └─BatchNorm2d: 2-25                 [-1, 32, 69, 6]           64
├─ModuleList: 1                          []                        --
|    └─Conv2d: 2-26                      [-1, 32, 69, 4]           2,080
├─ModuleList: 1                          []                        --
|    └─Conv1d: 2-27                      [-1, 32, 69, 4]           2,080
├─ModuleList: 1                          []                        --
|    └─Conv1d: 2-28                      [-1, 256, 69, 4]          8,448
├─ModuleList: 1                          []                        --
|    └─gcn: 2-29                         [-1, 32, 69, 4]           --
|    |    └─nconv: 3-26                  [-1, 32, 69, 4]           --
|    |    └─nconv: 3-27                  [-1, 32, 69, 4]           --
|    |    └─nconv: 3-28                  [-1, 32, 69, 4]           --
|    |    └─nconv: 3-29                  [-1, 32, 69, 4]           --
|    |    └─linear: 3-30                 [-1, 32, 69, 4]           5,152
├─ModuleList: 1                          []                        --
|    └─BatchNorm2d: 2-30                 [-1, 32, 69, 4]           64
├─ModuleList: 1                          []                        --
|    └─Conv2d: 2-31                      [-1, 32, 69, 3]           2,080
├─ModuleList: 1                          []                        --
|    └─Conv1d: 2-32                      [-1, 32, 69, 3]           2,080
├─ModuleList: 1                          []                        --
|    └─Conv1d: 2-33                      [-1, 256, 69, 3]          8,448
├─ModuleList: 1                          []                        --
|    └─gcn: 2-34                         [-1, 32, 69, 3]           --
|    |    └─nconv: 3-31                  [-1, 32, 69, 3]           --
|    |    └─nconv: 3-32                  [-1, 32, 69, 3]           --
|    |    └─nconv: 3-33                  [-1, 32, 69, 3]           --
|    |    └─nconv: 3-34                  [-1, 32, 69, 3]           --
|    |    └─linear: 3-35                 [-1, 32, 69, 3]           5,152
├─ModuleList: 1                          []                        --
|    └─BatchNorm2d: 2-35                 [-1, 32, 69, 3]           64
├─ModuleList: 1                          []                        --
|    └─Conv2d: 2-36                      [-1, 32, 69, 1]           2,080
├─ModuleList: 1                          []                        --
|    └─Conv1d: 2-37                      [-1, 32, 69, 1]           2,080
├─ModuleList: 1                          []                        --
|    └─Conv1d: 2-38                      [-1, 256, 69, 1]          8,448
├─ModuleList: 1                          []                        --
|    └─gcn: 2-39                         [-1, 32, 69, 1]           --
|    |    └─nconv: 3-36                  [-1, 32, 69, 1]           --
|    |    └─nconv: 3-37                  [-1, 32, 69, 1]           --
|    |    └─nconv: 3-38                  [-1, 32, 69, 1]           --
|    |    └─nconv: 3-39                  [-1, 32, 69, 1]           --
|    |    └─linear: 3-40                 [-1, 32, 69, 1]           5,152
├─ModuleList: 1                          []                        --
|    └─BatchNorm2d: 2-40                 [-1, 32, 69, 1]           64
├─Conv2d: 1-2                            [-1, 512, 69, 1]          131,584
├─Conv2d: 1-3                            [-1, 3, 69, 1]            1,539
==========================================================================================
Total params: 275,779
Trainable params: 275,779
Non-trainable params: 0
Total mult-adds (M): 71.72
==========================================================================================
Input size (MB): 0.00
Forward/backward pass size (MB): 11.00
Params size (MB): 1.05
Estimated Total Size (MB): 12.06
==========================================================================================
XS_torch.shape:   torch.Size([14021, 1, 69, 12])
YS_torch.shape:   torch.Size([14021, 3, 69, 1])
LOSS is : MAE
epoch 0 time used: 12  seconds  train loss: 0.31471330350137977 validation loss: 0.393365842168561
epoch 1 time used: 12  seconds  train loss: 0.24447459775868247 validation loss: 0.3688065536485967
epoch 2 time used: 12  seconds  train loss: 0.22346000030835989 validation loss: 0.36420171589288314
epoch 3 time used: 12  seconds  train loss: 0.2147427801107171 validation loss: 0.3335330348251482
epoch 4 time used: 12  seconds  train loss: 0.20884386548437822 validation loss: 0.36783290422785575
epoch 5 time used: 12  seconds  train loss: 0.20431014956170976 validation loss: 0.35318449812824904
epoch 6 time used: 12  seconds  train loss: 0.200784259985004 validation loss: 0.3348608965949882
epoch 7 time used: 12  seconds  train loss: 0.19712149268511184 validation loss: 0.3528952897445039
epoch 8 time used: 12  seconds  train loss: 0.193549078908929 validation loss: 0.34739234652508344
epoch 9 time used: 12  seconds  train loss: 0.1910706530244645 validation loss: 0.3370704158197045
epoch 10 time used: 12  seconds  train loss: 0.1895965630140606 validation loss: 0.31554545908401305
epoch 11 time used: 12  seconds  train loss: 0.18777298053254668 validation loss: 0.32370069796401163
epoch 12 time used: 12  seconds  train loss: 0.18706106164963035 validation loss: 0.32615251205882817
epoch 13 time used: 12  seconds  train loss: 0.18471529202874024 validation loss: 0.33102454929370845
epoch 14 time used: 12  seconds  train loss: 0.1839713806151022 validation loss: 0.348291604690938
epoch 15 time used: 12  seconds  train loss: 0.18133340319263302 validation loss: 0.32888563219574746
epoch 16 time used: 12  seconds  train loss: 0.17926815391208747 validation loss: 0.32354918169893676
epoch 17 time used: 12  seconds  train loss: 0.18047773979912762 validation loss: 0.32383996503256557
epoch 18 time used: 12  seconds  train loss: 0.17822095102174762 validation loss: 0.3296627675677733
epoch 19 time used: 12  seconds  train loss: 0.17759335841734555 validation loss: 0.33527017807661297
Early stopping at epoch: 20
YS.shape, YS_pred.shape before, (14021, 3, 69, 1) (14021, 3, 69, 1)
YS.shape, YS_pred.shape after, (14021, 3, 69) (14021, 3, 69)
YS_pred.shape before (14021, 3, 69)
YS_pred.shape after (14021, 3, 69)
YS.shape, YS_pred.shape, (14021, 3, 69) (14021, 3, 69)
****************************************
GraphWaveNet, train, Torch MSE, 1.7352335268e-01, 0.1735233527
GraphWaveNet, train, MSE, RMSE, MAE, MAPE, 171.9234867497, 13.1119596838, 7.3180061642, 45.2800336101
Model Training Ended ... Sun Dec 26 16:56:26 2021
pred_METR-LA_GraphWaveNet_2112261651 testing started Sun Dec 26 16:56:26 2021
TEST XS.shape, YS.shape (3507, 1, 69, 12) (3507, 3, 69, 1)
Model Testing Started ... Sun Dec 26 16:56:26 2021
TIMESTEP_IN, TIMESTEP_OUT 12 3
YS.shape, YS_pred.shape before, (3507, 3, 69, 1) (3507, 3, 69, 1)
YS.shape, YS_pred.shape after, (3507, 3, 69) (3507, 3, 69)
YS.shape, YS_pred.shape, (3507, 3, 69) (3507, 3, 69)
****************************************
GraphWaveNet, test, Torch MSE, 3.8702379489e-01, 0.3870237949
all pred steps, GraphWaveNet, test, MSE, RMSE, MAE, MAPE, 370.5628220238, 19.2500083643, 11.4613681028, 67.5886587646
1 step, GraphWaveNet, test, MSE, RMSE, MAE, MAPE, 209.6444647390, 14.4791044177, 8.8066653721, 50.1406483113
2 step, GraphWaveNet, test, MSE, RMSE, MAE, MAPE, 377.0049424910, 19.4166151141, 11.6719019204, 67.5506206893
3 step, GraphWaveNet, test, MSE, RMSE, MAE, MAPE, 525.0438354312, 22.9138350223, 13.9056147674, 85.0752261896
Model Testing Ended ... Sun Dec 26 16:56:28 2021
