data.shape (17544, 69)
pred_METR-LA_GraphWaveNet_2112262155 training started Sun Dec 26 21:55:54 2021
TRAIN XS.shape YS,shape (14021, 1, 69, 12) (14021, 3, 69, 1)
Model Training Started ... Sun Dec 26 21:55:54 2021
TIMESTEP_IN, TIMESTEP_OUT 12 3
==========================================================================================
Layer (type:depth-idx)                   Output Shape              Param #
==========================================================================================
├─Conv2d: 1-1                            [-1, 32, 69, 13]          64
├─ModuleList: 1                          []                        --
|    └─Conv2d: 2-1                       [-1, 32, 69, 12]          2,080
├─ModuleList: 1                          []                        --
|    └─Conv1d: 2-2                       [-1, 32, 69, 12]          2,080
├─ModuleList: 1                          []                        --
|    └─Conv1d: 2-3                       [-1, 256, 69, 12]         8,448
├─ModuleList: 1                          []                        --
|    └─gcn: 2-4                          [-1, 32, 69, 12]          --
|    |    └─nconv: 3-1                   [-1, 32, 69, 12]          --
|    |    └─nconv: 3-2                   [-1, 32, 69, 12]          --
|    |    └─nconv: 3-3                   [-1, 32, 69, 12]          --
|    |    └─nconv: 3-4                   [-1, 32, 69, 12]          --
|    |    └─linear: 3-5                  [-1, 32, 69, 12]          5,152
├─ModuleList: 1                          []                        --
|    └─BatchNorm2d: 2-5                  [-1, 32, 69, 12]          64
├─ModuleList: 1                          []                        --
|    └─Conv2d: 2-6                       [-1, 32, 69, 10]          2,080
├─ModuleList: 1                          []                        --
|    └─Conv1d: 2-7                       [-1, 32, 69, 10]          2,080
├─ModuleList: 1                          []                        --
|    └─Conv1d: 2-8                       [-1, 256, 69, 10]         8,448
├─ModuleList: 1                          []                        --
|    └─gcn: 2-9                          [-1, 32, 69, 10]          --
|    |    └─nconv: 3-6                   [-1, 32, 69, 10]          --
|    |    └─nconv: 3-7                   [-1, 32, 69, 10]          --
|    |    └─nconv: 3-8                   [-1, 32, 69, 10]          --
|    |    └─nconv: 3-9                   [-1, 32, 69, 10]          --
|    |    └─linear: 3-10                 [-1, 32, 69, 10]          5,152
├─ModuleList: 1                          []                        --
|    └─BatchNorm2d: 2-10                 [-1, 32, 69, 10]          64
├─ModuleList: 1                          []                        --
|    └─Conv2d: 2-11                      [-1, 32, 69, 9]           2,080
├─ModuleList: 1                          []                        --
|    └─Conv1d: 2-12                      [-1, 32, 69, 9]           2,080
├─ModuleList: 1                          []                        --
|    └─Conv1d: 2-13                      [-1, 256, 69, 9]          8,448
├─ModuleList: 1                          []                        --
|    └─gcn: 2-14                         [-1, 32, 69, 9]           --
|    |    └─nconv: 3-11                  [-1, 32, 69, 9]           --
|    |    └─nconv: 3-12                  [-1, 32, 69, 9]           --
|    |    └─nconv: 3-13                  [-1, 32, 69, 9]           --
|    |    └─nconv: 3-14                  [-1, 32, 69, 9]           --
|    |    └─linear: 3-15                 [-1, 32, 69, 9]           5,152
├─ModuleList: 1                          []                        --
|    └─BatchNorm2d: 2-15                 [-1, 32, 69, 9]           64
├─ModuleList: 1                          []                        --
|    └─Conv2d: 2-16                      [-1, 32, 69, 7]           2,080
├─ModuleList: 1                          []                        --
|    └─Conv1d: 2-17                      [-1, 32, 69, 7]           2,080
├─ModuleList: 1                          []                        --
|    └─Conv1d: 2-18                      [-1, 256, 69, 7]          8,448
├─ModuleList: 1                          []                        --
|    └─gcn: 2-19                         [-1, 32, 69, 7]           --
|    |    └─nconv: 3-16                  [-1, 32, 69, 7]           --
|    |    └─nconv: 3-17                  [-1, 32, 69, 7]           --
|    |    └─nconv: 3-18                  [-1, 32, 69, 7]           --
|    |    └─nconv: 3-19                  [-1, 32, 69, 7]           --
|    |    └─linear: 3-20                 [-1, 32, 69, 7]           5,152
├─ModuleList: 1                          []                        --
|    └─BatchNorm2d: 2-20                 [-1, 32, 69, 7]           64
├─ModuleList: 1                          []                        --
|    └─Conv2d: 2-21                      [-1, 32, 69, 6]           2,080
├─ModuleList: 1                          []                        --
|    └─Conv1d: 2-22                      [-1, 32, 69, 6]           2,080
├─ModuleList: 1                          []                        --
|    └─Conv1d: 2-23                      [-1, 256, 69, 6]          8,448
├─ModuleList: 1                          []                        --
|    └─gcn: 2-24                         [-1, 32, 69, 6]           --
|    |    └─nconv: 3-21                  [-1, 32, 69, 6]           --
|    |    └─nconv: 3-22                  [-1, 32, 69, 6]           --
|    |    └─nconv: 3-23                  [-1, 32, 69, 6]           --
|    |    └─nconv: 3-24                  [-1, 32, 69, 6]           --
|    |    └─linear: 3-25                 [-1, 32, 69, 6]           5,152
├─ModuleList: 1                          []                        --
|    └─BatchNorm2d: 2-25                 [-1, 32, 69, 6]           64
├─ModuleList: 1                          []                        --
|    └─Conv2d: 2-26                      [-1, 32, 69, 4]           2,080
├─ModuleList: 1                          []                        --
|    └─Conv1d: 2-27                      [-1, 32, 69, 4]           2,080
├─ModuleList: 1                          []                        --
|    └─Conv1d: 2-28                      [-1, 256, 69, 4]          8,448
├─ModuleList: 1                          []                        --
|    └─gcn: 2-29                         [-1, 32, 69, 4]           --
|    |    └─nconv: 3-26                  [-1, 32, 69, 4]           --
|    |    └─nconv: 3-27                  [-1, 32, 69, 4]           --
|    |    └─nconv: 3-28                  [-1, 32, 69, 4]           --
|    |    └─nconv: 3-29                  [-1, 32, 69, 4]           --
|    |    └─linear: 3-30                 [-1, 32, 69, 4]           5,152
├─ModuleList: 1                          []                        --
|    └─BatchNorm2d: 2-30                 [-1, 32, 69, 4]           64
├─ModuleList: 1                          []                        --
|    └─Conv2d: 2-31                      [-1, 32, 69, 3]           2,080
├─ModuleList: 1                          []                        --
|    └─Conv1d: 2-32                      [-1, 32, 69, 3]           2,080
├─ModuleList: 1                          []                        --
|    └─Conv1d: 2-33                      [-1, 256, 69, 3]          8,448
├─ModuleList: 1                          []                        --
|    └─gcn: 2-34                         [-1, 32, 69, 3]           --
|    |    └─nconv: 3-31                  [-1, 32, 69, 3]           --
|    |    └─nconv: 3-32                  [-1, 32, 69, 3]           --
|    |    └─nconv: 3-33                  [-1, 32, 69, 3]           --
|    |    └─nconv: 3-34                  [-1, 32, 69, 3]           --
|    |    └─linear: 3-35                 [-1, 32, 69, 3]           5,152
├─ModuleList: 1                          []                        --
|    └─BatchNorm2d: 2-35                 [-1, 32, 69, 3]           64
├─ModuleList: 1                          []                        --
|    └─Conv2d: 2-36                      [-1, 32, 69, 1]           2,080
├─ModuleList: 1                          []                        --
|    └─Conv1d: 2-37                      [-1, 32, 69, 1]           2,080
├─ModuleList: 1                          []                        --
|    └─Conv1d: 2-38                      [-1, 256, 69, 1]          8,448
├─ModuleList: 1                          []                        --
|    └─gcn: 2-39                         [-1, 32, 69, 1]           --
|    |    └─nconv: 3-36                  [-1, 32, 69, 1]           --
|    |    └─nconv: 3-37                  [-1, 32, 69, 1]           --
|    |    └─nconv: 3-38                  [-1, 32, 69, 1]           --
|    |    └─nconv: 3-39                  [-1, 32, 69, 1]           --
|    |    └─linear: 3-40                 [-1, 32, 69, 1]           5,152
├─ModuleList: 1                          []                        --
|    └─BatchNorm2d: 2-40                 [-1, 32, 69, 1]           64
├─Conv2d: 1-2                            [-1, 512, 69, 1]          131,584
├─Conv2d: 1-3                            [-1, 3, 69, 1]            1,539
==========================================================================================
Total params: 275,779
Trainable params: 275,779
Non-trainable params: 0
Total mult-adds (M): 71.72
==========================================================================================
Input size (MB): 0.00
Forward/backward pass size (MB): 11.00
Params size (MB): 1.05
Estimated Total Size (MB): 12.06
==========================================================================================
XS_torch.shape:   torch.Size([14021, 1, 69, 12])
YS_torch.shape:   torch.Size([14021, 3, 69, 1])
LOSS is : MAE
epoch 0 time used: 9  seconds  train loss: 0.3187326222201454 validation loss: 0.36543194661464135
epoch 1 time used: 9  seconds  train loss: 0.2423541416193322 validation loss: 0.3769003403608417
epoch 2 time used: 9  seconds  train loss: 0.21744061438023635 validation loss: 0.3553854759019644
epoch 3 time used: 11  seconds  train loss: 0.20859780040380424 validation loss: 0.32477757361910375
epoch 4 time used: 12  seconds  train loss: 0.20136346035179348 validation loss: 0.36218074057623106
epoch 5 time used: 12  seconds  train loss: 0.1961139298861292 validation loss: 0.335300965150696
epoch 6 time used: 12  seconds  train loss: 0.19186080385875268 validation loss: 0.3248748861750534
epoch 7 time used: 12  seconds  train loss: 0.187091873859714 validation loss: 0.31901702922341213
epoch 8 time used: 12  seconds  train loss: 0.185282267681115 validation loss: 0.3225690843510886
epoch 9 time used: 12  seconds  train loss: 0.1823418922831657 validation loss: 0.31100759075086454
epoch 10 time used: 12  seconds  train loss: 0.180940669665206 validation loss: 0.3040667189337224
epoch 11 time used: 12  seconds  train loss: 0.1794388211381758 validation loss: 0.2946886703652514
epoch 12 time used: 12  seconds  train loss: 0.17809675267572936 validation loss: 0.2982243465581623
epoch 13 time used: 12  seconds  train loss: 0.17575992041859287 validation loss: 0.31064861905758406
epoch 14 time used: 12  seconds  train loss: 0.17547288264946864 validation loss: 0.2973482402406008
epoch 15 time used: 12  seconds  train loss: 0.17227755374732762 validation loss: 0.29847194078440537
epoch 16 time used: 12  seconds  train loss: 0.17191916993261355 validation loss: 0.31107227204190074
epoch 17 time used: 12  seconds  train loss: 0.17187395380924686 validation loss: 0.30700375473778113
epoch 18 time used: 12  seconds  train loss: 0.17000724016687246 validation loss: 0.31824706478657483
epoch 19 time used: 12  seconds  train loss: 0.1692797049010348 validation loss: 0.2952037035432871
epoch 20 time used: 12  seconds  train loss: 0.16730291365041847 validation loss: 0.2925497985232985
epoch 21 time used: 12  seconds  train loss: 0.16693452190101282 validation loss: 0.29674811025415226
epoch 22 time used: 12  seconds  train loss: 0.16646154110210898 validation loss: 0.3070627031364376
epoch 23 time used: 12  seconds  train loss: 0.16561070914897383 validation loss: 0.30373716769188525
epoch 24 time used: 12  seconds  train loss: 0.16584484309764572 validation loss: 0.3011204884756788
epoch 25 time used: 12  seconds  train loss: 0.16525917342111812 validation loss: 0.29878968450931975
epoch 26 time used: 12  seconds  train loss: 0.16348481254077013 validation loss: 0.2947864411935355
epoch 27 time used: 12  seconds  train loss: 0.16336667371526928 validation loss: 0.3015277863602875
epoch 28 time used: 12  seconds  train loss: 0.16328742121655115 validation loss: 0.3002600638749459
epoch 29 time used: 12  seconds  train loss: 0.16153938327389117 validation loss: 0.29755054192412467
Early stopping at epoch: 30
YS.shape, YS_pred.shape before, (14021, 3, 69, 1) (14021, 3, 69, 1)
YS.shape, YS_pred.shape after, (14021, 3, 69) (14021, 3, 69)
YS_pred.shape before (14021, 3, 69)
YS_pred.shape after (14021, 3, 69)
YS.shape, YS_pred.shape, (14021, 3, 69) (14021, 3, 69)
****************************************
GraphWaveNet, train, Torch MSE, 1.6142027575e-01, 0.1614202757
GraphWaveNet, train, MSE, RMSE, MAE, MAPE, 144.9078233420, 12.0377665429, 6.7481641639, 43.3571072731
Model Training Ended ... Sun Dec 26 22:02:14 2021
pred_METR-LA_GraphWaveNet_2112262155 testing started Sun Dec 26 22:02:14 2021
TEST XS.shape, YS.shape (3507, 1, 69, 12) (3507, 3, 69, 1)
Model Testing Started ... Sun Dec 26 22:02:14 2021
TIMESTEP_IN, TIMESTEP_OUT 12 3
YS.shape, YS_pred.shape before, (3507, 3, 69, 1) (3507, 3, 69, 1)
YS.shape, YS_pred.shape after, (3507, 3, 69) (3507, 3, 69)
YS.shape, YS_pred.shape, (3507, 3, 69) (3507, 3, 69)
****************************************
GraphWaveNet, test, Torch MSE, 3.4128744137e-01, 0.3412874414
all pred steps, GraphWaveNet, test, MSE, RMSE, MAE, MAPE, 284.1445971250, 16.8565891308, 9.6757888084, 53.0177328843
1 step, GraphWaveNet, test, MSE, RMSE, MAE, MAPE, 157.2078346549, 12.5382548489, 7.5592748456, 42.0029953700
2 step, GraphWaveNet, test, MSE, RMSE, MAE, MAPE, 301.3102351733, 17.3582900994, 9.9450030313, 53.1135912809
3 step, GraphWaveNet, test, MSE, RMSE, MAE, MAPE, 393.9169279745, 19.8473405769, 11.5231092364, 63.9367264962
Model Testing Ended ... Sun Dec 26 22:02:16 2021
