nohup: ignoring input
../data-NYCBike/60min/2019-2020-graph-inflow.npz
Namespace(adjpath='../data-NYCZones/adjmatrix/W_adj_matrix.csv', adjtype='symnadj', batchsize=64, channel=1, dataname='NYCBike-inflow', epoch=200, ex='typhoon-inflow', flowpath='../data-NYCBike/60min/2019-2020-graph-inflow.npz', gpu=7, graphnum=1, loss='MAE', lr=0.001, n_node=69, optimizer='Adam', patience=10, target=0, timestep_in=12, timestep_out=3, trainratio=0.8, trainvalsplit=0.125)
data.shape (17544, 69)
pred_NYCBike-inflow_STGCN1_1_2201040307 training started Tue Jan  4 03:07:04 2022
getXSYS data.shape(17544, 69)
getXSYS XS.shape(14023, 1, 12, 69)
getXSYS YS.shape(14023, 1, 1, 69)
TRAIN XS.shape YS,shape (14023, 1, 12, 69) (14023, 1, 1, 69)
Model Training Started ... Tue Jan  4 03:07:04 2022
TIMESTEP_IN, TIMESTEP_OUT 12 1
torch.Size([1, 3, 69, 69])
==========================================================================================
Layer (type:depth-idx)                   Output Shape              Param #
==========================================================================================
├─st_conv_block: 1-1                     [-1, 64, 8, 69]           --
|    └─temporal_conv_layer: 2-1          [-1, 32, 10, 69]          --
|    |    └─align: 3-1                   [-1, 32, 12, 69]          --
|    |    └─Conv2d: 3-2                  [-1, 64, 10, 69]          256
|    └─ModuleList: 2                     []                        --
|    |    └─spatio_conv_layer: 3-3       [-1, 32, 10, 69]          3,104
|    └─linear: 2-2                       [-1, 32, 10, 69]          --
|    |    └─Conv2d: 3-4                  [-1, 32, 10, 69]          1,056
|    └─temporal_conv_layer: 2-3          [-1, 64, 8, 69]           --
|    |    └─align: 3-5                   [-1, 64, 10, 69]          --
|    |    └─Conv2d: 3-6                  [-1, 64, 8, 69]           6,208
|    └─LayerNorm: 2-4                    [-1, 8, 69, 64]           8,832
|    └─Dropout: 2-5                      [-1, 64, 8, 69]           --
├─st_conv_block: 1-2                     [-1, 64, 4, 69]           --
|    └─temporal_conv_layer: 2-6          [-1, 32, 6, 69]           --
|    |    └─align: 3-7                   [-1, 32, 8, 69]           2,080
|    |    └─Conv2d: 3-8                  [-1, 64, 6, 69]           12,352
|    └─ModuleList: 2                     []                        --
|    |    └─spatio_conv_layer: 3-9       [-1, 32, 6, 69]           3,104
|    └─linear: 2-7                       [-1, 32, 6, 69]           --
|    |    └─Conv2d: 3-10                 [-1, 32, 6, 69]           1,056
|    └─temporal_conv_layer: 2-8          [-1, 64, 4, 69]           --
|    |    └─align: 3-11                  [-1, 64, 6, 69]           --
|    |    └─Conv2d: 3-12                 [-1, 64, 4, 69]           6,208
|    └─LayerNorm: 2-9                    [-1, 4, 69, 64]           8,832
|    └─Dropout: 2-10                     [-1, 64, 4, 69]           --
├─output_layer: 1-3                      [-1, 1, 1, 69]            --
|    └─temporal_conv_layer: 2-11         [-1, 64, 1, 69]           --
|    |    └─align: 3-13                  [-1, 64, 4, 69]           --
|    |    └─Conv2d: 3-14                 [-1, 128, 1, 69]          32,896
|    └─LayerNorm: 2-12                   [-1, 1, 69, 64]           8,832
|    └─temporal_conv_layer: 2-13         [-1, 64, 1, 69]           --
|    |    └─align: 3-15                  [-1, 64, 1, 69]           --
|    |    └─Conv2d: 3-16                 [-1, 64, 1, 69]           4,160
|    └─Conv2d: 2-14                      [-1, 1, 1, 69]            65
==========================================================================================
Total params: 99,041
Trainable params: 99,041
Non-trainable params: 0
Total mult-adds (M): 15.28
==========================================================================================
Input size (MB): 0.00
Forward/backward pass size (MB): 2.16
Params size (MB): 0.38
Estimated Total Size (MB): 2.54
==========================================================================================
epoch 0 time used: 5  seconds  train loss: 0.2448643351315286 validation loss: 0.2825968773685995
epoch 1 time used: 5  seconds  train loss: 0.19079508005892637 validation loss: 0.2664710320511071
epoch 2 time used: 5  seconds  train loss: 0.17784684698029854 validation loss: 0.27741636960627486
epoch 3 time used: 5  seconds  train loss: 0.1709074255962535 validation loss: 0.2654744923556796
epoch 4 time used: 5  seconds  train loss: 0.16579929758303516 validation loss: 0.2607976559462441
epoch 5 time used: 5  seconds  train loss: 0.1626282967608832 validation loss: 0.27956967267456967
epoch 6 time used: 5  seconds  train loss: 0.16078250172328637 validation loss: 0.2728605379615589
epoch 7 time used: 5  seconds  train loss: 0.15895569884835362 validation loss: 0.25789227911695645
epoch 8 time used: 5  seconds  train loss: 0.15817458687901206 validation loss: 0.259543628401574
epoch 9 time used: 5  seconds  train loss: 0.1573946488612827 validation loss: 0.2562626682889169
epoch 10 time used: 5  seconds  train loss: 0.15480232590713827 validation loss: 0.26999441136038105
epoch 11 time used: 5  seconds  train loss: 0.15280433007878022 validation loss: 0.25348407932845646
epoch 12 time used: 5  seconds  train loss: 0.15263465617668756 validation loss: 0.26027101456812973
epoch 13 time used: 5  seconds  train loss: 0.1517493302878463 validation loss: 0.26724020462680803
epoch 14 time used: 5  seconds  train loss: 0.1522792971464513 validation loss: 0.2601865137126605
epoch 15 time used: 5  seconds  train loss: 0.15074986479538868 validation loss: 0.25245383054579046
epoch 16 time used: 4  seconds  train loss: 0.15012461224900286 validation loss: 0.25330439357844614
epoch 17 time used: 4  seconds  train loss: 0.14957170833050962 validation loss: 0.24783050095055761
epoch 18 time used: 4  seconds  train loss: 0.1493791403426518 validation loss: 0.25461421081561464
epoch 19 time used: 4  seconds  train loss: 0.1482449833246004 validation loss: 0.25673480988976893
epoch 20 time used: 5  seconds  train loss: 0.14937277565958448 validation loss: 0.2562285031649431
epoch 21 time used: 5  seconds  train loss: 0.14830023269392945 validation loss: 0.25483510429459305
epoch 22 time used: 5  seconds  train loss: 0.14788220879403963 validation loss: 0.2621787805439606
epoch 23 time used: 5  seconds  train loss: 0.14740716185915637 validation loss: 0.24620615837578086
epoch 24 time used: 5  seconds  train loss: 0.14721737258445955 validation loss: 0.26024166694791806
epoch 25 time used: 5  seconds  train loss: 0.14688974358050338 validation loss: 0.2512833840902778
epoch 26 time used: 5  seconds  train loss: 0.1459406175769823 validation loss: 0.2589557472971325
epoch 27 time used: 5  seconds  train loss: 0.1458034869171102 validation loss: 0.25058786520023585
epoch 28 time used: 5  seconds  train loss: 0.14498256537349805 validation loss: 0.2452626891191932
epoch 29 time used: 5  seconds  train loss: 0.14449432236009627 validation loss: 0.2556518149831536
epoch 30 time used: 5  seconds  train loss: 0.1449787144701755 validation loss: 0.2505323808327853
epoch 31 time used: 5  seconds  train loss: 0.1441985515991458 validation loss: 0.25455566927901147
epoch 32 time used: 5  seconds  train loss: 0.14447050122050803 validation loss: 0.2518757796260335
epoch 33 time used: 5  seconds  train loss: 0.14435108325154974 validation loss: 0.24879367811912412
epoch 34 time used: 5  seconds  train loss: 0.14391684329597174 validation loss: 0.2578325237264921
epoch 35 time used: 5  seconds  train loss: 0.1428656214922545 validation loss: 0.24943532327618248
epoch 36 time used: 5  seconds  train loss: 0.142982210375569 validation loss: 0.2512863326841127
epoch 37 time used: 5  seconds  train loss: 0.14292478729479666 validation loss: 0.2535859184032566
Early stopping at epoch: 38
YS.shape, YS_pred.shape, (14023, 1, 1, 69) (14023, 1, 1, 69)
YS.shape, YS_pred.shape, (14023, 69) (14023, 69)
****************************************
STGCN1, train, Torch MSE, 1.4008716296e-01, 0.1400871630

STGCN1, train, MSE, RMSE, MAE, MAPE, 90.5436317008, 9.5154417502, 5.5994705937, 35.5769796929

Model Training Ended ... Tue Jan  4 03:10:37 2022
pred_NYCBike-inflow_STGCN1_1_2201040307 testing started Tue Jan  4 03:10:37 2022
getXSYS data.shape(17544, 69)
getXSYS XS.shape(3509, 1, 12, 69)
getXSYS YS.shape(3509, 1, 1, 69)
TEST XS.shape, YS.shape (3509, 1, 12, 69) (3509, 1, 1, 69)
Model Testing Started ... Tue Jan  4 03:10:37 2022
TIMESTEP_IN, TIMESTEP_OUT 12 1
torch.Size([1, 3, 69, 69])
YS.shape, YS_pred.shape, (3509, 1, 1, 69) (3509, 1, 1, 69)
YS.shape, YS_pred.shape, (3509, 69) (3509, 69)
****************************************
STGCN1, test, Torch MSE, 2.8904648252e-01, 0.2890464825

STGCN1, test, MSE, RMSE, MAE, MAPE, 160.8032123914, 12.6808206513, 7.5725688350, 38.8031094652

Model Testing Ended ... Tue Jan  4 03:10:38 2022
pred_NYCBike-inflow_STGCN2_1_2201040310 training started Tue Jan  4 03:10:38 2022
getXSYS data.shape(17544, 69)
getXSYS XS.shape(14022, 1, 12, 69)
getXSYS YS.shape(14022, 1, 1, 69)
TRAIN XS.shape YS,shape (14022, 1, 12, 69) (14022, 1, 1, 69)
Model Training Started ... Tue Jan  4 03:10:38 2022
TIMESTEP_IN, TIMESTEP_OUT 12 2
torch.Size([1, 3, 69, 69])
==========================================================================================
Layer (type:depth-idx)                   Output Shape              Param #
==========================================================================================
├─st_conv_block: 1-1                     [-1, 64, 8, 69]           --
|    └─temporal_conv_layer: 2-1          [-1, 32, 10, 69]          --
|    |    └─align: 3-1                   [-1, 32, 12, 69]          --
|    |    └─Conv2d: 3-2                  [-1, 64, 10, 69]          256
|    └─ModuleList: 2                     []                        --
|    |    └─spatio_conv_layer: 3-3       [-1, 32, 10, 69]          3,104
|    └─linear: 2-2                       [-1, 32, 10, 69]          --
|    |    └─Conv2d: 3-4                  [-1, 32, 10, 69]          1,056
|    └─temporal_conv_layer: 2-3          [-1, 64, 8, 69]           --
|    |    └─align: 3-5                   [-1, 64, 10, 69]          --
|    |    └─Conv2d: 3-6                  [-1, 64, 8, 69]           6,208
|    └─LayerNorm: 2-4                    [-1, 8, 69, 64]           8,832
|    └─Dropout: 2-5                      [-1, 64, 8, 69]           --
├─st_conv_block: 1-2                     [-1, 64, 4, 69]           --
|    └─temporal_conv_layer: 2-6          [-1, 32, 6, 69]           --
|    |    └─align: 3-7                   [-1, 32, 8, 69]           2,080
|    |    └─Conv2d: 3-8                  [-1, 64, 6, 69]           12,352
|    └─ModuleList: 2                     []                        --
|    |    └─spatio_conv_layer: 3-9       [-1, 32, 6, 69]           3,104
|    └─linear: 2-7                       [-1, 32, 6, 69]           --
|    |    └─Conv2d: 3-10                 [-1, 32, 6, 69]           1,056
|    └─temporal_conv_layer: 2-8          [-1, 64, 4, 69]           --
|    |    └─align: 3-11                  [-1, 64, 6, 69]           --
|    |    └─Conv2d: 3-12                 [-1, 64, 4, 69]           6,208
|    └─LayerNorm: 2-9                    [-1, 4, 69, 64]           8,832
|    └─Dropout: 2-10                     [-1, 64, 4, 69]           --
├─output_layer: 1-3                      [-1, 1, 1, 69]            --
|    └─temporal_conv_layer: 2-11         [-1, 64, 1, 69]           --
|    |    └─align: 3-13                  [-1, 64, 4, 69]           --
|    |    └─Conv2d: 3-14                 [-1, 128, 1, 69]          32,896
|    └─LayerNorm: 2-12                   [-1, 1, 69, 64]           8,832
|    └─temporal_conv_layer: 2-13         [-1, 64, 1, 69]           --
|    |    └─align: 3-15                  [-1, 64, 1, 69]           --
|    |    └─Conv2d: 3-16                 [-1, 64, 1, 69]           4,160
|    └─Conv2d: 2-14                      [-1, 1, 1, 69]            65
==========================================================================================
Total params: 99,041
Trainable params: 99,041
Non-trainable params: 0
Total mult-adds (M): 15.28
==========================================================================================
Input size (MB): 0.00
Forward/backward pass size (MB): 2.16
Params size (MB): 0.38
Estimated Total Size (MB): 2.54
==========================================================================================
epoch 0 time used: 5  seconds  train loss: 0.295769382713622 validation loss: 0.39609294505848314
epoch 1 time used: 5  seconds  train loss: 0.23103857320841995 validation loss: 0.35652151272015375
epoch 2 time used: 5  seconds  train loss: 0.21385326673902133 validation loss: 0.34376344366952205
epoch 3 time used: 5  seconds  train loss: 0.20338032414383833 validation loss: 0.3526548320439225
epoch 4 time used: 5  seconds  train loss: 0.19832909484079253 validation loss: 0.35633428948169016
epoch 5 time used: 5  seconds  train loss: 0.1915965026772997 validation loss: 0.35456265781990676
epoch 6 time used: 5  seconds  train loss: 0.18959835435982894 validation loss: 0.3636500821818098
epoch 7 time used: 5  seconds  train loss: 0.18704731994264429 validation loss: 0.33199838113254365
epoch 8 time used: 5  seconds  train loss: 0.1844882616418451 validation loss: 0.3808172565321207
epoch 9 time used: 5  seconds  train loss: 0.18198237382133603 validation loss: 0.3340712467466704
epoch 10 time used: 5  seconds  train loss: 0.18071191355480387 validation loss: 0.34183519565236276
epoch 11 time used: 5  seconds  train loss: 0.17706835394418077 validation loss: 0.330878668982712
epoch 12 time used: 5  seconds  train loss: 0.17495425122734853 validation loss: 0.34419481887248876
epoch 13 time used: 5  seconds  train loss: 0.17452870036932103 validation loss: 0.333430422063018
epoch 14 time used: 5  seconds  train loss: 0.17343853713928006 validation loss: 0.3309692829694329
epoch 15 time used: 5  seconds  train loss: 0.17230321034304485 validation loss: 0.34043805676056055
epoch 16 time used: 5  seconds  train loss: 0.1714749396702355 validation loss: 0.3328677594015684
epoch 17 time used: 5  seconds  train loss: 0.17137199989575047 validation loss: 0.332912580054349
epoch 18 time used: 5  seconds  train loss: 0.1709251074219539 validation loss: 0.33070081144282293
epoch 19 time used: 5  seconds  train loss: 0.1695794133495727 validation loss: 0.33555704938365744
epoch 20 time used: 5  seconds  train loss: 0.1676267913903785 validation loss: 0.31844412075133577
epoch 21 time used: 5  seconds  train loss: 0.1673745855352622 validation loss: 0.31994692823986154
epoch 22 time used: 5  seconds  train loss: 0.1671068688466075 validation loss: 0.3299044065657712
epoch 23 time used: 5  seconds  train loss: 0.16465510251722415 validation loss: 0.3225828451696832
epoch 24 time used: 5  seconds  train loss: 0.16527273947471258 validation loss: 0.33330557979452086
epoch 25 time used: 5  seconds  train loss: 0.16451496874725471 validation loss: 0.332086333515164
epoch 26 time used: 5  seconds  train loss: 0.1639267991900648 validation loss: 0.33477916866455903
epoch 27 time used: 5  seconds  train loss: 0.1629648969149432 validation loss: 0.33363560263728387
epoch 28 time used: 5  seconds  train loss: 0.16303840434311245 validation loss: 0.32849383981514846
epoch 29 time used: 5  seconds  train loss: 0.16236788265929944 validation loss: 0.33209312293642396
epoch 30 time used: 5  seconds  train loss: 0.1610894609363828 validation loss: 0.31295030710701255
epoch 31 time used: 5  seconds  train loss: 0.161175494400405 validation loss: 0.32220857131841585
epoch 32 time used: 5  seconds  train loss: 0.16123723785916483 validation loss: 0.3274472820133192
epoch 33 time used: 5  seconds  train loss: 0.16029939252805162 validation loss: 0.3346739586461835
epoch 34 time used: 5  seconds  train loss: 0.1601749519058521 validation loss: 0.33094477536198214
epoch 35 time used: 5  seconds  train loss: 0.1589189382246143 validation loss: 0.3285385235268527
epoch 36 time used: 5  seconds  train loss: 0.1588514928011199 validation loss: 0.3336385908938787
epoch 37 time used: 5  seconds  train loss: 0.1593233310745868 validation loss: 0.3256708935064652
epoch 38 time used: 5  seconds  train loss: 0.15763854074909553 validation loss: 0.3232528922629914
epoch 39 time used: 5  seconds  train loss: 0.1569972876810058 validation loss: 0.33005152670778143
Early stopping at epoch: 40
YS.shape, YS_pred.shape, (14022, 1, 1, 69) (14022, 1, 1, 69)
YS.shape, YS_pred.shape, (14022, 69) (14022, 69)
****************************************
STGCN2, train, Torch MSE, 1.5282749127e-01, 0.1528274913

STGCN2, train, MSE, RMSE, MAE, MAPE, 140.9583039693, 11.8725862376, 6.5256206477, 41.9189611398

Model Training Ended ... Tue Jan  4 03:14:21 2022
pred_NYCBike-inflow_STGCN2_1_2201040310 testing started Tue Jan  4 03:14:21 2022
getXSYS data.shape(17544, 69)
getXSYS XS.shape(3508, 1, 12, 69)
getXSYS YS.shape(3508, 1, 1, 69)
TEST XS.shape, YS.shape (3508, 1, 12, 69) (3508, 1, 1, 69)
Model Testing Started ... Tue Jan  4 03:14:21 2022
TIMESTEP_IN, TIMESTEP_OUT 12 2
torch.Size([1, 3, 69, 69])
YS.shape, YS_pred.shape, (3508, 1, 1, 69) (3508, 1, 1, 69)
YS.shape, YS_pred.shape, (3508, 69) (3508, 69)
****************************************
STGCN2, test, Torch MSE, 3.6267811097e-01, 0.3626781110

STGCN2, test, MSE, RMSE, MAE, MAPE, 305.6927076987, 17.4840701125, 9.9310264331, 46.9615647563

Model Testing Ended ... Tue Jan  4 03:14:21 2022
pred_NYCBike-inflow_STGCN3_1_2201040314 training started Tue Jan  4 03:14:21 2022
getXSYS data.shape(17544, 69)
getXSYS XS.shape(14021, 1, 12, 69)
getXSYS YS.shape(14021, 1, 1, 69)
TRAIN XS.shape YS,shape (14021, 1, 12, 69) (14021, 1, 1, 69)
Model Training Started ... Tue Jan  4 03:14:21 2022
TIMESTEP_IN, TIMESTEP_OUT 12 3
torch.Size([1, 3, 69, 69])
==========================================================================================
Layer (type:depth-idx)                   Output Shape              Param #
==========================================================================================
├─st_conv_block: 1-1                     [-1, 64, 8, 69]           --
|    └─temporal_conv_layer: 2-1          [-1, 32, 10, 69]          --
|    |    └─align: 3-1                   [-1, 32, 12, 69]          --
|    |    └─Conv2d: 3-2                  [-1, 64, 10, 69]          256
|    └─ModuleList: 2                     []                        --
|    |    └─spatio_conv_layer: 3-3       [-1, 32, 10, 69]          3,104
|    └─linear: 2-2                       [-1, 32, 10, 69]          --
|    |    └─Conv2d: 3-4                  [-1, 32, 10, 69]          1,056
|    └─temporal_conv_layer: 2-3          [-1, 64, 8, 69]           --
|    |    └─align: 3-5                   [-1, 64, 10, 69]          --
|    |    └─Conv2d: 3-6                  [-1, 64, 8, 69]           6,208
|    └─LayerNorm: 2-4                    [-1, 8, 69, 64]           8,832
|    └─Dropout: 2-5                      [-1, 64, 8, 69]           --
├─st_conv_block: 1-2                     [-1, 64, 4, 69]           --
|    └─temporal_conv_layer: 2-6          [-1, 32, 6, 69]           --
|    |    └─align: 3-7                   [-1, 32, 8, 69]           2,080
|    |    └─Conv2d: 3-8                  [-1, 64, 6, 69]           12,352
|    └─ModuleList: 2                     []                        --
|    |    └─spatio_conv_layer: 3-9       [-1, 32, 6, 69]           3,104
|    └─linear: 2-7                       [-1, 32, 6, 69]           --
|    |    └─Conv2d: 3-10                 [-1, 32, 6, 69]           1,056
|    └─temporal_conv_layer: 2-8          [-1, 64, 4, 69]           --
|    |    └─align: 3-11                  [-1, 64, 6, 69]           --
|    |    └─Conv2d: 3-12                 [-1, 64, 4, 69]           6,208
|    └─LayerNorm: 2-9                    [-1, 4, 69, 64]           8,832
|    └─Dropout: 2-10                     [-1, 64, 4, 69]           --
├─output_layer: 1-3                      [-1, 1, 1, 69]            --
|    └─temporal_conv_layer: 2-11         [-1, 64, 1, 69]           --
|    |    └─align: 3-13                  [-1, 64, 4, 69]           --
|    |    └─Conv2d: 3-14                 [-1, 128, 1, 69]          32,896
|    └─LayerNorm: 2-12                   [-1, 1, 69, 64]           8,832
|    └─temporal_conv_layer: 2-13         [-1, 64, 1, 69]           --
|    |    └─align: 3-15                  [-1, 64, 1, 69]           --
|    |    └─Conv2d: 3-16                 [-1, 64, 1, 69]           4,160
|    └─Conv2d: 2-14                      [-1, 1, 1, 69]            65
==========================================================================================
Total params: 99,041
Trainable params: 99,041
Non-trainable params: 0
Total mult-adds (M): 15.28
==========================================================================================
Input size (MB): 0.00
Forward/backward pass size (MB): 2.16
Params size (MB): 0.38
Estimated Total Size (MB): 2.54
==========================================================================================
epoch 0 time used: 5  seconds  train loss: 0.3550333305391692 validation loss: 0.41713388188525874
epoch 1 time used: 5  seconds  train loss: 0.26621234078806855 validation loss: 0.44806878021357743
epoch 2 time used: 5  seconds  train loss: 0.24748375783982632 validation loss: 0.44831654633444784
epoch 3 time used: 5  seconds  train loss: 0.2358068081865802 validation loss: 0.46923594606038305
epoch 4 time used: 5  seconds  train loss: 0.22817474793136255 validation loss: 0.48089113003583345
epoch 5 time used: 5  seconds  train loss: 0.21958090948930267 validation loss: 0.4239609614652154
epoch 6 time used: 5  seconds  train loss: 0.216913867548696 validation loss: 0.4198509392504412
epoch 7 time used: 5  seconds  train loss: 0.21483032154189596 validation loss: 0.4472253695937884
epoch 8 time used: 5  seconds  train loss: 0.20988397892014304 validation loss: 0.38460713619854
epoch 9 time used: 5  seconds  train loss: 0.20855326180470507 validation loss: 0.412993317628274
epoch 10 time used: 5  seconds  train loss: 0.20580726251234477 validation loss: 0.4034535151614642
epoch 11 time used: 5  seconds  train loss: 0.20335187880795438 validation loss: 0.4442853309124861
epoch 12 time used: 5  seconds  train loss: 0.2011833505168737 validation loss: 0.42946652839405497
epoch 13 time used: 5  seconds  train loss: 0.19877149833212623 validation loss: 0.40048707077248874
epoch 14 time used: 5  seconds  train loss: 0.198424076898929 validation loss: 0.41506436407668074
epoch 15 time used: 5  seconds  train loss: 0.19731964275391514 validation loss: 0.388513385161494
epoch 16 time used: 5  seconds  train loss: 0.19359356694027932 validation loss: 0.3938712953025113
epoch 17 time used: 5  seconds  train loss: 0.1928856776772783 validation loss: 0.39796141774329336
epoch 18 time used: 5  seconds  train loss: 0.1934533964588699 validation loss: 0.3709303881363126
epoch 19 time used: 5  seconds  train loss: 0.1901927682682556 validation loss: 0.4028626360249941
epoch 20 time used: 5  seconds  train loss: 0.18888010671055586 validation loss: 0.4039212033977117
epoch 21 time used: 5  seconds  train loss: 0.1868484537619739 validation loss: 0.3817587758871874
epoch 22 time used: 5  seconds  train loss: 0.1868986049099158 validation loss: 0.3803673762630478
epoch 23 time used: 5  seconds  train loss: 0.18571151950905834 validation loss: 0.38685651935309734
epoch 24 time used: 5  seconds  train loss: 0.1844749306433357 validation loss: 0.3808049154975247
epoch 25 time used: 5  seconds  train loss: 0.18426112535239278 validation loss: 0.36587158238214557
epoch 26 time used: 5  seconds  train loss: 0.18243493643089193 validation loss: 0.38121037927275037
epoch 27 time used: 5  seconds  train loss: 0.1813205012843319 validation loss: 0.3942574245278249
epoch 28 time used: 5  seconds  train loss: 0.1820780445396764 validation loss: 0.3674079101220309
epoch 29 time used: 5  seconds  train loss: 0.17921556449301826 validation loss: 0.39698554047569845
epoch 30 time used: 5  seconds  train loss: 0.18030275603653673 validation loss: 0.3719169711359419
epoch 31 time used: 5  seconds  train loss: 0.17760306336337905 validation loss: 0.39668447741493795
epoch 32 time used: 5  seconds  train loss: 0.17774520957745907 validation loss: 0.38884706515553197
epoch 33 time used: 5  seconds  train loss: 0.17539080521222392 validation loss: 0.3790676860012331
epoch 34 time used: 5  seconds  train loss: 0.17448789081473984 validation loss: 0.372716371154894
Early stopping at epoch: 35
YS.shape, YS_pred.shape, (14021, 1, 1, 69) (14021, 1, 1, 69)
YS.shape, YS_pred.shape, (14021, 69) (14021, 69)
****************************************
STGCN3, train, Torch MSE, 1.7146933915e-01, 0.1714693391

STGCN3, train, MSE, RMSE, MAE, MAPE, 185.9857459641, 13.6376591087, 7.4525108376, 46.9098612244

Model Training Ended ... Tue Jan  4 03:17:40 2022
pred_NYCBike-inflow_STGCN3_1_2201040314 testing started Tue Jan  4 03:17:40 2022
getXSYS data.shape(17544, 69)
getXSYS XS.shape(3507, 1, 12, 69)
getXSYS YS.shape(3507, 1, 1, 69)
TEST XS.shape, YS.shape (3507, 1, 12, 69) (3507, 1, 1, 69)
Model Testing Started ... Tue Jan  4 03:17:40 2022
TIMESTEP_IN, TIMESTEP_OUT 12 3
torch.Size([1, 3, 69, 69])
YS.shape, YS_pred.shape, (3507, 1, 1, 69) (3507, 1, 1, 69)
YS.shape, YS_pred.shape, (3507, 69) (3507, 69)
****************************************
STGCN3, test, Torch MSE, 4.0302140806e-01, 0.4030214081

STGCN3, test, MSE, RMSE, MAE, MAPE, 384.5851906471, 19.6108437005, 11.1131974424, 52.1144681779

Model Testing Ended ... Tue Jan  4 03:17:40 2022
