nohup: ignoring input
../data-NYCTaxi/60min/taxi-timestamp-inflow.h5
Namespace(addtime=True, adjpath='../data-NYCZones/adjmatrix/W_adj_matrix.csv', adjtype='symnadj', batchsize=64, channel=4, dataname='NYC-Taxi-inflow-timestamp', datatype=0, epoch=200, ex='typhoon-inflow', flowpath='../data-NYCTaxi/60min/taxi-timestamp-inflow.h5', gpu=5, graphnum=1, loss='MAE', lr=0.001, n_node=69, optimizer='Adam', patience=10, target=0, timestep_in=12, timestep_out=3, trainratio=0.8, trainvalsplit=0.125)
data.shape (17544, 69)
pred_NYC-Taxi-inflow-timestamp_STGCN1_1_2201041649 training started Tue Jan  4 16:49:26 2022
getXSYS data.shape(17544, 69)
getXSYS XS.shape(14023, 1, 12, 69)
getXSYS YS.shape(14023, 1, 1, 69)
XS shape is (14023, 1, 12, 69)
YS shape is (14023, 1, 1, 69)
getXSYS data.shape(17544, 69)
getXSYS XS.shape(14023, 1, 12, 69)
getXSYS YS.shape(14023, 1, 1, 69)
getXSYS data.shape(17544, 69)
getXSYS XS.shape(14023, 1, 12, 69)
getXSYS YS.shape(14023, 1, 1, 69)
XS shape after is (14023, 2, 12, 69)
YS shape after is (14023, 1, 1, 69)
TRAIN XS.shape YS,shape (14023, 2, 12, 69) (14023, 1, 1, 69)
Model Training Started ... Tue Jan  4 16:49:27 2022
TIMESTEP_IN, TIMESTEP_OUT 12 1
torch.Size([1, 3, 69, 69])
==========================================================================================
Layer (type:depth-idx)                   Output Shape              Param #
==========================================================================================
├─st_conv_block: 1-1                     [-1, 64, 8, 69]           --
|    └─temporal_conv_layer: 2-1          [-1, 32, 10, 69]          --
|    |    └─align: 3-1                   [-1, 32, 12, 69]          --
|    |    └─Conv2d: 3-2                  [-1, 64, 10, 69]          448
|    └─ModuleList: 2                     []                        --
|    |    └─spatio_conv_layer: 3-3       [-1, 32, 10, 69]          3,104
|    └─linear: 2-2                       [-1, 32, 10, 69]          --
|    |    └─Conv2d: 3-4                  [-1, 32, 10, 69]          1,056
|    └─temporal_conv_layer: 2-3          [-1, 64, 8, 69]           --
|    |    └─align: 3-5                   [-1, 64, 10, 69]          --
|    |    └─Conv2d: 3-6                  [-1, 64, 8, 69]           6,208
|    └─LayerNorm: 2-4                    [-1, 8, 69, 64]           8,832
|    └─Dropout: 2-5                      [-1, 64, 8, 69]           --
├─st_conv_block: 1-2                     [-1, 64, 4, 69]           --
|    └─temporal_conv_layer: 2-6          [-1, 32, 6, 69]           --
|    |    └─align: 3-7                   [-1, 32, 8, 69]           2,080
|    |    └─Conv2d: 3-8                  [-1, 64, 6, 69]           12,352
|    └─ModuleList: 2                     []                        --
|    |    └─spatio_conv_layer: 3-9       [-1, 32, 6, 69]           3,104
|    └─linear: 2-7                       [-1, 32, 6, 69]           --
|    |    └─Conv2d: 3-10                 [-1, 32, 6, 69]           1,056
|    └─temporal_conv_layer: 2-8          [-1, 64, 4, 69]           --
|    |    └─align: 3-11                  [-1, 64, 6, 69]           --
|    |    └─Conv2d: 3-12                 [-1, 64, 4, 69]           6,208
|    └─LayerNorm: 2-9                    [-1, 4, 69, 64]           8,832
|    └─Dropout: 2-10                     [-1, 64, 4, 69]           --
├─output_layer: 1-3                      [-1, 1, 1, 69]            --
|    └─temporal_conv_layer: 2-11         [-1, 64, 1, 69]           --
|    |    └─align: 3-13                  [-1, 64, 4, 69]           --
|    |    └─Conv2d: 3-14                 [-1, 128, 1, 69]          32,896
|    └─LayerNorm: 2-12                   [-1, 1, 69, 64]           8,832
|    └─temporal_conv_layer: 2-13         [-1, 64, 1, 69]           --
|    |    └─align: 3-15                  [-1, 64, 1, 69]           --
|    |    └─Conv2d: 3-16                 [-1, 64, 1, 69]           4,160
|    └─Conv2d: 2-14                      [-1, 1, 1, 69]            65
==========================================================================================
Total params: 99,233
Trainable params: 99,233
Non-trainable params: 0
Total mult-adds (M): 15.41
==========================================================================================
Input size (MB): 0.01
Forward/backward pass size (MB): 2.16
Params size (MB): 0.38
Estimated Total Size (MB): 2.54
==========================================================================================
epoch 0 time used: 5  seconds  train loss: 0.3330058624322762 validation loss: 0.2692236942151446
epoch 1 time used: 5  seconds  train loss: 0.27766631137770953 validation loss: 0.2525910467368429
epoch 2 time used: 5  seconds  train loss: 0.2616330887354188 validation loss: 0.2491516954920595
epoch 3 time used: 5  seconds  train loss: 0.25565718722324016 validation loss: 0.23946433311622617
epoch 4 time used: 5  seconds  train loss: 0.2495663153148805 validation loss: 0.23966636744588699
epoch 5 time used: 5  seconds  train loss: 0.24446855862401032 validation loss: 0.23416096214321908
epoch 6 time used: 5  seconds  train loss: 0.24135658013548614 validation loss: 0.23750582129120215
epoch 7 time used: 5  seconds  train loss: 0.2400473631341572 validation loss: 0.23115118338391227
epoch 8 time used: 5  seconds  train loss: 0.23851969857087638 validation loss: 0.2317952827358681
epoch 9 time used: 5  seconds  train loss: 0.23534832398582495 validation loss: 0.22987263920439086
epoch 10 time used: 5  seconds  train loss: 0.2342333611231464 validation loss: 0.23248552071558565
epoch 11 time used: 5  seconds  train loss: 0.23192192335243428 validation loss: 0.22975615172711225
epoch 12 time used: 5  seconds  train loss: 0.23106865804177917 validation loss: 0.22761742998481954
epoch 13 time used: 5  seconds  train loss: 0.2320538055780173 validation loss: 0.23026247212054454
epoch 14 time used: 5  seconds  train loss: 0.23092353818080438 validation loss: 0.22668301209135866
epoch 15 time used: 5  seconds  train loss: 0.2278754629686584 validation loss: 0.22537827334503277
epoch 16 time used: 5  seconds  train loss: 0.22774571723440554 validation loss: 0.22727089107070592
epoch 17 time used: 5  seconds  train loss: 0.2267580352426061 validation loss: 0.22547602797159794
epoch 18 time used: 5  seconds  train loss: 0.2258775631878176 validation loss: 0.2210067364398371
epoch 19 time used: 5  seconds  train loss: 0.22578657709104605 validation loss: 0.2213083885937368
epoch 20 time used: 5  seconds  train loss: 0.22553383393460594 validation loss: 0.22324890726236907
epoch 21 time used: 5  seconds  train loss: 0.22306023609521627 validation loss: 0.22078694273965807
epoch 22 time used: 5  seconds  train loss: 0.22376749360813974 validation loss: 0.21832638194373316
epoch 23 time used: 5  seconds  train loss: 0.22290936905189365 validation loss: 0.2200278740692873
epoch 24 time used: 5  seconds  train loss: 0.22172311883975357 validation loss: 0.21819287599731158
epoch 25 time used: 5  seconds  train loss: 0.222356544054905 validation loss: 0.21980960617831144
epoch 26 time used: 5  seconds  train loss: 0.22147504967601686 validation loss: 0.21711253903963468
epoch 27 time used: 5  seconds  train loss: 0.22095546465436908 validation loss: 0.21793774185150744
epoch 28 time used: 5  seconds  train loss: 0.22012130391966936 validation loss: 0.2183827553826336
epoch 29 time used: 5  seconds  train loss: 0.2199331565319083 validation loss: 0.22381682525650815
epoch 30 time used: 5  seconds  train loss: 0.21964986712444867 validation loss: 0.21517510943357018
epoch 31 time used: 5  seconds  train loss: 0.21898160156138854 validation loss: 0.2162612483831929
epoch 32 time used: 5  seconds  train loss: 0.2185447581215612 validation loss: 0.21887483802680893
epoch 33 time used: 5  seconds  train loss: 0.21806390323868202 validation loss: 0.2151839151782984
epoch 34 time used: 5  seconds  train loss: 0.21695943181604121 validation loss: 0.21524737689471965
epoch 35 time used: 5  seconds  train loss: 0.2171431248131669 validation loss: 0.21800740686268108
epoch 36 time used: 5  seconds  train loss: 0.21656516703921988 validation loss: 0.21511388388587213
epoch 37 time used: 5  seconds  train loss: 0.21597480423195925 validation loss: 0.2151400054939393
epoch 38 time used: 5  seconds  train loss: 0.2155007156081188 validation loss: 0.21831236121760594
epoch 39 time used: 5  seconds  train loss: 0.21504531405082833 validation loss: 0.21385485245816993
epoch 40 time used: 5  seconds  train loss: 0.21452239287657376 validation loss: 0.21419771812129415
epoch 41 time used: 5  seconds  train loss: 0.21369294696400198 validation loss: 0.21213333148889657
epoch 42 time used: 5  seconds  train loss: 0.2131845663817024 validation loss: 0.2122163656297848
epoch 43 time used: 5  seconds  train loss: 0.21314703106588723 validation loss: 0.21271481421492947
epoch 44 time used: 5  seconds  train loss: 0.21252116938140592 validation loss: 0.21502743754907805
epoch 45 time used: 5  seconds  train loss: 0.21261692409021832 validation loss: 0.21388438397554146
epoch 46 time used: 5  seconds  train loss: 0.21141585302527785 validation loss: 0.2106287418197919
epoch 47 time used: 5  seconds  train loss: 0.21076221263981876 validation loss: 0.21229537553910996
epoch 48 time used: 5  seconds  train loss: 0.2104086166513384 validation loss: 0.21032674554512287
epoch 49 time used: 5  seconds  train loss: 0.2100388111772825 validation loss: 0.21027006612664553
epoch 50 time used: 5  seconds  train loss: 0.2093813189837441 validation loss: 0.2100331049797131
epoch 51 time used: 5  seconds  train loss: 0.20923480000938938 validation loss: 0.21322321304408606
epoch 52 time used: 5  seconds  train loss: 0.2085505910563877 validation loss: 0.21144206279594424
epoch 53 time used: 5  seconds  train loss: 0.20772582479094526 validation loss: 0.21065317982615434
epoch 54 time used: 5  seconds  train loss: 0.20806806951202603 validation loss: 0.208812290746283
epoch 55 time used: 5  seconds  train loss: 0.2065544282481645 validation loss: 0.20991793606394166
epoch 56 time used: 5  seconds  train loss: 0.20609494164743944 validation loss: 0.20729595874114778
epoch 57 time used: 5  seconds  train loss: 0.20605708861992236 validation loss: 0.20922540852463184
epoch 58 time used: 5  seconds  train loss: 0.20566322509117407 validation loss: 0.20764663977855558
epoch 59 time used: 5  seconds  train loss: 0.20522757035110087 validation loss: 0.20879875582521193
epoch 60 time used: 5  seconds  train loss: 0.2046837663130733 validation loss: 0.20758168811602248
epoch 61 time used: 5  seconds  train loss: 0.20496175038979708 validation loss: 0.206980742458881
epoch 62 time used: 5  seconds  train loss: 0.20365119073676596 validation loss: 0.2061638549029725
epoch 63 time used: 5  seconds  train loss: 0.2034421689571553 validation loss: 0.20610173793772052
epoch 64 time used: 5  seconds  train loss: 0.20303516574962993 validation loss: 0.2074030142679122
epoch 65 time used: 5  seconds  train loss: 0.20202769962334496 validation loss: 0.20701576034919372
epoch 66 time used: 5  seconds  train loss: 0.201497010642567 validation loss: 0.20803513283975725
epoch 67 time used: 5  seconds  train loss: 0.20152917450146648 validation loss: 0.20693828750357107
epoch 68 time used: 5  seconds  train loss: 0.2009823792089557 validation loss: 0.20820147607473394
epoch 69 time used: 5  seconds  train loss: 0.2009426638981921 validation loss: 0.20742193060776742
epoch 70 time used: 5  seconds  train loss: 0.19981270362034792 validation loss: 0.20766426551464415
epoch 71 time used: 5  seconds  train loss: 0.19942376432908485 validation loss: 0.2036767689520743
epoch 72 time used: 5  seconds  train loss: 0.19950916861846568 validation loss: 0.20545388793034072
epoch 73 time used: 5  seconds  train loss: 0.19872927986079342 validation loss: 0.20430612786796795
epoch 74 time used: 5  seconds  train loss: 0.198482854629107 validation loss: 0.20320149673031046
epoch 75 time used: 5  seconds  train loss: 0.19750868747073067 validation loss: 0.2049140779039075
epoch 76 time used: 5  seconds  train loss: 0.1972576059868594 validation loss: 0.20398390704539593
epoch 77 time used: 5  seconds  train loss: 0.1974762358603287 validation loss: 0.20230630811152972
epoch 78 time used: 5  seconds  train loss: 0.1969979225423342 validation loss: 0.20300928768061666
epoch 79 time used: 5  seconds  train loss: 0.19649400558526087 validation loss: 0.20832844066640274
epoch 80 time used: 5  seconds  train loss: 0.19616621499053813 validation loss: 0.2031193253607051
epoch 81 time used: 5  seconds  train loss: 0.19546970934914493 validation loss: 0.20080002437675604
epoch 82 time used: 5  seconds  train loss: 0.19522845706467523 validation loss: 0.20405170085154054
epoch 83 time used: 5  seconds  train loss: 0.1947058977882553 validation loss: 0.20148376335059992
epoch 84 time used: 5  seconds  train loss: 0.19427174970495478 validation loss: 0.201263585288866
epoch 85 time used: 5  seconds  train loss: 0.1939160212449359 validation loss: 0.2012210077156153
epoch 86 time used: 5  seconds  train loss: 0.19359065958563643 validation loss: 0.1993798832517995
epoch 87 time used: 5  seconds  train loss: 0.1936753713341389 validation loss: 0.20028834624659042
epoch 88 time used: 5  seconds  train loss: 0.19266912286225235 validation loss: 0.1996830948423945
epoch 89 time used: 5  seconds  train loss: 0.19280741115168235 validation loss: 0.20107589282108182
epoch 90 time used: 5  seconds  train loss: 0.19253944097103487 validation loss: 0.20012217433671575
epoch 91 time used: 5  seconds  train loss: 0.1916746305345809 validation loss: 0.1994704362653149
epoch 92 time used: 5  seconds  train loss: 0.1922048653784863 validation loss: 0.19899870878583828
epoch 93 time used: 5  seconds  train loss: 0.19089417204005793 validation loss: 0.20097351521338588
epoch 94 time used: 5  seconds  train loss: 0.19095923821908628 validation loss: 0.19881295758319187
epoch 95 time used: 5  seconds  train loss: 0.1901010474856539 validation loss: 0.19857630240733598
epoch 96 time used: 5  seconds  train loss: 0.18974525476240392 validation loss: 0.20099590245275176
epoch 97 time used: 5  seconds  train loss: 0.19031056909903143 validation loss: 0.1984760021218149
epoch 98 time used: 5  seconds  train loss: 0.1895809451884726 validation loss: 0.19808969464359186
epoch 99 time used: 5  seconds  train loss: 0.18964846191021517 validation loss: 0.19833093826354603
epoch 100 time used: 5  seconds  train loss: 0.18875379848985432 validation loss: 0.19752530142435398
epoch 101 time used: 5  seconds  train loss: 0.18827048692163065 validation loss: 0.2013315812339799
epoch 102 time used: 5  seconds  train loss: 0.18811832737320308 validation loss: 0.1967860683076258
epoch 103 time used: 5  seconds  train loss: 0.18792642244208413 validation loss: 0.19784466810078194
epoch 104 time used: 5  seconds  train loss: 0.18733630653261263 validation loss: 0.1961820970347318
epoch 105 time used: 5  seconds  train loss: 0.18724636018713411 validation loss: 0.1968871247356984
epoch 106 time used: 5  seconds  train loss: 0.186857746513568 validation loss: 0.19807614777949084
epoch 107 time used: 5  seconds  train loss: 0.18684441731922397 validation loss: 0.1967683131022924
epoch 108 time used: 5  seconds  train loss: 0.18636681558450452 validation loss: 0.1947534078454808
epoch 109 time used: 5  seconds  train loss: 0.18647363790430085 validation loss: 0.19560427284553536
epoch 110 time used: 5  seconds  train loss: 0.18614706718882798 validation loss: 0.1951215844016992
epoch 111 time used: 5  seconds  train loss: 0.18533508947154032 validation loss: 0.19527798826464637
epoch 112 time used: 5  seconds  train loss: 0.18553989394807 validation loss: 0.19590507587975797
epoch 113 time used: 5  seconds  train loss: 0.1846200663283674 validation loss: 0.19454051738661218
epoch 114 time used: 5  seconds  train loss: 0.18449277267187908 validation loss: 0.19535528271285316
epoch 115 time used: 5  seconds  train loss: 0.18429606712340532 validation loss: 0.19459408706960443
epoch 116 time used: 5  seconds  train loss: 0.1842750626991897 validation loss: 0.19378993737990013
epoch 117 time used: 5  seconds  train loss: 0.1842103264904061 validation loss: 0.19353442369225496
epoch 118 time used: 5  seconds  train loss: 0.18371089727002232 validation loss: 0.19398835223195762
epoch 119 time used: 5  seconds  train loss: 0.18331587567208935 validation loss: 0.19237582864111244
epoch 120 time used: 5  seconds  train loss: 0.18279110541553545 validation loss: 0.19350440639532843
epoch 121 time used: 5  seconds  train loss: 0.18297550776622698 validation loss: 0.19448745634068915
epoch 122 time used: 5  seconds  train loss: 0.18304292205250544 validation loss: 0.19381034819656826
epoch 123 time used: 5  seconds  train loss: 0.18229337802920384 validation loss: 0.19269080858739254
epoch 124 time used: 5  seconds  train loss: 0.18214054866204343 validation loss: 0.19324010067406341
epoch 125 time used: 5  seconds  train loss: 0.18183775844861555 validation loss: 0.1924539825709561
epoch 126 time used: 5  seconds  train loss: 0.1819349965212689 validation loss: 0.1934044549567864
epoch 127 time used: 5  seconds  train loss: 0.1807161106627067 validation loss: 0.19230559520121648
epoch 128 time used: 5  seconds  train loss: 0.18115157425257863 validation loss: 0.19231479805806537
epoch 129 time used: 5  seconds  train loss: 0.18024602865142947 validation loss: 0.19108600805673473
epoch 130 time used: 5  seconds  train loss: 0.18096110787737535 validation loss: 0.19405342575589793
epoch 131 time used: 5  seconds  train loss: 0.18041780168629315 validation loss: 0.19307697339528504
epoch 132 time used: 5  seconds  train loss: 0.18020824426155121 validation loss: 0.19322520454509287
epoch 133 time used: 5  seconds  train loss: 0.18010076262791563 validation loss: 0.19119489897643915
epoch 134 time used: 5  seconds  train loss: 0.17963278593333057 validation loss: 0.19150486422720733
epoch 135 time used: 5  seconds  train loss: 0.1797878863030366 validation loss: 0.19090880156073378
epoch 136 time used: 5  seconds  train loss: 0.17963540805192527 validation loss: 0.19079566865530412
epoch 137 time used: 5  seconds  train loss: 0.17941811804423607 validation loss: 0.1914482673473924
epoch 138 time used: 5  seconds  train loss: 0.17910330316693976 validation loss: 0.19031373118579015
epoch 139 time used: 5  seconds  train loss: 0.17863310749149944 validation loss: 0.1896123380080945
epoch 140 time used: 5  seconds  train loss: 0.17801097140092625 validation loss: 0.19002478279458138
epoch 141 time used: 5  seconds  train loss: 0.1786851245305746 validation loss: 0.1903629257756509
epoch 142 time used: 5  seconds  train loss: 0.1783691257675586 validation loss: 0.18963071769363732
epoch 143 time used: 5  seconds  train loss: 0.17836556354235514 validation loss: 0.1896572070705231
epoch 144 time used: 5  seconds  train loss: 0.17763716213909125 validation loss: 0.18925736661781534
epoch 145 time used: 5  seconds  train loss: 0.1774086538620275 validation loss: 0.1893657912238285
epoch 146 time used: 5  seconds  train loss: 0.17727290525024464 validation loss: 0.18886928550189247
epoch 147 time used: 5  seconds  train loss: 0.17744080513448568 validation loss: 0.1901384513597793
epoch 148 time used: 5  seconds  train loss: 0.17707219560066664 validation loss: 0.1896791143615927
epoch 149 time used: 5  seconds  train loss: 0.1764400327361106 validation loss: 0.1885205437745357
epoch 150 time used: 5  seconds  train loss: 0.17640545134779487 validation loss: 0.18927215238638898
epoch 151 time used: 5  seconds  train loss: 0.17620370168217625 validation loss: 0.1887874053637096
epoch 152 time used: 5  seconds  train loss: 0.17560471378892248 validation loss: 0.18913137516632667
epoch 153 time used: 5  seconds  train loss: 0.17579796771597064 validation loss: 0.18946505141169837
epoch 154 time used: 5  seconds  train loss: 0.17589836115504826 validation loss: 0.18741998894175188
epoch 155 time used: 5  seconds  train loss: 0.17551731561001666 validation loss: 0.18787187182318463
epoch 156 time used: 5  seconds  train loss: 0.17548059676853545 validation loss: 0.18931048578081713
epoch 157 time used: 5  seconds  train loss: 0.17573799388430034 validation loss: 0.187499784481437
epoch 158 time used: 5  seconds  train loss: 0.1747848907256379 validation loss: 0.18817576539904066
epoch 159 time used: 5  seconds  train loss: 0.17501639366975721 validation loss: 0.18693258507518312
epoch 160 time used: 5  seconds  train loss: 0.17467225867504985 validation loss: 0.18807218687505772
epoch 161 time used: 5  seconds  train loss: 0.17452469030918877 validation loss: 0.1881202563719959
epoch 162 time used: 5  seconds  train loss: 0.17468831717676522 validation loss: 0.18716568037808043
epoch 163 time used: 5  seconds  train loss: 0.17402531905638657 validation loss: 0.18664453252172442
epoch 164 time used: 5  seconds  train loss: 0.17404248599318245 validation loss: 0.18712752795668242
epoch 165 time used: 5  seconds  train loss: 0.17386918456309583 validation loss: 0.18765217944750157
epoch 166 time used: 5  seconds  train loss: 0.1740385840093594 validation loss: 0.18708103113152677
epoch 167 time used: 5  seconds  train loss: 0.17390168998769948 validation loss: 0.18692409713405647
epoch 168 time used: 5  seconds  train loss: 0.17378706913365516 validation loss: 0.1866276071232112
epoch 169 time used: 5  seconds  train loss: 0.173480444092428 validation loss: 0.18686069370472153
epoch 170 time used: 5  seconds  train loss: 0.1730287015729545 validation loss: 0.1868024274358325
epoch 171 time used: 5  seconds  train loss: 0.17317119664599862 validation loss: 0.186477657741162
epoch 172 time used: 5  seconds  train loss: 0.17256754983365294 validation loss: 0.1860688176841241
epoch 173 time used: 5  seconds  train loss: 0.17258108408837758 validation loss: 0.1856184364708233
epoch 174 time used: 5  seconds  train loss: 0.1728027727998362 validation loss: 0.18648980444863533
epoch 175 time used: 5  seconds  train loss: 0.17250514738717115 validation loss: 0.18542967868476884
epoch 176 time used: 5  seconds  train loss: 0.17223676579359984 validation loss: 0.186326039990084
epoch 177 time used: 5  seconds  train loss: 0.17222165679338994 validation loss: 0.18528227422214275
epoch 178 time used: 5  seconds  train loss: 0.17232761533404134 validation loss: 0.18745683523769455
epoch 179 time used: 5  seconds  train loss: 0.17217557034846137 validation loss: 0.18517751561629725
epoch 180 time used: 5  seconds  train loss: 0.17163768751939915 validation loss: 0.1847931697191134
epoch 181 time used: 5  seconds  train loss: 0.17181224952700086 validation loss: 0.18469632000020075
epoch 182 time used: 5  seconds  train loss: 0.1709575712535084 validation loss: 0.18585681068645638
epoch 183 time used: 5  seconds  train loss: 0.17148059841181654 validation loss: 0.18499890904017197
epoch 184 time used: 5  seconds  train loss: 0.17117500772248853 validation loss: 0.18466912308592015
epoch 185 time used: 5  seconds  train loss: 0.17084114526283867 validation loss: 0.18478880258233493
epoch 186 time used: 5  seconds  train loss: 0.1708084293857472 validation loss: 0.18435466720489388
epoch 187 time used: 5  seconds  train loss: 0.17082069368749103 validation loss: 0.18430206698141843
epoch 188 time used: 5  seconds  train loss: 0.1703815985716934 validation loss: 0.1844333700210927
epoch 189 time used: 5  seconds  train loss: 0.17069586629340974 validation loss: 0.18618455091443528
epoch 190 time used: 5  seconds  train loss: 0.17063974334684542 validation loss: 0.18462554851193055
epoch 191 time used: 5  seconds  train loss: 0.17037337279552936 validation loss: 0.18470835947541597
epoch 192 time used: 5  seconds  train loss: 0.17032589074209054 validation loss: 0.18524876554829695
epoch 193 time used: 5  seconds  train loss: 0.17064926166940533 validation loss: 0.18425640071961652
epoch 194 time used: 5  seconds  train loss: 0.1696313813802374 validation loss: 0.1854839321551021
epoch 195 time used: 5  seconds  train loss: 0.1698676003512077 validation loss: 0.1839610040867866
epoch 196 time used: 5  seconds  train loss: 0.16938445668883118 validation loss: 0.1834151433133698
epoch 197 time used: 5  seconds  train loss: 0.16931933873100016 validation loss: 0.1847626602163467
epoch 198 time used: 5  seconds  train loss: 0.1693642454581622 validation loss: 0.18355606794697316
epoch 199 time used: 5  seconds  train loss: 0.16945121225148754 validation loss: 0.183112625047539
YS.shape, YS_pred.shape, (14023, 1, 1, 69) (14023, 1, 1, 69)
YS.shape, YS_pred.shape, (14023, 69) (14023, 69)
****************************************
STGCN1, train, Torch MSE, 1.6731403991e-01, 0.1673140399

STGCN1, train, MSE, RMSE, MAE, MAPE, 438.1500286366, 20.9320335523, 11.4887726049, 16.3317395424

Model Training Ended ... Tue Jan  4 17:07:33 2022
pred_NYC-Taxi-inflow-timestamp_STGCN1_1_2201041649 testing started Tue Jan  4 17:07:33 2022
getXSYS data.shape(17544, 69)
getXSYS XS.shape(3509, 1, 12, 69)
getXSYS YS.shape(3509, 1, 1, 69)
XS shape is (3509, 1, 12, 69)
YS shape is (3509, 1, 1, 69)
getXSYS data.shape(17544, 69)
getXSYS XS.shape(3509, 1, 12, 69)
getXSYS YS.shape(3509, 1, 1, 69)
getXSYS data.shape(17544, 69)
getXSYS XS.shape(3509, 1, 12, 69)
getXSYS YS.shape(3509, 1, 1, 69)
XS shape after is (3509, 2, 12, 69)
YS shape after is (3509, 1, 1, 69)
TEST XS.shape, YS.shape (3509, 2, 12, 69) (3509, 1, 1, 69)
Model Testing Started ... Tue Jan  4 17:07:33 2022
TIMESTEP_IN, TIMESTEP_OUT 12 1
torch.Size([1, 3, 69, 69])
YS.shape, YS_pred.shape, (3509, 1, 1, 69) (3509, 1, 1, 69)
YS.shape, YS_pred.shape, (3509, 69) (3509, 69)
****************************************
STGCN1, test, Torch MSE, 1.7818930223e-01, 0.1781893022

STGCN1, test, MSE, RMSE, MAE, MAPE, 484.5741836005, 22.0130457593, 12.1836781137, 18.4330840988

Model Testing Ended ... Tue Jan  4 17:07:34 2022
pred_NYC-Taxi-inflow-timestamp_STGCN2_2_2201041707 training started Tue Jan  4 17:07:34 2022
getXSYS data.shape(17544, 69)
getXSYS XS.shape(14022, 1, 12, 69)
getXSYS YS.shape(14022, 1, 1, 69)
XS shape is (14022, 1, 12, 69)
YS shape is (14022, 1, 1, 69)
getXSYS data.shape(17544, 69)
getXSYS XS.shape(14022, 1, 12, 69)
getXSYS YS.shape(14022, 1, 1, 69)
getXSYS data.shape(17544, 69)
getXSYS XS.shape(14022, 1, 12, 69)
getXSYS YS.shape(14022, 1, 1, 69)
XS shape after is (14022, 2, 12, 69)
YS shape after is (14022, 1, 1, 69)
TRAIN XS.shape YS,shape (14022, 2, 12, 69) (14022, 1, 1, 69)
Model Training Started ... Tue Jan  4 17:07:34 2022
TIMESTEP_IN, TIMESTEP_OUT 12 2
torch.Size([1, 3, 69, 69])
==========================================================================================
Layer (type:depth-idx)                   Output Shape              Param #
==========================================================================================
├─st_conv_block: 1-1                     [-1, 64, 8, 69]           --
|    └─temporal_conv_layer: 2-1          [-1, 32, 10, 69]          --
|    |    └─align: 3-1                   [-1, 32, 12, 69]          --
|    |    └─Conv2d: 3-2                  [-1, 64, 10, 69]          448
|    └─ModuleList: 2                     []                        --
|    |    └─spatio_conv_layer: 3-3       [-1, 32, 10, 69]          3,104
|    └─linear: 2-2                       [-1, 32, 10, 69]          --
|    |    └─Conv2d: 3-4                  [-1, 32, 10, 69]          1,056
|    └─temporal_conv_layer: 2-3          [-1, 64, 8, 69]           --
|    |    └─align: 3-5                   [-1, 64, 10, 69]          --
|    |    └─Conv2d: 3-6                  [-1, 64, 8, 69]           6,208
|    └─LayerNorm: 2-4                    [-1, 8, 69, 64]           8,832
|    └─Dropout: 2-5                      [-1, 64, 8, 69]           --
├─st_conv_block: 1-2                     [-1, 64, 4, 69]           --
|    └─temporal_conv_layer: 2-6          [-1, 32, 6, 69]           --
|    |    └─align: 3-7                   [-1, 32, 8, 69]           2,080
|    |    └─Conv2d: 3-8                  [-1, 64, 6, 69]           12,352
|    └─ModuleList: 2                     []                        --
|    |    └─spatio_conv_layer: 3-9       [-1, 32, 6, 69]           3,104
|    └─linear: 2-7                       [-1, 32, 6, 69]           --
|    |    └─Conv2d: 3-10                 [-1, 32, 6, 69]           1,056
|    └─temporal_conv_layer: 2-8          [-1, 64, 4, 69]           --
|    |    └─align: 3-11                  [-1, 64, 6, 69]           --
|    |    └─Conv2d: 3-12                 [-1, 64, 4, 69]           6,208
|    └─LayerNorm: 2-9                    [-1, 4, 69, 64]           8,832
|    └─Dropout: 2-10                     [-1, 64, 4, 69]           --
├─output_layer: 1-3                      [-1, 1, 1, 69]            --
|    └─temporal_conv_layer: 2-11         [-1, 64, 1, 69]           --
|    |    └─align: 3-13                  [-1, 64, 4, 69]           --
|    |    └─Conv2d: 3-14                 [-1, 128, 1, 69]          32,896
|    └─LayerNorm: 2-12                   [-1, 1, 69, 64]           8,832
|    └─temporal_conv_layer: 2-13         [-1, 64, 1, 69]           --
|    |    └─align: 3-15                  [-1, 64, 1, 69]           --
|    |    └─Conv2d: 3-16                 [-1, 64, 1, 69]           4,160
|    └─Conv2d: 2-14                      [-1, 1, 1, 69]            65
==========================================================================================
Total params: 99,233
Trainable params: 99,233
Non-trainable params: 0
Total mult-adds (M): 15.41
==========================================================================================
Input size (MB): 0.01
Forward/backward pass size (MB): 2.16
Params size (MB): 0.38
Estimated Total Size (MB): 2.54
==========================================================================================
epoch 0 time used: 5  seconds  train loss: 0.38988928817354074 validation loss: 0.3072959845975951
epoch 1 time used: 5  seconds  train loss: 0.30643058333044015 validation loss: 0.28224855550887307
epoch 2 time used: 5  seconds  train loss: 0.28697268077243615 validation loss: 0.27239621975934647
epoch 3 time used: 5  seconds  train loss: 0.2750473362847231 validation loss: 0.26153170849960056
epoch 4 time used: 5  seconds  train loss: 0.26814568729940474 validation loss: 0.2541667337221754
epoch 5 time used: 5  seconds  train loss: 0.2645024495315159 validation loss: 0.25532294118737603
epoch 6 time used: 5  seconds  train loss: 0.25981374894924586 validation loss: 0.25493558715971554
epoch 7 time used: 5  seconds  train loss: 0.2565890473915357 validation loss: 0.2519754227303942
epoch 8 time used: 5  seconds  train loss: 0.25579123862730824 validation loss: 0.25858576390924143
epoch 9 time used: 5  seconds  train loss: 0.25198827719754485 validation loss: 0.2475389155808409
epoch 10 time used: 5  seconds  train loss: 0.2506646941346813 validation loss: 0.24492605461505776
epoch 11 time used: 5  seconds  train loss: 0.24778418452196185 validation loss: 0.24398114543707794
epoch 12 time used: 5  seconds  train loss: 0.24662950919158147 validation loss: 0.24219108282397694
epoch 13 time used: 5  seconds  train loss: 0.24490072649788747 validation loss: 0.2382663180249389
epoch 14 time used: 5  seconds  train loss: 0.24401988112768108 validation loss: 0.24023936219679173
epoch 15 time used: 5  seconds  train loss: 0.24313004502788405 validation loss: 0.23862608237839125
epoch 16 time used: 5  seconds  train loss: 0.24094784929492147 validation loss: 0.23842179170011182
epoch 17 time used: 5  seconds  train loss: 0.24110443760989417 validation loss: 0.23978409516219745
epoch 18 time used: 5  seconds  train loss: 0.23983812810438207 validation loss: 0.23620293441154722
epoch 19 time used: 5  seconds  train loss: 0.23961872796633782 validation loss: 0.2362509403256641
epoch 20 time used: 5  seconds  train loss: 0.2375161522492792 validation loss: 0.2346800935826027
epoch 21 time used: 5  seconds  train loss: 0.23736584031821872 validation loss: 0.2328994254503533
epoch 22 time used: 5  seconds  train loss: 0.2362826713062905 validation loss: 0.2354899875211906
epoch 23 time used: 5  seconds  train loss: 0.23462366112039904 validation loss: 0.238264765516051
epoch 24 time used: 5  seconds  train loss: 0.23488442313142546 validation loss: 0.2355141074094375
epoch 25 time used: 5  seconds  train loss: 0.23362708705441665 validation loss: 0.2328638509043407
epoch 26 time used: 5  seconds  train loss: 0.2323596547465908 validation loss: 0.22992964213872324
epoch 27 time used: 5  seconds  train loss: 0.2321560833460739 validation loss: 0.23069505681667882
epoch 28 time used: 5  seconds  train loss: 0.23169919865931418 validation loss: 0.23040023633091367
epoch 29 time used: 5  seconds  train loss: 0.23047947682964354 validation loss: 0.23071988510085867
epoch 30 time used: 5  seconds  train loss: 0.23042126440926106 validation loss: 0.22706228545646429
epoch 31 time used: 5  seconds  train loss: 0.22934779786900364 validation loss: 0.23511751178870932
epoch 32 time used: 5  seconds  train loss: 0.23006561090499442 validation loss: 0.2317927331667387
epoch 33 time used: 5  seconds  train loss: 0.2285173064895865 validation loss: 0.22602708694666912
epoch 34 time used: 5  seconds  train loss: 0.2278316230789083 validation loss: 0.22714887446358895
epoch 35 time used: 5  seconds  train loss: 0.22728219023129984 validation loss: 0.22405114433320672
epoch 36 time used: 5  seconds  train loss: 0.2265698762921932 validation loss: 0.23579130496423856
epoch 37 time used: 5  seconds  train loss: 0.22616061783476246 validation loss: 0.2256933292591837
epoch 38 time used: 5  seconds  train loss: 0.22500118698017824 validation loss: 0.22312095264027068
epoch 39 time used: 5  seconds  train loss: 0.22412874223098883 validation loss: 0.22812051116502155
epoch 40 time used: 5  seconds  train loss: 0.2239215651296133 validation loss: 0.22487538007416863
epoch 41 time used: 5  seconds  train loss: 0.22299880152863505 validation loss: 0.2235906919070264
epoch 42 time used: 5  seconds  train loss: 0.22321519450814306 validation loss: 0.2240280852920317
epoch 43 time used: 5  seconds  train loss: 0.22215035871097574 validation loss: 0.22182374373205851
epoch 44 time used: 5  seconds  train loss: 0.2217614833915017 validation loss: 0.22262431559600765
epoch 45 time used: 5  seconds  train loss: 0.2204844746214903 validation loss: 0.2216018506597262
epoch 46 time used: 5  seconds  train loss: 0.2205255111174339 validation loss: 0.2240212772464453
epoch 47 time used: 5  seconds  train loss: 0.21968477669147166 validation loss: 0.22273926324696114
epoch 48 time used: 5  seconds  train loss: 0.21894072429559003 validation loss: 0.22287568173711803
epoch 49 time used: 5  seconds  train loss: 0.2186008756741188 validation loss: 0.21976994008624887
epoch 50 time used: 5  seconds  train loss: 0.2178591697696408 validation loss: 0.21786620123210934
epoch 51 time used: 5  seconds  train loss: 0.21841671372409244 validation loss: 0.21874578813961146
epoch 52 time used: 5  seconds  train loss: 0.21677331346464349 validation loss: 0.21964830576659472
epoch 53 time used: 5  seconds  train loss: 0.21733983551749528 validation loss: 0.2179296174035097
epoch 54 time used: 5  seconds  train loss: 0.21583934094398857 validation loss: 0.21792992362959754
epoch 55 time used: 5  seconds  train loss: 0.21674353837826033 validation loss: 0.21852255037561255
epoch 56 time used: 5  seconds  train loss: 0.21428927968179737 validation loss: 0.21759960186257066
epoch 57 time used: 5  seconds  train loss: 0.21437295321677247 validation loss: 0.2177015065772834
epoch 58 time used: 5  seconds  train loss: 0.2130827781528645 validation loss: 0.2196542395483883
epoch 59 time used: 5  seconds  train loss: 0.21415109957199205 validation loss: 0.21638610828997268
epoch 60 time used: 5  seconds  train loss: 0.21165623870185676 validation loss: 0.21508211844387695
epoch 61 time used: 5  seconds  train loss: 0.21238117171646534 validation loss: 0.21417875564989197
epoch 62 time used: 5  seconds  train loss: 0.2111220904813826 validation loss: 0.21524437356695608
epoch 63 time used: 5  seconds  train loss: 0.21101497023221635 validation loss: 0.21265711644276578
epoch 64 time used: 5  seconds  train loss: 0.21053182505139784 validation loss: 0.21193045826551238
epoch 65 time used: 5  seconds  train loss: 0.21089647824004049 validation loss: 0.21357302683901255
epoch 66 time used: 5  seconds  train loss: 0.20897446100811318 validation loss: 0.2132722796182665
epoch 67 time used: 5  seconds  train loss: 0.20916124827943014 validation loss: 0.2126939591770504
epoch 68 time used: 5  seconds  train loss: 0.20748055903794413 validation loss: 0.21407961989054325
epoch 69 time used: 5  seconds  train loss: 0.20804466676989922 validation loss: 0.21242492927766432
epoch 70 time used: 5  seconds  train loss: 0.20685916657489206 validation loss: 0.21222618352292405
epoch 71 time used: 5  seconds  train loss: 0.20617297457418599 validation loss: 0.21218447194259912
epoch 72 time used: 5  seconds  train loss: 0.20607548821661328 validation loss: 0.21447768196234074
epoch 73 time used: 5  seconds  train loss: 0.2060914877557708 validation loss: 0.21204058138289184
epoch 74 time used: 5  seconds  train loss: 0.2054884582733659 validation loss: 0.21038612114723518
epoch 75 time used: 5  seconds  train loss: 0.20432820410685315 validation loss: 0.21013314119251672
epoch 76 time used: 5  seconds  train loss: 0.20388906537922935 validation loss: 0.21058224225751482
epoch 77 time used: 5  seconds  train loss: 0.20401789307744903 validation loss: 0.2101380229676307
epoch 78 time used: 5  seconds  train loss: 0.2032207747328805 validation loss: 0.20964709863585196
epoch 79 time used: 5  seconds  train loss: 0.20293283349086608 validation loss: 0.20900354602815624
epoch 80 time used: 5  seconds  train loss: 0.20221338342586487 validation loss: 0.21115540075118516
epoch 81 time used: 5  seconds  train loss: 0.20156125809454725 validation loss: 0.21021721564356557
epoch 82 time used: 5  seconds  train loss: 0.2016244782730773 validation loss: 0.2074295297834578
epoch 83 time used: 5  seconds  train loss: 0.20126323195820925 validation loss: 0.20669912762357653
epoch 84 time used: 5  seconds  train loss: 0.20015161423085032 validation loss: 0.20730984894398344
epoch 85 time used: 5  seconds  train loss: 0.1999350792148195 validation loss: 0.20555078831150134
epoch 86 time used: 5  seconds  train loss: 0.1994280708718877 validation loss: 0.20943748994310177
epoch 87 time used: 5  seconds  train loss: 0.19993495098151595 validation loss: 0.20718258431450137
epoch 88 time used: 5  seconds  train loss: 0.19896168083654503 validation loss: 0.20629280021852991
epoch 89 time used: 5  seconds  train loss: 0.19798965309304395 validation loss: 0.20508268713543093
epoch 90 time used: 5  seconds  train loss: 0.1978110076090032 validation loss: 0.2058643821947791
epoch 91 time used: 5  seconds  train loss: 0.1980298382431033 validation loss: 0.2042665879640046
epoch 92 time used: 5  seconds  train loss: 0.19782642924933302 validation loss: 0.2054096663756433
epoch 93 time used: 5  seconds  train loss: 0.19688075040243533 validation loss: 0.20544412711723423
epoch 94 time used: 5  seconds  train loss: 0.1963526134153228 validation loss: 0.20529117702553765
epoch 95 time used: 5  seconds  train loss: 0.19560985144979845 validation loss: 0.2039643986967721
epoch 96 time used: 5  seconds  train loss: 0.19581915069805964 validation loss: 0.20280143746089338
epoch 97 time used: 5  seconds  train loss: 0.1954720728867541 validation loss: 0.20495115201845893
epoch 98 time used: 5  seconds  train loss: 0.19478915152271664 validation loss: 0.20251680052899254
epoch 99 time used: 5  seconds  train loss: 0.19488809231086643 validation loss: 0.2022403184169371
epoch 100 time used: 5  seconds  train loss: 0.19474927202317696 validation loss: 0.20296089145468088
epoch 101 time used: 5  seconds  train loss: 0.19388423761817003 validation loss: 0.20075316437298546
epoch 102 time used: 5  seconds  train loss: 0.19390194841522937 validation loss: 0.20325728847990018
epoch 103 time used: 5  seconds  train loss: 0.1935385971780472 validation loss: 0.2016673966162693
epoch 104 time used: 5  seconds  train loss: 0.19343294971840763 validation loss: 0.20181511728442605
epoch 105 time used: 5  seconds  train loss: 0.1933031325570936 validation loss: 0.20111838624059847
epoch 106 time used: 5  seconds  train loss: 0.1922589835140522 validation loss: 0.20095330566014824
epoch 107 time used: 5  seconds  train loss: 0.19178682914625725 validation loss: 0.20141879025861595
epoch 108 time used: 5  seconds  train loss: 0.19130229634657225 validation loss: 0.20077085242533915
epoch 109 time used: 5  seconds  train loss: 0.19153344689371418 validation loss: 0.20043390326274169
epoch 110 time used: 5  seconds  train loss: 0.1910548204617897 validation loss: 0.19944052407555218
epoch 111 time used: 5  seconds  train loss: 0.19076543287194556 validation loss: 0.20107824738305838
epoch 112 time used: 5  seconds  train loss: 0.1906836412616887 validation loss: 0.2033046284064659
epoch 113 time used: 5  seconds  train loss: 0.19049086343086827 validation loss: 0.20120185893294612
epoch 114 time used: 5  seconds  train loss: 0.19002650178739966 validation loss: 0.20016150796202611
epoch 115 time used: 5  seconds  train loss: 0.1902343042031488 validation loss: 0.19985607269826236
epoch 116 time used: 5  seconds  train loss: 0.18959224370199443 validation loss: 0.20100797721303265
epoch 117 time used: 5  seconds  train loss: 0.18889519633592142 validation loss: 0.19937171712645244
epoch 118 time used: 5  seconds  train loss: 0.18886020671758746 validation loss: 0.19958008780726963
epoch 119 time used: 5  seconds  train loss: 0.18897932561882475 validation loss: 0.20019260780748746
epoch 120 time used: 5  seconds  train loss: 0.18836923869676953 validation loss: 0.20007725536857274
epoch 121 time used: 5  seconds  train loss: 0.188461838762095 validation loss: 0.19850867051637588
epoch 122 time used: 5  seconds  train loss: 0.18854657633155547 validation loss: 0.19891757055207518
epoch 123 time used: 5  seconds  train loss: 0.18731470565281322 validation loss: 0.19696484245168638
epoch 124 time used: 5  seconds  train loss: 0.18738304413548404 validation loss: 0.1973924292830556
epoch 125 time used: 5  seconds  train loss: 0.18723608173380776 validation loss: 0.19681376535009806
epoch 126 time used: 5  seconds  train loss: 0.18718085618554084 validation loss: 0.19802117709833353
epoch 127 time used: 5  seconds  train loss: 0.18692714954094913 validation loss: 0.19764758082063144
epoch 128 time used: 5  seconds  train loss: 0.18593232659034736 validation loss: 0.19700743725520165
epoch 129 time used: 5  seconds  train loss: 0.18594543524229185 validation loss: 0.19654612995458887
epoch 130 time used: 5  seconds  train loss: 0.18623683975391744 validation loss: 0.19676245451483534
epoch 131 time used: 5  seconds  train loss: 0.18582852108135173 validation loss: 0.19579673343839063
epoch 132 time used: 5  seconds  train loss: 0.18545199762697334 validation loss: 0.19660018976082885
epoch 133 time used: 5  seconds  train loss: 0.1857396755876105 validation loss: 0.19595751115341425
epoch 134 time used: 5  seconds  train loss: 0.18513738496062204 validation loss: 0.1958185518410161
epoch 135 time used: 5  seconds  train loss: 0.1851839420932732 validation loss: 0.1976244316074553
epoch 136 time used: 5  seconds  train loss: 0.1855437563687784 validation loss: 0.19524730909435123
epoch 137 time used: 5  seconds  train loss: 0.18420794439452795 validation loss: 0.1967565943548085
epoch 138 time used: 5  seconds  train loss: 0.1841316065036033 validation loss: 0.19606206072648458
epoch 139 time used: 5  seconds  train loss: 0.18417940678466493 validation loss: 0.19596322122228124
epoch 140 time used: 5  seconds  train loss: 0.18371881071041807 validation loss: 0.19468525145574767
epoch 141 time used: 5  seconds  train loss: 0.1835957726653295 validation loss: 0.1949385961446501
epoch 142 time used: 5  seconds  train loss: 0.18336806539772524 validation loss: 0.19600100238120563
epoch 143 time used: 5  seconds  train loss: 0.18299131437301713 validation loss: 0.1949034295997413
epoch 144 time used: 5  seconds  train loss: 0.1824832330153093 validation loss: 0.19540736591788746
epoch 145 time used: 5  seconds  train loss: 0.18257319355897114 validation loss: 0.19461701925965083
epoch 146 time used: 5  seconds  train loss: 0.1824035975614186 validation loss: 0.19445826555243642
epoch 147 time used: 5  seconds  train loss: 0.18207763669829719 validation loss: 0.1951688827104182
epoch 148 time used: 5  seconds  train loss: 0.18216199846190553 validation loss: 0.1940889028790877
epoch 149 time used: 5  seconds  train loss: 0.18236526203545142 validation loss: 0.19378917084138733
epoch 150 time used: 5  seconds  train loss: 0.18166517015531075 validation loss: 0.19430571604101438
epoch 151 time used: 5  seconds  train loss: 0.18148854864465644 validation loss: 0.19298842596926147
epoch 152 time used: 5  seconds  train loss: 0.1817710043003025 validation loss: 0.19320431593072393
epoch 153 time used: 5  seconds  train loss: 0.1810252025209708 validation loss: 0.19298882388891794
epoch 154 time used: 5  seconds  train loss: 0.18058159468138807 validation loss: 0.19376811630815624
epoch 155 time used: 5  seconds  train loss: 0.1812710121440386 validation loss: 0.19599045036999213
epoch 156 time used: 5  seconds  train loss: 0.1808542341700742 validation loss: 0.19594288650098965
epoch 157 time used: 5  seconds  train loss: 0.18116498747332696 validation loss: 0.1934418852371416
epoch 158 time used: 5  seconds  train loss: 0.1810031060713293 validation loss: 0.19416402925509285
epoch 159 time used: 5  seconds  train loss: 0.18077880820616676 validation loss: 0.19441910912598873
epoch 160 time used: 5  seconds  train loss: 0.17983810616614174 validation loss: 0.19329347081920178
Early stopping at epoch: 161
YS.shape, YS_pred.shape, (14022, 1, 1, 69) (14022, 1, 1, 69)
YS.shape, YS_pred.shape, (14022, 69) (14022, 69)
****************************************
STGCN2, train, Torch MSE, 1.7779604475e-01, 0.1777960448

STGCN2, train, MSE, RMSE, MAE, MAPE, 511.2036947977, 22.6098141257, 12.3408426930, 16.8131343582

Model Training Ended ... Tue Jan  4 17:22:10 2022
pred_NYC-Taxi-inflow-timestamp_STGCN2_2_2201041707 testing started Tue Jan  4 17:22:10 2022
getXSYS data.shape(17544, 69)
getXSYS XS.shape(3508, 1, 12, 69)
getXSYS YS.shape(3508, 1, 1, 69)
XS shape is (3508, 1, 12, 69)
YS shape is (3508, 1, 1, 69)
getXSYS data.shape(17544, 69)
getXSYS XS.shape(3508, 1, 12, 69)
getXSYS YS.shape(3508, 1, 1, 69)
getXSYS data.shape(17544, 69)
getXSYS XS.shape(3508, 1, 12, 69)
getXSYS YS.shape(3508, 1, 1, 69)
XS shape after is (3508, 2, 12, 69)
YS shape after is (3508, 1, 1, 69)
TEST XS.shape, YS.shape (3508, 2, 12, 69) (3508, 1, 1, 69)
Model Testing Started ... Tue Jan  4 17:22:10 2022
TIMESTEP_IN, TIMESTEP_OUT 12 2
torch.Size([1, 3, 69, 69])
YS.shape, YS_pred.shape, (3508, 1, 1, 69) (3508, 1, 1, 69)
YS.shape, YS_pred.shape, (3508, 69) (3508, 69)
****************************************
STGCN2, test, Torch MSE, 1.8773408812e-01, 0.1877340881

STGCN2, test, MSE, RMSE, MAE, MAPE, 575.8130719028, 23.9961053486, 13.0891213708, 19.0489713670

Model Testing Ended ... Tue Jan  4 17:22:10 2022
pred_NYC-Taxi-inflow-timestamp_STGCN3_2_2201041722 training started Tue Jan  4 17:22:10 2022
getXSYS data.shape(17544, 69)
getXSYS XS.shape(14021, 1, 12, 69)
getXSYS YS.shape(14021, 1, 1, 69)
XS shape is (14021, 1, 12, 69)
YS shape is (14021, 1, 1, 69)
getXSYS data.shape(17544, 69)
getXSYS XS.shape(14021, 1, 12, 69)
getXSYS YS.shape(14021, 1, 1, 69)
getXSYS data.shape(17544, 69)
getXSYS XS.shape(14021, 1, 12, 69)
getXSYS YS.shape(14021, 1, 1, 69)
XS shape after is (14021, 2, 12, 69)
YS shape after is (14021, 1, 1, 69)
TRAIN XS.shape YS,shape (14021, 2, 12, 69) (14021, 1, 1, 69)
Model Training Started ... Tue Jan  4 17:22:10 2022
TIMESTEP_IN, TIMESTEP_OUT 12 3
torch.Size([1, 3, 69, 69])
==========================================================================================
Layer (type:depth-idx)                   Output Shape              Param #
==========================================================================================
├─st_conv_block: 1-1                     [-1, 64, 8, 69]           --
|    └─temporal_conv_layer: 2-1          [-1, 32, 10, 69]          --
|    |    └─align: 3-1                   [-1, 32, 12, 69]          --
|    |    └─Conv2d: 3-2                  [-1, 64, 10, 69]          448
|    └─ModuleList: 2                     []                        --
|    |    └─spatio_conv_layer: 3-3       [-1, 32, 10, 69]          3,104
|    └─linear: 2-2                       [-1, 32, 10, 69]          --
|    |    └─Conv2d: 3-4                  [-1, 32, 10, 69]          1,056
|    └─temporal_conv_layer: 2-3          [-1, 64, 8, 69]           --
|    |    └─align: 3-5                   [-1, 64, 10, 69]          --
|    |    └─Conv2d: 3-6                  [-1, 64, 8, 69]           6,208
|    └─LayerNorm: 2-4                    [-1, 8, 69, 64]           8,832
|    └─Dropout: 2-5                      [-1, 64, 8, 69]           --
├─st_conv_block: 1-2                     [-1, 64, 4, 69]           --
|    └─temporal_conv_layer: 2-6          [-1, 32, 6, 69]           --
|    |    └─align: 3-7                   [-1, 32, 8, 69]           2,080
|    |    └─Conv2d: 3-8                  [-1, 64, 6, 69]           12,352
|    └─ModuleList: 2                     []                        --
|    |    └─spatio_conv_layer: 3-9       [-1, 32, 6, 69]           3,104
|    └─linear: 2-7                       [-1, 32, 6, 69]           --
|    |    └─Conv2d: 3-10                 [-1, 32, 6, 69]           1,056
|    └─temporal_conv_layer: 2-8          [-1, 64, 4, 69]           --
|    |    └─align: 3-11                  [-1, 64, 6, 69]           --
|    |    └─Conv2d: 3-12                 [-1, 64, 4, 69]           6,208
|    └─LayerNorm: 2-9                    [-1, 4, 69, 64]           8,832
|    └─Dropout: 2-10                     [-1, 64, 4, 69]           --
├─output_layer: 1-3                      [-1, 1, 1, 69]            --
|    └─temporal_conv_layer: 2-11         [-1, 64, 1, 69]           --
|    |    └─align: 3-13                  [-1, 64, 4, 69]           --
|    |    └─Conv2d: 3-14                 [-1, 128, 1, 69]          32,896
|    └─LayerNorm: 2-12                   [-1, 1, 69, 64]           8,832
|    └─temporal_conv_layer: 2-13         [-1, 64, 1, 69]           --
|    |    └─align: 3-15                  [-1, 64, 1, 69]           --
|    |    └─Conv2d: 3-16                 [-1, 64, 1, 69]           4,160
|    └─Conv2d: 2-14                      [-1, 1, 1, 69]            65
==========================================================================================
Total params: 99,233
Trainable params: 99,233
Non-trainable params: 0
Total mult-adds (M): 15.41
==========================================================================================
Input size (MB): 0.01
Forward/backward pass size (MB): 2.16
Params size (MB): 0.38
Estimated Total Size (MB): 2.54
==========================================================================================
epoch 0 time used: 5  seconds  train loss: 0.41490279977159156 validation loss: 0.3490252237420591
epoch 1 time used: 5  seconds  train loss: 0.32372484134858154 validation loss: 0.3039183155067703
epoch 2 time used: 5  seconds  train loss: 0.30431338940647784 validation loss: 0.28672592592661
epoch 3 time used: 5  seconds  train loss: 0.29014605537353294 validation loss: 0.2802530056278976
epoch 4 time used: 5  seconds  train loss: 0.2855401117054616 validation loss: 0.2726514723154047
epoch 5 time used: 5  seconds  train loss: 0.2787105451393563 validation loss: 0.2713505994471154
epoch 6 time used: 5  seconds  train loss: 0.27353843379028464 validation loss: 0.26795341644842013
epoch 7 time used: 5  seconds  train loss: 0.2724881766186034 validation loss: 0.27027068769530577
epoch 8 time used: 5  seconds  train loss: 0.2669556446599385 validation loss: 0.2687484855932028
epoch 9 time used: 5  seconds  train loss: 0.2659228078639581 validation loss: 0.2578667395977177
epoch 10 time used: 5  seconds  train loss: 0.2626118934481005 validation loss: 0.25648339540701354
epoch 11 time used: 5  seconds  train loss: 0.2625534428878137 validation loss: 0.2532338104500338
epoch 12 time used: 5  seconds  train loss: 0.25853956521120997 validation loss: 0.25685025604534206
epoch 13 time used: 5  seconds  train loss: 0.25812261553319066 validation loss: 0.2558774074451351
epoch 14 time used: 5  seconds  train loss: 0.2560168767562315 validation loss: 0.25256558465604023
epoch 15 time used: 5  seconds  train loss: 0.2548338172293502 validation loss: 0.2483181897837709
epoch 16 time used: 5  seconds  train loss: 0.2539417905180937 validation loss: 0.25174358405525593
epoch 17 time used: 5  seconds  train loss: 0.25017501966238875 validation loss: 0.24540387853954562
epoch 18 time used: 5  seconds  train loss: 0.2494415539918989 validation loss: 0.2473056359387641
epoch 19 time used: 5  seconds  train loss: 0.24980047322812127 validation loss: 0.2498182972549916
epoch 20 time used: 5  seconds  train loss: 0.24857732924724737 validation loss: 0.25451180439164006
epoch 21 time used: 5  seconds  train loss: 0.2471422529838588 validation loss: 0.2444535464099388
epoch 22 time used: 5  seconds  train loss: 0.24568456694129084 validation loss: 0.24227401015762595
epoch 23 time used: 5  seconds  train loss: 0.2457627610057194 validation loss: 0.24261357829493246
epoch 24 time used: 5  seconds  train loss: 0.2455033033716978 validation loss: 0.24326946009619876
epoch 25 time used: 5  seconds  train loss: 0.243859824768526 validation loss: 0.24064445597609996
epoch 26 time used: 5  seconds  train loss: 0.24244156336508396 validation loss: 0.24405563205769587
epoch 27 time used: 5  seconds  train loss: 0.2421160850262152 validation loss: 0.24506278194091827
epoch 28 time used: 5  seconds  train loss: 0.24331535761893514 validation loss: 0.23968333493826802
epoch 29 time used: 5  seconds  train loss: 0.24024076596082208 validation loss: 0.24500855103058605
epoch 30 time used: 5  seconds  train loss: 0.24043182796459459 validation loss: 0.23840958552399977
epoch 31 time used: 5  seconds  train loss: 0.23896943369438797 validation loss: 0.24180554649997152
epoch 32 time used: 5  seconds  train loss: 0.2374887084986202 validation loss: 0.23946615808770375
epoch 33 time used: 5  seconds  train loss: 0.23894558022941095 validation loss: 0.23624361359556267
epoch 34 time used: 5  seconds  train loss: 0.2373739549137693 validation loss: 0.23538695052223618
epoch 35 time used: 5  seconds  train loss: 0.23571522928407537 validation loss: 0.23579097911077979
epoch 36 time used: 5  seconds  train loss: 0.23492277447373539 validation loss: 0.23251754478155648
epoch 37 time used: 5  seconds  train loss: 0.23549369583407403 validation loss: 0.2344453852396316
epoch 38 time used: 5  seconds  train loss: 0.23332424850039424 validation loss: 0.2356736606451286
epoch 39 time used: 5  seconds  train loss: 0.2334632835735667 validation loss: 0.23905676265852288
epoch 40 time used: 5  seconds  train loss: 0.23330479447815214 validation loss: 0.23255031221401196
epoch 41 time used: 5  seconds  train loss: 0.23271938070611142 validation loss: 0.23031135473806247
epoch 42 time used: 5  seconds  train loss: 0.2316564313501343 validation loss: 0.23017416689576792
epoch 43 time used: 5  seconds  train loss: 0.23003317419115246 validation loss: 0.23840417444739964
epoch 44 time used: 5  seconds  train loss: 0.2305199866443338 validation loss: 0.23015235671300718
epoch 45 time used: 5  seconds  train loss: 0.23027810732763287 validation loss: 0.23180777706626612
epoch 46 time used: 5  seconds  train loss: 0.22864504054523968 validation loss: 0.2294122449377912
epoch 47 time used: 5  seconds  train loss: 0.2281393220069395 validation loss: 0.23403114562400462
epoch 48 time used: 5  seconds  train loss: 0.22850898333333547 validation loss: 0.22739145639142647
epoch 49 time used: 5  seconds  train loss: 0.22720064653279845 validation loss: 0.22943467293646563
epoch 50 time used: 5  seconds  train loss: 0.2258108224334723 validation loss: 0.22549242496966498
epoch 51 time used: 5  seconds  train loss: 0.22550127030701603 validation loss: 0.22506499690834073
epoch 52 time used: 5  seconds  train loss: 0.22541788742699295 validation loss: 0.22548562798306931
epoch 53 time used: 5  seconds  train loss: 0.22560648734790323 validation loss: 0.22814233690347252
epoch 54 time used: 5  seconds  train loss: 0.22411381206218606 validation loss: 0.22341690269015682
epoch 55 time used: 5  seconds  train loss: 0.22317045428075036 validation loss: 0.22322939207094164
epoch 56 time used: 5  seconds  train loss: 0.22313600600271066 validation loss: 0.22732117488189757
epoch 57 time used: 5  seconds  train loss: 0.22213164464557525 validation loss: 0.22835760228272103
epoch 58 time used: 5  seconds  train loss: 0.2219701885574603 validation loss: 0.2230372706686369
epoch 59 time used: 5  seconds  train loss: 0.2203519773728147 validation loss: 0.2222251858088335
epoch 60 time used: 5  seconds  train loss: 0.2199913198556502 validation loss: 0.22445147154301287
epoch 61 time used: 5  seconds  train loss: 0.21931612080574658 validation loss: 0.2231778838569208
epoch 62 time used: 5  seconds  train loss: 0.21920543161342615 validation loss: 0.2230737758444434
epoch 63 time used: 5  seconds  train loss: 0.21909866818959603 validation loss: 0.22306535480978554
epoch 64 time used: 5  seconds  train loss: 0.218406768343835 validation loss: 0.22213361030194803
epoch 65 time used: 5  seconds  train loss: 0.21807617413072583 validation loss: 0.2194394326029814
epoch 66 time used: 5  seconds  train loss: 0.21688925095672595 validation loss: 0.22173974198473567
epoch 67 time used: 5  seconds  train loss: 0.21593941837053637 validation loss: 0.22154435352196505
epoch 68 time used: 5  seconds  train loss: 0.21527458367827354 validation loss: 0.2202355776490039
epoch 69 time used: 5  seconds  train loss: 0.21586282624166797 validation loss: 0.22267283759352416
epoch 70 time used: 5  seconds  train loss: 0.2150779090527801 validation loss: 0.21954445973574196
epoch 71 time used: 5  seconds  train loss: 0.21464956698275406 validation loss: 0.21800910617308283
epoch 72 time used: 5  seconds  train loss: 0.21437482041239078 validation loss: 0.21816912278983502
epoch 73 time used: 5  seconds  train loss: 0.21313701929080592 validation loss: 0.2214993238279089
epoch 74 time used: 5  seconds  train loss: 0.21303651599200726 validation loss: 0.22418332365976357
epoch 75 time used: 5  seconds  train loss: 0.2124357055745142 validation loss: 0.2196052725136246
epoch 76 time used: 5  seconds  train loss: 0.21158339967935996 validation loss: 0.21609921682003355
epoch 77 time used: 5  seconds  train loss: 0.21178896012429038 validation loss: 0.2167080347189819
epoch 78 time used: 5  seconds  train loss: 0.21118249416953777 validation loss: 0.21704456603703878
epoch 79 time used: 5  seconds  train loss: 0.2103339380566134 validation loss: 0.21455805113297902
epoch 80 time used: 5  seconds  train loss: 0.20961247389892587 validation loss: 0.21566557588403182
epoch 81 time used: 5  seconds  train loss: 0.2089395038139793 validation loss: 0.21584735795456003
epoch 82 time used: 5  seconds  train loss: 0.20918271853611295 validation loss: 0.2142511536088319
epoch 83 time used: 5  seconds  train loss: 0.20918001442963036 validation loss: 0.21511999040383037
epoch 84 time used: 5  seconds  train loss: 0.20801802980402295 validation loss: 0.21405313033514953
epoch 85 time used: 5  seconds  train loss: 0.2079586322110524 validation loss: 0.2168568018260712
epoch 86 time used: 5  seconds  train loss: 0.20770892171467947 validation loss: 0.214182089557324
epoch 87 time used: 5  seconds  train loss: 0.20731883523982708 validation loss: 0.21563495114165174
epoch 88 time used: 5  seconds  train loss: 0.2062299273176927 validation loss: 0.2129714929387696
epoch 89 time used: 5  seconds  train loss: 0.20579625962026973 validation loss: 0.2122264424784144
epoch 90 time used: 5  seconds  train loss: 0.20553342154098328 validation loss: 0.2119638487161124
epoch 91 time used: 5  seconds  train loss: 0.20487107152868103 validation loss: 0.2123455792767486
epoch 92 time used: 5  seconds  train loss: 0.20445000184235296 validation loss: 0.21307723660232405
epoch 93 time used: 5  seconds  train loss: 0.204159053929823 validation loss: 0.21138077948818326
epoch 94 time used: 5  seconds  train loss: 0.2041588472278335 validation loss: 0.21335427446053903
epoch 95 time used: 5  seconds  train loss: 0.20354867873049576 validation loss: 0.20991608503880801
epoch 96 time used: 5  seconds  train loss: 0.20286270503330045 validation loss: 0.2132628412669683
epoch 97 time used: 5  seconds  train loss: 0.20242131048862655 validation loss: 0.21205546000958578
epoch 98 time used: 5  seconds  train loss: 0.20305503479696696 validation loss: 0.2141375933044377
epoch 99 time used: 5  seconds  train loss: 0.20285236233020007 validation loss: 0.2086773353750476
epoch 100 time used: 5  seconds  train loss: 0.2010187968966391 validation loss: 0.21237029435290516
epoch 101 time used: 5  seconds  train loss: 0.20130220607510987 validation loss: 0.2088877760932164
epoch 102 time used: 5  seconds  train loss: 0.20041839902316239 validation loss: 0.2086080196443722
epoch 103 time used: 5  seconds  train loss: 0.20033008053553855 validation loss: 0.20937466782906092
epoch 104 time used: 5  seconds  train loss: 0.20040637373263492 validation loss: 0.20841890451946193
epoch 105 time used: 5  seconds  train loss: 0.20014153759079956 validation loss: 0.21009270551030593
epoch 106 time used: 5  seconds  train loss: 0.1989140364705525 validation loss: 0.20686907991469417
epoch 107 time used: 5  seconds  train loss: 0.19871781678474956 validation loss: 0.20719150914101347
epoch 108 time used: 5  seconds  train loss: 0.19868238259593943 validation loss: 0.20735504703051147
epoch 109 time used: 5  seconds  train loss: 0.19808168861836456 validation loss: 0.2062261561649021
epoch 110 time used: 5  seconds  train loss: 0.1976199064672207 validation loss: 0.20903775320349594
epoch 111 time used: 5  seconds  train loss: 0.19731154654054794 validation loss: 0.2065232766912246
epoch 112 time used: 5  seconds  train loss: 0.19737842961305277 validation loss: 0.20688605312782904
epoch 113 time used: 5  seconds  train loss: 0.1980915039894361 validation loss: 0.20681259167819993
epoch 114 time used: 5  seconds  train loss: 0.19678076433657357 validation loss: 0.20565938259354333
epoch 115 time used: 5  seconds  train loss: 0.196451544159198 validation loss: 0.20735080592032507
epoch 116 time used: 5  seconds  train loss: 0.1965736774238811 validation loss: 0.20547764066179616
epoch 117 time used: 5  seconds  train loss: 0.19553242595140577 validation loss: 0.20664309055310146
epoch 118 time used: 5  seconds  train loss: 0.19553212368181253 validation loss: 0.20525851444523469
epoch 119 time used: 5  seconds  train loss: 0.19519456505367333 validation loss: 0.20577589942262436
epoch 120 time used: 5  seconds  train loss: 0.19465953739858582 validation loss: 0.20663125384588346
epoch 121 time used: 5  seconds  train loss: 0.19489534465486155 validation loss: 0.204391769304047
epoch 122 time used: 5  seconds  train loss: 0.19436600663431078 validation loss: 0.20401455674488342
epoch 123 time used: 5  seconds  train loss: 0.19395501578829752 validation loss: 0.2044301222408423
epoch 124 time used: 5  seconds  train loss: 0.19381874399384186 validation loss: 0.20549143777700132
epoch 125 time used: 5  seconds  train loss: 0.19381175685053273 validation loss: 0.20354087515619912
epoch 126 time used: 5  seconds  train loss: 0.1934792748638734 validation loss: 0.20275782352165705
epoch 127 time used: 5  seconds  train loss: 0.19258608246591996 validation loss: 0.20443041201019993
epoch 128 time used: 5  seconds  train loss: 0.19357105522599638 validation loss: 0.20274356747108804
epoch 129 time used: 5  seconds  train loss: 0.19263677561384168 validation loss: 0.20235809047121492
epoch 130 time used: 5  seconds  train loss: 0.1921833875632496 validation loss: 0.20279474120376725
epoch 131 time used: 5  seconds  train loss: 0.19162179566105997 validation loss: 0.2022914904495409
epoch 132 time used: 5  seconds  train loss: 0.1918347929611943 validation loss: 0.2030758758952668
epoch 133 time used: 5  seconds  train loss: 0.1916993400795591 validation loss: 0.20292625084510885
epoch 134 time used: 5  seconds  train loss: 0.1915045318305784 validation loss: 0.20390457141861804
epoch 135 time used: 5  seconds  train loss: 0.19091698187237888 validation loss: 0.20213062458560593
epoch 136 time used: 5  seconds  train loss: 0.19070829761545238 validation loss: 0.2001120842955008
epoch 137 time used: 5  seconds  train loss: 0.19069945045546752 validation loss: 0.20371872843739922
epoch 138 time used: 5  seconds  train loss: 0.19033272809281893 validation loss: 0.2010579538460942
epoch 139 time used: 5  seconds  train loss: 0.19008919087496418 validation loss: 0.20132198485216957
epoch 140 time used: 5  seconds  train loss: 0.18952593240883284 validation loss: 0.20150031573556182
epoch 141 time used: 5  seconds  train loss: 0.18897348352294036 validation loss: 0.20152002473558892
epoch 142 time used: 5  seconds  train loss: 0.18882275690735456 validation loss: 0.2001345751714652
epoch 143 time used: 5  seconds  train loss: 0.18919659841029543 validation loss: 0.20039451809964448
epoch 144 time used: 5  seconds  train loss: 0.18864772426293033 validation loss: 0.2023386000753877
epoch 145 time used: 5  seconds  train loss: 0.1887560985377529 validation loss: 0.20140536582544744
Early stopping at epoch: 146
YS.shape, YS_pred.shape, (14021, 1, 1, 69) (14021, 1, 1, 69)
YS.shape, YS_pred.shape, (14021, 69) (14021, 69)
****************************************
STGCN3, train, Torch MSE, 1.8953081147e-01, 0.1895308115

STGCN3, train, MSE, RMSE, MAE, MAPE, 572.3468254576, 23.9237711379, 13.1065783575, 18.4335841378

Model Training Ended ... Tue Jan  4 17:35:25 2022
pred_NYC-Taxi-inflow-timestamp_STGCN3_2_2201041722 testing started Tue Jan  4 17:35:25 2022
getXSYS data.shape(17544, 69)
getXSYS XS.shape(3507, 1, 12, 69)
getXSYS YS.shape(3507, 1, 1, 69)
XS shape is (3507, 1, 12, 69)
YS shape is (3507, 1, 1, 69)
getXSYS data.shape(17544, 69)
getXSYS XS.shape(3507, 1, 12, 69)
getXSYS YS.shape(3507, 1, 1, 69)
getXSYS data.shape(17544, 69)
getXSYS XS.shape(3507, 1, 12, 69)
getXSYS YS.shape(3507, 1, 1, 69)
XS shape after is (3507, 2, 12, 69)
YS shape after is (3507, 1, 1, 69)
TEST XS.shape, YS.shape (3507, 2, 12, 69) (3507, 1, 1, 69)
Model Testing Started ... Tue Jan  4 17:35:26 2022
TIMESTEP_IN, TIMESTEP_OUT 12 3
torch.Size([1, 3, 69, 69])
YS.shape, YS_pred.shape, (3507, 1, 1, 69) (3507, 1, 1, 69)
YS.shape, YS_pred.shape, (3507, 69) (3507, 69)
****************************************
STGCN3, test, Torch MSE, 1.9636172457e-01, 0.1963617246

STGCN3, test, MSE, RMSE, MAE, MAPE, 652.5597719512, 25.5452494987, 13.7119335320, 20.2901673336

Model Testing Ended ... Tue Jan  4 17:35:26 2022
