nohup: ignoring input
../data-NYCBike/60min/2019-2020-graph-outflow.npz
Namespace(adjpath='../data-NYCZones/adjmatrix/W_adj_matrix.csv', adjtype='symnadj', batchsize=64, channel=1, dataname='NYCBike-outflow', epoch=200, ex='typhoon-inflow', flowpath='../data-NYCBike/60min/2019-2020-graph-outflow.npz', gpu=6, graphnum=1, loss='MAE', lr=0.001, n_node=69, optimizer='Adam', patience=10, target=0, timestep_in=12, timestep_out=3, trainratio=0.8, trainvalsplit=0.125)
data.shape (17544, 69)
pred_NYCBike-outflow_STGCN1_1_2201040306 training started Tue Jan  4 03:06:37 2022
getXSYS data.shape(17544, 69)
getXSYS XS.shape(14023, 1, 12, 69)
getXSYS YS.shape(14023, 1, 1, 69)
TRAIN XS.shape YS,shape (14023, 1, 12, 69) (14023, 1, 1, 69)
Model Training Started ... Tue Jan  4 03:06:37 2022
TIMESTEP_IN, TIMESTEP_OUT 12 1
torch.Size([1, 3, 69, 69])
==========================================================================================
Layer (type:depth-idx)                   Output Shape              Param #
==========================================================================================
├─st_conv_block: 1-1                     [-1, 64, 8, 69]           --
|    └─temporal_conv_layer: 2-1          [-1, 32, 10, 69]          --
|    |    └─align: 3-1                   [-1, 32, 12, 69]          --
|    |    └─Conv2d: 3-2                  [-1, 64, 10, 69]          256
|    └─ModuleList: 2                     []                        --
|    |    └─spatio_conv_layer: 3-3       [-1, 32, 10, 69]          3,104
|    └─linear: 2-2                       [-1, 32, 10, 69]          --
|    |    └─Conv2d: 3-4                  [-1, 32, 10, 69]          1,056
|    └─temporal_conv_layer: 2-3          [-1, 64, 8, 69]           --
|    |    └─align: 3-5                   [-1, 64, 10, 69]          --
|    |    └─Conv2d: 3-6                  [-1, 64, 8, 69]           6,208
|    └─LayerNorm: 2-4                    [-1, 8, 69, 64]           8,832
|    └─Dropout: 2-5                      [-1, 64, 8, 69]           --
├─st_conv_block: 1-2                     [-1, 64, 4, 69]           --
|    └─temporal_conv_layer: 2-6          [-1, 32, 6, 69]           --
|    |    └─align: 3-7                   [-1, 32, 8, 69]           2,080
|    |    └─Conv2d: 3-8                  [-1, 64, 6, 69]           12,352
|    └─ModuleList: 2                     []                        --
|    |    └─spatio_conv_layer: 3-9       [-1, 32, 6, 69]           3,104
|    └─linear: 2-7                       [-1, 32, 6, 69]           --
|    |    └─Conv2d: 3-10                 [-1, 32, 6, 69]           1,056
|    └─temporal_conv_layer: 2-8          [-1, 64, 4, 69]           --
|    |    └─align: 3-11                  [-1, 64, 6, 69]           --
|    |    └─Conv2d: 3-12                 [-1, 64, 4, 69]           6,208
|    └─LayerNorm: 2-9                    [-1, 4, 69, 64]           8,832
|    └─Dropout: 2-10                     [-1, 64, 4, 69]           --
├─output_layer: 1-3                      [-1, 1, 1, 69]            --
|    └─temporal_conv_layer: 2-11         [-1, 64, 1, 69]           --
|    |    └─align: 3-13                  [-1, 64, 4, 69]           --
|    |    └─Conv2d: 3-14                 [-1, 128, 1, 69]          32,896
|    └─LayerNorm: 2-12                   [-1, 1, 69, 64]           8,832
|    └─temporal_conv_layer: 2-13         [-1, 64, 1, 69]           --
|    |    └─align: 3-15                  [-1, 64, 1, 69]           --
|    |    └─Conv2d: 3-16                 [-1, 64, 1, 69]           4,160
|    └─Conv2d: 2-14                      [-1, 1, 1, 69]            65
==========================================================================================
Total params: 99,041
Trainable params: 99,041
Non-trainable params: 0
Total mult-adds (M): 15.28
==========================================================================================
Input size (MB): 0.00
Forward/backward pass size (MB): 2.16
Params size (MB): 0.38
Estimated Total Size (MB): 2.54
==========================================================================================
epoch 0 time used: 5  seconds  train loss: 0.24541011513153907 validation loss: 0.2826315151305452
epoch 1 time used: 5  seconds  train loss: 0.19635276231419874 validation loss: 0.27829733082075764
epoch 2 time used: 5  seconds  train loss: 0.1873756081375924 validation loss: 0.2743093838572026
epoch 3 time used: 5  seconds  train loss: 0.17840601184208799 validation loss: 0.2764205974099028
epoch 4 time used: 5  seconds  train loss: 0.17332761017598072 validation loss: 0.26718476637390365
epoch 5 time used: 5  seconds  train loss: 0.17078025627884325 validation loss: 0.2853648370154164
epoch 6 time used: 5  seconds  train loss: 0.16787244621193692 validation loss: 0.2694216829942963
epoch 7 time used: 5  seconds  train loss: 0.16516495171172307 validation loss: 0.27410911609292776
epoch 8 time used: 5  seconds  train loss: 0.16392838887402753 validation loss: 0.27437044308652075
epoch 9 time used: 5  seconds  train loss: 0.16311615237931265 validation loss: 0.26459910908020096
epoch 10 time used: 5  seconds  train loss: 0.1613119440998794 validation loss: 0.2673350396628252
epoch 11 time used: 5  seconds  train loss: 0.1577743619000319 validation loss: 0.2617690165214245
epoch 12 time used: 5  seconds  train loss: 0.1584052608376513 validation loss: 0.2663546810473841
epoch 13 time used: 5  seconds  train loss: 0.1559984798123415 validation loss: 0.26226196823566217
epoch 14 time used: 5  seconds  train loss: 0.15728134749716827 validation loss: 0.26123884257356306
epoch 15 time used: 5  seconds  train loss: 0.1560878041903955 validation loss: 0.26161016900404754
epoch 16 time used: 5  seconds  train loss: 0.15536780809131986 validation loss: 0.26009334784470756
epoch 17 time used: 5  seconds  train loss: 0.15379779502785876 validation loss: 0.25952081525931003
epoch 18 time used: 5  seconds  train loss: 0.15424238770544382 validation loss: 0.2596955538578055
epoch 19 time used: 5  seconds  train loss: 0.15288150158711536 validation loss: 0.25614410343846117
epoch 20 time used: 5  seconds  train loss: 0.15289962563994655 validation loss: 0.2610038733285152
epoch 21 time used: 5  seconds  train loss: 0.15163503813860177 validation loss: 0.2619352290801028
epoch 22 time used: 5  seconds  train loss: 0.15246310506589839 validation loss: 0.26258068188761413
epoch 23 time used: 5  seconds  train loss: 0.15190741775622674 validation loss: 0.25574297037589777
epoch 24 time used: 5  seconds  train loss: 0.1508489704632429 validation loss: 0.26037364421200904
epoch 25 time used: 5  seconds  train loss: 0.15109821506263574 validation loss: 0.25887255313664387
epoch 26 time used: 5  seconds  train loss: 0.14949583567150648 validation loss: 0.2660206287878279
epoch 27 time used: 5  seconds  train loss: 0.1499243908401612 validation loss: 0.2577686851118472
epoch 28 time used: 5  seconds  train loss: 0.14974176889648258 validation loss: 0.2609334009345164
epoch 29 time used: 5  seconds  train loss: 0.14835642352518066 validation loss: 0.26653995248024215
epoch 30 time used: 5  seconds  train loss: 0.14878902107161435 validation loss: 0.2572176391338527
epoch 31 time used: 5  seconds  train loss: 0.14888343280082617 validation loss: 0.26357702527533106
epoch 32 time used: 5  seconds  train loss: 0.14783030723106988 validation loss: 0.2579277064364363
Early stopping at epoch: 33
YS.shape, YS_pred.shape, (14023, 1, 1, 69) (14023, 1, 1, 69)
YS.shape, YS_pred.shape, (14023, 69) (14023, 69)
****************************************
STGCN1, train, Torch MSE, 1.4739862099e-01, 0.1473986210

STGCN1, train, MSE, RMSE, MAE, MAPE, 105.9416649550, 10.2927967509, 6.0060062636, 36.1701688664

Model Training Ended ... Tue Jan  4 03:09:44 2022
pred_NYCBike-outflow_STGCN1_1_2201040306 testing started Tue Jan  4 03:09:44 2022
getXSYS data.shape(17544, 69)
getXSYS XS.shape(3509, 1, 12, 69)
getXSYS YS.shape(3509, 1, 1, 69)
TEST XS.shape, YS.shape (3509, 1, 12, 69) (3509, 1, 1, 69)
Model Testing Started ... Tue Jan  4 03:09:44 2022
TIMESTEP_IN, TIMESTEP_OUT 12 1
torch.Size([1, 3, 69, 69])
YS.shape, YS_pred.shape, (3509, 1, 1, 69) (3509, 1, 1, 69)
YS.shape, YS_pred.shape, (3509, 69) (3509, 69)
****************************************
STGCN1, test, Torch MSE, 2.9149107180e-01, 0.2914910718

STGCN1, test, MSE, RMSE, MAE, MAPE, 174.0747549620, 13.1937392335, 7.8975761525, 38.6660888707

Model Testing Ended ... Tue Jan  4 03:09:45 2022
pred_NYCBike-outflow_STGCN2_1_2201040309 training started Tue Jan  4 03:09:45 2022
getXSYS data.shape(17544, 69)
getXSYS XS.shape(14022, 1, 12, 69)
getXSYS YS.shape(14022, 1, 1, 69)
TRAIN XS.shape YS,shape (14022, 1, 12, 69) (14022, 1, 1, 69)
Model Training Started ... Tue Jan  4 03:09:45 2022
TIMESTEP_IN, TIMESTEP_OUT 12 2
torch.Size([1, 3, 69, 69])
==========================================================================================
Layer (type:depth-idx)                   Output Shape              Param #
==========================================================================================
├─st_conv_block: 1-1                     [-1, 64, 8, 69]           --
|    └─temporal_conv_layer: 2-1          [-1, 32, 10, 69]          --
|    |    └─align: 3-1                   [-1, 32, 12, 69]          --
|    |    └─Conv2d: 3-2                  [-1, 64, 10, 69]          256
|    └─ModuleList: 2                     []                        --
|    |    └─spatio_conv_layer: 3-3       [-1, 32, 10, 69]          3,104
|    └─linear: 2-2                       [-1, 32, 10, 69]          --
|    |    └─Conv2d: 3-4                  [-1, 32, 10, 69]          1,056
|    └─temporal_conv_layer: 2-3          [-1, 64, 8, 69]           --
|    |    └─align: 3-5                   [-1, 64, 10, 69]          --
|    |    └─Conv2d: 3-6                  [-1, 64, 8, 69]           6,208
|    └─LayerNorm: 2-4                    [-1, 8, 69, 64]           8,832
|    └─Dropout: 2-5                      [-1, 64, 8, 69]           --
├─st_conv_block: 1-2                     [-1, 64, 4, 69]           --
|    └─temporal_conv_layer: 2-6          [-1, 32, 6, 69]           --
|    |    └─align: 3-7                   [-1, 32, 8, 69]           2,080
|    |    └─Conv2d: 3-8                  [-1, 64, 6, 69]           12,352
|    └─ModuleList: 2                     []                        --
|    |    └─spatio_conv_layer: 3-9       [-1, 32, 6, 69]           3,104
|    └─linear: 2-7                       [-1, 32, 6, 69]           --
|    |    └─Conv2d: 3-10                 [-1, 32, 6, 69]           1,056
|    └─temporal_conv_layer: 2-8          [-1, 64, 4, 69]           --
|    |    └─align: 3-11                  [-1, 64, 6, 69]           --
|    |    └─Conv2d: 3-12                 [-1, 64, 4, 69]           6,208
|    └─LayerNorm: 2-9                    [-1, 4, 69, 64]           8,832
|    └─Dropout: 2-10                     [-1, 64, 4, 69]           --
├─output_layer: 1-3                      [-1, 1, 1, 69]            --
|    └─temporal_conv_layer: 2-11         [-1, 64, 1, 69]           --
|    |    └─align: 3-13                  [-1, 64, 4, 69]           --
|    |    └─Conv2d: 3-14                 [-1, 128, 1, 69]          32,896
|    └─LayerNorm: 2-12                   [-1, 1, 69, 64]           8,832
|    └─temporal_conv_layer: 2-13         [-1, 64, 1, 69]           --
|    |    └─align: 3-15                  [-1, 64, 1, 69]           --
|    |    └─Conv2d: 3-16                 [-1, 64, 1, 69]           4,160
|    └─Conv2d: 2-14                      [-1, 1, 1, 69]            65
==========================================================================================
Total params: 99,041
Trainable params: 99,041
Non-trainable params: 0
Total mult-adds (M): 15.28
==========================================================================================
Input size (MB): 0.00
Forward/backward pass size (MB): 2.16
Params size (MB): 0.38
Estimated Total Size (MB): 2.54
==========================================================================================
epoch 0 time used: 5  seconds  train loss: 0.2985696415585793 validation loss: 0.37149542685719267
epoch 1 time used: 5  seconds  train loss: 0.23587336417869656 validation loss: 0.3733639263011902
epoch 2 time used: 5  seconds  train loss: 0.21750865391952717 validation loss: 0.3728981089979597
epoch 3 time used: 5  seconds  train loss: 0.20917796361357963 validation loss: 0.3498200366004698
epoch 4 time used: 5  seconds  train loss: 0.20438863886253827 validation loss: 0.3597621352109512
epoch 5 time used: 5  seconds  train loss: 0.1998521409669495 validation loss: 0.36926073311943364
epoch 6 time used: 5  seconds  train loss: 0.19525261146193057 validation loss: 0.3545622122981381
epoch 7 time used: 5  seconds  train loss: 0.1907235183588731 validation loss: 0.3360858522546815
epoch 8 time used: 5  seconds  train loss: 0.18903462473770372 validation loss: 0.3366469673884643
epoch 9 time used: 5  seconds  train loss: 0.18706148293706448 validation loss: 0.3526866483776758
epoch 10 time used: 5  seconds  train loss: 0.1843020173550449 validation loss: 0.3301462885385503
epoch 11 time used: 5  seconds  train loss: 0.18391420303006872 validation loss: 0.33410087933352656
epoch 12 time used: 5  seconds  train loss: 0.18202571369138573 validation loss: 0.3252487528582539
epoch 13 time used: 5  seconds  train loss: 0.1819825329998418 validation loss: 0.3479691527941128
epoch 14 time used: 5  seconds  train loss: 0.17876403841886654 validation loss: 0.3282361195655938
epoch 15 time used: 5  seconds  train loss: 0.17789172469641704 validation loss: 0.32751233886801984
epoch 16 time used: 5  seconds  train loss: 0.1761256516239678 validation loss: 0.3240736282286614
epoch 17 time used: 5  seconds  train loss: 0.17431526100789047 validation loss: 0.3302561268932943
epoch 18 time used: 5  seconds  train loss: 0.17461652000270658 validation loss: 0.3259669824695152
epoch 19 time used: 5  seconds  train loss: 0.1725046246629325 validation loss: 0.3183047695630493
epoch 20 time used: 5  seconds  train loss: 0.17247361006203524 validation loss: 0.32722402962017116
epoch 21 time used: 5  seconds  train loss: 0.1714508368871509 validation loss: 0.3232874804847389
epoch 22 time used: 5  seconds  train loss: 0.17217745923604405 validation loss: 0.32203094898396334
epoch 23 time used: 5  seconds  train loss: 0.17168003708981625 validation loss: 0.3284031705759759
epoch 24 time used: 5  seconds  train loss: 0.17052652450303146 validation loss: 0.3289475493341327
epoch 25 time used: 5  seconds  train loss: 0.16938293489449685 validation loss: 0.32137624843761164
epoch 26 time used: 5  seconds  train loss: 0.16772156543055047 validation loss: 0.3197693164798782
epoch 27 time used: 5  seconds  train loss: 0.1683455613422864 validation loss: 0.3322079700364158
epoch 28 time used: 5  seconds  train loss: 0.16611379160790876 validation loss: 0.3284593896735279
Early stopping at epoch: 29
YS.shape, YS_pred.shape, (14022, 1, 1, 69) (14022, 1, 1, 69)
YS.shape, YS_pred.shape, (14022, 69) (14022, 69)
****************************************
STGCN2, train, Torch MSE, 1.6518919174e-01, 0.1651891917

STGCN2, train, MSE, RMSE, MAE, MAPE, 160.6057079687, 12.6730307334, 7.0723169513, 43.9059698322

Model Training Ended ... Tue Jan  4 03:12:27 2022
pred_NYCBike-outflow_STGCN2_1_2201040309 testing started Tue Jan  4 03:12:27 2022
getXSYS data.shape(17544, 69)
getXSYS XS.shape(3508, 1, 12, 69)
getXSYS YS.shape(3508, 1, 1, 69)
TEST XS.shape, YS.shape (3508, 1, 12, 69) (3508, 1, 1, 69)
Model Testing Started ... Tue Jan  4 03:12:27 2022
TIMESTEP_IN, TIMESTEP_OUT 12 2
torch.Size([1, 3, 69, 69])
YS.shape, YS_pred.shape, (3508, 1, 1, 69) (3508, 1, 1, 69)
YS.shape, YS_pred.shape, (3508, 69) (3508, 69)
****************************************
STGCN2, test, Torch MSE, 3.5613910244e-01, 0.3561391024

STGCN2, test, MSE, RMSE, MAE, MAPE, 296.6310357710, 17.2229798749, 9.9988035630, 46.0713475518

Model Testing Ended ... Tue Jan  4 03:12:27 2022
pred_NYCBike-outflow_STGCN3_1_2201040312 training started Tue Jan  4 03:12:27 2022
getXSYS data.shape(17544, 69)
getXSYS XS.shape(14021, 1, 12, 69)
getXSYS YS.shape(14021, 1, 1, 69)
TRAIN XS.shape YS,shape (14021, 1, 12, 69) (14021, 1, 1, 69)
Model Training Started ... Tue Jan  4 03:12:27 2022
TIMESTEP_IN, TIMESTEP_OUT 12 3
torch.Size([1, 3, 69, 69])
==========================================================================================
Layer (type:depth-idx)                   Output Shape              Param #
==========================================================================================
├─st_conv_block: 1-1                     [-1, 64, 8, 69]           --
|    └─temporal_conv_layer: 2-1          [-1, 32, 10, 69]          --
|    |    └─align: 3-1                   [-1, 32, 12, 69]          --
|    |    └─Conv2d: 3-2                  [-1, 64, 10, 69]          256
|    └─ModuleList: 2                     []                        --
|    |    └─spatio_conv_layer: 3-3       [-1, 32, 10, 69]          3,104
|    └─linear: 2-2                       [-1, 32, 10, 69]          --
|    |    └─Conv2d: 3-4                  [-1, 32, 10, 69]          1,056
|    └─temporal_conv_layer: 2-3          [-1, 64, 8, 69]           --
|    |    └─align: 3-5                   [-1, 64, 10, 69]          --
|    |    └─Conv2d: 3-6                  [-1, 64, 8, 69]           6,208
|    └─LayerNorm: 2-4                    [-1, 8, 69, 64]           8,832
|    └─Dropout: 2-5                      [-1, 64, 8, 69]           --
├─st_conv_block: 1-2                     [-1, 64, 4, 69]           --
|    └─temporal_conv_layer: 2-6          [-1, 32, 6, 69]           --
|    |    └─align: 3-7                   [-1, 32, 8, 69]           2,080
|    |    └─Conv2d: 3-8                  [-1, 64, 6, 69]           12,352
|    └─ModuleList: 2                     []                        --
|    |    └─spatio_conv_layer: 3-9       [-1, 32, 6, 69]           3,104
|    └─linear: 2-7                       [-1, 32, 6, 69]           --
|    |    └─Conv2d: 3-10                 [-1, 32, 6, 69]           1,056
|    └─temporal_conv_layer: 2-8          [-1, 64, 4, 69]           --
|    |    └─align: 3-11                  [-1, 64, 6, 69]           --
|    |    └─Conv2d: 3-12                 [-1, 64, 4, 69]           6,208
|    └─LayerNorm: 2-9                    [-1, 4, 69, 64]           8,832
|    └─Dropout: 2-10                     [-1, 64, 4, 69]           --
├─output_layer: 1-3                      [-1, 1, 1, 69]            --
|    └─temporal_conv_layer: 2-11         [-1, 64, 1, 69]           --
|    |    └─align: 3-13                  [-1, 64, 4, 69]           --
|    |    └─Conv2d: 3-14                 [-1, 128, 1, 69]          32,896
|    └─LayerNorm: 2-12                   [-1, 1, 69, 64]           8,832
|    └─temporal_conv_layer: 2-13         [-1, 64, 1, 69]           --
|    |    └─align: 3-15                  [-1, 64, 1, 69]           --
|    |    └─Conv2d: 3-16                 [-1, 64, 1, 69]           4,160
|    └─Conv2d: 2-14                      [-1, 1, 1, 69]            65
==========================================================================================
Total params: 99,041
Trainable params: 99,041
Non-trainable params: 0
Total mult-adds (M): 15.28
==========================================================================================
Input size (MB): 0.00
Forward/backward pass size (MB): 2.16
Params size (MB): 0.38
Estimated Total Size (MB): 2.54
==========================================================================================
epoch 0 time used: 5  seconds  train loss: 0.33292394507230594 validation loss: 0.4336052728222903
epoch 1 time used: 5  seconds  train loss: 0.25980594074994295 validation loss: 0.45969257464221186
epoch 2 time used: 5  seconds  train loss: 0.2445001007729724 validation loss: 0.4310921444188372
epoch 3 time used: 5  seconds  train loss: 0.2345962913486442 validation loss: 0.38248833942535737
epoch 4 time used: 5  seconds  train loss: 0.22545178932750268 validation loss: 0.3985163730107507
epoch 5 time used: 5  seconds  train loss: 0.22034942482382225 validation loss: 0.4414775156491971
epoch 6 time used: 5  seconds  train loss: 0.21436455426054432 validation loss: 0.39261606942566885
epoch 7 time used: 5  seconds  train loss: 0.21412872275040598 validation loss: 0.40789550981450884
epoch 8 time used: 5  seconds  train loss: 0.20683851499471206 validation loss: 0.38283354463879204
epoch 9 time used: 5  seconds  train loss: 0.20517296189782983 validation loss: 0.3776704998728349
epoch 10 time used: 5  seconds  train loss: 0.2032997908054286 validation loss: 0.39550920458976974
epoch 11 time used: 5  seconds  train loss: 0.2019362299031064 validation loss: 0.4027541197679142
epoch 12 time used: 5  seconds  train loss: 0.20020100470956623 validation loss: 0.38793746072159313
epoch 13 time used: 5  seconds  train loss: 0.19776887832167564 validation loss: 0.39863585064020823
epoch 14 time used: 5  seconds  train loss: 0.19760860513894535 validation loss: 0.3794311290119147
epoch 15 time used: 5  seconds  train loss: 0.1945273051451968 validation loss: 0.40216408179476815
epoch 16 time used: 5  seconds  train loss: 0.1922167824113023 validation loss: 0.3710958455809851
epoch 17 time used: 5  seconds  train loss: 0.1921097845043155 validation loss: 0.37486547704295164
epoch 18 time used: 5  seconds  train loss: 0.19124905314183524 validation loss: 0.4010502331541119
epoch 19 time used: 5  seconds  train loss: 0.18887992854280816 validation loss: 0.4299702132795446
epoch 20 time used: 5  seconds  train loss: 0.18942464304584458 validation loss: 0.4045249077502619
epoch 21 time used: 5  seconds  train loss: 0.18607505038502087 validation loss: 0.38691586601142536
epoch 22 time used: 5  seconds  train loss: 0.18541313407084511 validation loss: 0.3721706510202176
epoch 23 time used: 5  seconds  train loss: 0.18432097778302434 validation loss: 0.3987571756226365
epoch 24 time used: 5  seconds  train loss: 0.18354790342681992 validation loss: 0.3854221186499152
epoch 25 time used: 5  seconds  train loss: 0.18434417712249235 validation loss: 0.3743509215861134
Early stopping at epoch: 26
YS.shape, YS_pred.shape, (14021, 1, 1, 69) (14021, 1, 1, 69)
YS.shape, YS_pred.shape, (14021, 69) (14021, 69)
****************************************
STGCN3, train, Torch MSE, 1.8227739242e-01, 0.1822773924

STGCN3, train, MSE, RMSE, MAE, MAPE, 215.5828008832, 14.6827381943, 8.0788323542, 45.9989111253

Model Training Ended ... Tue Jan  4 03:14:51 2022
pred_NYCBike-outflow_STGCN3_1_2201040312 testing started Tue Jan  4 03:14:51 2022
getXSYS data.shape(17544, 69)
getXSYS XS.shape(3507, 1, 12, 69)
getXSYS YS.shape(3507, 1, 1, 69)
TEST XS.shape, YS.shape (3507, 1, 12, 69) (3507, 1, 1, 69)
Model Testing Started ... Tue Jan  4 03:14:51 2022
TIMESTEP_IN, TIMESTEP_OUT 12 3
torch.Size([1, 3, 69, 69])
YS.shape, YS_pred.shape, (3507, 1, 1, 69) (3507, 1, 1, 69)
YS.shape, YS_pred.shape, (3507, 69) (3507, 69)
****************************************
STGCN3, test, Torch MSE, 4.1316105908e-01, 0.4131610591

STGCN3, test, MSE, RMSE, MAE, MAPE, 404.0133015985, 20.1000821291, 11.7258214677, 53.7190717279

Model Testing Ended ... Tue Jan  4 03:14:51 2022
