nohup: ignoring input
../data-NYCBike/60min/2019-2020-graph-outflow.npz
Namespace(adjpath='../data-NYCZones/adjmatrix/W_od_bike_new.csv', adjtype='symnadj', batchsize=64, channel=1, dataname='METR-LA', epoch=200, ex='typhoon-inflow', flowpath='../data-NYCBike/60min/2019-2020-graph-outflow.npz', gpu=5, graphnum=2, loss='MAE', lr=0.001, n_node=69, optimizer='Adam', patience=10, target=0, timestep_in=12, timestep_out=3, trainratio=0.8, trainvalsplit=0.125)
data.shape (17544, 69)
pred_METR-LA_STGCN1_1_2201032143 training started Mon Jan  3 21:43:42 2022
getXSYS data.shape(17544, 69)
getXSYS XS.shape(14023, 1, 12, 69)
getXSYS YS.shape(14023, 1, 1, 69)
TRAIN XS.shape YS,shape (14023, 1, 12, 69) (14023, 1, 1, 69)
Model Training Started ... Mon Jan  3 21:43:42 2022
TIMESTEP_IN, TIMESTEP_OUT 12 1
torch.Size([2, 3, 69, 69])
==========================================================================================
Layer (type:depth-idx)                   Output Shape              Param #
==========================================================================================
├─st_conv_block: 1-1                     [-1, 64, 8, 69]           --
|    └─temporal_conv_layer: 2-1          [-1, 32, 10, 69]          --
|    |    └─align: 3-1                   [-1, 32, 12, 69]          --
|    |    └─Conv2d: 3-2                  [-1, 64, 10, 69]          256
|    └─ModuleList: 2                     []                        --
|    |    └─spatio_conv_layer: 3-3       [-1, 32, 10, 69]          3,104
|    |    └─spatio_conv_layer: 3-4       [-1, 32, 10, 69]          3,104
|    └─linear: 2-2                       [-1, 32, 10, 69]          --
|    |    └─Conv2d: 3-5                  [-1, 32, 10, 69]          2,080
|    └─temporal_conv_layer: 2-3          [-1, 64, 8, 69]           --
|    |    └─align: 3-6                   [-1, 64, 10, 69]          --
|    |    └─Conv2d: 3-7                  [-1, 64, 8, 69]           6,208
|    └─LayerNorm: 2-4                    [-1, 8, 69, 64]           8,832
|    └─Dropout: 2-5                      [-1, 64, 8, 69]           --
├─st_conv_block: 1-2                     [-1, 64, 4, 69]           --
|    └─temporal_conv_layer: 2-6          [-1, 32, 6, 69]           --
|    |    └─align: 3-8                   [-1, 32, 8, 69]           2,080
|    |    └─Conv2d: 3-9                  [-1, 64, 6, 69]           12,352
|    └─ModuleList: 2                     []                        --
|    |    └─spatio_conv_layer: 3-10      [-1, 32, 6, 69]           3,104
|    |    └─spatio_conv_layer: 3-11      [-1, 32, 6, 69]           3,104
|    └─linear: 2-7                       [-1, 32, 6, 69]           --
|    |    └─Conv2d: 3-12                 [-1, 32, 6, 69]           2,080
|    └─temporal_conv_layer: 2-8          [-1, 64, 4, 69]           --
|    |    └─align: 3-13                  [-1, 64, 6, 69]           --
|    |    └─Conv2d: 3-14                 [-1, 64, 4, 69]           6,208
|    └─LayerNorm: 2-9                    [-1, 4, 69, 64]           8,832
|    └─Dropout: 2-10                     [-1, 64, 4, 69]           --
├─output_layer: 1-3                      [-1, 1, 1, 69]            --
|    └─temporal_conv_layer: 2-11         [-1, 64, 1, 69]           --
|    |    └─align: 3-15                  [-1, 64, 4, 69]           --
|    |    └─Conv2d: 3-16                 [-1, 128, 1, 69]          32,896
|    └─LayerNorm: 2-12                   [-1, 1, 69, 64]           8,832
|    └─temporal_conv_layer: 2-13         [-1, 64, 1, 69]           --
|    |    └─align: 3-17                  [-1, 64, 1, 69]           --
|    |    └─Conv2d: 3-18                 [-1, 64, 1, 69]           4,160
|    └─Conv2d: 2-14                      [-1, 1, 1, 69]            65
==========================================================================================
Total params: 107,297
Trainable params: 107,297
Non-trainable params: 0
Total mult-adds (M): 16.41
==========================================================================================
Input size (MB): 0.00
Forward/backward pass size (MB): 2.43
Params size (MB): 0.41
Estimated Total Size (MB): 2.84
==========================================================================================
epoch 0 time used: 5  seconds  train loss: 0.2416101734450705 validation loss: 0.29146111681334846
epoch 1 time used: 5  seconds  train loss: 0.19495483221760979 validation loss: 0.2720940995066763
epoch 2 time used: 5  seconds  train loss: 0.18432854522071238 validation loss: 0.2674064572392636
epoch 3 time used: 5  seconds  train loss: 0.17897237473225924 validation loss: 0.2756452496671976
epoch 4 time used: 5  seconds  train loss: 0.17175915424864566 validation loss: 0.25843082090411534
epoch 5 time used: 5  seconds  train loss: 0.1673526632708073 validation loss: 0.2639737744893745
epoch 6 time used: 5  seconds  train loss: 0.16516900252985003 validation loss: 0.2577632925320678
epoch 7 time used: 5  seconds  train loss: 0.16337985490382737 validation loss: 0.2620117961340337
epoch 8 time used: 5  seconds  train loss: 0.16231176264905892 validation loss: 0.2668034149895922
epoch 9 time used: 5  seconds  train loss: 0.15934989714437903 validation loss: 0.26057074964896515
epoch 10 time used: 5  seconds  train loss: 0.1607385172893482 validation loss: 0.26418096913450867
epoch 11 time used: 5  seconds  train loss: 0.15867172746563113 validation loss: 0.25166306685054907
epoch 12 time used: 5  seconds  train loss: 0.15703297278554632 validation loss: 0.2571404987379815
epoch 13 time used: 5  seconds  train loss: 0.15691073637428377 validation loss: 0.25715145397308686
epoch 14 time used: 5  seconds  train loss: 0.15622039878378094 validation loss: 0.25728754162006356
epoch 15 time used: 5  seconds  train loss: 0.15533016894100737 validation loss: 0.26337213214981986
epoch 16 time used: 5  seconds  train loss: 0.15476491374996687 validation loss: 0.25604587228925174
epoch 17 time used: 5  seconds  train loss: 0.15325672787287029 validation loss: 0.2546630666144426
epoch 18 time used: 5  seconds  train loss: 0.1530001278732886 validation loss: 0.26168178182564933
epoch 19 time used: 5  seconds  train loss: 0.15305397310389088 validation loss: 0.26000040475463976
epoch 20 time used: 5  seconds  train loss: 0.15207479117892095 validation loss: 0.25345943970164775
Early stopping at epoch: 21
YS.shape, YS_pred.shape, (14023, 1, 1, 69) (14023, 1, 1, 69)
YS.shape, YS_pred.shape, (14023, 69) (14023, 69)
****************************************
STGCN1, train, Torch MSE, 1.5350319415e-01, 0.1535031941

STGCN1, train, MSE, RMSE, MAE, MAPE, 115.8072795719, 10.7613790739, 6.2645308575, 38.7707184863

Model Training Ended ... Mon Jan  3 21:45:58 2022
pred_METR-LA_STGCN1_1_2201032143 testing started Mon Jan  3 21:45:58 2022
getXSYS data.shape(17544, 69)
getXSYS XS.shape(3509, 1, 12, 69)
getXSYS YS.shape(3509, 1, 1, 69)
TEST XS.shape, YS.shape (3509, 1, 12, 69) (3509, 1, 1, 69)
Model Testing Started ... Mon Jan  3 21:45:58 2022
TIMESTEP_IN, TIMESTEP_OUT 12 1
torch.Size([2, 3, 69, 69])
YS.shape, YS_pred.shape, (3509, 1, 1, 69) (3509, 1, 1, 69)
YS.shape, YS_pred.shape, (3509, 69) (3509, 69)
****************************************
STGCN1, test, Torch MSE, 2.8498756865e-01, 0.2849875686

STGCN1, test, MSE, RMSE, MAE, MAPE, 156.7544390240, 12.5201613018, 7.6663107596, 39.1457375353

Model Testing Ended ... Mon Jan  3 21:45:58 2022
pred_METR-LA_STGCN2_1_2201032145 training started Mon Jan  3 21:45:58 2022
getXSYS data.shape(17544, 69)
getXSYS XS.shape(14022, 1, 12, 69)
getXSYS YS.shape(14022, 1, 1, 69)
TRAIN XS.shape YS,shape (14022, 1, 12, 69) (14022, 1, 1, 69)
Model Training Started ... Mon Jan  3 21:45:58 2022
TIMESTEP_IN, TIMESTEP_OUT 12 2
torch.Size([2, 3, 69, 69])
==========================================================================================
Layer (type:depth-idx)                   Output Shape              Param #
==========================================================================================
├─st_conv_block: 1-1                     [-1, 64, 8, 69]           --
|    └─temporal_conv_layer: 2-1          [-1, 32, 10, 69]          --
|    |    └─align: 3-1                   [-1, 32, 12, 69]          --
|    |    └─Conv2d: 3-2                  [-1, 64, 10, 69]          256
|    └─ModuleList: 2                     []                        --
|    |    └─spatio_conv_layer: 3-3       [-1, 32, 10, 69]          3,104
|    |    └─spatio_conv_layer: 3-4       [-1, 32, 10, 69]          3,104
|    └─linear: 2-2                       [-1, 32, 10, 69]          --
|    |    └─Conv2d: 3-5                  [-1, 32, 10, 69]          2,080
|    └─temporal_conv_layer: 2-3          [-1, 64, 8, 69]           --
|    |    └─align: 3-6                   [-1, 64, 10, 69]          --
|    |    └─Conv2d: 3-7                  [-1, 64, 8, 69]           6,208
|    └─LayerNorm: 2-4                    [-1, 8, 69, 64]           8,832
|    └─Dropout: 2-5                      [-1, 64, 8, 69]           --
├─st_conv_block: 1-2                     [-1, 64, 4, 69]           --
|    └─temporal_conv_layer: 2-6          [-1, 32, 6, 69]           --
|    |    └─align: 3-8                   [-1, 32, 8, 69]           2,080
|    |    └─Conv2d: 3-9                  [-1, 64, 6, 69]           12,352
|    └─ModuleList: 2                     []                        --
|    |    └─spatio_conv_layer: 3-10      [-1, 32, 6, 69]           3,104
|    |    └─spatio_conv_layer: 3-11      [-1, 32, 6, 69]           3,104
|    └─linear: 2-7                       [-1, 32, 6, 69]           --
|    |    └─Conv2d: 3-12                 [-1, 32, 6, 69]           2,080
|    └─temporal_conv_layer: 2-8          [-1, 64, 4, 69]           --
|    |    └─align: 3-13                  [-1, 64, 6, 69]           --
|    |    └─Conv2d: 3-14                 [-1, 64, 4, 69]           6,208
|    └─LayerNorm: 2-9                    [-1, 4, 69, 64]           8,832
|    └─Dropout: 2-10                     [-1, 64, 4, 69]           --
├─output_layer: 1-3                      [-1, 1, 1, 69]            --
|    └─temporal_conv_layer: 2-11         [-1, 64, 1, 69]           --
|    |    └─align: 3-15                  [-1, 64, 4, 69]           --
|    |    └─Conv2d: 3-16                 [-1, 128, 1, 69]          32,896
|    └─LayerNorm: 2-12                   [-1, 1, 69, 64]           8,832
|    └─temporal_conv_layer: 2-13         [-1, 64, 1, 69]           --
|    |    └─align: 3-17                  [-1, 64, 1, 69]           --
|    |    └─Conv2d: 3-18                 [-1, 64, 1, 69]           4,160
|    └─Conv2d: 2-14                      [-1, 1, 1, 69]            65
==========================================================================================
Total params: 107,297
Trainable params: 107,297
Non-trainable params: 0
Total mult-adds (M): 16.41
==========================================================================================
Input size (MB): 0.00
Forward/backward pass size (MB): 2.43
Params size (MB): 0.41
Estimated Total Size (MB): 2.84
==========================================================================================
epoch 0 time used: 5  seconds  train loss: 0.30026588529865766 validation loss: 0.37199716656737103
epoch 1 time used: 5  seconds  train loss: 0.2378384629072425 validation loss: 0.3528792238956306
epoch 2 time used: 5  seconds  train loss: 0.22052151657994973 validation loss: 0.3628070428584959
epoch 3 time used: 5  seconds  train loss: 0.2105399430410253 validation loss: 0.3791391038751847
epoch 4 time used: 5  seconds  train loss: 0.20455243525139538 validation loss: 0.371835742466666
epoch 5 time used: 5  seconds  train loss: 0.19860850953732234 validation loss: 0.34084602583495127
epoch 6 time used: 5  seconds  train loss: 0.1952831304343447 validation loss: 0.3514379264454262
epoch 7 time used: 5  seconds  train loss: 0.19392639945481088 validation loss: 0.3435413287458458
epoch 8 time used: 5  seconds  train loss: 0.19082211434709986 validation loss: 0.3397055464476364
epoch 9 time used: 5  seconds  train loss: 0.18645366051055387 validation loss: 0.34022709424673864
epoch 10 time used: 5  seconds  train loss: 0.18496518152584432 validation loss: 0.3320871789796789
epoch 11 time used: 5  seconds  train loss: 0.1838882010551855 validation loss: 0.32667809372892126
epoch 12 time used: 5  seconds  train loss: 0.18209575960737967 validation loss: 0.36118744061255686
epoch 13 time used: 5  seconds  train loss: 0.1811429324782811 validation loss: 0.34237775915497315
epoch 14 time used: 5  seconds  train loss: 0.17850316068184424 validation loss: 0.34715780915019856
epoch 15 time used: 5  seconds  train loss: 0.1794765930987481 validation loss: 0.3199252781532046
epoch 16 time used: 5  seconds  train loss: 0.177999185302728 validation loss: 0.3326639835146313
epoch 17 time used: 5  seconds  train loss: 0.17497648187124387 validation loss: 0.3394678990907555
epoch 18 time used: 5  seconds  train loss: 0.174300523622227 validation loss: 0.33762281922293064
epoch 19 time used: 5  seconds  train loss: 0.17580023140859288 validation loss: 0.3283529271585766
epoch 20 time used: 5  seconds  train loss: 0.17311394181959067 validation loss: 0.3266299618052131
epoch 21 time used: 5  seconds  train loss: 0.17192119965781422 validation loss: 0.32441641030757684
epoch 22 time used: 5  seconds  train loss: 0.17067738785600106 validation loss: 0.3366049387865725
epoch 23 time used: 5  seconds  train loss: 0.17104665574078962 validation loss: 0.3285874425854876
epoch 24 time used: 5  seconds  train loss: 0.17187593787925556 validation loss: 0.3340381532482467
Early stopping at epoch: 25
YS.shape, YS_pred.shape, (14022, 1, 1, 69) (14022, 1, 1, 69)
YS.shape, YS_pred.shape, (14022, 69) (14022, 69)
****************************************
STGCN2, train, Torch MSE, 1.6646441296e-01, 0.1664644130

STGCN2, train, MSE, RMSE, MAE, MAPE, 158.8490564803, 12.6035334919, 7.0454956470, 44.9357654528

Model Training Ended ... Mon Jan  3 21:48:33 2022
pred_METR-LA_STGCN2_1_2201032145 testing started Mon Jan  3 21:48:33 2022
getXSYS data.shape(17544, 69)
getXSYS XS.shape(3508, 1, 12, 69)
getXSYS YS.shape(3508, 1, 1, 69)
TEST XS.shape, YS.shape (3508, 1, 12, 69) (3508, 1, 1, 69)
Model Testing Started ... Mon Jan  3 21:48:33 2022
TIMESTEP_IN, TIMESTEP_OUT 12 2
torch.Size([2, 3, 69, 69])
YS.shape, YS_pred.shape, (3508, 1, 1, 69) (3508, 1, 1, 69)
YS.shape, YS_pred.shape, (3508, 69) (3508, 69)
****************************************
STGCN2, test, Torch MSE, 4.0939712484e-01, 0.4093971248

STGCN2, test, MSE, RMSE, MAE, MAPE, 449.5249285055, 21.2020029362, 12.0330890610, 58.7538352584

Model Testing Ended ... Mon Jan  3 21:48:39 2022
pred_METR-LA_STGCN3_1_2201032148 training started Mon Jan  3 21:48:39 2022
getXSYS data.shape(17544, 69)
getXSYS XS.shape(14021, 1, 12, 69)
getXSYS YS.shape(14021, 1, 1, 69)
TRAIN XS.shape YS,shape (14021, 1, 12, 69) (14021, 1, 1, 69)
Model Training Started ... Mon Jan  3 21:48:39 2022
TIMESTEP_IN, TIMESTEP_OUT 12 3
torch.Size([2, 3, 69, 69])
==========================================================================================
Layer (type:depth-idx)                   Output Shape              Param #
==========================================================================================
├─st_conv_block: 1-1                     [-1, 64, 8, 69]           --
|    └─temporal_conv_layer: 2-1          [-1, 32, 10, 69]          --
|    |    └─align: 3-1                   [-1, 32, 12, 69]          --
|    |    └─Conv2d: 3-2                  [-1, 64, 10, 69]          256
|    └─ModuleList: 2                     []                        --
|    |    └─spatio_conv_layer: 3-3       [-1, 32, 10, 69]          3,104
|    |    └─spatio_conv_layer: 3-4       [-1, 32, 10, 69]          3,104
|    └─linear: 2-2                       [-1, 32, 10, 69]          --
|    |    └─Conv2d: 3-5                  [-1, 32, 10, 69]          2,080
|    └─temporal_conv_layer: 2-3          [-1, 64, 8, 69]           --
|    |    └─align: 3-6                   [-1, 64, 10, 69]          --
|    |    └─Conv2d: 3-7                  [-1, 64, 8, 69]           6,208
|    └─LayerNorm: 2-4                    [-1, 8, 69, 64]           8,832
|    └─Dropout: 2-5                      [-1, 64, 8, 69]           --
├─st_conv_block: 1-2                     [-1, 64, 4, 69]           --
|    └─temporal_conv_layer: 2-6          [-1, 32, 6, 69]           --
|    |    └─align: 3-8                   [-1, 32, 8, 69]           2,080
|    |    └─Conv2d: 3-9                  [-1, 64, 6, 69]           12,352
|    └─ModuleList: 2                     []                        --
|    |    └─spatio_conv_layer: 3-10      [-1, 32, 6, 69]           3,104
|    |    └─spatio_conv_layer: 3-11      [-1, 32, 6, 69]           3,104
|    └─linear: 2-7                       [-1, 32, 6, 69]           --
|    |    └─Conv2d: 3-12                 [-1, 32, 6, 69]           2,080
|    └─temporal_conv_layer: 2-8          [-1, 64, 4, 69]           --
|    |    └─align: 3-13                  [-1, 64, 6, 69]           --
|    |    └─Conv2d: 3-14                 [-1, 64, 4, 69]           6,208
|    └─LayerNorm: 2-9                    [-1, 4, 69, 64]           8,832
|    └─Dropout: 2-10                     [-1, 64, 4, 69]           --
├─output_layer: 1-3                      [-1, 1, 1, 69]            --
|    └─temporal_conv_layer: 2-11         [-1, 64, 1, 69]           --
|    |    └─align: 3-15                  [-1, 64, 4, 69]           --
|    |    └─Conv2d: 3-16                 [-1, 128, 1, 69]          32,896
|    └─LayerNorm: 2-12                   [-1, 1, 69, 64]           8,832
|    └─temporal_conv_layer: 2-13         [-1, 64, 1, 69]           --
|    |    └─align: 3-17                  [-1, 64, 1, 69]           --
|    |    └─Conv2d: 3-18                 [-1, 64, 1, 69]           4,160
|    └─Conv2d: 2-14                      [-1, 1, 1, 69]            65
==========================================================================================
Total params: 107,297
Trainable params: 107,297
Non-trainable params: 0
Total mult-adds (M): 16.41
==========================================================================================
Input size (MB): 0.00
Forward/backward pass size (MB): 2.43
Params size (MB): 0.41
Estimated Total Size (MB): 2.84
==========================================================================================
epoch 0 time used: 5  seconds  train loss: 0.34080976416864883 validation loss: 0.455238590003148
epoch 1 time used: 5  seconds  train loss: 0.262894682078475 validation loss: 0.4282095174720066
epoch 2 time used: 5  seconds  train loss: 0.2448900380175783 validation loss: 0.43496532499348173
epoch 3 time used: 5  seconds  train loss: 0.2375168436788992 validation loss: 0.42715352294245107
epoch 4 time used: 5  seconds  train loss: 0.2291607964610214 validation loss: 0.41547082040694805
epoch 5 time used: 5  seconds  train loss: 0.22267830866942548 validation loss: 0.3963896914237034
epoch 6 time used: 5  seconds  train loss: 0.21705753389985233 validation loss: 0.412136441322986
epoch 7 time used: 5  seconds  train loss: 0.21367699138633117 validation loss: 0.41586776195902586
epoch 8 time used: 5  seconds  train loss: 0.20845786571735897 validation loss: 0.405801446962819
epoch 9 time used: 5  seconds  train loss: 0.20688763750096972 validation loss: 0.38138834565146884
epoch 10 time used: 5  seconds  train loss: 0.2050374261002452 validation loss: 0.3862500183084524
epoch 11 time used: 5  seconds  train loss: 0.2044023399025367 validation loss: 0.4195809757206281
epoch 12 time used: 5  seconds  train loss: 0.2017674310552518 validation loss: 0.4080530213276046
epoch 13 time used: 5  seconds  train loss: 0.1999197944410857 validation loss: 0.3847542636338738
epoch 14 time used: 5  seconds  train loss: 0.1967435955593164 validation loss: 0.38747713005481554
epoch 15 time used: 5  seconds  train loss: 0.1965168295716633 validation loss: 0.41671795970497305
epoch 16 time used: 5  seconds  train loss: 0.1955950869618389 validation loss: 0.38488801885385615
epoch 17 time used: 5  seconds  train loss: 0.19288509750855953 validation loss: 0.38258591651304474
epoch 18 time used: 5  seconds  train loss: 0.19210579178020004 validation loss: 0.43129615637824936
epoch 19 time used: 5  seconds  train loss: 0.1909864847410141 validation loss: 0.3779393969198261
epoch 20 time used: 5  seconds  train loss: 0.18977572847877996 validation loss: 0.3963359077692168
epoch 21 time used: 5  seconds  train loss: 0.1887004117420375 validation loss: 0.3953192730121319
epoch 22 time used: 5  seconds  train loss: 0.18724129709740356 validation loss: 0.39186734989650984
epoch 23 time used: 5  seconds  train loss: 0.18569700423303784 validation loss: 0.4180857902653069
epoch 24 time used: 5  seconds  train loss: 0.186337872654598 validation loss: 0.39101878532802997
epoch 25 time used: 5  seconds  train loss: 0.18468472067136738 validation loss: 0.3747644238110209
epoch 26 time used: 5  seconds  train loss: 0.18332638767164383 validation loss: 0.4031222268165484
epoch 27 time used: 5  seconds  train loss: 0.18257749445048924 validation loss: 0.4001807090526163
epoch 28 time used: 5  seconds  train loss: 0.18296954089688836 validation loss: 0.39519018954844454
epoch 29 time used: 5  seconds  train loss: 0.18094762921683127 validation loss: 0.3988112794863314
epoch 30 time used: 5  seconds  train loss: 0.17995440538694465 validation loss: 0.38776907353692236
epoch 31 time used: 5  seconds  train loss: 0.17879816891220443 validation loss: 0.3755180824503379
epoch 32 time used: 5  seconds  train loss: 0.17792426004038986 validation loss: 0.403973588077123
epoch 33 time used: 5  seconds  train loss: 0.17748322477549033 validation loss: 0.3809491536546556
epoch 34 time used: 5  seconds  train loss: 0.1766906598413422 validation loss: 0.3929401666214992
Early stopping at epoch: 35
YS.shape, YS_pred.shape, (14021, 1, 1, 69) (14021, 1, 1, 69)
YS.shape, YS_pred.shape, (14021, 69) (14021, 69)
****************************************
STGCN3, train, Torch MSE, 1.7115187711e-01, 0.1711518771

STGCN3, train, MSE, RMSE, MAE, MAPE, 210.4281556194, 14.5061419964, 7.7780397303, 45.9290502860

Model Training Ended ... Mon Jan  3 21:52:13 2022
pred_METR-LA_STGCN3_1_2201032148 testing started Mon Jan  3 21:52:13 2022
getXSYS data.shape(17544, 69)
getXSYS XS.shape(3507, 1, 12, 69)
getXSYS YS.shape(3507, 1, 1, 69)
TEST XS.shape, YS.shape (3507, 1, 12, 69) (3507, 1, 1, 69)
Model Testing Started ... Mon Jan  3 21:52:13 2022
TIMESTEP_IN, TIMESTEP_OUT 12 3
torch.Size([2, 3, 69, 69])
YS.shape, YS_pred.shape, (3507, 1, 1, 69) (3507, 1, 1, 69)
YS.shape, YS_pred.shape, (3507, 69) (3507, 69)
****************************************
STGCN3, test, Torch MSE, 3.9868648780e-01, 0.3986864878

STGCN3, test, MSE, RMSE, MAE, MAPE, 381.1983904687, 19.5243025604, 11.3167539506, 52.6456266550

Model Testing Ended ... Mon Jan  3 21:52:13 2022
