nohup: ignoring input
../data-NYCBike/60min/2019-2020-graph-inflow.npz
Namespace(adjpath='../data-NYCZones/adjmatrix/W_adj_matrix.csv', adjtype='symnadj', batchsize=64, channel=1, dataname='NYCBike-inflow-mulgraph', datatype=0, epoch=200, ex='typhoon-inflow', flowpath='../data-NYCBike/60min/2019-2020-graph-inflow.npz', gpu=0, graphnum=2, loss='MAE', lr=0.001, n_node=69, optimizer='Adam', patience=10, target=0, timestep_in=12, timestep_out=3, trainratio=0.8, trainvalsplit=0.125)
data.shape (17544, 69)
pred_NYCBike-inflow-mulgraph_STGCN1_1_2201040431 training started Tue Jan  4 04:31:12 2022
getXSYS data.shape(17544, 69)
getXSYS XS.shape(14023, 1, 12, 69)
getXSYS YS.shape(14023, 1, 1, 69)
TRAIN XS.shape YS,shape (14023, 1, 12, 69) (14023, 1, 1, 69)
Model Training Started ... Tue Jan  4 04:31:12 2022
TIMESTEP_IN, TIMESTEP_OUT 12 1
torch.Size([2, 3, 69, 69])
==========================================================================================
Layer (type:depth-idx)                   Output Shape              Param #
==========================================================================================
├─st_conv_block: 1-1                     [-1, 64, 8, 69]           --
|    └─temporal_conv_layer: 2-1          [-1, 32, 10, 69]          --
|    |    └─align: 3-1                   [-1, 32, 12, 69]          --
|    |    └─Conv2d: 3-2                  [-1, 64, 10, 69]          256
|    └─ModuleList: 2                     []                        --
|    |    └─spatio_conv_layer: 3-3       [-1, 32, 10, 69]          3,104
|    |    └─spatio_conv_layer: 3-4       [-1, 32, 10, 69]          3,104
|    └─linear: 2-2                       [-1, 32, 10, 69]          --
|    |    └─Conv2d: 3-5                  [-1, 32, 10, 69]          2,080
|    └─temporal_conv_layer: 2-3          [-1, 64, 8, 69]           --
|    |    └─align: 3-6                   [-1, 64, 10, 69]          --
|    |    └─Conv2d: 3-7                  [-1, 64, 8, 69]           6,208
|    └─LayerNorm: 2-4                    [-1, 8, 69, 64]           8,832
|    └─Dropout: 2-5                      [-1, 64, 8, 69]           --
├─st_conv_block: 1-2                     [-1, 64, 4, 69]           --
|    └─temporal_conv_layer: 2-6          [-1, 32, 6, 69]           --
|    |    └─align: 3-8                   [-1, 32, 8, 69]           2,080
|    |    └─Conv2d: 3-9                  [-1, 64, 6, 69]           12,352
|    └─ModuleList: 2                     []                        --
|    |    └─spatio_conv_layer: 3-10      [-1, 32, 6, 69]           3,104
|    |    └─spatio_conv_layer: 3-11      [-1, 32, 6, 69]           3,104
|    └─linear: 2-7                       [-1, 32, 6, 69]           --
|    |    └─Conv2d: 3-12                 [-1, 32, 6, 69]           2,080
|    └─temporal_conv_layer: 2-8          [-1, 64, 4, 69]           --
|    |    └─align: 3-13                  [-1, 64, 6, 69]           --
|    |    └─Conv2d: 3-14                 [-1, 64, 4, 69]           6,208
|    └─LayerNorm: 2-9                    [-1, 4, 69, 64]           8,832
|    └─Dropout: 2-10                     [-1, 64, 4, 69]           --
├─output_layer: 1-3                      [-1, 1, 1, 69]            --
|    └─temporal_conv_layer: 2-11         [-1, 64, 1, 69]           --
|    |    └─align: 3-15                  [-1, 64, 4, 69]           --
|    |    └─Conv2d: 3-16                 [-1, 128, 1, 69]          32,896
|    └─LayerNorm: 2-12                   [-1, 1, 69, 64]           8,832
|    └─temporal_conv_layer: 2-13         [-1, 64, 1, 69]           --
|    |    └─align: 3-17                  [-1, 64, 1, 69]           --
|    |    └─Conv2d: 3-18                 [-1, 64, 1, 69]           4,160
|    └─Conv2d: 2-14                      [-1, 1, 1, 69]            65
==========================================================================================
Total params: 107,297
Trainable params: 107,297
Non-trainable params: 0
Total mult-adds (M): 16.41
==========================================================================================
Input size (MB): 0.00
Forward/backward pass size (MB): 2.43
Params size (MB): 0.41
Estimated Total Size (MB): 2.84
==========================================================================================
epoch 0 time used: 5  seconds  train loss: 0.23617093560893845 validation loss: 0.26691630501374475
epoch 1 time used: 5  seconds  train loss: 0.18737678466624327 validation loss: 0.2606430711810139
epoch 2 time used: 5  seconds  train loss: 0.17701061824617487 validation loss: 0.2543104689119886
epoch 3 time used: 5  seconds  train loss: 0.16971413091177268 validation loss: 0.2709626381865108
epoch 4 time used: 5  seconds  train loss: 0.1649697529730412 validation loss: 0.2606229468950597
epoch 5 time used: 5  seconds  train loss: 0.16211332979975626 validation loss: 0.25360922686249887
epoch 6 time used: 5  seconds  train loss: 0.16034427797687473 validation loss: 0.25101840559816063
epoch 7 time used: 5  seconds  train loss: 0.1587471249852612 validation loss: 0.25281873827346446
epoch 8 time used: 5  seconds  train loss: 0.15740920515349946 validation loss: 0.2592128334695519
epoch 9 time used: 5  seconds  train loss: 0.15560264341599978 validation loss: 0.2518467049359323
epoch 10 time used: 5  seconds  train loss: 0.15582383405462746 validation loss: 0.2574222824842809
epoch 11 time used: 5  seconds  train loss: 0.15441475535371776 validation loss: 0.25277178520756455
epoch 12 time used: 5  seconds  train loss: 0.15322661014864283 validation loss: 0.26658932962420323
epoch 13 time used: 5  seconds  train loss: 0.15305831686645965 validation loss: 0.2591683311388959
epoch 14 time used: 5  seconds  train loss: 0.15216274465014512 validation loss: 0.25925498914358214
epoch 15 time used: 5  seconds  train loss: 0.15115913789546287 validation loss: 0.2560213356615133
Early stopping at epoch: 16
YS.shape, YS_pred.shape, (14023, 1, 1, 69) (14023, 1, 1, 69)
YS.shape, YS_pred.shape, (14023, 69) (14023, 69)
****************************************
STGCN1, train, Torch MSE, 1.5290769987e-01, 0.1529076999

STGCN1, train, MSE, RMSE, MAE, MAPE, 110.5637526029, 10.5149299856, 6.1420538388, 38.0263696249

Model Training Ended ... Tue Jan  4 04:32:58 2022
pred_NYCBike-inflow-mulgraph_STGCN1_1_2201040431 testing started Tue Jan  4 04:32:58 2022
getXSYS data.shape(17544, 69)
getXSYS XS.shape(3509, 1, 12, 69)
getXSYS YS.shape(3509, 1, 1, 69)
TEST XS.shape, YS.shape (3509, 1, 12, 69) (3509, 1, 1, 69)
Model Testing Started ... Tue Jan  4 04:32:58 2022
TIMESTEP_IN, TIMESTEP_OUT 12 1
torch.Size([2, 3, 69, 69])
YS.shape, YS_pred.shape, (3509, 1, 1, 69) (3509, 1, 1, 69)
YS.shape, YS_pred.shape, (3509, 69) (3509, 69)
****************************************
STGCN1, test, Torch MSE, 2.8190198243e-01, 0.2819019824

STGCN1, test, MSE, RMSE, MAE, MAPE, 153.6383081104, 12.3950920977, 7.4443804944, 40.0289583498

Model Testing Ended ... Tue Jan  4 04:32:58 2022
pred_NYCBike-inflow-mulgraph_STGCN2_1_2201040432 training started Tue Jan  4 04:32:58 2022
getXSYS data.shape(17544, 69)
getXSYS XS.shape(14022, 1, 12, 69)
getXSYS YS.shape(14022, 1, 1, 69)
TRAIN XS.shape YS,shape (14022, 1, 12, 69) (14022, 1, 1, 69)
Model Training Started ... Tue Jan  4 04:32:58 2022
TIMESTEP_IN, TIMESTEP_OUT 12 2
torch.Size([2, 3, 69, 69])
==========================================================================================
Layer (type:depth-idx)                   Output Shape              Param #
==========================================================================================
├─st_conv_block: 1-1                     [-1, 64, 8, 69]           --
|    └─temporal_conv_layer: 2-1          [-1, 32, 10, 69]          --
|    |    └─align: 3-1                   [-1, 32, 12, 69]          --
|    |    └─Conv2d: 3-2                  [-1, 64, 10, 69]          256
|    └─ModuleList: 2                     []                        --
|    |    └─spatio_conv_layer: 3-3       [-1, 32, 10, 69]          3,104
|    |    └─spatio_conv_layer: 3-4       [-1, 32, 10, 69]          3,104
|    └─linear: 2-2                       [-1, 32, 10, 69]          --
|    |    └─Conv2d: 3-5                  [-1, 32, 10, 69]          2,080
|    └─temporal_conv_layer: 2-3          [-1, 64, 8, 69]           --
|    |    └─align: 3-6                   [-1, 64, 10, 69]          --
|    |    └─Conv2d: 3-7                  [-1, 64, 8, 69]           6,208
|    └─LayerNorm: 2-4                    [-1, 8, 69, 64]           8,832
|    └─Dropout: 2-5                      [-1, 64, 8, 69]           --
├─st_conv_block: 1-2                     [-1, 64, 4, 69]           --
|    └─temporal_conv_layer: 2-6          [-1, 32, 6, 69]           --
|    |    └─align: 3-8                   [-1, 32, 8, 69]           2,080
|    |    └─Conv2d: 3-9                  [-1, 64, 6, 69]           12,352
|    └─ModuleList: 2                     []                        --
|    |    └─spatio_conv_layer: 3-10      [-1, 32, 6, 69]           3,104
|    |    └─spatio_conv_layer: 3-11      [-1, 32, 6, 69]           3,104
|    └─linear: 2-7                       [-1, 32, 6, 69]           --
|    |    └─Conv2d: 3-12                 [-1, 32, 6, 69]           2,080
|    └─temporal_conv_layer: 2-8          [-1, 64, 4, 69]           --
|    |    └─align: 3-13                  [-1, 64, 6, 69]           --
|    |    └─Conv2d: 3-14                 [-1, 64, 4, 69]           6,208
|    └─LayerNorm: 2-9                    [-1, 4, 69, 64]           8,832
|    └─Dropout: 2-10                     [-1, 64, 4, 69]           --
├─output_layer: 1-3                      [-1, 1, 1, 69]            --
|    └─temporal_conv_layer: 2-11         [-1, 64, 1, 69]           --
|    |    └─align: 3-15                  [-1, 64, 4, 69]           --
|    |    └─Conv2d: 3-16                 [-1, 128, 1, 69]          32,896
|    └─LayerNorm: 2-12                   [-1, 1, 69, 64]           8,832
|    └─temporal_conv_layer: 2-13         [-1, 64, 1, 69]           --
|    |    └─align: 3-17                  [-1, 64, 1, 69]           --
|    |    └─Conv2d: 3-18                 [-1, 64, 1, 69]           4,160
|    └─Conv2d: 2-14                      [-1, 1, 1, 69]            65
==========================================================================================
Total params: 107,297
Trainable params: 107,297
Non-trainable params: 0
Total mult-adds (M): 16.41
==========================================================================================
Input size (MB): 0.00
Forward/backward pass size (MB): 2.43
Params size (MB): 0.41
Estimated Total Size (MB): 2.84
==========================================================================================
epoch 0 time used: 5  seconds  train loss: 0.29159942824976187 validation loss: 0.3562521441827416
epoch 1 time used: 5  seconds  train loss: 0.22435741327057473 validation loss: 0.360806460150704
epoch 2 time used: 5  seconds  train loss: 0.20659602698637344 validation loss: 0.3622233232837096
epoch 3 time used: 5  seconds  train loss: 0.19971462939933826 validation loss: 0.3628262701166472
epoch 4 time used: 5  seconds  train loss: 0.1927054094560417 validation loss: 0.3593819976294986
epoch 5 time used: 5  seconds  train loss: 0.18906022340960468 validation loss: 0.36494936913472886
epoch 6 time used: 5  seconds  train loss: 0.18509881479207302 validation loss: 0.3331640851851266
epoch 7 time used: 5  seconds  train loss: 0.18097547444210765 validation loss: 0.3453645842862823
epoch 8 time used: 5  seconds  train loss: 0.1812347970026631 validation loss: 0.34815455776789633
epoch 9 time used: 5  seconds  train loss: 0.1802701426109598 validation loss: 0.3419614291435912
epoch 10 time used: 5  seconds  train loss: 0.17662462417960254 validation loss: 0.3352067686120102
epoch 11 time used: 5  seconds  train loss: 0.17469372768834085 validation loss: 0.32498184528203944
epoch 12 time used: 5  seconds  train loss: 0.1748613797784658 validation loss: 0.3511157733028573
epoch 13 time used: 5  seconds  train loss: 0.17276476011589886 validation loss: 0.3397143531954091
epoch 14 time used: 5  seconds  train loss: 0.17053856184055252 validation loss: 0.3368357012629577
epoch 15 time used: 5  seconds  train loss: 0.16951619957651368 validation loss: 0.32273847599132904
epoch 16 time used: 5  seconds  train loss: 0.16948611824448742 validation loss: 0.32010584874147696
epoch 17 time used: 5  seconds  train loss: 0.16795315231366695 validation loss: 0.33243545284627574
epoch 18 time used: 5  seconds  train loss: 0.16764066492770818 validation loss: 0.3203030797120033
epoch 19 time used: 5  seconds  train loss: 0.1664404173404627 validation loss: 0.325588213193777
epoch 20 time used: 5  seconds  train loss: 0.16608940900751815 validation loss: 0.3104231355874387
epoch 21 time used: 5  seconds  train loss: 0.1663353575020239 validation loss: 0.3239205486422189
epoch 22 time used: 5  seconds  train loss: 0.16367655456168154 validation loss: 0.32315922290069743
epoch 23 time used: 5  seconds  train loss: 0.16332302713332952 validation loss: 0.31331736031288565
epoch 24 time used: 5  seconds  train loss: 0.16469364278142964 validation loss: 0.32280205728255607
epoch 25 time used: 5  seconds  train loss: 0.16233814975259084 validation loss: 0.3096968235625448
epoch 26 time used: 5  seconds  train loss: 0.16194104359837652 validation loss: 0.31350817936390246
epoch 27 time used: 5  seconds  train loss: 0.16144602267061434 validation loss: 0.3183341243915808
epoch 28 time used: 5  seconds  train loss: 0.16115278609346592 validation loss: 0.3188707240975658
epoch 29 time used: 5  seconds  train loss: 0.1607027209415268 validation loss: 0.32266351714925773
epoch 30 time used: 5  seconds  train loss: 0.16021099713949716 validation loss: 0.3247839545972403
epoch 31 time used: 5  seconds  train loss: 0.15915399826246307 validation loss: 0.3212648494986215
epoch 32 time used: 5  seconds  train loss: 0.15894093115922048 validation loss: 0.33522031738019575
epoch 33 time used: 5  seconds  train loss: 0.15917584684199426 validation loss: 0.3257309946412708
epoch 34 time used: 5  seconds  train loss: 0.15825330066874263 validation loss: 0.3209635948733609
Early stopping at epoch: 35
YS.shape, YS_pred.shape, (14022, 1, 1, 69) (14022, 1, 1, 69)
YS.shape, YS_pred.shape, (14022, 69) (14022, 69)
****************************************
STGCN2, train, Torch MSE, 1.5530965144e-01, 0.1553096514

STGCN2, train, MSE, RMSE, MAE, MAPE, 150.2254359184, 12.2566486414, 6.6569163967, 41.7758231804

Model Training Ended ... Tue Jan  4 04:36:32 2022
pred_NYCBike-inflow-mulgraph_STGCN2_1_2201040432 testing started Tue Jan  4 04:36:32 2022
getXSYS data.shape(17544, 69)
getXSYS XS.shape(3508, 1, 12, 69)
getXSYS YS.shape(3508, 1, 1, 69)
TEST XS.shape, YS.shape (3508, 1, 12, 69) (3508, 1, 1, 69)
Model Testing Started ... Tue Jan  4 04:36:32 2022
TIMESTEP_IN, TIMESTEP_OUT 12 2
torch.Size([2, 3, 69, 69])
YS.shape, YS_pred.shape, (3508, 1, 1, 69) (3508, 1, 1, 69)
YS.shape, YS_pred.shape, (3508, 69) (3508, 69)
****************************************
STGCN2, test, Torch MSE, 3.6286676904e-01, 0.3628667690

STGCN2, test, MSE, RMSE, MAE, MAPE, 313.0469544261, 17.6931329737, 10.0611597117, 49.4887547983

Model Testing Ended ... Tue Jan  4 04:36:32 2022
pred_NYCBike-inflow-mulgraph_STGCN3_1_2201040436 training started Tue Jan  4 04:36:32 2022
getXSYS data.shape(17544, 69)
getXSYS XS.shape(14021, 1, 12, 69)
getXSYS YS.shape(14021, 1, 1, 69)
TRAIN XS.shape YS,shape (14021, 1, 12, 69) (14021, 1, 1, 69)
Model Training Started ... Tue Jan  4 04:36:32 2022
TIMESTEP_IN, TIMESTEP_OUT 12 3
torch.Size([2, 3, 69, 69])
==========================================================================================
Layer (type:depth-idx)                   Output Shape              Param #
==========================================================================================
├─st_conv_block: 1-1                     [-1, 64, 8, 69]           --
|    └─temporal_conv_layer: 2-1          [-1, 32, 10, 69]          --
|    |    └─align: 3-1                   [-1, 32, 12, 69]          --
|    |    └─Conv2d: 3-2                  [-1, 64, 10, 69]          256
|    └─ModuleList: 2                     []                        --
|    |    └─spatio_conv_layer: 3-3       [-1, 32, 10, 69]          3,104
|    |    └─spatio_conv_layer: 3-4       [-1, 32, 10, 69]          3,104
|    └─linear: 2-2                       [-1, 32, 10, 69]          --
|    |    └─Conv2d: 3-5                  [-1, 32, 10, 69]          2,080
|    └─temporal_conv_layer: 2-3          [-1, 64, 8, 69]           --
|    |    └─align: 3-6                   [-1, 64, 10, 69]          --
|    |    └─Conv2d: 3-7                  [-1, 64, 8, 69]           6,208
|    └─LayerNorm: 2-4                    [-1, 8, 69, 64]           8,832
|    └─Dropout: 2-5                      [-1, 64, 8, 69]           --
├─st_conv_block: 1-2                     [-1, 64, 4, 69]           --
|    └─temporal_conv_layer: 2-6          [-1, 32, 6, 69]           --
|    |    └─align: 3-8                   [-1, 32, 8, 69]           2,080
|    |    └─Conv2d: 3-9                  [-1, 64, 6, 69]           12,352
|    └─ModuleList: 2                     []                        --
|    |    └─spatio_conv_layer: 3-10      [-1, 32, 6, 69]           3,104
|    |    └─spatio_conv_layer: 3-11      [-1, 32, 6, 69]           3,104
|    └─linear: 2-7                       [-1, 32, 6, 69]           --
|    |    └─Conv2d: 3-12                 [-1, 32, 6, 69]           2,080
|    └─temporal_conv_layer: 2-8          [-1, 64, 4, 69]           --
|    |    └─align: 3-13                  [-1, 64, 6, 69]           --
|    |    └─Conv2d: 3-14                 [-1, 64, 4, 69]           6,208
|    └─LayerNorm: 2-9                    [-1, 4, 69, 64]           8,832
|    └─Dropout: 2-10                     [-1, 64, 4, 69]           --
├─output_layer: 1-3                      [-1, 1, 1, 69]            --
|    └─temporal_conv_layer: 2-11         [-1, 64, 1, 69]           --
|    |    └─align: 3-15                  [-1, 64, 4, 69]           --
|    |    └─Conv2d: 3-16                 [-1, 128, 1, 69]          32,896
|    └─LayerNorm: 2-12                   [-1, 1, 69, 64]           8,832
|    └─temporal_conv_layer: 2-13         [-1, 64, 1, 69]           --
|    |    └─align: 3-17                  [-1, 64, 1, 69]           --
|    |    └─Conv2d: 3-18                 [-1, 64, 1, 69]           4,160
|    └─Conv2d: 2-14                      [-1, 1, 1, 69]            65
==========================================================================================
Total params: 107,297
Trainable params: 107,297
Non-trainable params: 0
Total mult-adds (M): 16.41
==========================================================================================
Input size (MB): 0.00
Forward/backward pass size (MB): 2.43
Params size (MB): 0.41
Estimated Total Size (MB): 2.84
==========================================================================================
epoch 0 time used: 5  seconds  train loss: 0.3459827026609182 validation loss: 0.4397984560530184
epoch 1 time used: 5  seconds  train loss: 0.2545634658747867 validation loss: 0.45982128929153415
epoch 2 time used: 5  seconds  train loss: 0.23230738136680498 validation loss: 0.4375696550487316
epoch 3 time used: 5  seconds  train loss: 0.22313254549832154 validation loss: 0.4235555625138661
epoch 4 time used: 5  seconds  train loss: 0.21540478049231773 validation loss: 0.40017914964142215
epoch 5 time used: 5  seconds  train loss: 0.2119858101530187 validation loss: 0.42033157162304546
epoch 6 time used: 5  seconds  train loss: 0.2112988649263497 validation loss: 0.40689486642599243
epoch 7 time used: 5  seconds  train loss: 0.20371752040157654 validation loss: 0.4058732784651241
epoch 8 time used: 5  seconds  train loss: 0.20095697005972007 validation loss: 0.3919755689974043
epoch 9 time used: 5  seconds  train loss: 0.1973629042792872 validation loss: 0.41825867185440324
epoch 10 time used: 5  seconds  train loss: 0.19622033322852483 validation loss: 0.40608686972058844
epoch 11 time used: 5  seconds  train loss: 0.1940867794786325 validation loss: 0.374088188222117
epoch 12 time used: 5  seconds  train loss: 0.1921071750374543 validation loss: 0.38428853985179307
epoch 13 time used: 5  seconds  train loss: 0.1908288138053454 validation loss: 0.39102143088341845
epoch 14 time used: 5  seconds  train loss: 0.18941433373553224 validation loss: 0.38746922045385096
epoch 15 time used: 5  seconds  train loss: 0.18786748676743925 validation loss: 0.3947439125722568
epoch 16 time used: 5  seconds  train loss: 0.18662395892117598 validation loss: 0.39492471396277035
epoch 17 time used: 5  seconds  train loss: 0.18378225316782126 validation loss: 0.38963010137038984
epoch 18 time used: 5  seconds  train loss: 0.18314121876374728 validation loss: 0.39490140779863
epoch 19 time used: 5  seconds  train loss: 0.18291695816803724 validation loss: 0.36883910504396616
epoch 20 time used: 5  seconds  train loss: 0.181351041537292 validation loss: 0.38124737707941586
epoch 21 time used: 5  seconds  train loss: 0.17946039791269647 validation loss: 0.39284933201598904
epoch 22 time used: 5  seconds  train loss: 0.17839746929299455 validation loss: 0.3878204679563939
epoch 23 time used: 5  seconds  train loss: 0.1777914620092959 validation loss: 0.3865036859691857
epoch 24 time used: 5  seconds  train loss: 0.17837370006549153 validation loss: 0.3988777255916759
epoch 25 time used: 5  seconds  train loss: 0.17592927760571814 validation loss: 0.39722554332109705
epoch 26 time used: 5  seconds  train loss: 0.17515560603215635 validation loss: 0.3711799669626163
epoch 27 time used: 5  seconds  train loss: 0.17477723650505536 validation loss: 0.40068428999549377
epoch 28 time used: 5  seconds  train loss: 0.17514174957014195 validation loss: 0.3945792718608245
Early stopping at epoch: 29
YS.shape, YS_pred.shape, (14021, 1, 1, 69) (14021, 1, 1, 69)
YS.shape, YS_pred.shape, (14021, 69) (14021, 69)
****************************************
STGCN3, train, Torch MSE, 1.6882647173e-01, 0.1688264717

STGCN3, train, MSE, RMSE, MAE, MAPE, 203.3712757931, 14.2608301229, 7.5846299828, 47.4380253917

Model Training Ended ... Tue Jan  4 04:39:31 2022
pred_NYCBike-inflow-mulgraph_STGCN3_1_2201040436 testing started Tue Jan  4 04:39:31 2022
getXSYS data.shape(17544, 69)
getXSYS XS.shape(3507, 1, 12, 69)
getXSYS YS.shape(3507, 1, 1, 69)
TEST XS.shape, YS.shape (3507, 1, 12, 69) (3507, 1, 1, 69)
Model Testing Started ... Tue Jan  4 04:39:31 2022
TIMESTEP_IN, TIMESTEP_OUT 12 3
torch.Size([2, 3, 69, 69])
YS.shape, YS_pred.shape, (3507, 1, 1, 69) (3507, 1, 1, 69)
YS.shape, YS_pred.shape, (3507, 69) (3507, 69)
****************************************
STGCN3, test, Torch MSE, 4.1267229357e-01, 0.4126722936

STGCN3, test, MSE, RMSE, MAE, MAPE, 406.6441463055, 20.1654195668, 11.4393747059, 54.1309422422

Model Testing Ended ... Tue Jan  4 04:39:32 2022
