nohup: ignoring input
../data-NYCBike/60min/bike-timestamp-inflow.h5
Namespace(addtime=True, adjpath='../data-NYCZones/adjmatrix/W_adj_matrix.csv', adjtype='symnadj', batchsize=64, channel=4, dataname='NYC-Bike-inflow-timestamp', datatype=0, epoch=200, ex='typhoon-inflow', flowpath='../data-NYCBike/60min/bike-timestamp-inflow.h5', gpu=7, graphnum=1, loss='MAE', lr=0.001, n_node=69, optimizer='Adam', patience=10, target=0, timestep_in=12, timestep_out=3, trainratio=0.8, trainvalsplit=0.125)
data.shape (17544, 69)
pred_NYC-Bike-inflow-timestamp_STGCN1_1_2201041648 training started Tue Jan  4 16:48:41 2022
getXSYS data.shape(17544, 69)
getXSYS XS.shape(14023, 1, 12, 69)
getXSYS YS.shape(14023, 1, 1, 69)
XS shape is (14023, 1, 12, 69)
YS shape is (14023, 1, 1, 69)
getXSYS data.shape(17544, 69)
getXSYS XS.shape(14023, 1, 12, 69)
getXSYS YS.shape(14023, 1, 1, 69)
getXSYS data.shape(17544, 69)
getXSYS XS.shape(14023, 1, 12, 69)
getXSYS YS.shape(14023, 1, 1, 69)
XS shape after is (14023, 2, 12, 69)
YS shape after is (14023, 1, 1, 69)
TRAIN XS.shape YS,shape (14023, 2, 12, 69) (14023, 1, 1, 69)
Model Training Started ... Tue Jan  4 16:48:42 2022
TIMESTEP_IN, TIMESTEP_OUT 12 1
torch.Size([1, 3, 69, 69])
==========================================================================================
Layer (type:depth-idx)                   Output Shape              Param #
==========================================================================================
├─st_conv_block: 1-1                     [-1, 64, 8, 69]           --
|    └─temporal_conv_layer: 2-1          [-1, 32, 10, 69]          --
|    |    └─align: 3-1                   [-1, 32, 12, 69]          --
|    |    └─Conv2d: 3-2                  [-1, 64, 10, 69]          448
|    └─ModuleList: 2                     []                        --
|    |    └─spatio_conv_layer: 3-3       [-1, 32, 10, 69]          3,104
|    └─linear: 2-2                       [-1, 32, 10, 69]          --
|    |    └─Conv2d: 3-4                  [-1, 32, 10, 69]          1,056
|    └─temporal_conv_layer: 2-3          [-1, 64, 8, 69]           --
|    |    └─align: 3-5                   [-1, 64, 10, 69]          --
|    |    └─Conv2d: 3-6                  [-1, 64, 8, 69]           6,208
|    └─LayerNorm: 2-4                    [-1, 8, 69, 64]           8,832
|    └─Dropout: 2-5                      [-1, 64, 8, 69]           --
├─st_conv_block: 1-2                     [-1, 64, 4, 69]           --
|    └─temporal_conv_layer: 2-6          [-1, 32, 6, 69]           --
|    |    └─align: 3-7                   [-1, 32, 8, 69]           2,080
|    |    └─Conv2d: 3-8                  [-1, 64, 6, 69]           12,352
|    └─ModuleList: 2                     []                        --
|    |    └─spatio_conv_layer: 3-9       [-1, 32, 6, 69]           3,104
|    └─linear: 2-7                       [-1, 32, 6, 69]           --
|    |    └─Conv2d: 3-10                 [-1, 32, 6, 69]           1,056
|    └─temporal_conv_layer: 2-8          [-1, 64, 4, 69]           --
|    |    └─align: 3-11                  [-1, 64, 6, 69]           --
|    |    └─Conv2d: 3-12                 [-1, 64, 4, 69]           6,208
|    └─LayerNorm: 2-9                    [-1, 4, 69, 64]           8,832
|    └─Dropout: 2-10                     [-1, 64, 4, 69]           --
├─output_layer: 1-3                      [-1, 1, 1, 69]            --
|    └─temporal_conv_layer: 2-11         [-1, 64, 1, 69]           --
|    |    └─align: 3-13                  [-1, 64, 4, 69]           --
|    |    └─Conv2d: 3-14                 [-1, 128, 1, 69]          32,896
|    └─LayerNorm: 2-12                   [-1, 1, 69, 64]           8,832
|    └─temporal_conv_layer: 2-13         [-1, 64, 1, 69]           --
|    |    └─align: 3-15                  [-1, 64, 1, 69]           --
|    |    └─Conv2d: 3-16                 [-1, 64, 1, 69]           4,160
|    └─Conv2d: 2-14                      [-1, 1, 1, 69]            65
==========================================================================================
Total params: 99,233
Trainable params: 99,233
Non-trainable params: 0
Total mult-adds (M): 15.41
==========================================================================================
Input size (MB): 0.01
Forward/backward pass size (MB): 2.16
Params size (MB): 0.38
Estimated Total Size (MB): 2.54
==========================================================================================
epoch 0 time used: 5  seconds  train loss: 0.25398627876409596 validation loss: 0.26901645611608227
epoch 1 time used: 5  seconds  train loss: 0.18827694747733603 validation loss: 0.2594289457158776
epoch 2 time used: 5  seconds  train loss: 0.17384215471894157 validation loss: 0.2626798799887291
epoch 3 time used: 5  seconds  train loss: 0.16640984597688005 validation loss: 0.25363262124355357
epoch 4 time used: 5  seconds  train loss: 0.161456886329783 validation loss: 0.2539909152357631
epoch 5 time used: 5  seconds  train loss: 0.15892599375148858 validation loss: 0.2492250815603438
epoch 6 time used: 5  seconds  train loss: 0.15708315832010594 validation loss: 0.25965664931453436
epoch 7 time used: 5  seconds  train loss: 0.1557755231930166 validation loss: 0.2531924309624445
epoch 8 time used: 5  seconds  train loss: 0.15505083392039487 validation loss: 0.2497789338103581
epoch 9 time used: 5  seconds  train loss: 0.15381327792212743 validation loss: 0.25807659228529445
epoch 10 time used: 5  seconds  train loss: 0.15433833065952046 validation loss: 0.25520489874460056
epoch 11 time used: 5  seconds  train loss: 0.15143947863151314 validation loss: 0.24934997537512815
epoch 12 time used: 5  seconds  train loss: 0.15136244326417 validation loss: 0.25597155729124904
epoch 13 time used: 5  seconds  train loss: 0.15064945657173598 validation loss: 0.25730323963211527
epoch 14 time used: 5  seconds  train loss: 0.15047175082231598 validation loss: 0.25312772355824964
Early stopping at epoch: 15
YS.shape, YS_pred.shape, (14023, 1, 1, 69) (14023, 1, 1, 69)
YS.shape, YS_pred.shape, (14023, 69) (14023, 69)
****************************************
STGCN1, train, Torch MSE, 1.5624811206e-01, 0.1562481121

STGCN1, train, MSE, RMSE, MAE, MAPE, 114.8951660032, 10.7189162700, 6.3279649352, 39.9785574792

Model Training Ended ... Tue Jan  4 16:50:14 2022
pred_NYC-Bike-inflow-timestamp_STGCN1_1_2201041648 testing started Tue Jan  4 16:50:14 2022
getXSYS data.shape(17544, 69)
getXSYS XS.shape(3509, 1, 12, 69)
getXSYS YS.shape(3509, 1, 1, 69)
XS shape is (3509, 1, 12, 69)
YS shape is (3509, 1, 1, 69)
getXSYS data.shape(17544, 69)
getXSYS XS.shape(3509, 1, 12, 69)
getXSYS YS.shape(3509, 1, 1, 69)
getXSYS data.shape(17544, 69)
getXSYS XS.shape(3509, 1, 12, 69)
getXSYS YS.shape(3509, 1, 1, 69)
XS shape after is (3509, 2, 12, 69)
YS shape after is (3509, 1, 1, 69)
TEST XS.shape, YS.shape (3509, 2, 12, 69) (3509, 1, 1, 69)
Model Testing Started ... Tue Jan  4 16:50:14 2022
TIMESTEP_IN, TIMESTEP_OUT 12 1
torch.Size([1, 3, 69, 69])
YS.shape, YS_pred.shape, (3509, 1, 1, 69) (3509, 1, 1, 69)
YS.shape, YS_pred.shape, (3509, 69) (3509, 69)
****************************************
STGCN1, test, Torch MSE, 2.8242801760e-01, 0.2824280176

STGCN1, test, MSE, RMSE, MAE, MAPE, 149.6775325848, 12.2342769539, 7.3437051535, 39.0119432284

Model Testing Ended ... Tue Jan  4 16:50:14 2022
pred_NYC-Bike-inflow-timestamp_STGCN2_2_2201041650 training started Tue Jan  4 16:50:14 2022
getXSYS data.shape(17544, 69)
getXSYS XS.shape(14022, 1, 12, 69)
getXSYS YS.shape(14022, 1, 1, 69)
XS shape is (14022, 1, 12, 69)
YS shape is (14022, 1, 1, 69)
getXSYS data.shape(17544, 69)
getXSYS XS.shape(14022, 1, 12, 69)
getXSYS YS.shape(14022, 1, 1, 69)
getXSYS data.shape(17544, 69)
getXSYS XS.shape(14022, 1, 12, 69)
getXSYS YS.shape(14022, 1, 1, 69)
XS shape after is (14022, 2, 12, 69)
YS shape after is (14022, 1, 1, 69)
TRAIN XS.shape YS,shape (14022, 2, 12, 69) (14022, 1, 1, 69)
Model Training Started ... Tue Jan  4 16:50:15 2022
TIMESTEP_IN, TIMESTEP_OUT 12 2
torch.Size([1, 3, 69, 69])
==========================================================================================
Layer (type:depth-idx)                   Output Shape              Param #
==========================================================================================
├─st_conv_block: 1-1                     [-1, 64, 8, 69]           --
|    └─temporal_conv_layer: 2-1          [-1, 32, 10, 69]          --
|    |    └─align: 3-1                   [-1, 32, 12, 69]          --
|    |    └─Conv2d: 3-2                  [-1, 64, 10, 69]          448
|    └─ModuleList: 2                     []                        --
|    |    └─spatio_conv_layer: 3-3       [-1, 32, 10, 69]          3,104
|    └─linear: 2-2                       [-1, 32, 10, 69]          --
|    |    └─Conv2d: 3-4                  [-1, 32, 10, 69]          1,056
|    └─temporal_conv_layer: 2-3          [-1, 64, 8, 69]           --
|    |    └─align: 3-5                   [-1, 64, 10, 69]          --
|    |    └─Conv2d: 3-6                  [-1, 64, 8, 69]           6,208
|    └─LayerNorm: 2-4                    [-1, 8, 69, 64]           8,832
|    └─Dropout: 2-5                      [-1, 64, 8, 69]           --
├─st_conv_block: 1-2                     [-1, 64, 4, 69]           --
|    └─temporal_conv_layer: 2-6          [-1, 32, 6, 69]           --
|    |    └─align: 3-7                   [-1, 32, 8, 69]           2,080
|    |    └─Conv2d: 3-8                  [-1, 64, 6, 69]           12,352
|    └─ModuleList: 2                     []                        --
|    |    └─spatio_conv_layer: 3-9       [-1, 32, 6, 69]           3,104
|    └─linear: 2-7                       [-1, 32, 6, 69]           --
|    |    └─Conv2d: 3-10                 [-1, 32, 6, 69]           1,056
|    └─temporal_conv_layer: 2-8          [-1, 64, 4, 69]           --
|    |    └─align: 3-11                  [-1, 64, 6, 69]           --
|    |    └─Conv2d: 3-12                 [-1, 64, 4, 69]           6,208
|    └─LayerNorm: 2-9                    [-1, 4, 69, 64]           8,832
|    └─Dropout: 2-10                     [-1, 64, 4, 69]           --
├─output_layer: 1-3                      [-1, 1, 1, 69]            --
|    └─temporal_conv_layer: 2-11         [-1, 64, 1, 69]           --
|    |    └─align: 3-13                  [-1, 64, 4, 69]           --
|    |    └─Conv2d: 3-14                 [-1, 128, 1, 69]          32,896
|    └─LayerNorm: 2-12                   [-1, 1, 69, 64]           8,832
|    └─temporal_conv_layer: 2-13         [-1, 64, 1, 69]           --
|    |    └─align: 3-15                  [-1, 64, 1, 69]           --
|    |    └─Conv2d: 3-16                 [-1, 64, 1, 69]           4,160
|    └─Conv2d: 2-14                      [-1, 1, 1, 69]            65
==========================================================================================
Total params: 99,233
Trainable params: 99,233
Non-trainable params: 0
Total mult-adds (M): 15.41
==========================================================================================
Input size (MB): 0.01
Forward/backward pass size (MB): 2.16
Params size (MB): 0.38
Estimated Total Size (MB): 2.54
==========================================================================================
epoch 0 time used: 5  seconds  train loss: 0.302008633832106 validation loss: 0.34666711333405953
epoch 1 time used: 5  seconds  train loss: 0.22005540388061284 validation loss: 0.31742645612255344
epoch 2 time used: 5  seconds  train loss: 0.1981805293199942 validation loss: 0.3241920940242219
epoch 3 time used: 5  seconds  train loss: 0.19273656880552412 validation loss: 0.33139443334619184
epoch 4 time used: 5  seconds  train loss: 0.18633856234437574 validation loss: 0.3183529459947324
epoch 5 time used: 5  seconds  train loss: 0.18364941986253863 validation loss: 0.3242106862361949
epoch 6 time used: 5  seconds  train loss: 0.17995325117581865 validation loss: 0.3032660629500407
epoch 7 time used: 5  seconds  train loss: 0.1787483410687967 validation loss: 0.3277488007452987
epoch 8 time used: 5  seconds  train loss: 0.177236104081493 validation loss: 0.31727757060521
epoch 9 time used: 5  seconds  train loss: 0.17389380737042426 validation loss: 0.3133691939808475
epoch 10 time used: 5  seconds  train loss: 0.17413642231278728 validation loss: 0.3310796170661739
epoch 11 time used: 5  seconds  train loss: 0.17268679456126282 validation loss: 0.3206522146328068
epoch 12 time used: 5  seconds  train loss: 0.1706813891232378 validation loss: 0.3408308044305476
epoch 13 time used: 5  seconds  train loss: 0.1689084466677033 validation loss: 0.31317702813007053
epoch 14 time used: 5  seconds  train loss: 0.16831339680023383 validation loss: 0.32423305603278685
epoch 15 time used: 5  seconds  train loss: 0.16719878474592784 validation loss: 0.3164530619001361
Early stopping at epoch: 16
YS.shape, YS_pred.shape, (14022, 1, 1, 69) (14022, 1, 1, 69)
YS.shape, YS_pred.shape, (14022, 69) (14022, 69)
****************************************
STGCN2, train, Torch MSE, 1.6386713095e-01, 0.1638671309

STGCN2, train, MSE, RMSE, MAE, MAPE, 155.0309934481, 12.4511442626, 6.8793471282, 42.2048369702

Model Training Ended ... Tue Jan  4 16:51:49 2022
pred_NYC-Bike-inflow-timestamp_STGCN2_2_2201041650 testing started Tue Jan  4 16:51:49 2022
getXSYS data.shape(17544, 69)
getXSYS XS.shape(3508, 1, 12, 69)
getXSYS YS.shape(3508, 1, 1, 69)
XS shape is (3508, 1, 12, 69)
YS shape is (3508, 1, 1, 69)
getXSYS data.shape(17544, 69)
getXSYS XS.shape(3508, 1, 12, 69)
getXSYS YS.shape(3508, 1, 1, 69)
getXSYS data.shape(17544, 69)
getXSYS XS.shape(3508, 1, 12, 69)
getXSYS YS.shape(3508, 1, 1, 69)
XS shape after is (3508, 2, 12, 69)
YS shape after is (3508, 1, 1, 69)
TEST XS.shape, YS.shape (3508, 2, 12, 69) (3508, 1, 1, 69)
Model Testing Started ... Tue Jan  4 16:51:49 2022
TIMESTEP_IN, TIMESTEP_OUT 12 2
torch.Size([1, 3, 69, 69])
YS.shape, YS_pred.shape, (3508, 1, 1, 69) (3508, 1, 1, 69)
YS.shape, YS_pred.shape, (3508, 69) (3508, 69)
****************************************
STGCN2, test, Torch MSE, 3.4088319460e-01, 0.3408831946

STGCN2, test, MSE, RMSE, MAE, MAPE, 263.3651013059, 16.2285273918, 9.4359037575, 44.5120525919

Model Testing Ended ... Tue Jan  4 16:51:49 2022
pred_NYC-Bike-inflow-timestamp_STGCN3_2_2201041651 training started Tue Jan  4 16:51:49 2022
getXSYS data.shape(17544, 69)
getXSYS XS.shape(14021, 1, 12, 69)
getXSYS YS.shape(14021, 1, 1, 69)
XS shape is (14021, 1, 12, 69)
YS shape is (14021, 1, 1, 69)
getXSYS data.shape(17544, 69)
getXSYS XS.shape(14021, 1, 12, 69)
getXSYS YS.shape(14021, 1, 1, 69)
getXSYS data.shape(17544, 69)
getXSYS XS.shape(14021, 1, 12, 69)
getXSYS YS.shape(14021, 1, 1, 69)
XS shape after is (14021, 2, 12, 69)
YS shape after is (14021, 1, 1, 69)
TRAIN XS.shape YS,shape (14021, 2, 12, 69) (14021, 1, 1, 69)
Model Training Started ... Tue Jan  4 16:51:50 2022
TIMESTEP_IN, TIMESTEP_OUT 12 3
torch.Size([1, 3, 69, 69])
==========================================================================================
Layer (type:depth-idx)                   Output Shape              Param #
==========================================================================================
├─st_conv_block: 1-1                     [-1, 64, 8, 69]           --
|    └─temporal_conv_layer: 2-1          [-1, 32, 10, 69]          --
|    |    └─align: 3-1                   [-1, 32, 12, 69]          --
|    |    └─Conv2d: 3-2                  [-1, 64, 10, 69]          448
|    └─ModuleList: 2                     []                        --
|    |    └─spatio_conv_layer: 3-3       [-1, 32, 10, 69]          3,104
|    └─linear: 2-2                       [-1, 32, 10, 69]          --
|    |    └─Conv2d: 3-4                  [-1, 32, 10, 69]          1,056
|    └─temporal_conv_layer: 2-3          [-1, 64, 8, 69]           --
|    |    └─align: 3-5                   [-1, 64, 10, 69]          --
|    |    └─Conv2d: 3-6                  [-1, 64, 8, 69]           6,208
|    └─LayerNorm: 2-4                    [-1, 8, 69, 64]           8,832
|    └─Dropout: 2-5                      [-1, 64, 8, 69]           --
├─st_conv_block: 1-2                     [-1, 64, 4, 69]           --
|    └─temporal_conv_layer: 2-6          [-1, 32, 6, 69]           --
|    |    └─align: 3-7                   [-1, 32, 8, 69]           2,080
|    |    └─Conv2d: 3-8                  [-1, 64, 6, 69]           12,352
|    └─ModuleList: 2                     []                        --
|    |    └─spatio_conv_layer: 3-9       [-1, 32, 6, 69]           3,104
|    └─linear: 2-7                       [-1, 32, 6, 69]           --
|    |    └─Conv2d: 3-10                 [-1, 32, 6, 69]           1,056
|    └─temporal_conv_layer: 2-8          [-1, 64, 4, 69]           --
|    |    └─align: 3-11                  [-1, 64, 6, 69]           --
|    |    └─Conv2d: 3-12                 [-1, 64, 4, 69]           6,208
|    └─LayerNorm: 2-9                    [-1, 4, 69, 64]           8,832
|    └─Dropout: 2-10                     [-1, 64, 4, 69]           --
├─output_layer: 1-3                      [-1, 1, 1, 69]            --
|    └─temporal_conv_layer: 2-11         [-1, 64, 1, 69]           --
|    |    └─align: 3-13                  [-1, 64, 4, 69]           --
|    |    └─Conv2d: 3-14                 [-1, 128, 1, 69]          32,896
|    └─LayerNorm: 2-12                   [-1, 1, 69, 64]           8,832
|    └─temporal_conv_layer: 2-13         [-1, 64, 1, 69]           --
|    |    └─align: 3-15                  [-1, 64, 1, 69]           --
|    |    └─Conv2d: 3-16                 [-1, 64, 1, 69]           4,160
|    └─Conv2d: 2-14                      [-1, 1, 1, 69]            65
==========================================================================================
Total params: 99,233
Trainable params: 99,233
Non-trainable params: 0
Total mult-adds (M): 15.41
==========================================================================================
Input size (MB): 0.01
Forward/backward pass size (MB): 2.16
Params size (MB): 0.38
Estimated Total Size (MB): 2.54
==========================================================================================
epoch 0 time used: 5  seconds  train loss: 0.32340699231193165 validation loss: 0.38307820750996513
epoch 1 time used: 5  seconds  train loss: 0.23773174350312995 validation loss: 0.4106020584863999
epoch 2 time used: 5  seconds  train loss: 0.21984395718570637 validation loss: 0.3939388368004605
epoch 3 time used: 5  seconds  train loss: 0.2130911643123409 validation loss: 0.3750966588769446
epoch 4 time used: 5  seconds  train loss: 0.20647828662321627 validation loss: 0.3652044597075996
epoch 5 time used: 5  seconds  train loss: 0.20171773774269391 validation loss: 0.36160151287275794
epoch 6 time used: 5  seconds  train loss: 0.19810393744642973 validation loss: 0.3519012712439468
epoch 7 time used: 5  seconds  train loss: 0.19644047502084552 validation loss: 0.37329595976738134
epoch 8 time used: 5  seconds  train loss: 0.19257993526321923 validation loss: 0.3591690116008893
epoch 9 time used: 5  seconds  train loss: 0.19116372430717124 validation loss: 0.3609542518735136
epoch 10 time used: 5  seconds  train loss: 0.18859798927376314 validation loss: 0.3676842829532373
epoch 11 time used: 5  seconds  train loss: 0.18661572704262325 validation loss: 0.3467083241486645
epoch 12 time used: 5  seconds  train loss: 0.1871819346803075 validation loss: 0.3642965762600243
epoch 13 time used: 5  seconds  train loss: 0.1834684823705585 validation loss: 0.36127609788045434
epoch 14 time used: 5  seconds  train loss: 0.18507293136356162 validation loss: 0.36484598788749945
epoch 15 time used: 5  seconds  train loss: 0.1810230355980655 validation loss: 0.37163067499841884
epoch 16 time used: 5  seconds  train loss: 0.18027449704106638 validation loss: 0.3673420468195465
epoch 17 time used: 5  seconds  train loss: 0.17959368747805088 validation loss: 0.35791529052881804
epoch 18 time used: 5  seconds  train loss: 0.17968092267020425 validation loss: 0.36736637171989023
epoch 19 time used: 5  seconds  train loss: 0.17809099772775605 validation loss: 0.34728426703438375
epoch 20 time used: 5  seconds  train loss: 0.17649484986702316 validation loss: 0.39208156603170136
Early stopping at epoch: 21
YS.shape, YS_pred.shape, (14021, 1, 1, 69) (14021, 1, 1, 69)
YS.shape, YS_pred.shape, (14021, 69) (14021, 69)
****************************************
STGCN3, train, Torch MSE, 1.8089536001e-01, 0.1808953600

STGCN3, train, MSE, RMSE, MAE, MAPE, 211.1472482989, 14.5309066578, 7.9465439728, 44.8595965038

Model Training Ended ... Tue Jan  4 16:53:51 2022
pred_NYC-Bike-inflow-timestamp_STGCN3_2_2201041651 testing started Tue Jan  4 16:53:51 2022
getXSYS data.shape(17544, 69)
getXSYS XS.shape(3507, 1, 12, 69)
getXSYS YS.shape(3507, 1, 1, 69)
XS shape is (3507, 1, 12, 69)
YS shape is (3507, 1, 1, 69)
getXSYS data.shape(17544, 69)
getXSYS XS.shape(3507, 1, 12, 69)
getXSYS YS.shape(3507, 1, 1, 69)
getXSYS data.shape(17544, 69)
getXSYS XS.shape(3507, 1, 12, 69)
getXSYS YS.shape(3507, 1, 1, 69)
XS shape after is (3507, 2, 12, 69)
YS shape after is (3507, 1, 1, 69)
TEST XS.shape, YS.shape (3507, 2, 12, 69) (3507, 1, 1, 69)
Model Testing Started ... Tue Jan  4 16:53:51 2022
TIMESTEP_IN, TIMESTEP_OUT 12 3
torch.Size([1, 3, 69, 69])
YS.shape, YS_pred.shape, (3507, 1, 1, 69) (3507, 1, 1, 69)
YS.shape, YS_pred.shape, (3507, 69) (3507, 69)
****************************************
STGCN3, test, Torch MSE, 3.8877300288e-01, 0.3887730029

STGCN3, test, MSE, RMSE, MAE, MAPE, 355.6597195927, 18.8589426955, 10.8658866807, 49.7947292981

Model Testing Ended ... Tue Jan  4 16:53:51 2022
