nohup: ignoring input
../data-NYCTaxi/60min/2019-2020-graph-inflow.npz
Namespace(adjpath='../data-NYCZones/adjmatrix/W_adj_matrix.csv', adjtype='symnadj', batchsize=64, channel=1, dataname='NYCTaxi-inflow-mulgraph', datatype=1, epoch=200, ex='typhoon-inflow', flowpath='../data-NYCTaxi/60min/2019-2020-graph-inflow.npz', gpu=2, graphnum=2, loss='MAE', lr=0.001, n_node=69, optimizer='Adam', patience=10, target=0, timestep_in=12, timestep_out=3, trainratio=0.8, trainvalsplit=0.125)
data.shape (17544, 69)
pred_NYCTaxi-inflow-mulgraph_STGCN1_1_2201040422 training started Tue Jan  4 04:22:52 2022
getXSYS data.shape(17544, 69)
getXSYS XS.shape(14023, 1, 12, 69)
getXSYS YS.shape(14023, 1, 1, 69)
TRAIN XS.shape YS,shape (14023, 1, 12, 69) (14023, 1, 1, 69)
Model Training Started ... Tue Jan  4 04:22:52 2022
TIMESTEP_IN, TIMESTEP_OUT 12 1
torch.Size([2, 3, 69, 69])
==========================================================================================
Layer (type:depth-idx)                   Output Shape              Param #
==========================================================================================
├─st_conv_block: 1-1                     [-1, 64, 8, 69]           --
|    └─temporal_conv_layer: 2-1          [-1, 32, 10, 69]          --
|    |    └─align: 3-1                   [-1, 32, 12, 69]          --
|    |    └─Conv2d: 3-2                  [-1, 64, 10, 69]          256
|    └─ModuleList: 2                     []                        --
|    |    └─spatio_conv_layer: 3-3       [-1, 32, 10, 69]          3,104
|    |    └─spatio_conv_layer: 3-4       [-1, 32, 10, 69]          3,104
|    └─linear: 2-2                       [-1, 32, 10, 69]          --
|    |    └─Conv2d: 3-5                  [-1, 32, 10, 69]          2,080
|    └─temporal_conv_layer: 2-3          [-1, 64, 8, 69]           --
|    |    └─align: 3-6                   [-1, 64, 10, 69]          --
|    |    └─Conv2d: 3-7                  [-1, 64, 8, 69]           6,208
|    └─LayerNorm: 2-4                    [-1, 8, 69, 64]           8,832
|    └─Dropout: 2-5                      [-1, 64, 8, 69]           --
├─st_conv_block: 1-2                     [-1, 64, 4, 69]           --
|    └─temporal_conv_layer: 2-6          [-1, 32, 6, 69]           --
|    |    └─align: 3-8                   [-1, 32, 8, 69]           2,080
|    |    └─Conv2d: 3-9                  [-1, 64, 6, 69]           12,352
|    └─ModuleList: 2                     []                        --
|    |    └─spatio_conv_layer: 3-10      [-1, 32, 6, 69]           3,104
|    |    └─spatio_conv_layer: 3-11      [-1, 32, 6, 69]           3,104
|    └─linear: 2-7                       [-1, 32, 6, 69]           --
|    |    └─Conv2d: 3-12                 [-1, 32, 6, 69]           2,080
|    └─temporal_conv_layer: 2-8          [-1, 64, 4, 69]           --
|    |    └─align: 3-13                  [-1, 64, 6, 69]           --
|    |    └─Conv2d: 3-14                 [-1, 64, 4, 69]           6,208
|    └─LayerNorm: 2-9                    [-1, 4, 69, 64]           8,832
|    └─Dropout: 2-10                     [-1, 64, 4, 69]           --
├─output_layer: 1-3                      [-1, 1, 1, 69]            --
|    └─temporal_conv_layer: 2-11         [-1, 64, 1, 69]           --
|    |    └─align: 3-15                  [-1, 64, 4, 69]           --
|    |    └─Conv2d: 3-16                 [-1, 128, 1, 69]          32,896
|    └─LayerNorm: 2-12                   [-1, 1, 69, 64]           8,832
|    └─temporal_conv_layer: 2-13         [-1, 64, 1, 69]           --
|    |    └─align: 3-17                  [-1, 64, 1, 69]           --
|    |    └─Conv2d: 3-18                 [-1, 64, 1, 69]           4,160
|    └─Conv2d: 2-14                      [-1, 1, 1, 69]            65
==========================================================================================
Total params: 107,297
Trainable params: 107,297
Non-trainable params: 0
Total mult-adds (M): 16.41
==========================================================================================
Input size (MB): 0.00
Forward/backward pass size (MB): 2.43
Params size (MB): 0.41
Estimated Total Size (MB): 2.84
==========================================================================================
epoch 0 time used: 5  seconds  train loss: 0.3308432512392139 validation loss: 0.2681363659012474
epoch 1 time used: 5  seconds  train loss: 0.27261944725538717 validation loss: 0.2555841620452596
epoch 2 time used: 5  seconds  train loss: 0.2579151440754885 validation loss: 0.24200738653651116
epoch 3 time used: 5  seconds  train loss: 0.2511877961438559 validation loss: 0.2421872953279183
epoch 4 time used: 5  seconds  train loss: 0.24632202481096513 validation loss: 0.24055294067738603
epoch 5 time used: 5  seconds  train loss: 0.24257172530224 validation loss: 0.23921927089733325
epoch 6 time used: 5  seconds  train loss: 0.23882902229619202 validation loss: 0.23611194798080024
epoch 7 time used: 5  seconds  train loss: 0.23759795354456073 validation loss: 0.23114527257013784
epoch 8 time used: 5  seconds  train loss: 0.23491605882636882 validation loss: 0.23045141688939577
epoch 9 time used: 5  seconds  train loss: 0.23406076392655267 validation loss: 0.23349902075457696
epoch 10 time used: 5  seconds  train loss: 0.23191757364640317 validation loss: 0.2275870165278146
epoch 11 time used: 5  seconds  train loss: 0.23084950158531917 validation loss: 0.22510223152701406
epoch 12 time used: 5  seconds  train loss: 0.2291162352423019 validation loss: 0.225724277296409
epoch 13 time used: 5  seconds  train loss: 0.22930741902279872 validation loss: 0.22433674700995954
epoch 14 time used: 5  seconds  train loss: 0.22672502027844255 validation loss: 0.22667633230796352
epoch 15 time used: 5  seconds  train loss: 0.2262260158079469 validation loss: 0.22117593308992545
epoch 16 time used: 5  seconds  train loss: 0.22491286422240608 validation loss: 0.22140603171235415
epoch 17 time used: 5  seconds  train loss: 0.2242078421605537 validation loss: 0.22483739841684774
epoch 18 time used: 5  seconds  train loss: 0.2248469742386926 validation loss: 0.22466395666139574
epoch 19 time used: 5  seconds  train loss: 0.2230326658720492 validation loss: 0.21951612250436325
epoch 20 time used: 5  seconds  train loss: 0.22184080938158135 validation loss: 0.22018250245845325
epoch 21 time used: 5  seconds  train loss: 0.2214312682646314 validation loss: 0.22409797206104515
epoch 22 time used: 5  seconds  train loss: 0.22089553832424882 validation loss: 0.2181031908298042
epoch 23 time used: 5  seconds  train loss: 0.22022724587108997 validation loss: 0.2187437934666039
epoch 24 time used: 5  seconds  train loss: 0.21941178382025955 validation loss: 0.22053747686636632
epoch 25 time used: 5  seconds  train loss: 0.21879471260401517 validation loss: 0.21861846148287714
epoch 26 time used: 5  seconds  train loss: 0.21845910116580802 validation loss: 0.21889796762961491
epoch 27 time used: 5  seconds  train loss: 0.217531816708721 validation loss: 0.2141532647188092
epoch 28 time used: 5  seconds  train loss: 0.21656655347143233 validation loss: 0.21401961368794994
epoch 29 time used: 5  seconds  train loss: 0.21590801726392156 validation loss: 0.216286549832368
epoch 30 time used: 5  seconds  train loss: 0.215547969631286 validation loss: 0.21512243213717488
epoch 31 time used: 5  seconds  train loss: 0.2149371695766239 validation loss: 0.21578760413666556
epoch 32 time used: 5  seconds  train loss: 0.21411008873215126 validation loss: 0.21463400180755993
epoch 33 time used: 5  seconds  train loss: 0.21344536885364132 validation loss: 0.21384349480670858
epoch 34 time used: 5  seconds  train loss: 0.21290435337301378 validation loss: 0.2127821055467783
epoch 35 time used: 5  seconds  train loss: 0.21212791392690492 validation loss: 0.21261310614794238
epoch 36 time used: 5  seconds  train loss: 0.21128909870581405 validation loss: 0.2108716056881397
epoch 37 time used: 5  seconds  train loss: 0.21080630852035517 validation loss: 0.21120327599750405
epoch 38 time used: 5  seconds  train loss: 0.2099587014587118 validation loss: 0.21124808145161023
epoch 39 time used: 5  seconds  train loss: 0.2100079033174647 validation loss: 0.21179909749127632
epoch 40 time used: 5  seconds  train loss: 0.208866498663645 validation loss: 0.2154420569445566
epoch 41 time used: 5  seconds  train loss: 0.20865988519586193 validation loss: 0.21157118887202236
epoch 42 time used: 5  seconds  train loss: 0.20726751094682486 validation loss: 0.208778362366314
epoch 43 time used: 5  seconds  train loss: 0.20622839585687439 validation loss: 0.20951647243021015
epoch 44 time used: 5  seconds  train loss: 0.2069236440977238 validation loss: 0.20866987267291282
epoch 45 time used: 5  seconds  train loss: 0.2054694534902565 validation loss: 0.20865099754288613
epoch 46 time used: 5  seconds  train loss: 0.2049651688594787 validation loss: 0.20621827208206983
epoch 47 time used: 5  seconds  train loss: 0.20404219363604315 validation loss: 0.20564213070404305
epoch 48 time used: 5  seconds  train loss: 0.20384977616084332 validation loss: 0.20583255674012102
epoch 49 time used: 5  seconds  train loss: 0.20237680912114978 validation loss: 0.20920495361650732
epoch 50 time used: 5  seconds  train loss: 0.20228440622877278 validation loss: 0.20584339760265144
epoch 51 time used: 5  seconds  train loss: 0.2010964438185618 validation loss: 0.20546632735680256
epoch 52 time used: 5  seconds  train loss: 0.20083175315396418 validation loss: 0.2055577971189959
epoch 53 time used: 5  seconds  train loss: 0.20029664670876982 validation loss: 0.2039695646564959
epoch 54 time used: 5  seconds  train loss: 0.19944518172556341 validation loss: 0.204587007454648
epoch 55 time used: 5  seconds  train loss: 0.19898030896592936 validation loss: 0.20484814080964886
epoch 56 time used: 5  seconds  train loss: 0.19853291681314156 validation loss: 0.20614057208936826
epoch 57 time used: 5  seconds  train loss: 0.19825202155715582 validation loss: 0.2036928005019257
epoch 58 time used: 5  seconds  train loss: 0.19727432190788988 validation loss: 0.20232508396565133
epoch 59 time used: 5  seconds  train loss: 0.19674859311683643 validation loss: 0.2016792530273616
epoch 60 time used: 5  seconds  train loss: 0.1959036578273229 validation loss: 0.20182012710922184
epoch 61 time used: 5  seconds  train loss: 0.19553493742012065 validation loss: 0.20665953477926413
epoch 62 time used: 5  seconds  train loss: 0.19499293383341448 validation loss: 0.19975533647089772
epoch 63 time used: 5  seconds  train loss: 0.19452815513204733 validation loss: 0.2030265624616327
epoch 64 time used: 5  seconds  train loss: 0.19398950155954975 validation loss: 0.1992176602261446
epoch 65 time used: 5  seconds  train loss: 0.19352851351442235 validation loss: 0.2004982064740017
epoch 66 time used: 5  seconds  train loss: 0.19274848088949992 validation loss: 0.20023095970723673
epoch 67 time used: 5  seconds  train loss: 0.1923427725406614 validation loss: 0.19796678326977232
epoch 68 time used: 5  seconds  train loss: 0.19143519217684293 validation loss: 0.19924106013244447
epoch 69 time used: 5  seconds  train loss: 0.191398536508027 validation loss: 0.20138353946646892
epoch 70 time used: 5  seconds  train loss: 0.19081537661119116 validation loss: 0.1989238392742307
epoch 71 time used: 5  seconds  train loss: 0.19015139326295333 validation loss: 0.19876938357022716
epoch 72 time used: 5  seconds  train loss: 0.1903777270489042 validation loss: 0.19664305077065622
epoch 73 time used: 5  seconds  train loss: 0.18946915592424443 validation loss: 0.1982556497853481
epoch 74 time used: 5  seconds  train loss: 0.18871416039309466 validation loss: 0.19668610876822432
epoch 75 time used: 5  seconds  train loss: 0.18892299895764564 validation loss: 0.19689386496527564
epoch 76 time used: 5  seconds  train loss: 0.18807032529717066 validation loss: 0.19628023714490161
epoch 77 time used: 5  seconds  train loss: 0.1880562227337751 validation loss: 0.19510097939391444
epoch 78 time used: 5  seconds  train loss: 0.18656951396710134 validation loss: 0.1957281024725996
epoch 79 time used: 5  seconds  train loss: 0.1870405770285691 validation loss: 0.19478669160784684
epoch 80 time used: 5  seconds  train loss: 0.18633499600193612 validation loss: 0.1951684629872943
epoch 81 time used: 5  seconds  train loss: 0.1858742989702932 validation loss: 0.19498000227242146
epoch 82 time used: 5  seconds  train loss: 0.18547168567400205 validation loss: 0.19378602381474755
epoch 83 time used: 5  seconds  train loss: 0.18549236718871873 validation loss: 0.19351798201620546
epoch 84 time used: 5  seconds  train loss: 0.18543704265050026 validation loss: 0.19440474169497754
epoch 85 time used: 5  seconds  train loss: 0.18401114581412384 validation loss: 0.19492722155193704
epoch 86 time used: 5  seconds  train loss: 0.18417465602758948 validation loss: 0.19295048723034497
epoch 87 time used: 5  seconds  train loss: 0.1840936848494515 validation loss: 0.19462836883575388
epoch 88 time used: 5  seconds  train loss: 0.18339827990473628 validation loss: 0.19235530890061117
epoch 89 time used: 5  seconds  train loss: 0.1827561538517718 validation loss: 0.19239872275796946
epoch 90 time used: 5  seconds  train loss: 0.18228135636256979 validation loss: 0.19142038055950072
epoch 91 time used: 5  seconds  train loss: 0.18202494950001086 validation loss: 0.19425762045641864
epoch 92 time used: 5  seconds  train loss: 0.1819408616596057 validation loss: 0.19183602499846247
epoch 93 time used: 5  seconds  train loss: 0.18174336400329338 validation loss: 0.19196962585159527
epoch 94 time used: 5  seconds  train loss: 0.181495055344985 validation loss: 0.19198666456863667
epoch 95 time used: 5  seconds  train loss: 0.18106774230166578 validation loss: 0.19182737253253554
epoch 96 time used: 5  seconds  train loss: 0.18071493793767743 validation loss: 0.19176996475923966
epoch 97 time used: 5  seconds  train loss: 0.1801989756178448 validation loss: 0.1915904639349348
epoch 98 time used: 5  seconds  train loss: 0.17994550898148942 validation loss: 0.19028100646773
epoch 99 time used: 5  seconds  train loss: 0.17961926376226964 validation loss: 0.18928959465883693
epoch 100 time used: 5  seconds  train loss: 0.17922819198003706 validation loss: 0.1899020408672805
epoch 101 time used: 5  seconds  train loss: 0.17902253682815455 validation loss: 0.19036939156205057
epoch 102 time used: 5  seconds  train loss: 0.1786875738321326 validation loss: 0.18905915112510382
epoch 103 time used: 5  seconds  train loss: 0.17848306076499437 validation loss: 0.18888786033909455
epoch 104 time used: 5  seconds  train loss: 0.1785076063269022 validation loss: 0.1884044020926007
epoch 105 time used: 5  seconds  train loss: 0.17774803222877375 validation loss: 0.18952274370961916
epoch 106 time used: 5  seconds  train loss: 0.17800797106487146 validation loss: 0.18708731813799362
epoch 107 time used: 5  seconds  train loss: 0.1774632990044506 validation loss: 0.18829748312439568
epoch 108 time used: 5  seconds  train loss: 0.1769992601560594 validation loss: 0.18733669246222315
epoch 109 time used: 5  seconds  train loss: 0.17678394554442473 validation loss: 0.18858422316861576
epoch 110 time used: 5  seconds  train loss: 0.17651390153990593 validation loss: 0.18752645632741932
epoch 111 time used: 5  seconds  train loss: 0.17631092665879436 validation loss: 0.18887360250344631
epoch 112 time used: 5  seconds  train loss: 0.17593140143296926 validation loss: 0.18706537399778894
epoch 113 time used: 5  seconds  train loss: 0.17575588806819994 validation loss: 0.18757980693869092
epoch 114 time used: 5  seconds  train loss: 0.17531970462958407 validation loss: 0.18751086601514647
epoch 115 time used: 5  seconds  train loss: 0.17565720004091054 validation loss: 0.18652551341111226
epoch 116 time used: 5  seconds  train loss: 0.17530836783100553 validation loss: 0.18671782792498573
epoch 117 time used: 5  seconds  train loss: 0.17475851712765106 validation loss: 0.1867567661212501
epoch 118 time used: 5  seconds  train loss: 0.1744618829251696 validation loss: 0.18690570825110553
epoch 119 time used: 5  seconds  train loss: 0.17486747533884492 validation loss: 0.18825684222607902
epoch 120 time used: 5  seconds  train loss: 0.17434032629346496 validation loss: 0.18609725899412097
epoch 121 time used: 5  seconds  train loss: 0.17384621403085185 validation loss: 0.18803092819482886
epoch 122 time used: 5  seconds  train loss: 0.17350963010667492 validation loss: 0.18579179052788397
epoch 123 time used: 5  seconds  train loss: 0.17345466876574037 validation loss: 0.18498863129362814
epoch 124 time used: 5  seconds  train loss: 0.17363479242348145 validation loss: 0.18591351381248566
epoch 125 time used: 5  seconds  train loss: 0.17309562544222273 validation loss: 0.18523091394018595
epoch 126 time used: 5  seconds  train loss: 0.17280658445614766 validation loss: 0.185396412280173
epoch 127 time used: 5  seconds  train loss: 0.1725800216465144 validation loss: 0.18492113671776098
epoch 128 time used: 5  seconds  train loss: 0.1726174393925321 validation loss: 0.1854443440369994
epoch 129 time used: 5  seconds  train loss: 0.1719056058872397 validation loss: 0.18508041002753117
epoch 130 time used: 5  seconds  train loss: 0.17165184873531966 validation loss: 0.1857746152097813
epoch 131 time used: 5  seconds  train loss: 0.1723208239676997 validation loss: 0.18468230343925837
epoch 132 time used: 5  seconds  train loss: 0.17148093015028387 validation loss: 0.1837625049534894
epoch 133 time used: 5  seconds  train loss: 0.17125615577145914 validation loss: 0.1842642882961038
epoch 134 time used: 5  seconds  train loss: 0.17147194941352806 validation loss: 0.18418263215986036
epoch 135 time used: 5  seconds  train loss: 0.17101957681175162 validation loss: 0.18373261093753307
epoch 136 time used: 5  seconds  train loss: 0.17101016131327612 validation loss: 0.18239977739058558
epoch 137 time used: 5  seconds  train loss: 0.17022723832213985 validation loss: 0.18309679242351432
epoch 138 time used: 5  seconds  train loss: 0.17003915341724296 validation loss: 0.18464520146897093
epoch 139 time used: 5  seconds  train loss: 0.1703646414971682 validation loss: 0.18293513357639313
epoch 140 time used: 5  seconds  train loss: 0.1704123012205402 validation loss: 0.18273831245155248
epoch 141 time used: 5  seconds  train loss: 0.1694923052772236 validation loss: 0.18405401524787485
epoch 142 time used: 5  seconds  train loss: 0.16929966109063244 validation loss: 0.18291617644322783
epoch 143 time used: 5  seconds  train loss: 0.16972051797451387 validation loss: 0.18367685930122327
epoch 144 time used: 5  seconds  train loss: 0.169288353190834 validation loss: 0.18307185966969897
epoch 145 time used: 5  seconds  train loss: 0.16916656985016693 validation loss: 0.18298374690196206
epoch 146 time used: 5  seconds  train loss: 0.16889639983064486 validation loss: 0.18190579075542643
epoch 147 time used: 5  seconds  train loss: 0.16882568127805855 validation loss: 0.18235098401852765
epoch 148 time used: 5  seconds  train loss: 0.1682754005614392 validation loss: 0.18163745606788825
epoch 149 time used: 5  seconds  train loss: 0.16849596853798351 validation loss: 0.18114734573222813
epoch 150 time used: 5  seconds  train loss: 0.16850945540288648 validation loss: 0.1822042272166395
epoch 151 time used: 5  seconds  train loss: 0.16824006172293265 validation loss: 0.18217817332257696
epoch 152 time used: 5  seconds  train loss: 0.16789263139289864 validation loss: 0.18113634886227536
epoch 153 time used: 5  seconds  train loss: 0.1676908046031445 validation loss: 0.18156293545426197
epoch 154 time used: 5  seconds  train loss: 0.16737769451098608 validation loss: 0.18208769819801762
epoch 155 time used: 5  seconds  train loss: 0.16703981203622903 validation loss: 0.18236401906641836
epoch 156 time used: 5  seconds  train loss: 0.16711350998794924 validation loss: 0.18090995943043073
epoch 157 time used: 5  seconds  train loss: 0.16716215656895703 validation loss: 0.18359688682618716
epoch 158 time used: 5  seconds  train loss: 0.16681957640051356 validation loss: 0.18093498135320268
epoch 159 time used: 5  seconds  train loss: 0.16678245810347062 validation loss: 0.18244201617280348
epoch 160 time used: 5  seconds  train loss: 0.1668646095871634 validation loss: 0.18094197247991273
epoch 161 time used: 5  seconds  train loss: 0.16637991873734154 validation loss: 0.18019714054725405
epoch 162 time used: 5  seconds  train loss: 0.16592195464667014 validation loss: 0.17984179871903783
epoch 163 time used: 5  seconds  train loss: 0.16616706740302387 validation loss: 0.17957111190913136
epoch 164 time used: 5  seconds  train loss: 0.16616038151552937 validation loss: 0.18029694724987386
epoch 165 time used: 5  seconds  train loss: 0.16595698838177597 validation loss: 0.17996986976230206
epoch 166 time used: 5  seconds  train loss: 0.16547634960581056 validation loss: 0.1799637185663614
epoch 167 time used: 5  seconds  train loss: 0.16563318359385493 validation loss: 0.18010530744493858
epoch 168 time used: 5  seconds  train loss: 0.16553806700207105 validation loss: 0.18119771383315988
epoch 169 time used: 5  seconds  train loss: 0.16528577049670418 validation loss: 0.17920165231448204
epoch 170 time used: 5  seconds  train loss: 0.1651538201265444 validation loss: 0.17983344313728422
epoch 171 time used: 5  seconds  train loss: 0.16477770895956004 validation loss: 0.17904787140442044
epoch 172 time used: 5  seconds  train loss: 0.16502537644531248 validation loss: 0.1804947740968404
epoch 173 time used: 5  seconds  train loss: 0.16473134394185565 validation loss: 0.17993137634827353
epoch 174 time used: 5  seconds  train loss: 0.16480225935007561 validation loss: 0.17983331716169443
epoch 175 time used: 5  seconds  train loss: 0.16431248084548633 validation loss: 0.17880118037725407
epoch 176 time used: 5  seconds  train loss: 0.1638465651211548 validation loss: 0.1793964074821521
epoch 177 time used: 5  seconds  train loss: 0.16428829586739063 validation loss: 0.1792733283363882
epoch 178 time used: 5  seconds  train loss: 0.16425161891675324 validation loss: 0.17929959003067125
epoch 179 time used: 5  seconds  train loss: 0.16386072371874577 validation loss: 0.17943918794240532
epoch 180 time used: 5  seconds  train loss: 0.16353874612651226 validation loss: 0.1796459417239775
epoch 181 time used: 5  seconds  train loss: 0.16365375698535736 validation loss: 0.1787590121651675
epoch 182 time used: 5  seconds  train loss: 0.16382075354833378 validation loss: 0.17801426275417048
epoch 183 time used: 5  seconds  train loss: 0.16333059505077524 validation loss: 0.17883805586349197
epoch 184 time used: 5  seconds  train loss: 0.16322985663342107 validation loss: 0.1790461805433936
epoch 185 time used: 5  seconds  train loss: 0.16291646730540338 validation loss: 0.1788705887535403
epoch 186 time used: 5  seconds  train loss: 0.16307385348409 validation loss: 0.17807125742613622
epoch 187 time used: 5  seconds  train loss: 0.16307096788819087 validation loss: 0.17886559772307847
epoch 188 time used: 5  seconds  train loss: 0.16266756556144846 validation loss: 0.1770132121975872
epoch 189 time used: 5  seconds  train loss: 0.16265005833653773 validation loss: 0.17748939701134453
epoch 190 time used: 5  seconds  train loss: 0.16234730236541964 validation loss: 0.17878918609004393
epoch 191 time used: 5  seconds  train loss: 0.16246517606401403 validation loss: 0.17787936385094066
epoch 192 time used: 5  seconds  train loss: 0.16237750467529313 validation loss: 0.17835091465007763
epoch 193 time used: 5  seconds  train loss: 0.16210982346544445 validation loss: 0.1790069823545928
epoch 194 time used: 5  seconds  train loss: 0.16245250978310513 validation loss: 0.17713424862621174
epoch 195 time used: 5  seconds  train loss: 0.16206449681214424 validation loss: 0.1801392944010067
epoch 196 time used: 5  seconds  train loss: 0.16185781507105387 validation loss: 0.17689798902390824
epoch 197 time used: 5  seconds  train loss: 0.16196127769756627 validation loss: 0.1780454667887549
epoch 198 time used: 5  seconds  train loss: 0.16137242375492758 validation loss: 0.1767847596051961
epoch 199 time used: 5  seconds  train loss: 0.1619341256566036 validation loss: 0.17658014823318685
YS.shape, YS_pred.shape, (14023, 1, 1, 69) (14023, 1, 1, 69)
YS.shape, YS_pred.shape, (14023, 69) (14023, 69)
****************************************
STGCN1, train, Torch MSE, 1.5924879079e-01, 0.1592487908

STGCN1, train, MSE, RMSE, MAE, MAPE, 412.7459128100, 20.3161490645, 11.1587683955, 15.7732206211

Model Training Ended ... Tue Jan  4 04:42:36 2022
pred_NYCTaxi-inflow-mulgraph_STGCN1_1_2201040422 testing started Tue Jan  4 04:42:36 2022
getXSYS data.shape(17544, 69)
getXSYS XS.shape(3509, 1, 12, 69)
getXSYS YS.shape(3509, 1, 1, 69)
TEST XS.shape, YS.shape (3509, 1, 12, 69) (3509, 1, 1, 69)
Model Testing Started ... Tue Jan  4 04:42:36 2022
TIMESTEP_IN, TIMESTEP_OUT 12 1
torch.Size([2, 3, 69, 69])
YS.shape, YS_pred.shape, (3509, 1, 1, 69) (3509, 1, 1, 69)
YS.shape, YS_pred.shape, (3509, 69) (3509, 69)
****************************************
STGCN1, test, Torch MSE, 1.7226038693e-01, 0.1722603869

STGCN1, test, MSE, RMSE, MAE, MAPE, 471.9198827941, 21.7237170575, 12.0143697102, 18.0340031194

Model Testing Ended ... Tue Jan  4 04:42:36 2022
pred_NYCTaxi-inflow-mulgraph_STGCN2_1_2201040442 training started Tue Jan  4 04:42:36 2022
getXSYS data.shape(17544, 69)
getXSYS XS.shape(14022, 1, 12, 69)
getXSYS YS.shape(14022, 1, 1, 69)
TRAIN XS.shape YS,shape (14022, 1, 12, 69) (14022, 1, 1, 69)
Model Training Started ... Tue Jan  4 04:42:36 2022
TIMESTEP_IN, TIMESTEP_OUT 12 2
torch.Size([2, 3, 69, 69])
==========================================================================================
Layer (type:depth-idx)                   Output Shape              Param #
==========================================================================================
├─st_conv_block: 1-1                     [-1, 64, 8, 69]           --
|    └─temporal_conv_layer: 2-1          [-1, 32, 10, 69]          --
|    |    └─align: 3-1                   [-1, 32, 12, 69]          --
|    |    └─Conv2d: 3-2                  [-1, 64, 10, 69]          256
|    └─ModuleList: 2                     []                        --
|    |    └─spatio_conv_layer: 3-3       [-1, 32, 10, 69]          3,104
|    |    └─spatio_conv_layer: 3-4       [-1, 32, 10, 69]          3,104
|    └─linear: 2-2                       [-1, 32, 10, 69]          --
|    |    └─Conv2d: 3-5                  [-1, 32, 10, 69]          2,080
|    └─temporal_conv_layer: 2-3          [-1, 64, 8, 69]           --
|    |    └─align: 3-6                   [-1, 64, 10, 69]          --
|    |    └─Conv2d: 3-7                  [-1, 64, 8, 69]           6,208
|    └─LayerNorm: 2-4                    [-1, 8, 69, 64]           8,832
|    └─Dropout: 2-5                      [-1, 64, 8, 69]           --
├─st_conv_block: 1-2                     [-1, 64, 4, 69]           --
|    └─temporal_conv_layer: 2-6          [-1, 32, 6, 69]           --
|    |    └─align: 3-8                   [-1, 32, 8, 69]           2,080
|    |    └─Conv2d: 3-9                  [-1, 64, 6, 69]           12,352
|    └─ModuleList: 2                     []                        --
|    |    └─spatio_conv_layer: 3-10      [-1, 32, 6, 69]           3,104
|    |    └─spatio_conv_layer: 3-11      [-1, 32, 6, 69]           3,104
|    └─linear: 2-7                       [-1, 32, 6, 69]           --
|    |    └─Conv2d: 3-12                 [-1, 32, 6, 69]           2,080
|    └─temporal_conv_layer: 2-8          [-1, 64, 4, 69]           --
|    |    └─align: 3-13                  [-1, 64, 6, 69]           --
|    |    └─Conv2d: 3-14                 [-1, 64, 4, 69]           6,208
|    └─LayerNorm: 2-9                    [-1, 4, 69, 64]           8,832
|    └─Dropout: 2-10                     [-1, 64, 4, 69]           --
├─output_layer: 1-3                      [-1, 1, 1, 69]            --
|    └─temporal_conv_layer: 2-11         [-1, 64, 1, 69]           --
|    |    └─align: 3-15                  [-1, 64, 4, 69]           --
|    |    └─Conv2d: 3-16                 [-1, 128, 1, 69]          32,896
|    └─LayerNorm: 2-12                   [-1, 1, 69, 64]           8,832
|    └─temporal_conv_layer: 2-13         [-1, 64, 1, 69]           --
|    |    └─align: 3-17                  [-1, 64, 1, 69]           --
|    |    └─Conv2d: 3-18                 [-1, 64, 1, 69]           4,160
|    └─Conv2d: 2-14                      [-1, 1, 1, 69]            65
==========================================================================================
Total params: 107,297
Trainable params: 107,297
Non-trainable params: 0
Total mult-adds (M): 16.41
==========================================================================================
Input size (MB): 0.00
Forward/backward pass size (MB): 2.43
Params size (MB): 0.41
Estimated Total Size (MB): 2.84
==========================================================================================
epoch 0 time used: 5  seconds  train loss: 0.38437580355698947 validation loss: 0.31303159232079747
epoch 1 time used: 5  seconds  train loss: 0.3067487518870361 validation loss: 0.299367375344599
epoch 2 time used: 5  seconds  train loss: 0.2894244972403586 validation loss: 0.2805815076936808
epoch 3 time used: 5  seconds  train loss: 0.27736096363825885 validation loss: 0.2672539370711436
epoch 4 time used: 5  seconds  train loss: 0.2710237296313176 validation loss: 0.26542081203177803
epoch 5 time used: 5  seconds  train loss: 0.2656546859648323 validation loss: 0.2613480109285778
epoch 6 time used: 5  seconds  train loss: 0.2622175010907853 validation loss: 0.2594250543622106
epoch 7 time used: 5  seconds  train loss: 0.2578101420372892 validation loss: 0.24845931989699177
epoch 8 time used: 5  seconds  train loss: 0.2550151553965983 validation loss: 0.25028974365249607
epoch 9 time used: 5  seconds  train loss: 0.25202138282887576 validation loss: 0.2563884465254448
epoch 10 time used: 5  seconds  train loss: 0.2525327435691371 validation loss: 0.24514617393068497
epoch 11 time used: 5  seconds  train loss: 0.247609227469434 validation loss: 0.24330527766799492
epoch 12 time used: 5  seconds  train loss: 0.24646912625564885 validation loss: 0.2427939595288028
epoch 13 time used: 5  seconds  train loss: 0.24529535634485217 validation loss: 0.24138225256308649
epoch 14 time used: 5  seconds  train loss: 0.2430330661466083 validation loss: 0.24042643238596417
epoch 15 time used: 5  seconds  train loss: 0.24227426096958524 validation loss: 0.24082933803218062
epoch 16 time used: 5  seconds  train loss: 0.24248273716947252 validation loss: 0.2436052461521869
epoch 17 time used: 5  seconds  train loss: 0.2397272571980861 validation loss: 0.23598050195628142
epoch 18 time used: 5  seconds  train loss: 0.238098667452821 validation loss: 0.23559143388706552
epoch 19 time used: 5  seconds  train loss: 0.2374601630690298 validation loss: 0.23362468920873358
epoch 20 time used: 5  seconds  train loss: 0.23651002900448276 validation loss: 0.23836292733618414
epoch 21 time used: 5  seconds  train loss: 0.2346498631053259 validation loss: 0.23562859766359542
epoch 22 time used: 5  seconds  train loss: 0.23545722049210918 validation loss: 0.24110173842462213
epoch 23 time used: 5  seconds  train loss: 0.23337800154301985 validation loss: 0.23030365885358092
epoch 24 time used: 5  seconds  train loss: 0.23288855182895238 validation loss: 0.2309817974559253
epoch 25 time used: 5  seconds  train loss: 0.23258890128872176 validation loss: 0.2330742085993256
epoch 26 time used: 5  seconds  train loss: 0.23100234415937493 validation loss: 0.23019492684842788
epoch 27 time used: 5  seconds  train loss: 0.2310539676455377 validation loss: 0.23495535859365294
epoch 28 time used: 5  seconds  train loss: 0.2287476556775661 validation loss: 0.2274189128392231
epoch 29 time used: 5  seconds  train loss: 0.22783251475715552 validation loss: 0.22814686655046187
epoch 30 time used: 5  seconds  train loss: 0.22785888679677188 validation loss: 0.2286806966125523
epoch 31 time used: 5  seconds  train loss: 0.22599350728506915 validation loss: 0.2266378914857686
epoch 32 time used: 5  seconds  train loss: 0.22628578476499098 validation loss: 0.22727757639634696
epoch 33 time used: 5  seconds  train loss: 0.22544051273079566 validation loss: 0.22693549425548917
epoch 34 time used: 5  seconds  train loss: 0.22455308725970116 validation loss: 0.22783401679020232
epoch 35 time used: 5  seconds  train loss: 0.22411984001810933 validation loss: 0.22717961324702926
epoch 36 time used: 5  seconds  train loss: 0.2234573745622603 validation loss: 0.2231885042196672
epoch 37 time used: 5  seconds  train loss: 0.22257403595657996 validation loss: 0.22622969349622046
epoch 38 time used: 5  seconds  train loss: 0.22173654870242088 validation loss: 0.22434348088125466
epoch 39 time used: 5  seconds  train loss: 0.22112409629602384 validation loss: 0.22339928855708308
epoch 40 time used: 5  seconds  train loss: 0.22019169758162724 validation loss: 0.22246148097671514
epoch 41 time used: 5  seconds  train loss: 0.21960459173828478 validation loss: 0.22533280480200402
epoch 42 time used: 5  seconds  train loss: 0.21881084859478064 validation loss: 0.22346171162091727
epoch 43 time used: 5  seconds  train loss: 0.21792762120673279 validation loss: 0.22020635473782582
epoch 44 time used: 5  seconds  train loss: 0.2175967309377102 validation loss: 0.21854138191570505
epoch 45 time used: 5  seconds  train loss: 0.2167381279025376 validation loss: 0.2186198776372147
epoch 46 time used: 5  seconds  train loss: 0.21650960964327365 validation loss: 0.21963501472984528
epoch 47 time used: 5  seconds  train loss: 0.2155370244161066 validation loss: 0.2185554158089165
epoch 48 time used: 5  seconds  train loss: 0.21392027932683844 validation loss: 0.2173571976436184
epoch 49 time used: 5  seconds  train loss: 0.21392912825431204 validation loss: 0.21673483992738174
epoch 50 time used: 5  seconds  train loss: 0.21274344428641376 validation loss: 0.21599240873074843
epoch 51 time used: 5  seconds  train loss: 0.21195081033997376 validation loss: 0.21535483675042494
epoch 52 time used: 5  seconds  train loss: 0.2115065339946331 validation loss: 0.21758565335564795
epoch 53 time used: 5  seconds  train loss: 0.2113486962642362 validation loss: 0.2148019054397745
epoch 54 time used: 5  seconds  train loss: 0.2110601373922272 validation loss: 0.2156427904274963
epoch 55 time used: 5  seconds  train loss: 0.2091522804693776 validation loss: 0.21531642173537513
epoch 56 time used: 5  seconds  train loss: 0.20923988769593474 validation loss: 0.21433939967098334
epoch 57 time used: 5  seconds  train loss: 0.20791670779759613 validation loss: 0.2165744689554061
epoch 58 time used: 5  seconds  train loss: 0.20728889842742287 validation loss: 0.21322648035956326
epoch 59 time used: 5  seconds  train loss: 0.2063079356931029 validation loss: 0.2130841633301766
epoch 60 time used: 5  seconds  train loss: 0.2066020694758589 validation loss: 0.21349679056025883
epoch 61 time used: 5  seconds  train loss: 0.2058636983708537 validation loss: 0.21103032454380768
epoch 62 time used: 5  seconds  train loss: 0.20580454734006404 validation loss: 0.2100996640380695
epoch 63 time used: 5  seconds  train loss: 0.20472433233972342 validation loss: 0.21077364241131633
epoch 64 time used: 5  seconds  train loss: 0.20368421193230793 validation loss: 0.21216176788567545
epoch 65 time used: 5  seconds  train loss: 0.20359596808403257 validation loss: 0.2137283789757926
epoch 66 time used: 5  seconds  train loss: 0.20254189934927966 validation loss: 0.20986331158614607
epoch 67 time used: 5  seconds  train loss: 0.20199208173374644 validation loss: 0.21134276796903737
epoch 68 time used: 5  seconds  train loss: 0.20135361083354097 validation loss: 0.20931596395225438
epoch 69 time used: 5  seconds  train loss: 0.20054513336014987 validation loss: 0.20899753987415137
epoch 70 time used: 5  seconds  train loss: 0.20114064340739507 validation loss: 0.2080391061965629
epoch 71 time used: 5  seconds  train loss: 0.20022108468437885 validation loss: 0.20811789616712895
epoch 72 time used: 5  seconds  train loss: 0.19886811450457784 validation loss: 0.2092179592955949
epoch 73 time used: 5  seconds  train loss: 0.19827711684204993 validation loss: 0.20767801133007305
epoch 74 time used: 5  seconds  train loss: 0.19852394319093647 validation loss: 0.20827282061593164
epoch 75 time used: 5  seconds  train loss: 0.19867240432951966 validation loss: 0.20805280078021854
epoch 76 time used: 5  seconds  train loss: 0.19742705371956223 validation loss: 0.2068501970748254
epoch 77 time used: 5  seconds  train loss: 0.1967683816604193 validation loss: 0.20682238382369672
epoch 78 time used: 5  seconds  train loss: 0.19634047858687267 validation loss: 0.2088062945547202
epoch 79 time used: 5  seconds  train loss: 0.19652718050413429 validation loss: 0.2058141233151937
epoch 80 time used: 5  seconds  train loss: 0.19530452870464682 validation loss: 0.20393961243845704
epoch 81 time used: 5  seconds  train loss: 0.19461009929855233 validation loss: 0.2031923025863482
epoch 82 time used: 5  seconds  train loss: 0.19391930229249546 validation loss: 0.2028285472803094
epoch 83 time used: 5  seconds  train loss: 0.19400006444250734 validation loss: 0.20391111249285837
epoch 84 time used: 5  seconds  train loss: 0.19386181216002268 validation loss: 0.20265720247440316
epoch 85 time used: 5  seconds  train loss: 0.19311922321144492 validation loss: 0.20223698827517217
epoch 86 time used: 5  seconds  train loss: 0.19284427021576592 validation loss: 0.20337048579268774
epoch 87 time used: 5  seconds  train loss: 0.19246609062162878 validation loss: 0.2023430654170237
epoch 88 time used: 5  seconds  train loss: 0.1916866163522848 validation loss: 0.20208869611815733
epoch 89 time used: 5  seconds  train loss: 0.19172230218119274 validation loss: 0.20161832994008433
epoch 90 time used: 5  seconds  train loss: 0.19156225671059093 validation loss: 0.2019436002049661
epoch 91 time used: 5  seconds  train loss: 0.19043431149464538 validation loss: 0.20235520518818925
epoch 92 time used: 5  seconds  train loss: 0.19036673423552905 validation loss: 0.2007951498524638
epoch 93 time used: 5  seconds  train loss: 0.18943938564842241 validation loss: 0.20059394492160507
epoch 94 time used: 5  seconds  train loss: 0.18923212533179215 validation loss: 0.20111469788443886
epoch 95 time used: 5  seconds  train loss: 0.1887086705363208 validation loss: 0.2009221310538696
epoch 96 time used: 5  seconds  train loss: 0.1881220056915625 validation loss: 0.19962096983578567
epoch 97 time used: 5  seconds  train loss: 0.18824773286731544 validation loss: 0.20007910294255324
epoch 98 time used: 5  seconds  train loss: 0.18805355667747295 validation loss: 0.2012774394161009
epoch 99 time used: 5  seconds  train loss: 0.18791789668450118 validation loss: 0.19854383041398974
epoch 100 time used: 5  seconds  train loss: 0.18695940892016627 validation loss: 0.19916460819062137
epoch 101 time used: 5  seconds  train loss: 0.18688204720930907 validation loss: 0.19967789708275965
epoch 102 time used: 5  seconds  train loss: 0.18653885944153512 validation loss: 0.19780893528624663
epoch 103 time used: 5  seconds  train loss: 0.1861659355582444 validation loss: 0.1996138047743578
epoch 104 time used: 5  seconds  train loss: 0.1857267142797179 validation loss: 0.20012445404437088
epoch 105 time used: 5  seconds  train loss: 0.18618564706665253 validation loss: 0.19826694550306131
epoch 106 time used: 5  seconds  train loss: 0.18561078005018147 validation loss: 0.1974584394975587
epoch 107 time used: 5  seconds  train loss: 0.18511369889387244 validation loss: 0.19676114259212274
epoch 108 time used: 5  seconds  train loss: 0.18436243624644055 validation loss: 0.1975518138882642
epoch 109 time used: 5  seconds  train loss: 0.1848352035488279 validation loss: 0.19717068733892915
epoch 110 time used: 5  seconds  train loss: 0.1844599847701177 validation loss: 0.19950866354103436
epoch 111 time used: 5  seconds  train loss: 0.1840817405552957 validation loss: 0.19640178963142466
epoch 112 time used: 5  seconds  train loss: 0.18365079885211585 validation loss: 0.1959873462702571
epoch 113 time used: 5  seconds  train loss: 0.183307448956939 validation loss: 0.2012383659788356
epoch 114 time used: 5  seconds  train loss: 0.18283334793807612 validation loss: 0.19750187040667364
epoch 115 time used: 5  seconds  train loss: 0.182939372907564 validation loss: 0.19621581167271662
epoch 116 time used: 5  seconds  train loss: 0.18247417122434118 validation loss: 0.19501532796989218
epoch 117 time used: 5  seconds  train loss: 0.18233556680855575 validation loss: 0.19575413920440066
epoch 118 time used: 5  seconds  train loss: 0.18178274899743008 validation loss: 0.19588039249300754
epoch 119 time used: 5  seconds  train loss: 0.18169935792259467 validation loss: 0.19426064109945052
epoch 120 time used: 5  seconds  train loss: 0.18059358364752215 validation loss: 0.19417440914216888
epoch 121 time used: 5  seconds  train loss: 0.18100129166882606 validation loss: 0.19420688989090362
epoch 122 time used: 5  seconds  train loss: 0.18066014383589107 validation loss: 0.19500138051701627
epoch 123 time used: 5  seconds  train loss: 0.18091124421407176 validation loss: 0.19574984511136329
epoch 124 time used: 5  seconds  train loss: 0.18015761537543717 validation loss: 0.1954877705605997
epoch 125 time used: 5  seconds  train loss: 0.180017934411786 validation loss: 0.1934664987677924
epoch 126 time used: 5  seconds  train loss: 0.17969139087791888 validation loss: 0.19363847026400613
epoch 127 time used: 5  seconds  train loss: 0.17922149944498775 validation loss: 0.19455030927709763
epoch 128 time used: 5  seconds  train loss: 0.1795119889689615 validation loss: 0.19414130615732428
epoch 129 time used: 5  seconds  train loss: 0.17887982806013678 validation loss: 0.19505258971326908
epoch 130 time used: 5  seconds  train loss: 0.1788189733319415 validation loss: 0.19570023188642685
epoch 131 time used: 5  seconds  train loss: 0.17914205978912445 validation loss: 0.19396549734434126
epoch 132 time used: 5  seconds  train loss: 0.17834414236993873 validation loss: 0.19418316993690257
epoch 133 time used: 5  seconds  train loss: 0.1780986366569583 validation loss: 0.19156064028510078
epoch 134 time used: 5  seconds  train loss: 0.17759306798797236 validation loss: 0.19219371780149608
epoch 135 time used: 5  seconds  train loss: 0.177760208854952 validation loss: 0.19159436083934814
epoch 136 time used: 5  seconds  train loss: 0.17801172698789727 validation loss: 0.19149989046101154
epoch 137 time used: 5  seconds  train loss: 0.17695363179396978 validation loss: 0.19159188082030482
epoch 138 time used: 5  seconds  train loss: 0.17716025586903206 validation loss: 0.191621147049405
epoch 139 time used: 5  seconds  train loss: 0.17718615587134265 validation loss: 0.1925599451617248
epoch 140 time used: 5  seconds  train loss: 0.17674657489659004 validation loss: 0.19336375889102186
epoch 141 time used: 5  seconds  train loss: 0.17645019542418888 validation loss: 0.19117174489254687
epoch 142 time used: 5  seconds  train loss: 0.17615038136955344 validation loss: 0.1910190741572459
epoch 143 time used: 5  seconds  train loss: 0.17574616386843966 validation loss: 0.19275944621747926
epoch 144 time used: 5  seconds  train loss: 0.1759599951659956 validation loss: 0.1906135669620936
epoch 145 time used: 5  seconds  train loss: 0.17604773746248814 validation loss: 0.19268872303685255
epoch 146 time used: 5  seconds  train loss: 0.17596172475126906 validation loss: 0.1903675069604271
epoch 147 time used: 5  seconds  train loss: 0.17611243189527717 validation loss: 0.19032623755272224
epoch 148 time used: 5  seconds  train loss: 0.17503489587206705 validation loss: 0.1900986132710849
epoch 149 time used: 5  seconds  train loss: 0.1748137124418989 validation loss: 0.19257737845777445
epoch 150 time used: 5  seconds  train loss: 0.17498622952128245 validation loss: 0.189065839315372
epoch 151 time used: 5  seconds  train loss: 0.17438104865078588 validation loss: 0.19060106482834932
epoch 152 time used: 5  seconds  train loss: 0.1739954890006037 validation loss: 0.18933733886334125
epoch 153 time used: 5  seconds  train loss: 0.1741390369218567 validation loss: 0.19032284504368996
epoch 154 time used: 5  seconds  train loss: 0.1739746948886456 validation loss: 0.18976290256244008
epoch 155 time used: 5  seconds  train loss: 0.17356500458417112 validation loss: 0.19008214770047513
epoch 156 time used: 5  seconds  train loss: 0.17379350368531976 validation loss: 0.18920069132202091
epoch 157 time used: 5  seconds  train loss: 0.17352419467599636 validation loss: 0.19328793803420125
epoch 158 time used: 5  seconds  train loss: 0.17344322083937683 validation loss: 0.18836224154785436
epoch 159 time used: 5  seconds  train loss: 0.17347339308196771 validation loss: 0.19054643623637119
epoch 160 time used: 5  seconds  train loss: 0.17295983649911134 validation loss: 0.18793528087976927
epoch 161 time used: 5  seconds  train loss: 0.1733061792844373 validation loss: 0.188484323097853
epoch 162 time used: 5  seconds  train loss: 0.17279788240461227 validation loss: 0.19115387835777356
epoch 163 time used: 5  seconds  train loss: 0.17227078867732035 validation loss: 0.1899613169554772
epoch 164 time used: 5  seconds  train loss: 0.17233478361421134 validation loss: 0.18825026936892844
epoch 165 time used: 5  seconds  train loss: 0.1725939221869025 validation loss: 0.1881742383997847
epoch 166 time used: 5  seconds  train loss: 0.17205199743310207 validation loss: 0.1884531490355985
epoch 167 time used: 5  seconds  train loss: 0.17202381798307512 validation loss: 0.18953418663686436
epoch 168 time used: 5  seconds  train loss: 0.17198351278933893 validation loss: 0.18880020554617888
epoch 169 time used: 5  seconds  train loss: 0.17180879019842685 validation loss: 0.18874487525656505
epoch 170 time used: 5  seconds  train loss: 0.1712380125456737 validation loss: 0.18650738178357626
epoch 171 time used: 5  seconds  train loss: 0.17130271188762353 validation loss: 0.18680914264879972
epoch 172 time used: 5  seconds  train loss: 0.17109176010920915 validation loss: 0.18960397021979927
epoch 173 time used: 5  seconds  train loss: 0.170703007535758 validation loss: 0.18729277030781072
epoch 174 time used: 5  seconds  train loss: 0.17112805487688096 validation loss: 0.18773063578676374
epoch 175 time used: 5  seconds  train loss: 0.1713507508775387 validation loss: 0.18801382847058046
epoch 176 time used: 5  seconds  train loss: 0.17104944602057018 validation loss: 0.1894927248911251
epoch 177 time used: 5  seconds  train loss: 0.17043187202349377 validation loss: 0.1873848063396306
epoch 178 time used: 5  seconds  train loss: 0.17023455969122728 validation loss: 0.18684882975379466
epoch 179 time used: 5  seconds  train loss: 0.17068992252478693 validation loss: 0.18711918252437915
Early stopping at epoch: 180
YS.shape, YS_pred.shape, (14022, 1, 1, 69) (14022, 1, 1, 69)
YS.shape, YS_pred.shape, (14022, 69) (14022, 69)
****************************************
STGCN2, train, Torch MSE, 1.6851962833e-01, 0.1685196283

STGCN2, train, MSE, RMSE, MAE, MAPE, 474.8542427492, 21.7911505605, 11.8476528359, 16.4455958888

Model Training Ended ... Tue Jan  4 05:00:22 2022
pred_NYCTaxi-inflow-mulgraph_STGCN2_1_2201040442 testing started Tue Jan  4 05:00:22 2022
getXSYS data.shape(17544, 69)
getXSYS XS.shape(3508, 1, 12, 69)
getXSYS YS.shape(3508, 1, 1, 69)
TEST XS.shape, YS.shape (3508, 1, 12, 69) (3508, 1, 1, 69)
Model Testing Started ... Tue Jan  4 05:00:23 2022
TIMESTEP_IN, TIMESTEP_OUT 12 2
torch.Size([2, 3, 69, 69])
YS.shape, YS_pred.shape, (3508, 1, 1, 69) (3508, 1, 1, 69)
YS.shape, YS_pred.shape, (3508, 69) (3508, 69)
****************************************
STGCN2, test, Torch MSE, 4.7309875424e-01, 0.4730987542

STGCN2, test, MSE, RMSE, MAE, MAPE, 4789.0702125045, 69.2031084020, 37.4588631797, 50.9656268021

Model Testing Ended ... Tue Jan  4 05:00:28 2022
pred_NYCTaxi-inflow-mulgraph_STGCN3_1_2201040500 training started Tue Jan  4 05:00:28 2022
getXSYS data.shape(17544, 69)
getXSYS XS.shape(14021, 1, 12, 69)
getXSYS YS.shape(14021, 1, 1, 69)
TRAIN XS.shape YS,shape (14021, 1, 12, 69) (14021, 1, 1, 69)
Model Training Started ... Tue Jan  4 05:00:28 2022
TIMESTEP_IN, TIMESTEP_OUT 12 3
torch.Size([2, 3, 69, 69])
==========================================================================================
Layer (type:depth-idx)                   Output Shape              Param #
==========================================================================================
├─st_conv_block: 1-1                     [-1, 64, 8, 69]           --
|    └─temporal_conv_layer: 2-1          [-1, 32, 10, 69]          --
|    |    └─align: 3-1                   [-1, 32, 12, 69]          --
|    |    └─Conv2d: 3-2                  [-1, 64, 10, 69]          256
|    └─ModuleList: 2                     []                        --
|    |    └─spatio_conv_layer: 3-3       [-1, 32, 10, 69]          3,104
|    |    └─spatio_conv_layer: 3-4       [-1, 32, 10, 69]          3,104
|    └─linear: 2-2                       [-1, 32, 10, 69]          --
|    |    └─Conv2d: 3-5                  [-1, 32, 10, 69]          2,080
|    └─temporal_conv_layer: 2-3          [-1, 64, 8, 69]           --
|    |    └─align: 3-6                   [-1, 64, 10, 69]          --
|    |    └─Conv2d: 3-7                  [-1, 64, 8, 69]           6,208
|    └─LayerNorm: 2-4                    [-1, 8, 69, 64]           8,832
|    └─Dropout: 2-5                      [-1, 64, 8, 69]           --
├─st_conv_block: 1-2                     [-1, 64, 4, 69]           --
|    └─temporal_conv_layer: 2-6          [-1, 32, 6, 69]           --
|    |    └─align: 3-8                   [-1, 32, 8, 69]           2,080
|    |    └─Conv2d: 3-9                  [-1, 64, 6, 69]           12,352
|    └─ModuleList: 2                     []                        --
|    |    └─spatio_conv_layer: 3-10      [-1, 32, 6, 69]           3,104
|    |    └─spatio_conv_layer: 3-11      [-1, 32, 6, 69]           3,104
|    └─linear: 2-7                       [-1, 32, 6, 69]           --
|    |    └─Conv2d: 3-12                 [-1, 32, 6, 69]           2,080
|    └─temporal_conv_layer: 2-8          [-1, 64, 4, 69]           --
|    |    └─align: 3-13                  [-1, 64, 6, 69]           --
|    |    └─Conv2d: 3-14                 [-1, 64, 4, 69]           6,208
|    └─LayerNorm: 2-9                    [-1, 4, 69, 64]           8,832
|    └─Dropout: 2-10                     [-1, 64, 4, 69]           --
├─output_layer: 1-3                      [-1, 1, 1, 69]            --
|    └─temporal_conv_layer: 2-11         [-1, 64, 1, 69]           --
|    |    └─align: 3-15                  [-1, 64, 4, 69]           --
|    |    └─Conv2d: 3-16                 [-1, 128, 1, 69]          32,896
|    └─LayerNorm: 2-12                   [-1, 1, 69, 64]           8,832
|    └─temporal_conv_layer: 2-13         [-1, 64, 1, 69]           --
|    |    └─align: 3-17                  [-1, 64, 1, 69]           --
|    |    └─Conv2d: 3-18                 [-1, 64, 1, 69]           4,160
|    └─Conv2d: 2-14                      [-1, 1, 1, 69]            65
==========================================================================================
Total params: 107,297
Trainable params: 107,297
Non-trainable params: 0
Total mult-adds (M): 16.41
==========================================================================================
Input size (MB): 0.00
Forward/backward pass size (MB): 2.43
Params size (MB): 0.41
Estimated Total Size (MB): 2.84
==========================================================================================
epoch 0 time used: 5  seconds  train loss: 0.4198303224016643 validation loss: 0.32557194901410336
epoch 1 time used: 5  seconds  train loss: 0.3258031885651917 validation loss: 0.2975077301824834
epoch 2 time used: 5  seconds  train loss: 0.3048653783629529 validation loss: 0.2946894983869924
epoch 3 time used: 5  seconds  train loss: 0.29176329296382275 validation loss: 0.2789653207377849
epoch 4 time used: 5  seconds  train loss: 0.2856743580983289 validation loss: 0.2808108754111778
epoch 5 time used: 5  seconds  train loss: 0.2778495442295914 validation loss: 0.2696161208258856
epoch 6 time used: 5  seconds  train loss: 0.2732636362926401 validation loss: 0.2606844543322657
epoch 7 time used: 5  seconds  train loss: 0.2686505513778913 validation loss: 0.2677665588706817
epoch 8 time used: 5  seconds  train loss: 0.26474900709852006 validation loss: 0.26235702965372437
epoch 9 time used: 5  seconds  train loss: 0.26180476018260734 validation loss: 0.2622997434868244
epoch 10 time used: 5  seconds  train loss: 0.25958110557770087 validation loss: 0.2608502212161686
epoch 11 time used: 5  seconds  train loss: 0.25671596390282947 validation loss: 0.2518411143738681
epoch 12 time used: 5  seconds  train loss: 0.2552778941045027 validation loss: 0.24957053009707522
epoch 13 time used: 5  seconds  train loss: 0.2523344505151942 validation loss: 0.24540345169310562
epoch 14 time used: 5  seconds  train loss: 0.25180553095636904 validation loss: 0.2497973257959467
epoch 15 time used: 5  seconds  train loss: 0.25066174666345953 validation loss: 0.2600199052319143
epoch 16 time used: 5  seconds  train loss: 0.2482619223102592 validation loss: 0.24491281234497217
epoch 17 time used: 5  seconds  train loss: 0.24679374434891996 validation loss: 0.24813978613715001
epoch 18 time used: 5  seconds  train loss: 0.24475880291763563 validation loss: 0.24468752908421051
epoch 19 time used: 5  seconds  train loss: 0.2445101030085893 validation loss: 0.24302103835823735
epoch 20 time used: 5  seconds  train loss: 0.24368013626673263 validation loss: 0.23939267832826222
epoch 21 time used: 5  seconds  train loss: 0.24082771121950308 validation loss: 0.24169622881883088
epoch 22 time used: 5  seconds  train loss: 0.24017571648907732 validation loss: 0.23559741625701505
epoch 23 time used: 5  seconds  train loss: 0.23933932213352602 validation loss: 0.23668619029806195
epoch 24 time used: 5  seconds  train loss: 0.23726537305270184 validation loss: 0.23327351395089627
epoch 25 time used: 5  seconds  train loss: 0.2375636380718475 validation loss: 0.23437559363234065
epoch 26 time used: 5  seconds  train loss: 0.23546034816736347 validation loss: 0.23563336260102508
epoch 27 time used: 5  seconds  train loss: 0.23638079732530157 validation loss: 0.23495928432284527
epoch 28 time used: 5  seconds  train loss: 0.23504583493851666 validation loss: 0.23163969836878354
epoch 29 time used: 5  seconds  train loss: 0.2335528704284028 validation loss: 0.23361531217065595
epoch 30 time used: 5  seconds  train loss: 0.23256436639921185 validation loss: 0.2317790522006873
epoch 31 time used: 5  seconds  train loss: 0.23169586613876328 validation loss: 0.23741363714881034
epoch 32 time used: 5  seconds  train loss: 0.2308134450599974 validation loss: 0.2315977179215285
epoch 33 time used: 5  seconds  train loss: 0.2299725616118167 validation loss: 0.23102262324594594
epoch 34 time used: 5  seconds  train loss: 0.22922093905374907 validation loss: 0.22732991317613288
epoch 35 time used: 5  seconds  train loss: 0.22807947581468127 validation loss: 0.22532167753626534
epoch 36 time used: 5  seconds  train loss: 0.2265949165651998 validation loss: 0.22498847307032743
epoch 37 time used: 5  seconds  train loss: 0.22666313460586823 validation loss: 0.2260858829675643
epoch 38 time used: 5  seconds  train loss: 0.2254981414324148 validation loss: 0.22400710390454623
epoch 39 time used: 5  seconds  train loss: 0.22543533391252107 validation loss: 0.22707475593480395
epoch 40 time used: 5  seconds  train loss: 0.22402757843503898 validation loss: 0.2263780150815411
epoch 41 time used: 5  seconds  train loss: 0.22304051372100836 validation loss: 0.2237784916750717
epoch 42 time used: 5  seconds  train loss: 0.22231773539945207 validation loss: 0.2219923764416237
epoch 43 time used: 5  seconds  train loss: 0.22166926180321345 validation loss: 0.22328784091093168
epoch 44 time used: 5  seconds  train loss: 0.22044272376342824 validation loss: 0.22232949125957163
epoch 45 time used: 5  seconds  train loss: 0.22027924131173282 validation loss: 0.2208183743123388
epoch 46 time used: 5  seconds  train loss: 0.21927338991621476 validation loss: 0.2214545034471404
epoch 47 time used: 5  seconds  train loss: 0.21844087155334796 validation loss: 0.2241121901149282
epoch 48 time used: 5  seconds  train loss: 0.2183521833254998 validation loss: 0.22102583055658062
epoch 49 time used: 5  seconds  train loss: 0.2164334264375272 validation loss: 0.21924339123474007
epoch 50 time used: 5  seconds  train loss: 0.2154851977448919 validation loss: 0.21889981465957128
epoch 51 time used: 5  seconds  train loss: 0.2159002387430367 validation loss: 0.22070294853216976
epoch 52 time used: 5  seconds  train loss: 0.21511902146826048 validation loss: 0.21884359852865093
epoch 53 time used: 5  seconds  train loss: 0.21376353844801066 validation loss: 0.2175616825045141
epoch 54 time used: 5  seconds  train loss: 0.2139174095389895 validation loss: 0.21778469854467472
epoch 55 time used: 5  seconds  train loss: 0.21309520957677497 validation loss: 0.21800483894123734
epoch 56 time used: 5  seconds  train loss: 0.212729218279573 validation loss: 0.21661396777704656
epoch 57 time used: 5  seconds  train loss: 0.21191080370787344 validation loss: 0.2157475102886226
epoch 58 time used: 5  seconds  train loss: 0.21051625361806373 validation loss: 0.21602240072205212
epoch 59 time used: 5  seconds  train loss: 0.210806583406912 validation loss: 0.21518723069091422
epoch 60 time used: 5  seconds  train loss: 0.2089569958872464 validation loss: 0.21415308174819042
epoch 61 time used: 5  seconds  train loss: 0.2087847097401204 validation loss: 0.21737005488061933
epoch 62 time used: 5  seconds  train loss: 0.2087011256045381 validation loss: 0.2154250109936942
epoch 63 time used: 5  seconds  train loss: 0.208233913945421 validation loss: 0.2131716896058897
epoch 64 time used: 5  seconds  train loss: 0.20798646968877157 validation loss: 0.21365865633206169
epoch 65 time used: 5  seconds  train loss: 0.20687780881748163 validation loss: 0.21386404530157446
epoch 66 time used: 5  seconds  train loss: 0.20663588199391597 validation loss: 0.21197159681841093
epoch 67 time used: 5  seconds  train loss: 0.20583123256785496 validation loss: 0.21294736871533032
epoch 68 time used: 5  seconds  train loss: 0.2048813504293527 validation loss: 0.21175357821799656
epoch 69 time used: 5  seconds  train loss: 0.20466681826588848 validation loss: 0.21154667666586752
epoch 70 time used: 5  seconds  train loss: 0.2036734640471975 validation loss: 0.21027491894947484
epoch 71 time used: 5  seconds  train loss: 0.2038564052825103 validation loss: 0.2125443917339486
epoch 72 time used: 5  seconds  train loss: 0.2028464740248507 validation loss: 0.2106132453601835
epoch 73 time used: 5  seconds  train loss: 0.20250694528052035 validation loss: 0.21103093522790495
epoch 74 time used: 5  seconds  train loss: 0.20147583496893195 validation loss: 0.20656875522219653
epoch 75 time used: 5  seconds  train loss: 0.20135156957983466 validation loss: 0.2082330584101043
epoch 76 time used: 5  seconds  train loss: 0.20100567260296134 validation loss: 0.20742109949188917
epoch 77 time used: 5  seconds  train loss: 0.20052537989122765 validation loss: 0.2088793315975175
epoch 78 time used: 5  seconds  train loss: 0.1996245353121613 validation loss: 0.20693707863093103
epoch 79 time used: 5  seconds  train loss: 0.19907366450636715 validation loss: 0.20594936183399293
epoch 80 time used: 5  seconds  train loss: 0.19910521866018235 validation loss: 0.20707683909537788
epoch 81 time used: 5  seconds  train loss: 0.19877096800237437 validation loss: 0.20662917615819235
epoch 82 time used: 5  seconds  train loss: 0.19837241388315638 validation loss: 0.20627003492488905
epoch 83 time used: 5  seconds  train loss: 0.19757215937166522 validation loss: 0.20655170184200447
epoch 84 time used: 5  seconds  train loss: 0.1972939813315849 validation loss: 0.20508740901845016
epoch 85 time used: 5  seconds  train loss: 0.19672182232948013 validation loss: 0.20618882255933657
epoch 86 time used: 5  seconds  train loss: 0.1970645017924354 validation loss: 0.20684081254791548
epoch 87 time used: 5  seconds  train loss: 0.19535094712392337 validation loss: 0.2039726667926438
epoch 88 time used: 5  seconds  train loss: 0.19536115331159262 validation loss: 0.20315140684672375
epoch 89 time used: 5  seconds  train loss: 0.19445711008920163 validation loss: 0.20289860885957955
epoch 90 time used: 5  seconds  train loss: 0.19442730418606538 validation loss: 0.20457216304197218
epoch 91 time used: 5  seconds  train loss: 0.19428608732441952 validation loss: 0.20546446839231663
epoch 92 time used: 5  seconds  train loss: 0.19418541306795575 validation loss: 0.20483585476399285
epoch 93 time used: 5  seconds  train loss: 0.19342703873399106 validation loss: 0.20609059484427952
epoch 94 time used: 5  seconds  train loss: 0.19305081706813543 validation loss: 0.2025301448291054
epoch 95 time used: 5  seconds  train loss: 0.19238080082380465 validation loss: 0.20210766879851247
epoch 96 time used: 5  seconds  train loss: 0.19166290274671519 validation loss: 0.20248097720244104
epoch 97 time used: 5  seconds  train loss: 0.19132101076664504 validation loss: 0.20210124603252172
epoch 98 time used: 5  seconds  train loss: 0.19194045730413736 validation loss: 0.20116066361452875
epoch 99 time used: 5  seconds  train loss: 0.19080307201780244 validation loss: 0.20075111041834745
epoch 100 time used: 5  seconds  train loss: 0.19076466473395792 validation loss: 0.202390343222833
epoch 101 time used: 5  seconds  train loss: 0.19046404543823164 validation loss: 0.20066639066966546
epoch 102 time used: 5  seconds  train loss: 0.1899597852508758 validation loss: 0.20072117001583287
epoch 103 time used: 5  seconds  train loss: 0.18987302820282959 validation loss: 0.2017171966454946
epoch 104 time used: 5  seconds  train loss: 0.18889514481959144 validation loss: 0.20240608009010877
epoch 105 time used: 5  seconds  train loss: 0.18937470913322033 validation loss: 0.20084839103838
epoch 106 time used: 5  seconds  train loss: 0.1884729823879205 validation loss: 0.1998855594866492
epoch 107 time used: 5  seconds  train loss: 0.18845085243876375 validation loss: 0.19809580387317038
epoch 108 time used: 5  seconds  train loss: 0.18824058119602377 validation loss: 0.19999752863944087
epoch 109 time used: 5  seconds  train loss: 0.18806641908161487 validation loss: 0.20118089355167088
epoch 110 time used: 5  seconds  train loss: 0.18722309014736577 validation loss: 0.19969238862777802
epoch 111 time used: 5  seconds  train loss: 0.18767034442913738 validation loss: 0.19883982192021538
epoch 112 time used: 5  seconds  train loss: 0.1866629118732027 validation loss: 0.19961277203803326
epoch 113 time used: 5  seconds  train loss: 0.18626442655585743 validation loss: 0.19983264330415404
epoch 114 time used: 5  seconds  train loss: 0.18580835347829364 validation loss: 0.1974742686534295
epoch 115 time used: 5  seconds  train loss: 0.18557546379358636 validation loss: 0.19745174686159328
epoch 116 time used: 5  seconds  train loss: 0.18583281626812517 validation loss: 0.19621599431182069
epoch 117 time used: 5  seconds  train loss: 0.18545433185098223 validation loss: 0.1970929912734018
epoch 118 time used: 5  seconds  train loss: 0.18544193749070984 validation loss: 0.19762880851966752
epoch 119 time used: 5  seconds  train loss: 0.18421882114038818 validation loss: 0.19646172448185192
epoch 120 time used: 5  seconds  train loss: 0.18459497271199782 validation loss: 0.19762465027965823
epoch 121 time used: 5  seconds  train loss: 0.1842950942231033 validation loss: 0.19774351124925335
epoch 122 time used: 5  seconds  train loss: 0.18401906084248637 validation loss: 0.1973353379277998
epoch 123 time used: 5  seconds  train loss: 0.1840934695164 validation loss: 0.19569205143794427
epoch 124 time used: 5  seconds  train loss: 0.1835106824736351 validation loss: 0.19559847752638565
epoch 125 time used: 5  seconds  train loss: 0.1828915458773805 validation loss: 0.19774673789892616
epoch 126 time used: 5  seconds  train loss: 0.18241005351771195 validation loss: 0.19593123230537005
epoch 127 time used: 5  seconds  train loss: 0.18242089995002372 validation loss: 0.19461160915209372
epoch 128 time used: 5  seconds  train loss: 0.18270832734540188 validation loss: 0.19636729036612438
epoch 129 time used: 5  seconds  train loss: 0.18242570284157653 validation loss: 0.19411035240784552
epoch 130 time used: 5  seconds  train loss: 0.18178956661000484 validation loss: 0.1953843614576343
epoch 131 time used: 5  seconds  train loss: 0.181431229354739 validation loss: 0.1968497301739281
epoch 132 time used: 5  seconds  train loss: 0.18155555516957536 validation loss: 0.19485993783642616
epoch 133 time used: 5  seconds  train loss: 0.18154799189014081 validation loss: 0.19400791749060664
epoch 134 time used: 5  seconds  train loss: 0.1812383198644814 validation loss: 0.19648946547127422
epoch 135 time used: 5  seconds  train loss: 0.18105851229915487 validation loss: 0.19337790090903104
epoch 136 time used: 5  seconds  train loss: 0.18060001339805914 validation loss: 0.19336576976574835
epoch 137 time used: 5  seconds  train loss: 0.17994334644182208 validation loss: 0.194304214678896
epoch 138 time used: 5  seconds  train loss: 0.1797901304772128 validation loss: 0.19336527268919207
epoch 139 time used: 5  seconds  train loss: 0.17959794486175346 validation loss: 0.19332633233383187
epoch 140 time used: 5  seconds  train loss: 0.1798066103209647 validation loss: 0.19357904809682763
epoch 141 time used: 5  seconds  train loss: 0.1796095936100919 validation loss: 0.19228763072509733
epoch 142 time used: 5  seconds  train loss: 0.17898311763078723 validation loss: 0.19301449989871305
epoch 143 time used: 5  seconds  train loss: 0.1788832583517215 validation loss: 0.19215643133902238
epoch 144 time used: 5  seconds  train loss: 0.1791843638664587 validation loss: 0.1921968210086915
epoch 145 time used: 5  seconds  train loss: 0.17809734363042068 validation loss: 0.19300092013815234
epoch 146 time used: 5  seconds  train loss: 0.17839939057593784 validation loss: 0.19229495512609543
epoch 147 time used: 5  seconds  train loss: 0.17823858846757556 validation loss: 0.19261820650889544
epoch 148 time used: 5  seconds  train loss: 0.17805118196594394 validation loss: 0.19248164123422543
epoch 149 time used: 5  seconds  train loss: 0.17792151810526655 validation loss: 0.19229597486534325
epoch 150 time used: 5  seconds  train loss: 0.17721873805058053 validation loss: 0.19333359202995887
epoch 151 time used: 5  seconds  train loss: 0.1773943147258569 validation loss: 0.19223256336915037
epoch 152 time used: 5  seconds  train loss: 0.17760233297812889 validation loss: 0.19099143086265852
epoch 153 time used: 5  seconds  train loss: 0.17661201744484598 validation loss: 0.191233815615747
epoch 154 time used: 5  seconds  train loss: 0.17726355883404296 validation loss: 0.1913839776007298
epoch 155 time used: 5  seconds  train loss: 0.1768582259302696 validation loss: 0.19111777317571557
epoch 156 time used: 5  seconds  train loss: 0.17723018448419667 validation loss: 0.1912466999859519
epoch 157 time used: 5  seconds  train loss: 0.1760141822164207 validation loss: 0.19004547585777332
epoch 158 time used: 5  seconds  train loss: 0.1759602762139267 validation loss: 0.18965259019266315
epoch 159 time used: 5  seconds  train loss: 0.17574793198013836 validation loss: 0.1897098891781319
epoch 160 time used: 5  seconds  train loss: 0.17569202484935278 validation loss: 0.1895118940746995
epoch 161 time used: 5  seconds  train loss: 0.17625203819044802 validation loss: 0.19202797285706671
epoch 162 time used: 5  seconds  train loss: 0.1761443086544232 validation loss: 0.19025387407981253
epoch 163 time used: 5  seconds  train loss: 0.1755100451592012 validation loss: 0.18964930396384672
epoch 164 time used: 5  seconds  train loss: 0.17544049039157547 validation loss: 0.1901497428103032
epoch 165 time used: 5  seconds  train loss: 0.17504116328251568 validation loss: 0.18962703970793784
epoch 166 time used: 5  seconds  train loss: 0.17483021441833724 validation loss: 0.19124538997582416
epoch 167 time used: 5  seconds  train loss: 0.17527963779805963 validation loss: 0.1894237034860095
epoch 168 time used: 5  seconds  train loss: 0.174776920500352 validation loss: 0.18915639831315295
epoch 169 time used: 5  seconds  train loss: 0.17452332718017866 validation loss: 0.18853965436501022
epoch 170 time used: 5  seconds  train loss: 0.17431698154559694 validation loss: 0.19136302746063086
epoch 171 time used: 5  seconds  train loss: 0.17399449293742478 validation loss: 0.18949192782775784
epoch 172 time used: 5  seconds  train loss: 0.17409131662111776 validation loss: 0.18833849351710752
epoch 173 time used: 5  seconds  train loss: 0.1737712558187644 validation loss: 0.19024112057291434
epoch 174 time used: 5  seconds  train loss: 0.17432108972334573 validation loss: 0.18950892229183564
epoch 175 time used: 5  seconds  train loss: 0.17409951674421253 validation loss: 0.1889976437218993
epoch 176 time used: 5  seconds  train loss: 0.17343519054739492 validation loss: 0.18951801093761675
epoch 177 time used: 5  seconds  train loss: 0.17360526026947162 validation loss: 0.1877886949099613
epoch 178 time used: 5  seconds  train loss: 0.17335795617216296 validation loss: 0.18779260648602564
epoch 179 time used: 5  seconds  train loss: 0.17342186932226406 validation loss: 0.18946325184784818
epoch 180 time used: 5  seconds  train loss: 0.1728604302019182 validation loss: 0.18974917428328933
epoch 181 time used: 5  seconds  train loss: 0.17288670777536036 validation loss: 0.1889054534252344
epoch 182 time used: 5  seconds  train loss: 0.17298099878151485 validation loss: 0.18827695918470808
epoch 183 time used: 5  seconds  train loss: 0.17249890932109405 validation loss: 0.18831959031033502
epoch 184 time used: 5  seconds  train loss: 0.172515029612993 validation loss: 0.1889520978084375
epoch 185 time used: 5  seconds  train loss: 0.17195714138057125 validation loss: 0.1880668877569254
epoch 186 time used: 5  seconds  train loss: 0.17150225538674185 validation loss: 0.18632843914503924
epoch 187 time used: 5  seconds  train loss: 0.1718698040860695 validation loss: 0.18869579235316003
epoch 188 time used: 5  seconds  train loss: 0.1717728621016351 validation loss: 0.18756583033802166
epoch 189 time used: 5  seconds  train loss: 0.17192037630477633 validation loss: 0.1898833632775191
epoch 190 time used: 5  seconds  train loss: 0.17202030784014113 validation loss: 0.1869843967101673
epoch 191 time used: 5  seconds  train loss: 0.1719568736989684 validation loss: 0.1874124303723633
epoch 192 time used: 5  seconds  train loss: 0.17187387452748998 validation loss: 0.18731564632736475
epoch 193 time used: 5  seconds  train loss: 0.17133514610804523 validation loss: 0.18693827068846497
epoch 194 time used: 5  seconds  train loss: 0.17081916849680043 validation loss: 0.18704223515507296
epoch 195 time used: 5  seconds  train loss: 0.1705975813938734 validation loss: 0.18747421438634157
epoch 196 time used: 5  seconds  train loss: 0.17080137910479865 validation loss: 0.18632587592430408
epoch 197 time used: 5  seconds  train loss: 0.17080776809305098 validation loss: 0.18610029307624917
epoch 198 time used: 5  seconds  train loss: 0.17080601119901834 validation loss: 0.1858554698794621
epoch 199 time used: 5  seconds  train loss: 0.17027851865351454 validation loss: 0.18566140099824394
YS.shape, YS_pred.shape, (14021, 1, 1, 69) (14021, 1, 1, 69)
YS.shape, YS_pred.shape, (14021, 69) (14021, 69)
****************************************
STGCN3, train, Torch MSE, 1.6735560588e-01, 0.1673556059

STGCN3, train, MSE, RMSE, MAE, MAPE, 483.2082364257, 21.9819980080, 11.8317790168, 16.7245202818

Model Training Ended ... Tue Jan  4 05:19:36 2022
pred_NYCTaxi-inflow-mulgraph_STGCN3_1_2201040500 testing started Tue Jan  4 05:19:36 2022
getXSYS data.shape(17544, 69)
getXSYS XS.shape(3507, 1, 12, 69)
getXSYS YS.shape(3507, 1, 1, 69)
TEST XS.shape, YS.shape (3507, 1, 12, 69) (3507, 1, 1, 69)
Model Testing Started ... Tue Jan  4 05:19:36 2022
TIMESTEP_IN, TIMESTEP_OUT 12 3
torch.Size([2, 3, 69, 69])
YS.shape, YS_pred.shape, (3507, 1, 1, 69) (3507, 1, 1, 69)
YS.shape, YS_pred.shape, (3507, 69) (3507, 69)
****************************************
STGCN3, test, Torch MSE, 1.8212377605e-01, 0.1821237760

STGCN3, test, MSE, RMSE, MAE, MAPE, 596.0771227179, 24.4146907152, 13.0584214831, 19.2533148489

Model Testing Ended ... Tue Jan  4 05:19:36 2022
