nohup: ignoring input
../data-NYCTaxi/60min/2019-2020-graph-outflow.npz
Namespace(adjpath='../data-NYCZones/adjmatrix/W_adj_matrix.csv', adjtype='symnadj', batchsize=64, channel=1, dataname='NYCTaxi-inflow-mulgraph', datatype=1, epoch=200, ex='typhoon-inflow', flowpath='../data-NYCTaxi/60min/2019-2020-graph-outflow.npz', gpu=3, graphnum=2, loss='MAE', lr=0.001, n_node=69, optimizer='Adam', patience=10, target=0, timestep_in=12, timestep_out=3, trainratio=0.8, trainvalsplit=0.125)
data.shape (17544, 69)
pred_NYCTaxi-inflow-mulgraph_STGCN1_1_2201040530 training started Tue Jan  4 05:30:50 2022
getXSYS data.shape(17544, 69)
getXSYS XS.shape(14023, 1, 12, 69)
getXSYS YS.shape(14023, 1, 1, 69)
TRAIN XS.shape YS,shape (14023, 1, 12, 69) (14023, 1, 1, 69)
Model Training Started ... Tue Jan  4 05:30:50 2022
TIMESTEP_IN, TIMESTEP_OUT 12 1
torch.Size([2, 3, 69, 69])
==========================================================================================
Layer (type:depth-idx)                   Output Shape              Param #
==========================================================================================
├─st_conv_block: 1-1                     [-1, 64, 8, 69]           --
|    └─temporal_conv_layer: 2-1          [-1, 32, 10, 69]          --
|    |    └─align: 3-1                   [-1, 32, 12, 69]          --
|    |    └─Conv2d: 3-2                  [-1, 64, 10, 69]          256
|    └─ModuleList: 2                     []                        --
|    |    └─spatio_conv_layer: 3-3       [-1, 32, 10, 69]          3,104
|    |    └─spatio_conv_layer: 3-4       [-1, 32, 10, 69]          3,104
|    └─linear: 2-2                       [-1, 32, 10, 69]          --
|    |    └─Conv2d: 3-5                  [-1, 32, 10, 69]          2,080
|    └─temporal_conv_layer: 2-3          [-1, 64, 8, 69]           --
|    |    └─align: 3-6                   [-1, 64, 10, 69]          --
|    |    └─Conv2d: 3-7                  [-1, 64, 8, 69]           6,208
|    └─LayerNorm: 2-4                    [-1, 8, 69, 64]           8,832
|    └─Dropout: 2-5                      [-1, 64, 8, 69]           --
├─st_conv_block: 1-2                     [-1, 64, 4, 69]           --
|    └─temporal_conv_layer: 2-6          [-1, 32, 6, 69]           --
|    |    └─align: 3-8                   [-1, 32, 8, 69]           2,080
|    |    └─Conv2d: 3-9                  [-1, 64, 6, 69]           12,352
|    └─ModuleList: 2                     []                        --
|    |    └─spatio_conv_layer: 3-10      [-1, 32, 6, 69]           3,104
|    |    └─spatio_conv_layer: 3-11      [-1, 32, 6, 69]           3,104
|    └─linear: 2-7                       [-1, 32, 6, 69]           --
|    |    └─Conv2d: 3-12                 [-1, 32, 6, 69]           2,080
|    └─temporal_conv_layer: 2-8          [-1, 64, 4, 69]           --
|    |    └─align: 3-13                  [-1, 64, 6, 69]           --
|    |    └─Conv2d: 3-14                 [-1, 64, 4, 69]           6,208
|    └─LayerNorm: 2-9                    [-1, 4, 69, 64]           8,832
|    └─Dropout: 2-10                     [-1, 64, 4, 69]           --
├─output_layer: 1-3                      [-1, 1, 1, 69]            --
|    └─temporal_conv_layer: 2-11         [-1, 64, 1, 69]           --
|    |    └─align: 3-15                  [-1, 64, 4, 69]           --
|    |    └─Conv2d: 3-16                 [-1, 128, 1, 69]          32,896
|    └─LayerNorm: 2-12                   [-1, 1, 69, 64]           8,832
|    └─temporal_conv_layer: 2-13         [-1, 64, 1, 69]           --
|    |    └─align: 3-17                  [-1, 64, 1, 69]           --
|    |    └─Conv2d: 3-18                 [-1, 64, 1, 69]           4,160
|    └─Conv2d: 2-14                      [-1, 1, 1, 69]            65
==========================================================================================
Total params: 107,297
Trainable params: 107,297
Non-trainable params: 0
Total mult-adds (M): 16.41
==========================================================================================
Input size (MB): 0.00
Forward/backward pass size (MB): 2.43
Params size (MB): 0.41
Estimated Total Size (MB): 2.84
==========================================================================================
epoch 0 time used: 5  seconds  train loss: 0.31706521398377985 validation loss: 0.2602021333937365
epoch 1 time used: 5  seconds  train loss: 0.2555300643605339 validation loss: 0.24004191923535897
epoch 2 time used: 5  seconds  train loss: 0.24212600966974693 validation loss: 0.2348649755451792
epoch 3 time used: 5  seconds  train loss: 0.23425134134758946 validation loss: 0.23046631751506585
epoch 4 time used: 5  seconds  train loss: 0.2313405128203472 validation loss: 0.22903969327994095
epoch 5 time used: 5  seconds  train loss: 0.22609980535536348 validation loss: 0.22965372922042404
epoch 6 time used: 5  seconds  train loss: 0.22321073433540659 validation loss: 0.22681649690584257
epoch 7 time used: 5  seconds  train loss: 0.22156837452157493 validation loss: 0.21979393672752706
epoch 8 time used: 5  seconds  train loss: 0.21890772902440908 validation loss: 0.2217760263122427
epoch 9 time used: 5  seconds  train loss: 0.21765861016468196 validation loss: 0.21644046872055198
epoch 10 time used: 5  seconds  train loss: 0.21578865096689534 validation loss: 0.21519521492519042
epoch 11 time used: 5  seconds  train loss: 0.21510894364618924 validation loss: 0.2126295367905023
epoch 12 time used: 5  seconds  train loss: 0.2121404508749644 validation loss: 0.2149025217608187
epoch 13 time used: 5  seconds  train loss: 0.21214747261058634 validation loss: 0.21237448110317952
epoch 14 time used: 5  seconds  train loss: 0.21188173075954217 validation loss: 0.2134588098974821
epoch 15 time used: 5  seconds  train loss: 0.2099385309165925 validation loss: 0.21314957026441098
epoch 16 time used: 5  seconds  train loss: 0.20876672690052664 validation loss: 0.20832345681025924
epoch 17 time used: 5  seconds  train loss: 0.2086043317165429 validation loss: 0.20939372379611168
epoch 18 time used: 5  seconds  train loss: 0.20840198265748386 validation loss: 0.20896422039320042
epoch 19 time used: 5  seconds  train loss: 0.20653086478815103 validation loss: 0.2105351542396268
epoch 20 time used: 5  seconds  train loss: 0.2064325047540004 validation loss: 0.20669419857786508
epoch 21 time used: 5  seconds  train loss: 0.2054675919040977 validation loss: 0.20864156927303526
epoch 22 time used: 5  seconds  train loss: 0.2051845606012663 validation loss: 0.20730795232282662
epoch 23 time used: 5  seconds  train loss: 0.204852935856401 validation loss: 0.20816261453487095
epoch 24 time used: 5  seconds  train loss: 0.20378319674035641 validation loss: 0.2079719058867529
epoch 25 time used: 5  seconds  train loss: 0.20277237761963066 validation loss: 0.20663278616637554
epoch 26 time used: 5  seconds  train loss: 0.20263282878668987 validation loss: 0.2079585655563162
epoch 27 time used: 5  seconds  train loss: 0.20177271167680122 validation loss: 0.20585444748095627
epoch 28 time used: 5  seconds  train loss: 0.20152433966851954 validation loss: 0.2023733196194622
epoch 29 time used: 5  seconds  train loss: 0.20009098376747836 validation loss: 0.20445625686298693
epoch 30 time used: 5  seconds  train loss: 0.19989404099300417 validation loss: 0.20213377301480792
epoch 31 time used: 5  seconds  train loss: 0.1993645533567147 validation loss: 0.20299769066703435
epoch 32 time used: 5  seconds  train loss: 0.19857338794189056 validation loss: 0.20316915733434782
epoch 33 time used: 5  seconds  train loss: 0.19858796405617357 validation loss: 0.20621520678655664
epoch 34 time used: 5  seconds  train loss: 0.1972547244641872 validation loss: 0.20273408408479152
epoch 35 time used: 5  seconds  train loss: 0.19638732368613804 validation loss: 0.20272768657342136
epoch 36 time used: 5  seconds  train loss: 0.19634979401260444 validation loss: 0.19992723507637714
epoch 37 time used: 5  seconds  train loss: 0.19567276721041477 validation loss: 0.20150049021430377
epoch 38 time used: 5  seconds  train loss: 0.19452937801096046 validation loss: 0.20111663476338199
epoch 39 time used: 5  seconds  train loss: 0.19455090669616024 validation loss: 0.20056746146098178
epoch 40 time used: 5  seconds  train loss: 0.19400823425984323 validation loss: 0.19993939637049768
epoch 41 time used: 5  seconds  train loss: 0.19335061009812374 validation loss: 0.1989623647431816
epoch 42 time used: 5  seconds  train loss: 0.1927149716342671 validation loss: 0.1978574585333186
epoch 43 time used: 5  seconds  train loss: 0.19180158875099312 validation loss: 0.20015100885716017
epoch 44 time used: 5  seconds  train loss: 0.19171506515244885 validation loss: 0.2006935116670775
epoch 45 time used: 5  seconds  train loss: 0.1905945936498743 validation loss: 0.19555168238899331
epoch 46 time used: 5  seconds  train loss: 0.19001767564908023 validation loss: 0.19664672619774215
epoch 47 time used: 5  seconds  train loss: 0.1895770644281779 validation loss: 0.19750068836972431
epoch 48 time used: 5  seconds  train loss: 0.18931835903660885 validation loss: 0.1956342227684724
epoch 49 time used: 5  seconds  train loss: 0.1879984061190435 validation loss: 0.19521457735497952
epoch 50 time used: 5  seconds  train loss: 0.18777007549248192 validation loss: 0.1973344862665099
epoch 51 time used: 5  seconds  train loss: 0.18749040024690541 validation loss: 0.19724465343895056
epoch 52 time used: 5  seconds  train loss: 0.18652017180911876 validation loss: 0.19653433302913606
epoch 53 time used: 5  seconds  train loss: 0.18574306613172858 validation loss: 0.19372174935176315
epoch 54 time used: 5  seconds  train loss: 0.18522195625130297 validation loss: 0.19281583165041188
epoch 55 time used: 5  seconds  train loss: 0.18507577373472384 validation loss: 0.19298442912591368
epoch 56 time used: 5  seconds  train loss: 0.18478635260266021 validation loss: 0.19357246934041525
epoch 57 time used: 5  seconds  train loss: 0.18365057996840814 validation loss: 0.19310995811438192
epoch 58 time used: 5  seconds  train loss: 0.1836731123895109 validation loss: 0.19180962766366078
epoch 59 time used: 5  seconds  train loss: 0.1828739407301532 validation loss: 0.1917921519252279
epoch 60 time used: 5  seconds  train loss: 0.18190123146155449 validation loss: 0.19031382820059486
epoch 61 time used: 5  seconds  train loss: 0.18158394927014737 validation loss: 0.19449420962684574
epoch 62 time used: 5  seconds  train loss: 0.1812535027007116 validation loss: 0.18968275667120918
epoch 63 time used: 5  seconds  train loss: 0.18082390241780316 validation loss: 0.19001946744922904
epoch 64 time used: 5  seconds  train loss: 0.17993532262785025 validation loss: 0.1884649908430428
epoch 65 time used: 5  seconds  train loss: 0.17945903365264215 validation loss: 0.18857336123365032
epoch 66 time used: 5  seconds  train loss: 0.17995098913308558 validation loss: 0.18993351076816192
epoch 67 time used: 5  seconds  train loss: 0.17897595598285726 validation loss: 0.18727408282361027
epoch 68 time used: 5  seconds  train loss: 0.17829736732280438 validation loss: 0.1877721376457829
epoch 69 time used: 5  seconds  train loss: 0.17818254285599025 validation loss: 0.18956442505410243
epoch 70 time used: 5  seconds  train loss: 0.17718015848473018 validation loss: 0.18887235768271118
epoch 71 time used: 5  seconds  train loss: 0.1772610359130687 validation loss: 0.18558095035149041
epoch 72 time used: 5  seconds  train loss: 0.17706314992302302 validation loss: 0.18547184042806839
epoch 73 time used: 5  seconds  train loss: 0.176433072096464 validation loss: 0.18622122754284945
epoch 74 time used: 5  seconds  train loss: 0.17511741131325514 validation loss: 0.18499808887277952
epoch 75 time used: 5  seconds  train loss: 0.17498095180556944 validation loss: 0.18489847747482577
epoch 76 time used: 5  seconds  train loss: 0.17521358120703756 validation loss: 0.18604170766919936
epoch 77 time used: 5  seconds  train loss: 0.174463142586998 validation loss: 0.18498908384520873
epoch 78 time used: 5  seconds  train loss: 0.17440114296493048 validation loss: 0.18665844188441022
epoch 79 time used: 5  seconds  train loss: 0.17365125989709915 validation loss: 0.18430804563670314
epoch 80 time used: 5  seconds  train loss: 0.17362643444839299 validation loss: 0.18411131890855104
epoch 81 time used: 5  seconds  train loss: 0.17291273977470864 validation loss: 0.1844791963789984
epoch 82 time used: 5  seconds  train loss: 0.17307063580628032 validation loss: 0.18487154060408378
epoch 83 time used: 5  seconds  train loss: 0.17209669825694573 validation loss: 0.18431962275940286
epoch 84 time used: 5  seconds  train loss: 0.17187325387294447 validation loss: 0.18369735389760883
epoch 85 time used: 5  seconds  train loss: 0.1713267428683574 validation loss: 0.18348841193194262
epoch 86 time used: 5  seconds  train loss: 0.17098549298134488 validation loss: 0.18222196355963596
epoch 87 time used: 5  seconds  train loss: 0.17036242770925225 validation loss: 0.1825031676822163
epoch 88 time used: 5  seconds  train loss: 0.17049717820555385 validation loss: 0.1825176732953589
epoch 89 time used: 5  seconds  train loss: 0.17040931689564348 validation loss: 0.18246349623491612
epoch 90 time used: 5  seconds  train loss: 0.1696816556513941 validation loss: 0.18189731513984667
epoch 91 time used: 5  seconds  train loss: 0.1697976616916369 validation loss: 0.18247501312394313
epoch 92 time used: 5  seconds  train loss: 0.16895412311334385 validation loss: 0.18040831560450693
epoch 93 time used: 5  seconds  train loss: 0.16854671630902124 validation loss: 0.18094722789760595
epoch 94 time used: 5  seconds  train loss: 0.16823972480852817 validation loss: 0.18025007095938061
epoch 95 time used: 5  seconds  train loss: 0.1681391465804785 validation loss: 0.17988750169396878
epoch 96 time used: 5  seconds  train loss: 0.1678495477736239 validation loss: 0.181687809947689
epoch 97 time used: 5  seconds  train loss: 0.1681844466278586 validation loss: 0.18073219472316082
epoch 98 time used: 5  seconds  train loss: 0.16695887391996656 validation loss: 0.18054758036095825
epoch 99 time used: 5  seconds  train loss: 0.16649245520918565 validation loss: 0.17845584887371563
epoch 100 time used: 5  seconds  train loss: 0.16707327432669367 validation loss: 0.18037445314496298
epoch 101 time used: 5  seconds  train loss: 0.16679957167783596 validation loss: 0.1791963197983678
epoch 102 time used: 5  seconds  train loss: 0.16612577661082525 validation loss: 0.1790236824251078
epoch 103 time used: 5  seconds  train loss: 0.16594527341188603 validation loss: 0.17892940401078902
epoch 104 time used: 5  seconds  train loss: 0.16544281945009007 validation loss: 0.1782351042533424
epoch 105 time used: 5  seconds  train loss: 0.165732982504533 validation loss: 0.17958001460916168
epoch 106 time used: 5  seconds  train loss: 0.16452228211006112 validation loss: 0.17870020132811493
epoch 107 time used: 5  seconds  train loss: 0.16455624283525938 validation loss: 0.17767547490048666
epoch 108 time used: 5  seconds  train loss: 0.1642519927087992 validation loss: 0.17749704446917727
epoch 109 time used: 5  seconds  train loss: 0.16438170930624202 validation loss: 0.17796871211449894
epoch 110 time used: 5  seconds  train loss: 0.1641207500138512 validation loss: 0.177764375517182
epoch 111 time used: 5  seconds  train loss: 0.16374723408507835 validation loss: 0.17681866785627193
epoch 112 time used: 5  seconds  train loss: 0.1633565406004588 validation loss: 0.17657592134413144
epoch 113 time used: 5  seconds  train loss: 0.16335568829047165 validation loss: 0.17620526247376792
epoch 114 time used: 5  seconds  train loss: 0.16274332755595178 validation loss: 0.1762973606943472
epoch 115 time used: 5  seconds  train loss: 0.1622360357299702 validation loss: 0.17618543053278568
epoch 116 time used: 5  seconds  train loss: 0.16247233871822933 validation loss: 0.17543714639294575
epoch 117 time used: 5  seconds  train loss: 0.16190195672135094 validation loss: 0.17652443149092534
epoch 118 time used: 5  seconds  train loss: 0.16195244379129076 validation loss: 0.17821763233157886
epoch 119 time used: 5  seconds  train loss: 0.16140938424782336 validation loss: 0.17522185106686844
epoch 120 time used: 5  seconds  train loss: 0.16147345221664425 validation loss: 0.17439541855643154
epoch 121 time used: 5  seconds  train loss: 0.16126101509088797 validation loss: 0.17694842002763111
epoch 122 time used: 5  seconds  train loss: 0.16065737310229225 validation loss: 0.17572663097944657
epoch 123 time used: 5  seconds  train loss: 0.16100367713285443 validation loss: 0.1762545596376801
epoch 124 time used: 5  seconds  train loss: 0.16067678982539205 validation loss: 0.17529582840438848
epoch 125 time used: 5  seconds  train loss: 0.16022024696059797 validation loss: 0.17445695366236527
epoch 126 time used: 5  seconds  train loss: 0.1600605266212737 validation loss: 0.17422068297556992
epoch 127 time used: 5  seconds  train loss: 0.15970776944793913 validation loss: 0.17419025565444982
epoch 128 time used: 5  seconds  train loss: 0.1598448568300785 validation loss: 0.17400908965725798
epoch 129 time used: 5  seconds  train loss: 0.15944493907005106 validation loss: 0.17332599414496577
epoch 130 time used: 5  seconds  train loss: 0.15927788787191247 validation loss: 0.17517529277548544
epoch 131 time used: 5  seconds  train loss: 0.15934704008778616 validation loss: 0.17491775843768004
epoch 132 time used: 5  seconds  train loss: 0.1588292509633152 validation loss: 0.1740166033276543
epoch 133 time used: 5  seconds  train loss: 0.1588396241291811 validation loss: 0.17385120775722737
epoch 134 time used: 5  seconds  train loss: 0.1582481158367482 validation loss: 0.17352806256963943
epoch 135 time used: 5  seconds  train loss: 0.15819862826189182 validation loss: 0.17298008095211664
epoch 136 time used: 5  seconds  train loss: 0.15818758725925686 validation loss: 0.17361066317429083
epoch 137 time used: 5  seconds  train loss: 0.1579559488226557 validation loss: 0.1722806171475311
epoch 138 time used: 5  seconds  train loss: 0.15771706813510686 validation loss: 0.1744395293257132
epoch 139 time used: 5  seconds  train loss: 0.1577263937675574 validation loss: 0.17275498854182342
epoch 140 time used: 5  seconds  train loss: 0.15778988006645425 validation loss: 0.17407986869386313
epoch 141 time used: 5  seconds  train loss: 0.15724457377763715 validation loss: 0.17246750315053083
epoch 142 time used: 5  seconds  train loss: 0.15661940627595516 validation loss: 0.17360042106132811
epoch 143 time used: 5  seconds  train loss: 0.15696952766340344 validation loss: 0.1737910878620893
epoch 144 time used: 5  seconds  train loss: 0.15716585471509625 validation loss: 0.17203955770524923
epoch 145 time used: 5  seconds  train loss: 0.15694203045956953 validation loss: 0.17316573577748662
epoch 146 time used: 5  seconds  train loss: 0.15599293938815934 validation loss: 0.17195057781403636
epoch 147 time used: 5  seconds  train loss: 0.15590883608795125 validation loss: 0.17114447797630014
epoch 148 time used: 5  seconds  train loss: 0.1562042676950725 validation loss: 0.17108589335128505
epoch 149 time used: 5  seconds  train loss: 0.15593323692521527 validation loss: 0.17101929349111816
epoch 150 time used: 5  seconds  train loss: 0.1554917924294359 validation loss: 0.1714244684915303
epoch 151 time used: 5  seconds  train loss: 0.15568750066881562 validation loss: 0.17055900711980604
epoch 152 time used: 5  seconds  train loss: 0.15521232796667453 validation loss: 0.17013648397162243
epoch 153 time used: 5  seconds  train loss: 0.1553241725510082 validation loss: 0.17054672289323072
epoch 154 time used: 5  seconds  train loss: 0.154918308919197 validation loss: 0.17054190663902405
epoch 155 time used: 5  seconds  train loss: 0.1553566580563905 validation loss: 0.17184940688588315
epoch 156 time used: 5  seconds  train loss: 0.154626535672236 validation loss: 0.17016095560547698
epoch 157 time used: 5  seconds  train loss: 0.1545320645521206 validation loss: 0.17147098180741768
epoch 158 time used: 5  seconds  train loss: 0.1541646471500591 validation loss: 0.16978701469698296
epoch 159 time used: 5  seconds  train loss: 0.15438019263375166 validation loss: 0.17113863869319965
epoch 160 time used: 5  seconds  train loss: 0.15461236451735028 validation loss: 0.16946685162871752
epoch 161 time used: 5  seconds  train loss: 0.15371700115046466 validation loss: 0.16963198275241045
epoch 162 time used: 5  seconds  train loss: 0.1542389852202026 validation loss: 0.16949514854280728
epoch 163 time used: 5  seconds  train loss: 0.1540195246683259 validation loss: 0.1696206317312433
epoch 164 time used: 5  seconds  train loss: 0.15360733028971868 validation loss: 0.16863944062286285
epoch 165 time used: 5  seconds  train loss: 0.15323662543403685 validation loss: 0.1693101572058776
epoch 166 time used: 5  seconds  train loss: 0.15301652510377967 validation loss: 0.16911787909061923
epoch 167 time used: 5  seconds  train loss: 0.15363890598387667 validation loss: 0.1689179304645052
epoch 168 time used: 5  seconds  train loss: 0.1526496984192095 validation loss: 0.1687637064892839
epoch 169 time used: 5  seconds  train loss: 0.15261110642039882 validation loss: 0.16882251242161886
epoch 170 time used: 5  seconds  train loss: 0.15278855797568278 validation loss: 0.16779465374950675
epoch 171 time used: 5  seconds  train loss: 0.15244473289355284 validation loss: 0.16888801353153202
epoch 172 time used: 5  seconds  train loss: 0.15265072625686021 validation loss: 0.1683667035814836
epoch 173 time used: 5  seconds  train loss: 0.15209509817292852 validation loss: 0.1681601011746282
epoch 174 time used: 5  seconds  train loss: 0.15257205755951547 validation loss: 0.16827521749856603
epoch 175 time used: 5  seconds  train loss: 0.15178149255826012 validation loss: 0.16806002398150618
epoch 176 time used: 5  seconds  train loss: 0.15154484631622722 validation loss: 0.1682439517597437
epoch 177 time used: 5  seconds  train loss: 0.15187759286471275 validation loss: 0.1680036922114547
epoch 178 time used: 5  seconds  train loss: 0.15172469041749725 validation loss: 0.16751745673022947
epoch 179 time used: 5  seconds  train loss: 0.15160754161485346 validation loss: 0.16757188600536352
epoch 180 time used: 5  seconds  train loss: 0.15172308413790025 validation loss: 0.16891961065755867
epoch 181 time used: 5  seconds  train loss: 0.15166281832605236 validation loss: 0.1676419116365386
epoch 182 time used: 5  seconds  train loss: 0.15097388929240374 validation loss: 0.16719624616898474
epoch 183 time used: 5  seconds  train loss: 0.15126251956264275 validation loss: 0.16643646199636575
epoch 184 time used: 5  seconds  train loss: 0.15097898500861437 validation loss: 0.16783015520927638
epoch 185 time used: 5  seconds  train loss: 0.1512352661476353 validation loss: 0.16739646308400327
epoch 186 time used: 5  seconds  train loss: 0.15092521915128781 validation loss: 0.16666720169174012
epoch 187 time used: 5  seconds  train loss: 0.15041397255955427 validation loss: 0.16849115448411506
epoch 188 time used: 5  seconds  train loss: 0.15061880000597497 validation loss: 0.16889846109011075
epoch 189 time used: 5  seconds  train loss: 0.15034556980772337 validation loss: 0.16637550494158126
epoch 190 time used: 5  seconds  train loss: 0.1503509099952749 validation loss: 0.16966788278636563
epoch 191 time used: 5  seconds  train loss: 0.1501324834285369 validation loss: 0.1674899312763709
epoch 192 time used: 5  seconds  train loss: 0.14993334167743955 validation loss: 0.16747688632554078
epoch 193 time used: 5  seconds  train loss: 0.15021262884917255 validation loss: 0.16776118845308569
epoch 194 time used: 5  seconds  train loss: 0.14990848977583254 validation loss: 0.16729195903895314
epoch 195 time used: 5  seconds  train loss: 0.1501712247425692 validation loss: 0.16660967945236516
epoch 196 time used: 5  seconds  train loss: 0.14966191968834294 validation loss: 0.16676754031396224
epoch 197 time used: 5  seconds  train loss: 0.15003555035727142 validation loss: 0.16591420009757749
epoch 198 time used: 5  seconds  train loss: 0.14944140164465466 validation loss: 0.1656283224336229
epoch 199 time used: 5  seconds  train loss: 0.1496266174044372 validation loss: 0.16780367405225532
YS.shape, YS_pred.shape, (14023, 1, 1, 69) (14023, 1, 1, 69)
YS.shape, YS_pred.shape, (14023, 69) (14023, 69)
****************************************
STGCN1, train, Torch MSE, 1.4917368098e-01, 0.1491736810

STGCN1, train, MSE, RMSE, MAE, MAPE, 292.6976185816, 17.1084078330, 9.9619629826, 14.5277861040

Model Training Ended ... Tue Jan  4 05:50:27 2022
pred_NYCTaxi-inflow-mulgraph_STGCN1_1_2201040530 testing started Tue Jan  4 05:50:27 2022
getXSYS data.shape(17544, 69)
getXSYS XS.shape(3509, 1, 12, 69)
getXSYS YS.shape(3509, 1, 1, 69)
TEST XS.shape, YS.shape (3509, 1, 12, 69) (3509, 1, 1, 69)
Model Testing Started ... Tue Jan  4 05:50:27 2022
TIMESTEP_IN, TIMESTEP_OUT 12 1
torch.Size([2, 3, 69, 69])
YS.shape, YS_pred.shape, (3509, 1, 1, 69) (3509, 1, 1, 69)
YS.shape, YS_pred.shape, (3509, 69) (3509, 69)
****************************************
STGCN1, test, Torch MSE, 1.6266227729e-01, 0.1626622773

STGCN1, test, MSE, RMSE, MAE, MAPE, 324.8106617900, 18.0225043152, 10.5757525820, 16.4666888619

Model Testing Ended ... Tue Jan  4 05:50:28 2022
pred_NYCTaxi-inflow-mulgraph_STGCN2_1_2201040550 training started Tue Jan  4 05:50:28 2022
getXSYS data.shape(17544, 69)
getXSYS XS.shape(14022, 1, 12, 69)
getXSYS YS.shape(14022, 1, 1, 69)
TRAIN XS.shape YS,shape (14022, 1, 12, 69) (14022, 1, 1, 69)
Model Training Started ... Tue Jan  4 05:50:28 2022
TIMESTEP_IN, TIMESTEP_OUT 12 2
torch.Size([2, 3, 69, 69])
==========================================================================================
Layer (type:depth-idx)                   Output Shape              Param #
==========================================================================================
├─st_conv_block: 1-1                     [-1, 64, 8, 69]           --
|    └─temporal_conv_layer: 2-1          [-1, 32, 10, 69]          --
|    |    └─align: 3-1                   [-1, 32, 12, 69]          --
|    |    └─Conv2d: 3-2                  [-1, 64, 10, 69]          256
|    └─ModuleList: 2                     []                        --
|    |    └─spatio_conv_layer: 3-3       [-1, 32, 10, 69]          3,104
|    |    └─spatio_conv_layer: 3-4       [-1, 32, 10, 69]          3,104
|    └─linear: 2-2                       [-1, 32, 10, 69]          --
|    |    └─Conv2d: 3-5                  [-1, 32, 10, 69]          2,080
|    └─temporal_conv_layer: 2-3          [-1, 64, 8, 69]           --
|    |    └─align: 3-6                   [-1, 64, 10, 69]          --
|    |    └─Conv2d: 3-7                  [-1, 64, 8, 69]           6,208
|    └─LayerNorm: 2-4                    [-1, 8, 69, 64]           8,832
|    └─Dropout: 2-5                      [-1, 64, 8, 69]           --
├─st_conv_block: 1-2                     [-1, 64, 4, 69]           --
|    └─temporal_conv_layer: 2-6          [-1, 32, 6, 69]           --
|    |    └─align: 3-8                   [-1, 32, 8, 69]           2,080
|    |    └─Conv2d: 3-9                  [-1, 64, 6, 69]           12,352
|    └─ModuleList: 2                     []                        --
|    |    └─spatio_conv_layer: 3-10      [-1, 32, 6, 69]           3,104
|    |    └─spatio_conv_layer: 3-11      [-1, 32, 6, 69]           3,104
|    └─linear: 2-7                       [-1, 32, 6, 69]           --
|    |    └─Conv2d: 3-12                 [-1, 32, 6, 69]           2,080
|    └─temporal_conv_layer: 2-8          [-1, 64, 4, 69]           --
|    |    └─align: 3-13                  [-1, 64, 6, 69]           --
|    |    └─Conv2d: 3-14                 [-1, 64, 4, 69]           6,208
|    └─LayerNorm: 2-9                    [-1, 4, 69, 64]           8,832
|    └─Dropout: 2-10                     [-1, 64, 4, 69]           --
├─output_layer: 1-3                      [-1, 1, 1, 69]            --
|    └─temporal_conv_layer: 2-11         [-1, 64, 1, 69]           --
|    |    └─align: 3-15                  [-1, 64, 4, 69]           --
|    |    └─Conv2d: 3-16                 [-1, 128, 1, 69]          32,896
|    └─LayerNorm: 2-12                   [-1, 1, 69, 64]           8,832
|    └─temporal_conv_layer: 2-13         [-1, 64, 1, 69]           --
|    |    └─align: 3-17                  [-1, 64, 1, 69]           --
|    |    └─Conv2d: 3-18                 [-1, 64, 1, 69]           4,160
|    └─Conv2d: 2-14                      [-1, 1, 1, 69]            65
==========================================================================================
Total params: 107,297
Trainable params: 107,297
Non-trainable params: 0
Total mult-adds (M): 16.41
==========================================================================================
Input size (MB): 0.00
Forward/backward pass size (MB): 2.43
Params size (MB): 0.41
Estimated Total Size (MB): 2.84
==========================================================================================
epoch 0 time used: 5  seconds  train loss: 0.3824366256357823 validation loss: 0.3080581023022575
epoch 1 time used: 5  seconds  train loss: 0.29240794845787116 validation loss: 0.273516291322126
epoch 2 time used: 5  seconds  train loss: 0.27169036735764673 validation loss: 0.2631936185168186
epoch 3 time used: 5  seconds  train loss: 0.2604170439635661 validation loss: 0.26462913979072267
epoch 4 time used: 5  seconds  train loss: 0.2525004254585277 validation loss: 0.25147259557546375
epoch 5 time used: 5  seconds  train loss: 0.2463725317524313 validation loss: 0.24696230329041882
epoch 6 time used: 5  seconds  train loss: 0.24265695998182663 validation loss: 0.24980192998274353
epoch 7 time used: 5  seconds  train loss: 0.2405778093298273 validation loss: 0.24120801204419176
epoch 8 time used: 5  seconds  train loss: 0.2366138367105768 validation loss: 0.23784013039815513
epoch 9 time used: 5  seconds  train loss: 0.2363417281727694 validation loss: 0.2390562745243634
epoch 10 time used: 5  seconds  train loss: 0.23287550653700276 validation loss: 0.2378021523364938
epoch 11 time used: 5  seconds  train loss: 0.22982330767004985 validation loss: 0.23434407771041715
epoch 12 time used: 5  seconds  train loss: 0.22837313107386498 validation loss: 0.23179624924575407
epoch 13 time used: 5  seconds  train loss: 0.22619295862443153 validation loss: 0.2322851637143512
epoch 14 time used: 5  seconds  train loss: 0.2243415566023273 validation loss: 0.2272354533722655
epoch 15 time used: 5  seconds  train loss: 0.2240941193677732 validation loss: 0.2262087814633124
epoch 16 time used: 5  seconds  train loss: 0.22282582289947742 validation loss: 0.23136829724668165
epoch 17 time used: 5  seconds  train loss: 0.22038221657421897 validation loss: 0.22537733880506539
epoch 18 time used: 5  seconds  train loss: 0.21947029104966564 validation loss: 0.22418881464840953
epoch 19 time used: 5  seconds  train loss: 0.21966854675211198 validation loss: 0.22360006806956517
epoch 20 time used: 5  seconds  train loss: 0.21727695091933374 validation loss: 0.22153468635751394
epoch 21 time used: 5  seconds  train loss: 0.21634777815148207 validation loss: 0.21919069501650518
epoch 22 time used: 5  seconds  train loss: 0.21517773492891656 validation loss: 0.22160018818995916
epoch 23 time used: 5  seconds  train loss: 0.21470704327363024 validation loss: 0.22099115554598217
epoch 24 time used: 5  seconds  train loss: 0.21420690434657622 validation loss: 0.21779480673419496
epoch 25 time used: 5  seconds  train loss: 0.2125595720703925 validation loss: 0.21603497726809823
epoch 26 time used: 5  seconds  train loss: 0.21240551836897356 validation loss: 0.2141880585391795
epoch 27 time used: 5  seconds  train loss: 0.2125783030219101 validation loss: 0.21583324782146568
epoch 28 time used: 6  seconds  train loss: 0.21020211356515378 validation loss: 0.2138663827012895
epoch 29 time used: 6  seconds  train loss: 0.21067417050881923 validation loss: 0.21473177152229458
epoch 30 time used: 6  seconds  train loss: 0.20874087583422127 validation loss: 0.2110179118085302
epoch 31 time used: 6  seconds  train loss: 0.20759108168409957 validation loss: 0.21832318333680467
epoch 32 time used: 6  seconds  train loss: 0.20856291926259837 validation loss: 0.214830244694243
epoch 33 time used: 6  seconds  train loss: 0.20678790310443745 validation loss: 0.21780714776879098
epoch 34 time used: 6  seconds  train loss: 0.20606295766632426 validation loss: 0.21547722656660195
epoch 35 time used: 6  seconds  train loss: 0.2052508889414277 validation loss: 0.2110378866493532
epoch 36 time used: 6  seconds  train loss: 0.20559111654841042 validation loss: 0.20882141584168143
epoch 37 time used: 6  seconds  train loss: 0.2039195131943175 validation loss: 0.2107808674854071
epoch 38 time used: 6  seconds  train loss: 0.203410317931998 validation loss: 0.2104428276904161
epoch 39 time used: 6  seconds  train loss: 0.20329349903816873 validation loss: 0.20945922777915232
epoch 40 time used: 6  seconds  train loss: 0.20163951821340423 validation loss: 0.21213507697334713
epoch 41 time used: 6  seconds  train loss: 0.20141780830671369 validation loss: 0.20951525536320648
epoch 42 time used: 6  seconds  train loss: 0.20022892875449466 validation loss: 0.20840704773435303
epoch 43 time used: 5  seconds  train loss: 0.19986269444686314 validation loss: 0.2046400315579318
epoch 44 time used: 6  seconds  train loss: 0.1993971472568564 validation loss: 0.20423966677645852
epoch 45 time used: 6  seconds  train loss: 0.19808801110721236 validation loss: 0.20598951825331227
epoch 46 time used: 6  seconds  train loss: 0.19728862382432089 validation loss: 0.20324174094152533
epoch 47 time used: 5  seconds  train loss: 0.1971285749032179 validation loss: 0.20463827346742186
epoch 48 time used: 6  seconds  train loss: 0.1967314501386447 validation loss: 0.20456187693955757
epoch 49 time used: 5  seconds  train loss: 0.19632902743496905 validation loss: 0.20516684993940018
epoch 50 time used: 6  seconds  train loss: 0.19520309072163064 validation loss: 0.2025435680382196
epoch 51 time used: 6  seconds  train loss: 0.19512439580683275 validation loss: 0.20356143574101274
epoch 52 time used: 6  seconds  train loss: 0.19423304772438227 validation loss: 0.2027653390111341
epoch 53 time used: 6  seconds  train loss: 0.19336094354123803 validation loss: 0.20142859044546954
epoch 54 time used: 5  seconds  train loss: 0.1934073671549182 validation loss: 0.199783064208232
epoch 55 time used: 5  seconds  train loss: 0.1924462698048412 validation loss: 0.2002137174061619
epoch 56 time used: 5  seconds  train loss: 0.19197685834621875 validation loss: 0.2012076346757272
epoch 57 time used: 5  seconds  train loss: 0.19109815266203478 validation loss: 0.20123810726135577
epoch 58 time used: 5  seconds  train loss: 0.1903641653355803 validation loss: 0.2004150004214854
epoch 59 time used: 5  seconds  train loss: 0.19081041667565166 validation loss: 0.1992716581921406
epoch 60 time used: 5  seconds  train loss: 0.18963453769246605 validation loss: 0.19792478584726403
epoch 61 time used: 5  seconds  train loss: 0.18948128562833852 validation loss: 0.19972499997630774
epoch 62 time used: 5  seconds  train loss: 0.18896890461580884 validation loss: 0.1991429083087549
epoch 63 time used: 5  seconds  train loss: 0.1876372258658708 validation loss: 0.19703960156039518
epoch 64 time used: 5  seconds  train loss: 0.1875618045317805 validation loss: 0.19603755186097796
epoch 65 time used: 5  seconds  train loss: 0.18734337026929687 validation loss: 0.19705569233237438
epoch 66 time used: 5  seconds  train loss: 0.1872172762121137 validation loss: 0.1969713603708993
epoch 67 time used: 5  seconds  train loss: 0.18633898561192624 validation loss: 0.19691125618445826
epoch 68 time used: 5  seconds  train loss: 0.18551664611016327 validation loss: 0.1949142538100328
epoch 69 time used: 5  seconds  train loss: 0.18493798748964357 validation loss: 0.19571985500714334
epoch 70 time used: 5  seconds  train loss: 0.18446130977350086 validation loss: 0.19430013914755664
epoch 71 time used: 5  seconds  train loss: 0.1844475016244438 validation loss: 0.19650931228791654
epoch 72 time used: 5  seconds  train loss: 0.18511241174276655 validation loss: 0.20244096031681308
epoch 73 time used: 5  seconds  train loss: 0.1843560606433123 validation loss: 0.1932542352372418
epoch 74 time used: 5  seconds  train loss: 0.1828635030994109 validation loss: 0.19299236840169495
epoch 75 time used: 5  seconds  train loss: 0.18289088766983333 validation loss: 0.1952693348126757
epoch 76 time used: 5  seconds  train loss: 0.18172824757709724 validation loss: 0.1926761514210252
epoch 77 time used: 5  seconds  train loss: 0.18138861330814354 validation loss: 0.19597917868284517
epoch 78 time used: 5  seconds  train loss: 0.18134098303318996 validation loss: 0.1950791242611592
epoch 79 time used: 5  seconds  train loss: 0.18101635167088423 validation loss: 0.19094162488316918
epoch 80 time used: 5  seconds  train loss: 0.180696313028882 validation loss: 0.19162775497911186
epoch 81 time used: 5  seconds  train loss: 0.18065996876151785 validation loss: 0.1916193187372792
epoch 82 time used: 5  seconds  train loss: 0.17921243903373427 validation loss: 0.1901696096623345
epoch 83 time used: 5  seconds  train loss: 0.17873029303352508 validation loss: 0.19197181497923116
epoch 84 time used: 5  seconds  train loss: 0.17832665745743098 validation loss: 0.19126310379282108
epoch 85 time used: 5  seconds  train loss: 0.17880818621022493 validation loss: 0.1922263849890035
epoch 86 time used: 5  seconds  train loss: 0.1779198383379414 validation loss: 0.18959551747023412
epoch 87 time used: 5  seconds  train loss: 0.17754504059081808 validation loss: 0.18994589347160684
epoch 88 time used: 5  seconds  train loss: 0.1772230267354684 validation loss: 0.19048754332817697
epoch 89 time used: 5  seconds  train loss: 0.17735750502712794 validation loss: 0.1888643289744616
epoch 90 time used: 5  seconds  train loss: 0.17602795797276977 validation loss: 0.18933122696464427
epoch 91 time used: 5  seconds  train loss: 0.176113316315448 validation loss: 0.18912043436486178
epoch 92 time used: 5  seconds  train loss: 0.1758102215434823 validation loss: 0.18761500452697719
epoch 93 time used: 5  seconds  train loss: 0.17571885400543646 validation loss: 0.1890992740189356
epoch 94 time used: 5  seconds  train loss: 0.1752230565266559 validation loss: 0.18869743112387552
epoch 95 time used: 5  seconds  train loss: 0.17512538112388457 validation loss: 0.18826737691352385
epoch 96 time used: 5  seconds  train loss: 0.1745573330046019 validation loss: 0.19063560226034315
epoch 97 time used: 5  seconds  train loss: 0.17427066579061515 validation loss: 0.1861401582981475
epoch 98 time used: 5  seconds  train loss: 0.17424227303500203 validation loss: 0.187996639364866
epoch 99 time used: 5  seconds  train loss: 0.17398843280585435 validation loss: 0.1868000280853686
epoch 100 time used: 5  seconds  train loss: 0.17321791611651316 validation loss: 0.1864683069182476
epoch 101 time used: 5  seconds  train loss: 0.17295040767732484 validation loss: 0.18756929861941612
epoch 102 time used: 5  seconds  train loss: 0.17268595633967132 validation loss: 0.18595245040217875
epoch 103 time used: 5  seconds  train loss: 0.17219900674629118 validation loss: 0.18916694873479592
epoch 104 time used: 5  seconds  train loss: 0.17189672297570144 validation loss: 0.18495233197995614
epoch 105 time used: 5  seconds  train loss: 0.17122680936468698 validation loss: 0.18630920416854546
epoch 106 time used: 5  seconds  train loss: 0.1714921562306717 validation loss: 0.18552289401641656
epoch 107 time used: 5  seconds  train loss: 0.17143603346586636 validation loss: 0.18471434391945754
epoch 108 time used: 5  seconds  train loss: 0.17120746227219788 validation loss: 0.18618512209727978
epoch 109 time used: 5  seconds  train loss: 0.17084634266881782 validation loss: 0.18419014526073144
epoch 110 time used: 5  seconds  train loss: 0.1700746259908725 validation loss: 0.18602023288582095
epoch 111 time used: 5  seconds  train loss: 0.17010949717722096 validation loss: 0.18490813525486047
epoch 112 time used: 5  seconds  train loss: 0.16992873860067198 validation loss: 0.18583395411576534
epoch 113 time used: 5  seconds  train loss: 0.1695846000528246 validation loss: 0.1852295726996725
epoch 114 time used: 5  seconds  train loss: 0.16889870021519873 validation loss: 0.18637698547063525
epoch 115 time used: 5  seconds  train loss: 0.16948035346022716 validation loss: 0.18373290162493144
epoch 116 time used: 5  seconds  train loss: 0.16859631279354545 validation loss: 0.18287293845867336
epoch 117 time used: 5  seconds  train loss: 0.16860863859952346 validation loss: 0.18360888339999873
epoch 118 time used: 5  seconds  train loss: 0.16836845614632434 validation loss: 0.18250095951373552
epoch 119 time used: 5  seconds  train loss: 0.1677495479603173 validation loss: 0.1821573371300341
epoch 120 time used: 5  seconds  train loss: 0.1676973489266715 validation loss: 0.18166538131998664
epoch 121 time used: 5  seconds  train loss: 0.16765674003417746 validation loss: 0.18280830195612452
epoch 122 time used: 5  seconds  train loss: 0.16770067739476005 validation loss: 0.1836454648326889
epoch 123 time used: 5  seconds  train loss: 0.16698256588130836 validation loss: 0.18267150890534767
epoch 124 time used: 5  seconds  train loss: 0.16661699643460762 validation loss: 0.18230085618075684
epoch 125 time used: 5  seconds  train loss: 0.16704955733009944 validation loss: 0.18135901321633094
epoch 126 time used: 5  seconds  train loss: 0.166525289217129 validation loss: 0.18246562954907544
epoch 127 time used: 5  seconds  train loss: 0.16614275763374697 validation loss: 0.18020746912605343
epoch 128 time used: 5  seconds  train loss: 0.16567461616845847 validation loss: 0.18185812773802454
epoch 129 time used: 5  seconds  train loss: 0.16598154312581595 validation loss: 0.1811268746563862
epoch 130 time used: 5  seconds  train loss: 0.165075186249854 validation loss: 0.1804597928176522
epoch 131 time used: 5  seconds  train loss: 0.16529218919683916 validation loss: 0.18105599969302458
epoch 132 time used: 5  seconds  train loss: 0.16528975807160093 validation loss: 0.18279512065924444
epoch 133 time used: 5  seconds  train loss: 0.1649899739298108 validation loss: 0.1800041401549468
epoch 134 time used: 5  seconds  train loss: 0.16458231638954557 validation loss: 0.18045217165998642
epoch 135 time used: 5  seconds  train loss: 0.16432023920803202 validation loss: 0.18025850000989416
epoch 136 time used: 5  seconds  train loss: 0.1643764759705463 validation loss: 0.18117904056159007
epoch 137 time used: 5  seconds  train loss: 0.16412299343120867 validation loss: 0.1809697375084017
epoch 138 time used: 5  seconds  train loss: 0.16383143139406292 validation loss: 0.1794649236673501
epoch 139 time used: 5  seconds  train loss: 0.16357024510863435 validation loss: 0.17873331181029217
epoch 140 time used: 5  seconds  train loss: 0.1630534738501415 validation loss: 0.180505832713533
epoch 141 time used: 5  seconds  train loss: 0.16355199474355236 validation loss: 0.17965897043908724
epoch 142 time used: 5  seconds  train loss: 0.16277343969209454 validation loss: 0.17886883288162883
epoch 143 time used: 5  seconds  train loss: 0.1631664547470168 validation loss: 0.17916389481210737
epoch 144 time used: 5  seconds  train loss: 0.1623531730331062 validation loss: 0.17775387104857804
epoch 145 time used: 5  seconds  train loss: 0.16288611616148946 validation loss: 0.17878421752607898
epoch 146 time used: 5  seconds  train loss: 0.1621202448390109 validation loss: 0.1783150768813853
epoch 147 time used: 5  seconds  train loss: 0.1622602951350291 validation loss: 0.17759461938926852
epoch 148 time used: 5  seconds  train loss: 0.16163266103355506 validation loss: 0.17879696418167318
epoch 149 time used: 5  seconds  train loss: 0.1618395901045013 validation loss: 0.1791957338673689
epoch 150 time used: 5  seconds  train loss: 0.16173281807539583 validation loss: 0.17752408016530433
epoch 151 time used: 5  seconds  train loss: 0.1616303985286375 validation loss: 0.17795147419111837
epoch 152 time used: 5  seconds  train loss: 0.16123596735815418 validation loss: 0.17748117826016235
epoch 153 time used: 5  seconds  train loss: 0.16068690211584033 validation loss: 0.17848083742400678
epoch 154 time used: 5  seconds  train loss: 0.16084592151718605 validation loss: 0.17742136025591979
epoch 155 time used: 5  seconds  train loss: 0.1610149775082679 validation loss: 0.17790215843688129
epoch 156 time used: 5  seconds  train loss: 0.16062238797993597 validation loss: 0.1768134047287366
epoch 157 time used: 5  seconds  train loss: 0.16018057143506506 validation loss: 0.17593712224935845
epoch 158 time used: 5  seconds  train loss: 0.1600939195601007 validation loss: 0.17702134916664053
epoch 159 time used: 5  seconds  train loss: 0.1602105208962478 validation loss: 0.17661956541720486
epoch 160 time used: 5  seconds  train loss: 0.1597579372731735 validation loss: 0.17675475304424593
epoch 161 time used: 5  seconds  train loss: 0.15950107091076945 validation loss: 0.17603614643275636
epoch 162 time used: 5  seconds  train loss: 0.15944995559683367 validation loss: 0.17717035789695115
epoch 163 time used: 5  seconds  train loss: 0.15955899817838248 validation loss: 0.1759456641338787
epoch 164 time used: 5  seconds  train loss: 0.15893756652706187 validation loss: 0.17623571597604976
epoch 165 time used: 5  seconds  train loss: 0.15902725487342625 validation loss: 0.1779456104694335
epoch 166 time used: 5  seconds  train loss: 0.1590800579561077 validation loss: 0.17723277404147833
epoch 167 time used: 5  seconds  train loss: 0.15883811771121503 validation loss: 0.17551415147131263
epoch 168 time used: 5  seconds  train loss: 0.1586083449840507 validation loss: 0.17542426408833256
epoch 169 time used: 5  seconds  train loss: 0.15878155612306225 validation loss: 0.17553592800958048
epoch 170 time used: 5  seconds  train loss: 0.1586243344972007 validation loss: 0.17510654732661457
epoch 171 time used: 5  seconds  train loss: 0.15805439368146626 validation loss: 0.17508432484155917
epoch 172 time used: 5  seconds  train loss: 0.15824384676432665 validation loss: 0.17560891680423696
epoch 173 time used: 5  seconds  train loss: 0.157476167447245 validation loss: 0.175162711579733
epoch 174 time used: 5  seconds  train loss: 0.15786378593897216 validation loss: 0.17553041872812283
epoch 175 time used: 5  seconds  train loss: 0.15766012441976912 validation loss: 0.17549736618451642
epoch 176 time used: 5  seconds  train loss: 0.15752110381232895 validation loss: 0.17549142442936905
epoch 177 time used: 5  seconds  train loss: 0.1572926532343845 validation loss: 0.17550670072920854
epoch 178 time used: 5  seconds  train loss: 0.15741771867421178 validation loss: 0.1753432748916825
epoch 179 time used: 5  seconds  train loss: 0.15711437031166392 validation loss: 0.1745590888308037
epoch 180 time used: 5  seconds  train loss: 0.15738194326587232 validation loss: 0.1752285716265729
epoch 181 time used: 5  seconds  train loss: 0.15690787746859836 validation loss: 0.17751650073599012
epoch 182 time used: 5  seconds  train loss: 0.15716228250993164 validation loss: 0.17422703620847538
epoch 183 time used: 5  seconds  train loss: 0.15674940318814096 validation loss: 0.1735613896074257
epoch 184 time used: 5  seconds  train loss: 0.15638255724304317 validation loss: 0.17429644852043627
epoch 185 time used: 5  seconds  train loss: 0.1566237725474761 validation loss: 0.17392005743772318
epoch 186 time used: 5  seconds  train loss: 0.15660183408244993 validation loss: 0.17422636301260436
epoch 187 time used: 5  seconds  train loss: 0.15585261215201915 validation loss: 0.1737631341592285
epoch 188 time used: 5  seconds  train loss: 0.15571221289993042 validation loss: 0.17461131866734433
epoch 189 time used: 5  seconds  train loss: 0.15587726320650244 validation loss: 0.17345244044313687
epoch 190 time used: 5  seconds  train loss: 0.15596727863633067 validation loss: 0.17461518416286398
epoch 191 time used: 5  seconds  train loss: 0.15576464682878186 validation loss: 0.17363722087720837
epoch 192 time used: 5  seconds  train loss: 0.15509641594496767 validation loss: 0.17345506021688137
epoch 193 time used: 5  seconds  train loss: 0.1555588848506902 validation loss: 0.17384622139347258
epoch 194 time used: 5  seconds  train loss: 0.15548506261438813 validation loss: 0.17320960718464729
epoch 195 time used: 5  seconds  train loss: 0.15535296006141097 validation loss: 0.17414213362518066
epoch 196 time used: 5  seconds  train loss: 0.154946275339003 validation loss: 0.1730683930876999
epoch 197 time used: 5  seconds  train loss: 0.15500551271126706 validation loss: 0.17367706631022864
epoch 198 time used: 5  seconds  train loss: 0.15492007128814778 validation loss: 0.17228235197250868
epoch 199 time used: 5  seconds  train loss: 0.15480794151732544 validation loss: 0.17304814483224495
YS.shape, YS_pred.shape, (14022, 1, 1, 69) (14022, 1, 1, 69)
YS.shape, YS_pred.shape, (14022, 69) (14022, 69)
****************************************
STGCN2, train, Torch MSE, 1.5298390110e-01, 0.1529839011

STGCN2, train, MSE, RMSE, MAE, MAPE, 344.2512795731, 18.5540097977, 10.4132343663, 15.0783483232

Model Training Ended ... Tue Jan  4 06:10:07 2022
pred_NYCTaxi-inflow-mulgraph_STGCN2_1_2201040550 testing started Tue Jan  4 06:10:07 2022
getXSYS data.shape(17544, 69)
getXSYS XS.shape(3508, 1, 12, 69)
getXSYS YS.shape(3508, 1, 1, 69)
TEST XS.shape, YS.shape (3508, 1, 12, 69) (3508, 1, 1, 69)
Model Testing Started ... Tue Jan  4 06:10:07 2022
TIMESTEP_IN, TIMESTEP_OUT 12 2
torch.Size([2, 3, 69, 69])
YS.shape, YS_pred.shape, (3508, 1, 1, 69) (3508, 1, 1, 69)
YS.shape, YS_pred.shape, (3508, 69) (3508, 69)
****************************************
STGCN2, test, Torch MSE, 1.6677273321e-01, 0.1667727332

STGCN2, test, MSE, RMSE, MAE, MAPE, 389.8577927818, 19.7448168587, 11.0950684384, 17.0239115582

Model Testing Ended ... Tue Jan  4 06:10:07 2022
pred_NYCTaxi-inflow-mulgraph_STGCN3_1_2201040610 training started Tue Jan  4 06:10:07 2022
getXSYS data.shape(17544, 69)
getXSYS XS.shape(14021, 1, 12, 69)
getXSYS YS.shape(14021, 1, 1, 69)
TRAIN XS.shape YS,shape (14021, 1, 12, 69) (14021, 1, 1, 69)
Model Training Started ... Tue Jan  4 06:10:07 2022
TIMESTEP_IN, TIMESTEP_OUT 12 3
torch.Size([2, 3, 69, 69])
==========================================================================================
Layer (type:depth-idx)                   Output Shape              Param #
==========================================================================================
├─st_conv_block: 1-1                     [-1, 64, 8, 69]           --
|    └─temporal_conv_layer: 2-1          [-1, 32, 10, 69]          --
|    |    └─align: 3-1                   [-1, 32, 12, 69]          --
|    |    └─Conv2d: 3-2                  [-1, 64, 10, 69]          256
|    └─ModuleList: 2                     []                        --
|    |    └─spatio_conv_layer: 3-3       [-1, 32, 10, 69]          3,104
|    |    └─spatio_conv_layer: 3-4       [-1, 32, 10, 69]          3,104
|    └─linear: 2-2                       [-1, 32, 10, 69]          --
|    |    └─Conv2d: 3-5                  [-1, 32, 10, 69]          2,080
|    └─temporal_conv_layer: 2-3          [-1, 64, 8, 69]           --
|    |    └─align: 3-6                   [-1, 64, 10, 69]          --
|    |    └─Conv2d: 3-7                  [-1, 64, 8, 69]           6,208
|    └─LayerNorm: 2-4                    [-1, 8, 69, 64]           8,832
|    └─Dropout: 2-5                      [-1, 64, 8, 69]           --
├─st_conv_block: 1-2                     [-1, 64, 4, 69]           --
|    └─temporal_conv_layer: 2-6          [-1, 32, 6, 69]           --
|    |    └─align: 3-8                   [-1, 32, 8, 69]           2,080
|    |    └─Conv2d: 3-9                  [-1, 64, 6, 69]           12,352
|    └─ModuleList: 2                     []                        --
|    |    └─spatio_conv_layer: 3-10      [-1, 32, 6, 69]           3,104
|    |    └─spatio_conv_layer: 3-11      [-1, 32, 6, 69]           3,104
|    └─linear: 2-7                       [-1, 32, 6, 69]           --
|    |    └─Conv2d: 3-12                 [-1, 32, 6, 69]           2,080
|    └─temporal_conv_layer: 2-8          [-1, 64, 4, 69]           --
|    |    └─align: 3-13                  [-1, 64, 6, 69]           --
|    |    └─Conv2d: 3-14                 [-1, 64, 4, 69]           6,208
|    └─LayerNorm: 2-9                    [-1, 4, 69, 64]           8,832
|    └─Dropout: 2-10                     [-1, 64, 4, 69]           --
├─output_layer: 1-3                      [-1, 1, 1, 69]            --
|    └─temporal_conv_layer: 2-11         [-1, 64, 1, 69]           --
|    |    └─align: 3-15                  [-1, 64, 4, 69]           --
|    |    └─Conv2d: 3-16                 [-1, 128, 1, 69]          32,896
|    └─LayerNorm: 2-12                   [-1, 1, 69, 64]           8,832
|    └─temporal_conv_layer: 2-13         [-1, 64, 1, 69]           --
|    |    └─align: 3-17                  [-1, 64, 1, 69]           --
|    |    └─Conv2d: 3-18                 [-1, 64, 1, 69]           4,160
|    └─Conv2d: 2-14                      [-1, 1, 1, 69]            65
==========================================================================================
Total params: 107,297
Trainable params: 107,297
Non-trainable params: 0
Total mult-adds (M): 16.41
==========================================================================================
Input size (MB): 0.00
Forward/backward pass size (MB): 2.43
Params size (MB): 0.41
Estimated Total Size (MB): 2.84
==========================================================================================
epoch 0 time used: 5  seconds  train loss: 0.41345290873196056 validation loss: 0.3275771043467916
epoch 1 time used: 5  seconds  train loss: 0.315566306690226 validation loss: 0.29717856660884784
epoch 2 time used: 5  seconds  train loss: 0.28667615791816137 validation loss: 0.28014707203191547
epoch 3 time used: 5  seconds  train loss: 0.27610419761057897 validation loss: 0.2704324413896355
epoch 4 time used: 5  seconds  train loss: 0.26452359257379493 validation loss: 0.26422204356906215
epoch 5 time used: 5  seconds  train loss: 0.2581663907915208 validation loss: 0.2575020450765041
epoch 6 time used: 5  seconds  train loss: 0.25428926206233643 validation loss: 0.26492594115338325
epoch 7 time used: 5  seconds  train loss: 0.24761372998497716 validation loss: 0.2485053724754353
epoch 8 time used: 5  seconds  train loss: 0.2446293740405452 validation loss: 0.24723428239566697
epoch 9 time used: 5  seconds  train loss: 0.24094038207192042 validation loss: 0.23994939424484305
epoch 10 time used: 5  seconds  train loss: 0.24015550807064973 validation loss: 0.24288789389885568
epoch 11 time used: 5  seconds  train loss: 0.2362279085109006 validation loss: 0.23909071233193668
epoch 12 time used: 5  seconds  train loss: 0.2366082579198706 validation loss: 0.23746474541158452
epoch 13 time used: 5  seconds  train loss: 0.23153684147122555 validation loss: 0.23860328614337745
epoch 14 time used: 5  seconds  train loss: 0.2308165519982625 validation loss: 0.23272515509513467
epoch 15 time used: 5  seconds  train loss: 0.23014279390084927 validation loss: 0.2307814228589101
epoch 16 time used: 5  seconds  train loss: 0.2290845793584756 validation loss: 0.2309838704854097
epoch 17 time used: 5  seconds  train loss: 0.22773700576964287 validation loss: 0.23122801554760658
epoch 18 time used: 5  seconds  train loss: 0.2253920487503217 validation loss: 0.22795064315514366
epoch 19 time used: 5  seconds  train loss: 0.22449072891312466 validation loss: 0.22655213577911912
epoch 20 time used: 5  seconds  train loss: 0.22428396933040676 validation loss: 0.22550955280466073
epoch 21 time used: 5  seconds  train loss: 0.22242267312251826 validation loss: 0.22325918261180655
epoch 22 time used: 5  seconds  train loss: 0.22197624903025284 validation loss: 0.2240919986759943
epoch 23 time used: 5  seconds  train loss: 0.22213100021772444 validation loss: 0.2266793070999609
epoch 24 time used: 5  seconds  train loss: 0.219615969210523 validation loss: 0.21961524721322165
epoch 25 time used: 5  seconds  train loss: 0.21899282680122947 validation loss: 0.22081873625839907
epoch 26 time used: 5  seconds  train loss: 0.2177697825517334 validation loss: 0.21962029617375398
epoch 27 time used: 5  seconds  train loss: 0.21636917650757917 validation loss: 0.2213611073974739
epoch 28 time used: 5  seconds  train loss: 0.21592888677687688 validation loss: 0.22529115519792914
epoch 29 time used: 5  seconds  train loss: 0.21524574598622392 validation loss: 0.2231489127184144
epoch 30 time used: 5  seconds  train loss: 0.2148282618049616 validation loss: 0.22097815184748248
epoch 31 time used: 5  seconds  train loss: 0.2141015642010742 validation loss: 0.21724704295583813
epoch 32 time used: 5  seconds  train loss: 0.21316686277479702 validation loss: 0.21832408652738103
epoch 33 time used: 5  seconds  train loss: 0.2128552655210548 validation loss: 0.2155119218335992
epoch 34 time used: 5  seconds  train loss: 0.21175511816852366 validation loss: 0.21701477780827644
epoch 35 time used: 5  seconds  train loss: 0.21034482322611403 validation loss: 0.21168088281385844
epoch 36 time used: 5  seconds  train loss: 0.2096698744350666 validation loss: 0.21819134568290852
epoch 37 time used: 5  seconds  train loss: 0.20964832807990366 validation loss: 0.2143920735247259
epoch 38 time used: 5  seconds  train loss: 0.20856674424611593 validation loss: 0.21306035949445357
epoch 39 time used: 5  seconds  train loss: 0.2081471809180272 validation loss: 0.21404737127860887
epoch 40 time used: 5  seconds  train loss: 0.20701037376953874 validation loss: 0.21136588122561803
epoch 41 time used: 5  seconds  train loss: 0.20607946350087084 validation loss: 0.2096189850153953
epoch 42 time used: 5  seconds  train loss: 0.2061522639716997 validation loss: 0.2104485161173228
epoch 43 time used: 5  seconds  train loss: 0.2046581803391957 validation loss: 0.20893647840073362
epoch 44 time used: 5  seconds  train loss: 0.20398911629218328 validation loss: 0.21056466206644714
epoch 45 time used: 5  seconds  train loss: 0.20315489587855332 validation loss: 0.2092980592252864
epoch 46 time used: 5  seconds  train loss: 0.20243129912031407 validation loss: 0.21090031999625006
epoch 47 time used: 5  seconds  train loss: 0.20266868249383546 validation loss: 0.20916197461294433
epoch 48 time used: 5  seconds  train loss: 0.20236952049960755 validation loss: 0.20800695658852153
epoch 49 time used: 5  seconds  train loss: 0.20106436233004335 validation loss: 0.20733403690325078
epoch 50 time used: 5  seconds  train loss: 0.2009287053991849 validation loss: 0.21070233981948
epoch 51 time used: 5  seconds  train loss: 0.19929773304860446 validation loss: 0.2072818024255042
epoch 52 time used: 5  seconds  train loss: 0.19914864583282857 validation loss: 0.20426998678881716
epoch 53 time used: 5  seconds  train loss: 0.19893024271013374 validation loss: 0.20473558417878965
epoch 54 time used: 5  seconds  train loss: 0.19751027876035687 validation loss: 0.20419890943147492
epoch 55 time used: 5  seconds  train loss: 0.1970358047698739 validation loss: 0.20609115723773402
epoch 56 time used: 5  seconds  train loss: 0.19674742385565283 validation loss: 0.20312634902685897
epoch 57 time used: 5  seconds  train loss: 0.19604971887313624 validation loss: 0.20228472913902826
epoch 58 time used: 5  seconds  train loss: 0.19571380828330212 validation loss: 0.20283687461530964
epoch 59 time used: 5  seconds  train loss: 0.1956539613282521 validation loss: 0.20286289500088536
epoch 60 time used: 5  seconds  train loss: 0.19432811579449308 validation loss: 0.2003223474917926
epoch 61 time used: 5  seconds  train loss: 0.19378482625447152 validation loss: 0.2022594761675042
epoch 62 time used: 5  seconds  train loss: 0.19353332479108146 validation loss: 0.2045075121822863
epoch 63 time used: 5  seconds  train loss: 0.1937812536342703 validation loss: 0.2033501142477622
epoch 64 time used: 5  seconds  train loss: 0.19241132996041105 validation loss: 0.20124478789478864
epoch 65 time used: 5  seconds  train loss: 0.19257462763673597 validation loss: 0.20139520289349813
epoch 66 time used: 5  seconds  train loss: 0.19064629809608435 validation loss: 0.19994856439280087
epoch 67 time used: 5  seconds  train loss: 0.19068421571135016 validation loss: 0.1997402655996735
epoch 68 time used: 5  seconds  train loss: 0.19023193496230528 validation loss: 0.19750873993548815
epoch 69 time used: 5  seconds  train loss: 0.19003329006514721 validation loss: 0.19893103809915674
epoch 70 time used: 5  seconds  train loss: 0.18908886125121166 validation loss: 0.1995798530523531
epoch 71 time used: 5  seconds  train loss: 0.18885744097549984 validation loss: 0.19727191040839595
epoch 72 time used: 5  seconds  train loss: 0.1887878497687776 validation loss: 0.20465850762075108
epoch 73 time used: 5  seconds  train loss: 0.1885171883709469 validation loss: 0.195582547454037
epoch 74 time used: 5  seconds  train loss: 0.18707894649748932 validation loss: 0.19847555025876487
epoch 75 time used: 5  seconds  train loss: 0.18750033808193728 validation loss: 0.19701173048120055
epoch 76 time used: 5  seconds  train loss: 0.18625433565663094 validation loss: 0.1988735557350511
epoch 77 time used: 5  seconds  train loss: 0.18577519360896932 validation loss: 0.1979751263814726
epoch 78 time used: 5  seconds  train loss: 0.18581254145280524 validation loss: 0.19653247602823729
epoch 79 time used: 5  seconds  train loss: 0.1859035868820788 validation loss: 0.1943094495851791
epoch 80 time used: 5  seconds  train loss: 0.18483780513456524 validation loss: 0.19428574869752407
epoch 81 time used: 5  seconds  train loss: 0.18452455814688534 validation loss: 0.19547909064695485
epoch 82 time used: 5  seconds  train loss: 0.18449753855197484 validation loss: 0.19650429656385898
epoch 83 time used: 5  seconds  train loss: 0.183716463025284 validation loss: 0.192572095855875
epoch 84 time used: 5  seconds  train loss: 0.18285497414257304 validation loss: 0.19345189140513497
epoch 85 time used: 5  seconds  train loss: 0.18258962513260085 validation loss: 0.19505662456180325
epoch 86 time used: 5  seconds  train loss: 0.18221395352219463 validation loss: 0.1935603892843994
epoch 87 time used: 5  seconds  train loss: 0.18152591353874467 validation loss: 0.19155978610769925
epoch 88 time used: 5  seconds  train loss: 0.18169732077000467 validation loss: 0.193318793230307
epoch 89 time used: 5  seconds  train loss: 0.18091137751932054 validation loss: 0.19165114615552437
epoch 90 time used: 5  seconds  train loss: 0.1807590171155457 validation loss: 0.19083743797019082
epoch 91 time used: 5  seconds  train loss: 0.18061479817763734 validation loss: 0.19159596052532937
epoch 92 time used: 5  seconds  train loss: 0.18014871708764524 validation loss: 0.19183313470021426
epoch 93 time used: 5  seconds  train loss: 0.17992161989289773 validation loss: 0.19053129550904732
epoch 94 time used: 5  seconds  train loss: 0.17919480233150467 validation loss: 0.19132482311892904
epoch 95 time used: 5  seconds  train loss: 0.17889597083988196 validation loss: 0.19115105525500695
epoch 96 time used: 5  seconds  train loss: 0.179329369271816 validation loss: 0.18952286358193812
epoch 97 time used: 5  seconds  train loss: 0.17857882140959208 validation loss: 0.19021463034599084
epoch 98 time used: 5  seconds  train loss: 0.1781891325873119 validation loss: 0.18978043925707774
epoch 99 time used: 5  seconds  train loss: 0.17766895534590318 validation loss: 0.18989360584950216
epoch 100 time used: 5  seconds  train loss: 0.17715969789599534 validation loss: 0.19023333631851166
epoch 101 time used: 5  seconds  train loss: 0.17723344859643134 validation loss: 0.18971594278124218
epoch 102 time used: 5  seconds  train loss: 0.17659517915698966 validation loss: 0.19017468181189576
epoch 103 time used: 5  seconds  train loss: 0.17575803127493267 validation loss: 0.18828585578996795
epoch 104 time used: 5  seconds  train loss: 0.1758089123222701 validation loss: 0.18713394743302722
epoch 105 time used: 5  seconds  train loss: 0.17577799507041766 validation loss: 0.18760673074435316
epoch 106 time used: 5  seconds  train loss: 0.17551315218492017 validation loss: 0.18755117973394553
epoch 107 time used: 5  seconds  train loss: 0.1750349435320031 validation loss: 0.18848156581350686
epoch 108 time used: 5  seconds  train loss: 0.17463527886087046 validation loss: 0.18773819319160068
epoch 109 time used: 5  seconds  train loss: 0.17399950821546611 validation loss: 0.18696211484997732
epoch 110 time used: 5  seconds  train loss: 0.17462324724937442 validation loss: 0.18791054683927122
epoch 111 time used: 5  seconds  train loss: 0.17357795774198176 validation loss: 0.18655001161714588
epoch 112 time used: 5  seconds  train loss: 0.17332970433818973 validation loss: 0.18511022541499858
epoch 113 time used: 5  seconds  train loss: 0.1732854084234732 validation loss: 0.18559940813849873
epoch 114 time used: 5  seconds  train loss: 0.17333458649692374 validation loss: 0.1887214044146176
epoch 115 time used: 5  seconds  train loss: 0.17368723047374318 validation loss: 0.18789769893568445
epoch 116 time used: 5  seconds  train loss: 0.17244261524597207 validation loss: 0.1855058365475431
epoch 117 time used: 5  seconds  train loss: 0.17199291176620274 validation loss: 0.1856579228649123
epoch 118 time used: 5  seconds  train loss: 0.1713563944205501 validation loss: 0.18408606747559528
epoch 119 time used: 5  seconds  train loss: 0.1712192697811873 validation loss: 0.1846689012940788
epoch 120 time used: 5  seconds  train loss: 0.17161110482738273 validation loss: 0.18535122227750367
epoch 121 time used: 5  seconds  train loss: 0.17112495807276745 validation loss: 0.1831956714289704
epoch 122 time used: 5  seconds  train loss: 0.17072565047562918 validation loss: 0.18394431530477248
epoch 123 time used: 5  seconds  train loss: 0.1706457263606357 validation loss: 0.18330746589051067
epoch 124 time used: 5  seconds  train loss: 0.1699316860469654 validation loss: 0.18506705792407205
epoch 125 time used: 5  seconds  train loss: 0.17018784715739066 validation loss: 0.182656701613819
epoch 126 time used: 5  seconds  train loss: 0.16985777652551268 validation loss: 0.18441130582156076
epoch 127 time used: 5  seconds  train loss: 0.1699614426844432 validation loss: 0.1855653821146971
epoch 128 time used: 5  seconds  train loss: 0.16973455399906437 validation loss: 0.18284072525080994
epoch 129 time used: 5  seconds  train loss: 0.16912119465636866 validation loss: 0.18398579197717407
epoch 130 time used: 5  seconds  train loss: 0.16878089141118865 validation loss: 0.18322064378604302
epoch 131 time used: 6  seconds  train loss: 0.1688221065266186 validation loss: 0.18510400569751748
epoch 132 time used: 6  seconds  train loss: 0.1684737844598538 validation loss: 0.18425704382415234
epoch 133 time used: 5  seconds  train loss: 0.16806860493552542 validation loss: 0.18164319266643242
epoch 134 time used: 5  seconds  train loss: 0.16839346567543548 validation loss: 0.18202860517394387
epoch 135 time used: 5  seconds  train loss: 0.1680856708074028 validation loss: 0.1838178918301141
epoch 136 time used: 5  seconds  train loss: 0.1676598881174852 validation loss: 0.18135293425659554
epoch 137 time used: 5  seconds  train loss: 0.16702987819686557 validation loss: 0.18170365535628094
epoch 138 time used: 5  seconds  train loss: 0.16726315526317842 validation loss: 0.1822849981661055
epoch 139 time used: 5  seconds  train loss: 0.16658023316540702 validation loss: 0.1814477535499142
epoch 140 time used: 5  seconds  train loss: 0.16693069963899076 validation loss: 0.18098166541616642
epoch 141 time used: 5  seconds  train loss: 0.16664835246584103 validation loss: 0.18064009895919053
epoch 142 time used: 5  seconds  train loss: 0.16644282898958865 validation loss: 0.1823536629633977
epoch 143 time used: 5  seconds  train loss: 0.16590429743357735 validation loss: 0.18059846514031605
epoch 144 time used: 5  seconds  train loss: 0.16605284008891955 validation loss: 0.18015168960000608
epoch 145 time used: 5  seconds  train loss: 0.1659282289656747 validation loss: 0.18180534160279982
epoch 146 time used: 5  seconds  train loss: 0.16535247674799136 validation loss: 0.18049645221580182
epoch 147 time used: 5  seconds  train loss: 0.16554106539707444 validation loss: 0.18011552896998775
epoch 148 time used: 5  seconds  train loss: 0.16573368547345202 validation loss: 0.18061790988061746
epoch 149 time used: 5  seconds  train loss: 0.16466633977449247 validation loss: 0.17977128583774252
epoch 150 time used: 5  seconds  train loss: 0.16472432471600423 validation loss: 0.18241443294188123
epoch 151 time used: 5  seconds  train loss: 0.16469578230695847 validation loss: 0.18100030686232407
epoch 152 time used: 5  seconds  train loss: 0.16456092119625038 validation loss: 0.18305405887684276
epoch 153 time used: 5  seconds  train loss: 0.16468097816121513 validation loss: 0.17955459565077247
epoch 154 time used: 5  seconds  train loss: 0.1643178653971629 validation loss: 0.17939213304198678
epoch 155 time used: 5  seconds  train loss: 0.1636275585132272 validation loss: 0.1796782606935338
epoch 156 time used: 5  seconds  train loss: 0.16344618989700677 validation loss: 0.1799586662821816
epoch 157 time used: 5  seconds  train loss: 0.16351302485047003 validation loss: 0.18010559701028717
epoch 158 time used: 5  seconds  train loss: 0.16332642450311652 validation loss: 0.178063841748088
epoch 159 time used: 5  seconds  train loss: 0.16324192750986447 validation loss: 0.1783082035529022
epoch 160 time used: 5  seconds  train loss: 0.16250073705700582 validation loss: 0.17940481019849716
epoch 161 time used: 5  seconds  train loss: 0.1629230332250194 validation loss: 0.17801478594388542
epoch 162 time used: 5  seconds  train loss: 0.1629922962612386 validation loss: 0.17813413311805443
epoch 163 time used: 5  seconds  train loss: 0.16258148886907128 validation loss: 0.1794481136784578
epoch 164 time used: 5  seconds  train loss: 0.16267967593856458 validation loss: 0.17852298354361307
epoch 165 time used: 5  seconds  train loss: 0.1622514049636451 validation loss: 0.17831469579247564
epoch 166 time used: 5  seconds  train loss: 0.16169426256179187 validation loss: 0.1783784705352865
epoch 167 time used: 5  seconds  train loss: 0.16174947720884617 validation loss: 0.18043912672615703
epoch 168 time used: 5  seconds  train loss: 0.16155416096485045 validation loss: 0.1781871215877571
epoch 169 time used: 5  seconds  train loss: 0.16179463512197084 validation loss: 0.17900205659002694
epoch 170 time used: 5  seconds  train loss: 0.16150288824581113 validation loss: 0.17824706157241219
Early stopping at epoch: 171
YS.shape, YS_pred.shape, (14021, 1, 1, 69) (14021, 1, 1, 69)
YS.shape, YS_pred.shape, (14021, 69) (14021, 69)
****************************************
STGCN3, train, Torch MSE, 1.6070238702e-01, 0.1607023870

STGCN3, train, MSE, RMSE, MAE, MAPE, 377.4217822254, 19.4273462476, 10.7922453307, 15.9432265278

Model Training Ended ... Tue Jan  4 06:26:54 2022
pred_NYCTaxi-inflow-mulgraph_STGCN3_1_2201040610 testing started Tue Jan  4 06:26:54 2022
getXSYS data.shape(17544, 69)
getXSYS XS.shape(3507, 1, 12, 69)
getXSYS YS.shape(3507, 1, 1, 69)
TEST XS.shape, YS.shape (3507, 1, 12, 69) (3507, 1, 1, 69)
Model Testing Started ... Tue Jan  4 06:26:54 2022
TIMESTEP_IN, TIMESTEP_OUT 12 3
torch.Size([2, 3, 69, 69])
YS.shape, YS_pred.shape, (3507, 1, 1, 69) (3507, 1, 1, 69)
YS.shape, YS_pred.shape, (3507, 69) (3507, 69)
****************************************
STGCN3, test, Torch MSE, 1.7332429335e-01, 0.1733242934

STGCN3, test, MSE, RMSE, MAE, MAPE, 429.4766824123, 20.7238192043, 11.5116238673, 17.3781023693

Model Testing Ended ... Tue Jan  4 06:26:54 2022
