nohup: ignoring input
../data-NYCTaxi/60min/2019-2020-taxi-inoutflow.npz
Namespace(adjpath='../data-NYCZones/adjmatrix/W_adj_matrix.csv', adjtype='symnadj', batchsize=64, channel=2, dataname='NYCTaxi-inflow', epoch=200, ex='typhoon-inflow', flowpath='../data-NYCTaxi/60min/2019-2020-taxi-inoutflow.npz', gpu=1, graphnum=1, loss='MAE', lr=0.001, n_node=69, optimizer='Adam', patience=10, target=0, timestep_in=12, timestep_out=3, trainratio=0.8, trainvalsplit=0.125)
data.shape (17544, 69, 2)
pred_NYCTaxi-inflow_STGCN1_2_2201040313 training started Tue Jan  4 03:13:19 2022
getXSYS data.shape(17544, 69, 2)
getXSYS XS.shape(14023, 2, 12, 69)
getXSYS YS.shape(14023, 1, 1, 69)
TRAIN XS.shape YS,shape (14023, 2, 12, 69) (14023, 1, 1, 69)
Model Training Started ... Tue Jan  4 03:13:19 2022
TIMESTEP_IN, TIMESTEP_OUT 12 1
torch.Size([1, 3, 69, 69])
==========================================================================================
Layer (type:depth-idx)                   Output Shape              Param #
==========================================================================================
├─st_conv_block: 1-1                     [-1, 64, 8, 69]           --
|    └─temporal_conv_layer: 2-1          [-1, 32, 10, 69]          --
|    |    └─align: 3-1                   [-1, 32, 12, 69]          --
|    |    └─Conv2d: 3-2                  [-1, 64, 10, 69]          448
|    └─ModuleList: 2                     []                        --
|    |    └─spatio_conv_layer: 3-3       [-1, 32, 10, 69]          3,104
|    └─linear: 2-2                       [-1, 32, 10, 69]          --
|    |    └─Conv2d: 3-4                  [-1, 32, 10, 69]          1,056
|    └─temporal_conv_layer: 2-3          [-1, 64, 8, 69]           --
|    |    └─align: 3-5                   [-1, 64, 10, 69]          --
|    |    └─Conv2d: 3-6                  [-1, 64, 8, 69]           6,208
|    └─LayerNorm: 2-4                    [-1, 8, 69, 64]           8,832
|    └─Dropout: 2-5                      [-1, 64, 8, 69]           --
├─st_conv_block: 1-2                     [-1, 64, 4, 69]           --
|    └─temporal_conv_layer: 2-6          [-1, 32, 6, 69]           --
|    |    └─align: 3-7                   [-1, 32, 8, 69]           2,080
|    |    └─Conv2d: 3-8                  [-1, 64, 6, 69]           12,352
|    └─ModuleList: 2                     []                        --
|    |    └─spatio_conv_layer: 3-9       [-1, 32, 6, 69]           3,104
|    └─linear: 2-7                       [-1, 32, 6, 69]           --
|    |    └─Conv2d: 3-10                 [-1, 32, 6, 69]           1,056
|    └─temporal_conv_layer: 2-8          [-1, 64, 4, 69]           --
|    |    └─align: 3-11                  [-1, 64, 6, 69]           --
|    |    └─Conv2d: 3-12                 [-1, 64, 4, 69]           6,208
|    └─LayerNorm: 2-9                    [-1, 4, 69, 64]           8,832
|    └─Dropout: 2-10                     [-1, 64, 4, 69]           --
├─output_layer: 1-3                      [-1, 1, 1, 69]            --
|    └─temporal_conv_layer: 2-11         [-1, 64, 1, 69]           --
|    |    └─align: 3-13                  [-1, 64, 4, 69]           --
|    |    └─Conv2d: 3-14                 [-1, 128, 1, 69]          32,896
|    └─LayerNorm: 2-12                   [-1, 1, 69, 64]           8,832
|    └─temporal_conv_layer: 2-13         [-1, 64, 1, 69]           --
|    |    └─align: 3-15                  [-1, 64, 1, 69]           --
|    |    └─Conv2d: 3-16                 [-1, 64, 1, 69]           4,160
|    └─Conv2d: 2-14                      [-1, 1, 1, 69]            65
==========================================================================================
Total params: 99,233
Trainable params: 99,233
Non-trainable params: 0
Total mult-adds (M): 15.41
==========================================================================================
Input size (MB): 0.01
Forward/backward pass size (MB): 2.16
Params size (MB): 0.38
Estimated Total Size (MB): 2.54
==========================================================================================
epoch 0 time used: 5  seconds  train loss: 0.3327998558000131 validation loss: 0.26579964000262063
epoch 1 time used: 5  seconds  train loss: 0.26762307820129705 validation loss: 0.25215429790143756
epoch 2 time used: 5  seconds  train loss: 0.25457831367352385 validation loss: 0.24577007788253116
epoch 3 time used: 5  seconds  train loss: 0.24784978707339964 validation loss: 0.2345079387842555
epoch 4 time used: 5  seconds  train loss: 0.24367807380241793 validation loss: 0.23405743995973605
epoch 5 time used: 5  seconds  train loss: 0.23989099443638917 validation loss: 0.23231711432006247
epoch 6 time used: 5  seconds  train loss: 0.23680774695570136 validation loss: 0.23270696290241127
epoch 7 time used: 5  seconds  train loss: 0.2347508868796124 validation loss: 0.22854841859661643
epoch 8 time used: 5  seconds  train loss: 0.23467746141633078 validation loss: 0.2270959622252688
epoch 9 time used: 5  seconds  train loss: 0.23043192697426315 validation loss: 0.22655166734033358
epoch 10 time used: 5  seconds  train loss: 0.2299083524272028 validation loss: 0.2259658212771908
epoch 11 time used: 5  seconds  train loss: 0.22839905239502006 validation loss: 0.22667837496560025
epoch 12 time used: 5  seconds  train loss: 0.2278949277179457 validation loss: 0.2314085860423748
epoch 13 time used: 5  seconds  train loss: 0.2273010417904034 validation loss: 0.22203887506035894
epoch 14 time used: 5  seconds  train loss: 0.22627328830515356 validation loss: 0.21985208408463974
epoch 15 time used: 5  seconds  train loss: 0.2242738073228721 validation loss: 0.22073163956624742
epoch 16 time used: 5  seconds  train loss: 0.22265002145549584 validation loss: 0.22506186148471582
epoch 17 time used: 5  seconds  train loss: 0.22260278599380767 validation loss: 0.21995587036634132
epoch 18 time used: 5  seconds  train loss: 0.22180588471763193 validation loss: 0.21869865564775004
epoch 19 time used: 5  seconds  train loss: 0.22053146586975822 validation loss: 0.22076607330214004
epoch 20 time used: 5  seconds  train loss: 0.22118564139028438 validation loss: 0.21749409620107682
epoch 21 time used: 5  seconds  train loss: 0.21869894977303764 validation loss: 0.217663502844483
epoch 22 time used: 5  seconds  train loss: 0.2192175879187961 validation loss: 0.21575976783251394
epoch 23 time used: 5  seconds  train loss: 0.21893560015873492 validation loss: 0.21513701932843726
epoch 24 time used: 5  seconds  train loss: 0.21751100129729475 validation loss: 0.21501428895314897
epoch 25 time used: 5  seconds  train loss: 0.21674924018962072 validation loss: 0.21469008988029809
epoch 26 time used: 5  seconds  train loss: 0.21669282388084773 validation loss: 0.21574895005700798
epoch 27 time used: 5  seconds  train loss: 0.21547848571580702 validation loss: 0.21556124657273495
epoch 28 time used: 5  seconds  train loss: 0.21540407983870066 validation loss: 0.21348522175942838
epoch 29 time used: 5  seconds  train loss: 0.21468958240412267 validation loss: 0.21454493567152016
epoch 30 time used: 5  seconds  train loss: 0.21443231989187056 validation loss: 0.2162914865709208
epoch 31 time used: 5  seconds  train loss: 0.21294954721774137 validation loss: 0.2122411566058092
epoch 32 time used: 5  seconds  train loss: 0.2127753030651453 validation loss: 0.21098766104024408
epoch 33 time used: 5  seconds  train loss: 0.21195362923634956 validation loss: 0.2128485081301916
epoch 34 time used: 5  seconds  train loss: 0.2116635288566521 validation loss: 0.21108936832519645
epoch 35 time used: 5  seconds  train loss: 0.21078214055654376 validation loss: 0.21285477964897123
epoch 36 time used: 5  seconds  train loss: 0.21024078761744325 validation loss: 0.2107240334280681
epoch 37 time used: 5  seconds  train loss: 0.21004831867433701 validation loss: 0.20910062134707919
epoch 38 time used: 5  seconds  train loss: 0.20880492519292776 validation loss: 0.20834893591731735
epoch 39 time used: 5  seconds  train loss: 0.20848907812300405 validation loss: 0.20976714690412987
epoch 40 time used: 5  seconds  train loss: 0.20852408900480496 validation loss: 0.208510353158218
epoch 41 time used: 5  seconds  train loss: 0.20781245128158252 validation loss: 0.20780526403352592
epoch 42 time used: 5  seconds  train loss: 0.2067526453184518 validation loss: 0.2081153660638633
epoch 43 time used: 5  seconds  train loss: 0.2061777078872205 validation loss: 0.2082746878342838
epoch 44 time used: 5  seconds  train loss: 0.2055022561025503 validation loss: 0.20759986410702697
epoch 45 time used: 5  seconds  train loss: 0.20528970592956575 validation loss: 0.21393084946830682
epoch 46 time used: 5  seconds  train loss: 0.20438898785530113 validation loss: 0.20677892603638917
epoch 47 time used: 5  seconds  train loss: 0.2045833260792489 validation loss: 0.2053153515457087
epoch 48 time used: 5  seconds  train loss: 0.2033310209092029 validation loss: 0.20838967516499796
epoch 49 time used: 5  seconds  train loss: 0.2032671834796837 validation loss: 0.2050855082066074
epoch 50 time used: 5  seconds  train loss: 0.20229456292825107 validation loss: 0.20420887058147075
epoch 51 time used: 5  seconds  train loss: 0.20190659118505055 validation loss: 0.20428625736927483
epoch 52 time used: 5  seconds  train loss: 0.20082705971081274 validation loss: 0.20387987619934256
epoch 53 time used: 5  seconds  train loss: 0.20084074872387261 validation loss: 0.20372727176698358
epoch 54 time used: 5  seconds  train loss: 0.20036922617228708 validation loss: 0.20429477012300246
epoch 55 time used: 5  seconds  train loss: 0.19959459949190672 validation loss: 0.20470948180707604
epoch 56 time used: 5  seconds  train loss: 0.1988678103092733 validation loss: 0.203706751771471
epoch 57 time used: 5  seconds  train loss: 0.1987394945157089 validation loss: 0.2027820277676471
epoch 58 time used: 5  seconds  train loss: 0.19778007436983938 validation loss: 0.20204730518055997
epoch 59 time used: 5  seconds  train loss: 0.1974237302404744 validation loss: 0.20168950098008342
epoch 60 time used: 5  seconds  train loss: 0.19636953667401297 validation loss: 0.2000237320891395
epoch 61 time used: 5  seconds  train loss: 0.19778529909585876 validation loss: 0.20198153139554767
epoch 62 time used: 5  seconds  train loss: 0.19535349443275557 validation loss: 0.20030666909861142
epoch 63 time used: 5  seconds  train loss: 0.19462528743195942 validation loss: 0.1995631732807388
epoch 64 time used: 5  seconds  train loss: 0.19468940503974222 validation loss: 0.19963227842306996
epoch 65 time used: 5  seconds  train loss: 0.19409162045350964 validation loss: 0.2004369950794317
epoch 66 time used: 5  seconds  train loss: 0.1939607012315601 validation loss: 0.1993338945791916
epoch 67 time used: 5  seconds  train loss: 0.19333842901213924 validation loss: 0.2016249153862935
epoch 68 time used: 5  seconds  train loss: 0.19354422052118384 validation loss: 0.19977488551932746
epoch 69 time used: 5  seconds  train loss: 0.19262141839167696 validation loss: 0.20055214170721417
epoch 70 time used: 5  seconds  train loss: 0.19157174826639886 validation loss: 0.19847814058720284
epoch 71 time used: 5  seconds  train loss: 0.1912999092050947 validation loss: 0.19957648448038293
epoch 72 time used: 5  seconds  train loss: 0.19069064014212522 validation loss: 0.1990845811686649
epoch 73 time used: 5  seconds  train loss: 0.19022435366184418 validation loss: 0.19700617075000432
epoch 74 time used: 5  seconds  train loss: 0.1900642973213732 validation loss: 0.19776432398075522
epoch 75 time used: 5  seconds  train loss: 0.18986638483227805 validation loss: 0.1978645766471633
epoch 76 time used: 5  seconds  train loss: 0.18922732360934277 validation loss: 0.1970567846733437
epoch 77 time used: 5  seconds  train loss: 0.18832777518029123 validation loss: 0.19522052115021743
epoch 78 time used: 5  seconds  train loss: 0.18844770997058305 validation loss: 0.19584395092552345
epoch 79 time used: 5  seconds  train loss: 0.18732034229804756 validation loss: 0.19741895518606212
epoch 80 time used: 5  seconds  train loss: 0.18734178885076722 validation loss: 0.19584525111771556
epoch 81 time used: 5  seconds  train loss: 0.1869364376877417 validation loss: 0.19473180513992625
epoch 82 time used: 5  seconds  train loss: 0.18696793270917472 validation loss: 0.19648401204579502
epoch 83 time used: 5  seconds  train loss: 0.18638979031627706 validation loss: 0.19353225632558466
epoch 84 time used: 5  seconds  train loss: 0.18568549806399373 validation loss: 0.1938062946812058
epoch 85 time used: 5  seconds  train loss: 0.18575159666396393 validation loss: 0.19344153163845174
epoch 86 time used: 5  seconds  train loss: 0.18517116005574188 validation loss: 0.1926204954734613
epoch 87 time used: 5  seconds  train loss: 0.18497051945185408 validation loss: 0.19553767900363556
epoch 88 time used: 5  seconds  train loss: 0.18446341655122234 validation loss: 0.1934358774510643
epoch 89 time used: 5  seconds  train loss: 0.1841226312671139 validation loss: 0.19226933035657395
epoch 90 time used: 5  seconds  train loss: 0.18401817988844157 validation loss: 0.19205881876226025
epoch 91 time used: 5  seconds  train loss: 0.18381548896735533 validation loss: 0.19166402908066513
epoch 92 time used: 5  seconds  train loss: 0.18359757857586956 validation loss: 0.1917387267316469
epoch 93 time used: 5  seconds  train loss: 0.18254874305649316 validation loss: 0.19407021462135293
epoch 94 time used: 5  seconds  train loss: 0.18232424924698123 validation loss: 0.19083096088678989
epoch 95 time used: 5  seconds  train loss: 0.18218354373903126 validation loss: 0.1910610475916898
epoch 96 time used: 5  seconds  train loss: 0.1817648312354729 validation loss: 0.19011073951815036
epoch 97 time used: 5  seconds  train loss: 0.18147310577666945 validation loss: 0.1899943258496468
epoch 98 time used: 5  seconds  train loss: 0.18138073342742236 validation loss: 0.19000008665726514
epoch 99 time used: 5  seconds  train loss: 0.18134174728743313 validation loss: 0.19045197316835896
epoch 100 time used: 5  seconds  train loss: 0.1805476900563555 validation loss: 0.190714692821247
epoch 101 time used: 5  seconds  train loss: 0.18020220855531793 validation loss: 0.19392291484937216
epoch 102 time used: 5  seconds  train loss: 0.1800567789323561 validation loss: 0.1891065936002198
epoch 103 time used: 5  seconds  train loss: 0.1794307753480151 validation loss: 0.18872999207366895
epoch 104 time used: 5  seconds  train loss: 0.18002844802130502 validation loss: 0.18887001599880607
epoch 105 time used: 5  seconds  train loss: 0.17930105513154537 validation loss: 0.18959206610459026
epoch 106 time used: 5  seconds  train loss: 0.17868329699970206 validation loss: 0.19064409414564482
epoch 107 time used: 5  seconds  train loss: 0.17872592798072143 validation loss: 0.1889643009414145
epoch 108 time used: 5  seconds  train loss: 0.1778953714713685 validation loss: 0.18807059580845895
epoch 109 time used: 5  seconds  train loss: 0.17840936795520704 validation loss: 0.18855759726717208
epoch 110 time used: 5  seconds  train loss: 0.17771434979217268 validation loss: 0.18775696539906048
epoch 111 time used: 5  seconds  train loss: 0.17707525005696165 validation loss: 0.18827348263244661
epoch 112 time used: 5  seconds  train loss: 0.17749227689307398 validation loss: 0.18781542741463514
epoch 113 time used: 5  seconds  train loss: 0.17710721991901585 validation loss: 0.18579091925622393
epoch 114 time used: 5  seconds  train loss: 0.17632111640800377 validation loss: 0.1869686794532617
epoch 115 time used: 5  seconds  train loss: 0.1766500891250814 validation loss: 0.18616390655840456
epoch 116 time used: 5  seconds  train loss: 0.17564288766139294 validation loss: 0.1876887190243345
epoch 117 time used: 5  seconds  train loss: 0.17609934036626793 validation loss: 0.18682546304996803
epoch 118 time used: 5  seconds  train loss: 0.175715233571372 validation loss: 0.18628440629871518
epoch 119 time used: 5  seconds  train loss: 0.17557367835719118 validation loss: 0.18656315552936714
epoch 120 time used: 5  seconds  train loss: 0.17535019696438905 validation loss: 0.18612557431152732
epoch 121 time used: 5  seconds  train loss: 0.17472911132674152 validation loss: 0.18642023173455707
epoch 122 time used: 5  seconds  train loss: 0.17461097115360827 validation loss: 0.18451565857689786
epoch 123 time used: 5  seconds  train loss: 0.17414984552230695 validation loss: 0.18652562485105706
epoch 124 time used: 5  seconds  train loss: 0.17426128472218982 validation loss: 0.18462207367674527
epoch 125 time used: 5  seconds  train loss: 0.17395419499304787 validation loss: 0.1848966448955106
epoch 126 time used: 5  seconds  train loss: 0.17408486535467554 validation loss: 0.1854795058471981
epoch 127 time used: 5  seconds  train loss: 0.17330870835297266 validation loss: 0.18430816272939876
epoch 128 time used: 5  seconds  train loss: 0.17346317361017116 validation loss: 0.18548924954054496
epoch 129 time used: 5  seconds  train loss: 0.17267138088196396 validation loss: 0.183728140861187
epoch 130 time used: 5  seconds  train loss: 0.17260508418034615 validation loss: 0.18407162184961443
epoch 131 time used: 5  seconds  train loss: 0.17263067994500528 validation loss: 0.18392764546159873
epoch 132 time used: 5  seconds  train loss: 0.17240423397650637 validation loss: 0.18481651484048237
epoch 133 time used: 5  seconds  train loss: 0.1724244479275177 validation loss: 0.18364428400279315
epoch 134 time used: 5  seconds  train loss: 0.17194424162284086 validation loss: 0.18459668070400911
epoch 135 time used: 5  seconds  train loss: 0.1716066019216396 validation loss: 0.18409496078270882
epoch 136 time used: 5  seconds  train loss: 0.17177224610040318 validation loss: 0.18276022650042195
epoch 137 time used: 5  seconds  train loss: 0.17136124185701648 validation loss: 0.1837499496328851
epoch 138 time used: 5  seconds  train loss: 0.1711865070615246 validation loss: 0.18195019120056155
epoch 139 time used: 5  seconds  train loss: 0.1707191645200406 validation loss: 0.18260222823872813
epoch 140 time used: 5  seconds  train loss: 0.1704848527835459 validation loss: 0.18254908271605672
epoch 141 time used: 5  seconds  train loss: 0.17076448737943473 validation loss: 0.1838317235758559
epoch 142 time used: 5  seconds  train loss: 0.17025515948404796 validation loss: 0.18165385041383764
epoch 143 time used: 5  seconds  train loss: 0.16993508745522254 validation loss: 0.18281231934488398
epoch 144 time used: 5  seconds  train loss: 0.17040392412775984 validation loss: 0.18195583247587604
epoch 145 time used: 5  seconds  train loss: 0.1695633863494371 validation loss: 0.18212787299515246
epoch 146 time used: 5  seconds  train loss: 0.16969023679899994 validation loss: 0.18150094057992738
epoch 147 time used: 5  seconds  train loss: 0.16961402799311748 validation loss: 0.1821017509790672
epoch 148 time used: 5  seconds  train loss: 0.169154683175666 validation loss: 0.1816837639721611
epoch 149 time used: 5  seconds  train loss: 0.1691398251634744 validation loss: 0.18127425700953126
epoch 150 time used: 5  seconds  train loss: 0.16875818446582183 validation loss: 0.18269605167035843
epoch 151 time used: 5  seconds  train loss: 0.1687346313528249 validation loss: 0.18093317844870427
epoch 152 time used: 5  seconds  train loss: 0.16847882743472478 validation loss: 0.1800276762372891
epoch 153 time used: 5  seconds  train loss: 0.16838735489215712 validation loss: 0.18049866338491577
epoch 154 time used: 5  seconds  train loss: 0.16792308570363215 validation loss: 0.18087754268103576
epoch 155 time used: 5  seconds  train loss: 0.16821069771814073 validation loss: 0.18087995004735535
epoch 156 time used: 5  seconds  train loss: 0.16793512242687555 validation loss: 0.18096471368348468
epoch 157 time used: 5  seconds  train loss: 0.16792200466385682 validation loss: 0.1795776259776734
epoch 158 time used: 5  seconds  train loss: 0.16768708370668478 validation loss: 0.1802663651198846
epoch 159 time used: 5  seconds  train loss: 0.16789647622524284 validation loss: 0.17902888485144972
epoch 160 time used: 5  seconds  train loss: 0.16698079493197368 validation loss: 0.17947386248548305
epoch 161 time used: 5  seconds  train loss: 0.1669778604670667 validation loss: 0.18055986604109805
epoch 162 time used: 5  seconds  train loss: 0.16692226597372847 validation loss: 0.17975123735815202
epoch 163 time used: 5  seconds  train loss: 0.16666207805385216 validation loss: 0.17895815352746167
epoch 164 time used: 5  seconds  train loss: 0.16674616464581446 validation loss: 0.18051331807767332
epoch 165 time used: 5  seconds  train loss: 0.1664541735601503 validation loss: 0.17919040120674826
epoch 166 time used: 5  seconds  train loss: 0.16676733397864285 validation loss: 0.17982104119748574
epoch 167 time used: 5  seconds  train loss: 0.16607358719434015 validation loss: 0.17921104345468541
epoch 168 time used: 5  seconds  train loss: 0.16609229589975646 validation loss: 0.18108852303714937
epoch 169 time used: 5  seconds  train loss: 0.16615391415168138 validation loss: 0.17892532934648817
epoch 170 time used: 5  seconds  train loss: 0.16602818331489158 validation loss: 0.1793219572346481
epoch 171 time used: 5  seconds  train loss: 0.16576146472005604 validation loss: 0.1786158418849204
epoch 172 time used: 5  seconds  train loss: 0.16545404040580275 validation loss: 0.17873402267983485
epoch 173 time used: 5  seconds  train loss: 0.16567205888960745 validation loss: 0.1777804116912386
epoch 174 time used: 5  seconds  train loss: 0.16512963876504672 validation loss: 0.17887227923205018
epoch 175 time used: 5  seconds  train loss: 0.16488806408357115 validation loss: 0.17819177104756279
epoch 176 time used: 5  seconds  train loss: 0.16526924727792747 validation loss: 0.17999547529546994
epoch 177 time used: 5  seconds  train loss: 0.16516334029990867 validation loss: 0.17827150495951338
epoch 178 time used: 5  seconds  train loss: 0.16501663535371872 validation loss: 0.17773593540573826
epoch 179 time used: 5  seconds  train loss: 0.1646731638990968 validation loss: 0.17747551428034042
epoch 180 time used: 5  seconds  train loss: 0.1646379116743487 validation loss: 0.17809444788314244
epoch 181 time used: 5  seconds  train loss: 0.164838396320036 validation loss: 0.17941920851137866
epoch 182 time used: 5  seconds  train loss: 0.16429007725688433 validation loss: 0.17747685380377773
epoch 183 time used: 5  seconds  train loss: 0.16433872888024104 validation loss: 0.17784263537022568
epoch 184 time used: 5  seconds  train loss: 0.16415640552692912 validation loss: 0.17820165835478208
epoch 185 time used: 5  seconds  train loss: 0.16435816770855158 validation loss: 0.17811516480689313
epoch 186 time used: 5  seconds  train loss: 0.16366695546724977 validation loss: 0.17688359224109465
epoch 187 time used: 5  seconds  train loss: 0.16367687137756487 validation loss: 0.1774670799340919
epoch 188 time used: 5  seconds  train loss: 0.16361369357035233 validation loss: 0.17764398491321395
epoch 189 time used: 5  seconds  train loss: 0.16387461769503117 validation loss: 0.17838345749406764
epoch 190 time used: 5  seconds  train loss: 0.16354253791703766 validation loss: 0.17654582579273262
epoch 191 time used: 5  seconds  train loss: 0.16300245001487063 validation loss: 0.17671235822060416
epoch 192 time used: 5  seconds  train loss: 0.16297564849245325 validation loss: 0.17682613128943914
epoch 193 time used: 5  seconds  train loss: 0.16263187256108091 validation loss: 0.17624498065614183
epoch 194 time used: 5  seconds  train loss: 0.16266981160971045 validation loss: 0.17664371894144426
epoch 195 time used: 5  seconds  train loss: 0.16282990911236214 validation loss: 0.1762175279740123
epoch 196 time used: 5  seconds  train loss: 0.16276893799831543 validation loss: 0.17684890693653943
epoch 197 time used: 5  seconds  train loss: 0.16242779816372568 validation loss: 0.17635012740621006
epoch 198 time used: 5  seconds  train loss: 0.16247028729103402 validation loss: 0.1761776296516452
epoch 199 time used: 5  seconds  train loss: 0.16218082338644416 validation loss: 0.17547747905058517
YS.shape, YS_pred.shape, (14023, 1, 1, 69) (14023, 1, 1, 69)
YS.shape, YS_pred.shape, (14023, 69) (14023, 69)
****************************************
STGCN1, train, Torch MSE, 1.5940314686e-01, 0.1594031469

STGCN1, train, MSE, RMSE, MAE, MAPE, 388.6504413982, 19.7142192693, 10.9750876343, 16.1319670179

Model Training Ended ... Tue Jan  4 03:31:28 2022
pred_NYCTaxi-inflow_STGCN1_2_2201040313 testing started Tue Jan  4 03:31:28 2022
getXSYS data.shape(17544, 69, 2)
getXSYS XS.shape(3509, 2, 12, 69)
getXSYS YS.shape(3509, 1, 1, 69)
TEST XS.shape, YS.shape (3509, 2, 12, 69) (3509, 1, 1, 69)
Model Testing Started ... Tue Jan  4 03:31:28 2022
TIMESTEP_IN, TIMESTEP_OUT 12 1
torch.Size([1, 3, 69, 69])
YS.shape, YS_pred.shape, (3509, 1, 1, 69) (3509, 1, 1, 69)
YS.shape, YS_pred.shape, (3509, 69) (3509, 69)
****************************************
STGCN1, test, Torch MSE, 1.7076252218e-01, 0.1707625222

STGCN1, test, MSE, RMSE, MAE, MAPE, 443.7336374569, 21.0649860540, 11.7255152100, 18.3389581921

Model Testing Ended ... Tue Jan  4 03:31:28 2022
pred_NYCTaxi-inflow_STGCN2_2_2201040331 training started Tue Jan  4 03:31:28 2022
getXSYS data.shape(17544, 69, 2)
getXSYS XS.shape(14022, 2, 12, 69)
getXSYS YS.shape(14022, 1, 1, 69)
TRAIN XS.shape YS,shape (14022, 2, 12, 69) (14022, 1, 1, 69)
Model Training Started ... Tue Jan  4 03:31:28 2022
TIMESTEP_IN, TIMESTEP_OUT 12 2
torch.Size([1, 3, 69, 69])
==========================================================================================
Layer (type:depth-idx)                   Output Shape              Param #
==========================================================================================
├─st_conv_block: 1-1                     [-1, 64, 8, 69]           --
|    └─temporal_conv_layer: 2-1          [-1, 32, 10, 69]          --
|    |    └─align: 3-1                   [-1, 32, 12, 69]          --
|    |    └─Conv2d: 3-2                  [-1, 64, 10, 69]          448
|    └─ModuleList: 2                     []                        --
|    |    └─spatio_conv_layer: 3-3       [-1, 32, 10, 69]          3,104
|    └─linear: 2-2                       [-1, 32, 10, 69]          --
|    |    └─Conv2d: 3-4                  [-1, 32, 10, 69]          1,056
|    └─temporal_conv_layer: 2-3          [-1, 64, 8, 69]           --
|    |    └─align: 3-5                   [-1, 64, 10, 69]          --
|    |    └─Conv2d: 3-6                  [-1, 64, 8, 69]           6,208
|    └─LayerNorm: 2-4                    [-1, 8, 69, 64]           8,832
|    └─Dropout: 2-5                      [-1, 64, 8, 69]           --
├─st_conv_block: 1-2                     [-1, 64, 4, 69]           --
|    └─temporal_conv_layer: 2-6          [-1, 32, 6, 69]           --
|    |    └─align: 3-7                   [-1, 32, 8, 69]           2,080
|    |    └─Conv2d: 3-8                  [-1, 64, 6, 69]           12,352
|    └─ModuleList: 2                     []                        --
|    |    └─spatio_conv_layer: 3-9       [-1, 32, 6, 69]           3,104
|    └─linear: 2-7                       [-1, 32, 6, 69]           --
|    |    └─Conv2d: 3-10                 [-1, 32, 6, 69]           1,056
|    └─temporal_conv_layer: 2-8          [-1, 64, 4, 69]           --
|    |    └─align: 3-11                  [-1, 64, 6, 69]           --
|    |    └─Conv2d: 3-12                 [-1, 64, 4, 69]           6,208
|    └─LayerNorm: 2-9                    [-1, 4, 69, 64]           8,832
|    └─Dropout: 2-10                     [-1, 64, 4, 69]           --
├─output_layer: 1-3                      [-1, 1, 1, 69]            --
|    └─temporal_conv_layer: 2-11         [-1, 64, 1, 69]           --
|    |    └─align: 3-13                  [-1, 64, 4, 69]           --
|    |    └─Conv2d: 3-14                 [-1, 128, 1, 69]          32,896
|    └─LayerNorm: 2-12                   [-1, 1, 69, 64]           8,832
|    └─temporal_conv_layer: 2-13         [-1, 64, 1, 69]           --
|    |    └─align: 3-15                  [-1, 64, 1, 69]           --
|    |    └─Conv2d: 3-16                 [-1, 64, 1, 69]           4,160
|    └─Conv2d: 2-14                      [-1, 1, 1, 69]            65
==========================================================================================
Total params: 99,233
Trainable params: 99,233
Non-trainable params: 0
Total mult-adds (M): 15.41
==========================================================================================
Input size (MB): 0.01
Forward/backward pass size (MB): 2.16
Params size (MB): 0.38
Estimated Total Size (MB): 2.54
==========================================================================================
epoch 0 time used: 5  seconds  train loss: 0.38487137085661366 validation loss: 0.30964696048602197
epoch 1 time used: 5  seconds  train loss: 0.2994023880099442 validation loss: 0.2786584158523111
epoch 2 time used: 5  seconds  train loss: 0.2804605781349443 validation loss: 0.27024147827422623
epoch 3 time used: 5  seconds  train loss: 0.270976033580654 validation loss: 0.26478512958329675
epoch 4 time used: 5  seconds  train loss: 0.26498821938749106 validation loss: 0.25183267358433364
epoch 5 time used: 5  seconds  train loss: 0.2616087222341726 validation loss: 0.2525388135851552
epoch 6 time used: 5  seconds  train loss: 0.2559801860775397 validation loss: 0.2518404479442973
epoch 7 time used: 5  seconds  train loss: 0.25302087374038223 validation loss: 0.25004548301917107
epoch 8 time used: 5  seconds  train loss: 0.24994165346309408 validation loss: 0.2511419004463701
epoch 9 time used: 5  seconds  train loss: 0.24685998125553948 validation loss: 0.24012470184158613
epoch 10 time used: 5  seconds  train loss: 0.24491713886321617 validation loss: 0.2434280529337751
epoch 11 time used: 5  seconds  train loss: 0.24262736501986382 validation loss: 0.23703659837135777
epoch 12 time used: 5  seconds  train loss: 0.2409774835593194 validation loss: 0.23589768788165796
epoch 13 time used: 5  seconds  train loss: 0.2394603152119236 validation loss: 0.23771807691640195
epoch 14 time used: 5  seconds  train loss: 0.23797728476532903 validation loss: 0.23340985553814084
epoch 15 time used: 5  seconds  train loss: 0.23698141280042775 validation loss: 0.23618721896522193
epoch 16 time used: 5  seconds  train loss: 0.2347540243547988 validation loss: 0.23025335232938146
epoch 17 time used: 5  seconds  train loss: 0.2342038426755625 validation loss: 0.23095650361458778
epoch 18 time used: 5  seconds  train loss: 0.23355249691095997 validation loss: 0.23420286827167647
epoch 19 time used: 5  seconds  train loss: 0.23141774416033004 validation loss: 0.23084677121704533
epoch 20 time used: 5  seconds  train loss: 0.23063853435653747 validation loss: 0.22658454472516784
epoch 21 time used: 5  seconds  train loss: 0.230707748540214 validation loss: 0.22722768168992066
epoch 22 time used: 5  seconds  train loss: 0.2292705931407683 validation loss: 0.22578140975948885
epoch 23 time used: 5  seconds  train loss: 0.2274791780282023 validation loss: 0.22931492218988933
epoch 24 time used: 5  seconds  train loss: 0.22761434015429818 validation loss: 0.2247397872256471
epoch 25 time used: 5  seconds  train loss: 0.22579466970982826 validation loss: 0.22368847257874724
epoch 26 time used: 5  seconds  train loss: 0.22497068696669528 validation loss: 0.2279086845368572
epoch 27 time used: 5  seconds  train loss: 0.2248354756190361 validation loss: 0.22494799639929788
epoch 28 time used: 5  seconds  train loss: 0.22356649942386994 validation loss: 0.2228039909500567
epoch 29 time used: 5  seconds  train loss: 0.22304462128882013 validation loss: 0.22319419251906825
epoch 30 time used: 5  seconds  train loss: 0.2225076843322426 validation loss: 0.22012327632697323
epoch 31 time used: 5  seconds  train loss: 0.22069005848765033 validation loss: 0.22375361827939017
epoch 32 time used: 5  seconds  train loss: 0.22045850446384727 validation loss: 0.22168905070796396
epoch 33 time used: 5  seconds  train loss: 0.22093515899689722 validation loss: 0.2194974403498993
epoch 34 time used: 5  seconds  train loss: 0.2197091131661552 validation loss: 0.21901524192730631
epoch 35 time used: 5  seconds  train loss: 0.21815880989399736 validation loss: 0.21987111507758234
epoch 36 time used: 5  seconds  train loss: 0.21759491516642315 validation loss: 0.21919196366379753
epoch 37 time used: 5  seconds  train loss: 0.21671847787766382 validation loss: 0.21996437297911897
epoch 38 time used: 5  seconds  train loss: 0.2160229144602885 validation loss: 0.2161679744584453
epoch 39 time used: 5  seconds  train loss: 0.21568753940205632 validation loss: 0.21766716401643638
epoch 40 time used: 5  seconds  train loss: 0.2145580393703616 validation loss: 0.2164753524069098
epoch 41 time used: 5  seconds  train loss: 0.215042214576185 validation loss: 0.2154853560043211
epoch 42 time used: 5  seconds  train loss: 0.2133143215324605 validation loss: 0.21573818708343365
epoch 43 time used: 5  seconds  train loss: 0.21210175676366813 validation loss: 0.2152838228228972
epoch 44 time used: 5  seconds  train loss: 0.21245484183315388 validation loss: 0.21777387692699823
epoch 45 time used: 5  seconds  train loss: 0.2110746371596918 validation loss: 0.21346980267875343
epoch 46 time used: 5  seconds  train loss: 0.21037046820088057 validation loss: 0.21399587251700747
epoch 47 time used: 5  seconds  train loss: 0.2098646458028552 validation loss: 0.21634240877743932
epoch 48 time used: 5  seconds  train loss: 0.20853177978173573 validation loss: 0.2122046725874415
epoch 49 time used: 5  seconds  train loss: 0.2081726970853525 validation loss: 0.21283998505700608
epoch 50 time used: 5  seconds  train loss: 0.2086061384549826 validation loss: 0.21078021414641715
epoch 51 time used: 5  seconds  train loss: 0.2068727068406891 validation loss: 0.21008424443887155
epoch 52 time used: 5  seconds  train loss: 0.20615029577808028 validation loss: 0.21093686690040814
epoch 53 time used: 5  seconds  train loss: 0.20574951547774373 validation loss: 0.21098651115172126
epoch 54 time used: 5  seconds  train loss: 0.20526363116860807 validation loss: 0.2102530867167357
epoch 55 time used: 5  seconds  train loss: 0.2047096858257594 validation loss: 0.20902381132686743
epoch 56 time used: 5  seconds  train loss: 0.20435349388299007 validation loss: 0.2081567706190649
epoch 57 time used: 5  seconds  train loss: 0.20387649956119896 validation loss: 0.20823637429673672
epoch 58 time used: 5  seconds  train loss: 0.20269842389738738 validation loss: 0.20899004004236907
epoch 59 time used: 5  seconds  train loss: 0.2023366075587531 validation loss: 0.2090798818208256
epoch 60 time used: 5  seconds  train loss: 0.2014915708582115 validation loss: 0.20901694598873888
epoch 61 time used: 5  seconds  train loss: 0.20127160167167468 validation loss: 0.20821301904291817
epoch 62 time used: 5  seconds  train loss: 0.2008076451991471 validation loss: 0.2069170879624057
epoch 63 time used: 5  seconds  train loss: 0.2001600636932803 validation loss: 0.20744858276687617
epoch 64 time used: 5  seconds  train loss: 0.19993077832845654 validation loss: 0.20595644841993868
epoch 65 time used: 5  seconds  train loss: 0.1992454250230116 validation loss: 0.20497872691901153
epoch 66 time used: 5  seconds  train loss: 0.19863478335607254 validation loss: 0.2051517674311596
epoch 67 time used: 5  seconds  train loss: 0.19820633940280274 validation loss: 0.2048191356356322
epoch 68 time used: 5  seconds  train loss: 0.1973712852535781 validation loss: 0.2041973686361068
epoch 69 time used: 5  seconds  train loss: 0.19666422769574257 validation loss: 0.2056751118614819
epoch 70 time used: 5  seconds  train loss: 0.1964971149416636 validation loss: 0.20376088925415764
epoch 71 time used: 5  seconds  train loss: 0.1967666381298257 validation loss: 0.20512965607153505
epoch 72 time used: 5  seconds  train loss: 0.19572556671521824 validation loss: 0.2059485294770596
epoch 73 time used: 5  seconds  train loss: 0.1956342461069033 validation loss: 0.2030314849025511
epoch 74 time used: 5  seconds  train loss: 0.1947759322689102 validation loss: 0.2019087045160757
epoch 75 time used: 5  seconds  train loss: 0.19406875373827662 validation loss: 0.203451433481996
epoch 76 time used: 5  seconds  train loss: 0.19383208853602457 validation loss: 0.2025054576256856
epoch 77 time used: 5  seconds  train loss: 0.19353048039809911 validation loss: 0.20124219757485104
epoch 78 time used: 5  seconds  train loss: 0.1931866271184023 validation loss: 0.20268101326343474
epoch 79 time used: 5  seconds  train loss: 0.19295467060657165 validation loss: 0.20183110705492366
epoch 80 time used: 5  seconds  train loss: 0.19210562253505542 validation loss: 0.2025139941549682
epoch 81 time used: 5  seconds  train loss: 0.19252631315630975 validation loss: 0.20067207925807934
epoch 82 time used: 5  seconds  train loss: 0.19142986670329562 validation loss: 0.19985775143775134
epoch 83 time used: 5  seconds  train loss: 0.19105326686907984 validation loss: 0.19945954220742412
epoch 84 time used: 5  seconds  train loss: 0.19121598011999047 validation loss: 0.19984967784751026
epoch 85 time used: 5  seconds  train loss: 0.1901605369781105 validation loss: 0.19899786514890447
epoch 86 time used: 5  seconds  train loss: 0.18965924870381 validation loss: 0.19995953404454592
epoch 87 time used: 5  seconds  train loss: 0.18942066611477232 validation loss: 0.19805282818475453
epoch 88 time used: 5  seconds  train loss: 0.18882949936068313 validation loss: 0.19830726312353347
epoch 89 time used: 5  seconds  train loss: 0.19006138170627307 validation loss: 0.19970168595781887
epoch 90 time used: 5  seconds  train loss: 0.18786818352015913 validation loss: 0.19937563292720423
epoch 91 time used: 5  seconds  train loss: 0.18793254241387392 validation loss: 0.19846294328136846
epoch 92 time used: 5  seconds  train loss: 0.18775330434724652 validation loss: 0.1983234409818769
epoch 93 time used: 5  seconds  train loss: 0.18730333348714456 validation loss: 0.19677931728256953
epoch 94 time used: 5  seconds  train loss: 0.18719765255727921 validation loss: 0.19654606332013216
epoch 95 time used: 5  seconds  train loss: 0.18668111709639343 validation loss: 0.19762679425329055
epoch 96 time used: 5  seconds  train loss: 0.18647299106104157 validation loss: 0.19580249314095996
epoch 97 time used: 5  seconds  train loss: 0.18580932043901485 validation loss: 0.19666689330859655
epoch 98 time used: 5  seconds  train loss: 0.18563751820364036 validation loss: 0.1962709417869483
epoch 99 time used: 5  seconds  train loss: 0.18558218860958517 validation loss: 0.19504376624525444
epoch 100 time used: 5  seconds  train loss: 0.18523452207913696 validation loss: 0.1957519177243292
epoch 101 time used: 5  seconds  train loss: 0.18528264150544496 validation loss: 0.19529967052523095
epoch 102 time used: 5  seconds  train loss: 0.18458629546436356 validation loss: 0.19460398163614584
epoch 103 time used: 5  seconds  train loss: 0.18421034045728166 validation loss: 0.19399908517369935
epoch 104 time used: 5  seconds  train loss: 0.18404497320499075 validation loss: 0.19453926084385692
epoch 105 time used: 5  seconds  train loss: 0.18405348753951487 validation loss: 0.19568833808217537
epoch 106 time used: 5  seconds  train loss: 0.18355221112517353 validation loss: 0.19408619963163928
epoch 107 time used: 5  seconds  train loss: 0.1835445916704176 validation loss: 0.19575477140295253
epoch 108 time used: 5  seconds  train loss: 0.1828448086204559 validation loss: 0.19327336168942014
epoch 109 time used: 5  seconds  train loss: 0.18303232346656456 validation loss: 0.19369578962487896
epoch 110 time used: 5  seconds  train loss: 0.18289977863852422 validation loss: 0.1941600628175942
epoch 111 time used: 5  seconds  train loss: 0.18239563765356948 validation loss: 0.19383707285539395
epoch 112 time used: 5  seconds  train loss: 0.18180095992404874 validation loss: 0.1937094642836505
epoch 113 time used: 5  seconds  train loss: 0.1814303618291546 validation loss: 0.19331059558556138
epoch 114 time used: 5  seconds  train loss: 0.1812362690938307 validation loss: 0.19216131902189848
epoch 115 time used: 5  seconds  train loss: 0.1814312957830248 validation loss: 0.19282423416274788
epoch 116 time used: 5  seconds  train loss: 0.1808698478324342 validation loss: 0.19230566405427163
epoch 117 time used: 5  seconds  train loss: 0.18042973911075294 validation loss: 0.1925943105205834
epoch 118 time used: 5  seconds  train loss: 0.18049523117164498 validation loss: 0.1919519551740125
epoch 119 time used: 5  seconds  train loss: 0.1799606063241276 validation loss: 0.19171691077713007
epoch 120 time used: 5  seconds  train loss: 0.17974658463687998 validation loss: 0.1916799077427326
epoch 121 time used: 5  seconds  train loss: 0.179747794681855 validation loss: 0.19222841169143226
epoch 122 time used: 5  seconds  train loss: 0.1793681442402367 validation loss: 0.19076312052407948
epoch 123 time used: 5  seconds  train loss: 0.17908882371530488 validation loss: 0.1911157758675911
epoch 124 time used: 5  seconds  train loss: 0.17915758506715787 validation loss: 0.19100903530530228
epoch 125 time used: 5  seconds  train loss: 0.17882701988732846 validation loss: 0.1922841192957883
epoch 126 time used: 5  seconds  train loss: 0.17851353924770363 validation loss: 0.19248112147866286
epoch 127 time used: 5  seconds  train loss: 0.17836468481514212 validation loss: 0.19220716623122938
epoch 128 time used: 5  seconds  train loss: 0.1785168576849266 validation loss: 0.18988557799979067
epoch 129 time used: 5  seconds  train loss: 0.17809252468863776 validation loss: 0.18983563048052093
epoch 130 time used: 5  seconds  train loss: 0.17794668440670516 validation loss: 0.18910597410973182
epoch 131 time used: 5  seconds  train loss: 0.17704581288513493 validation loss: 0.18991955747552688
epoch 132 time used: 5  seconds  train loss: 0.17742369958261123 validation loss: 0.18941286868424806
epoch 133 time used: 5  seconds  train loss: 0.17709410953797672 validation loss: 0.1904658973812037
epoch 134 time used: 5  seconds  train loss: 0.17702513022764416 validation loss: 0.19018393006925916
epoch 135 time used: 5  seconds  train loss: 0.17679280301587721 validation loss: 0.18903830302353253
epoch 136 time used: 5  seconds  train loss: 0.1768261400433311 validation loss: 0.1901170651503311
epoch 137 time used: 5  seconds  train loss: 0.1765975243550795 validation loss: 0.18911110340732884
epoch 138 time used: 5  seconds  train loss: 0.17603301661032436 validation loss: 0.19094052579290038
epoch 139 time used: 5  seconds  train loss: 0.17588701276540541 validation loss: 0.1895794525564023
epoch 140 time used: 5  seconds  train loss: 0.1760435876184439 validation loss: 0.18844357429574846
epoch 141 time used: 5  seconds  train loss: 0.17549683567422247 validation loss: 0.18818496686182767
epoch 142 time used: 5  seconds  train loss: 0.17519015960267204 validation loss: 0.18795863336246488
epoch 143 time used: 5  seconds  train loss: 0.1751727033617522 validation loss: 0.18706047836706016
epoch 144 time used: 5  seconds  train loss: 0.1748649797977178 validation loss: 0.1885210051580082
epoch 145 time used: 5  seconds  train loss: 0.1747003201034252 validation loss: 0.18779988919267365
epoch 146 time used: 5  seconds  train loss: 0.1745182409723441 validation loss: 0.1869612265605622
epoch 147 time used: 5  seconds  train loss: 0.1740109778121472 validation loss: 0.18953430796274784
epoch 148 time used: 5  seconds  train loss: 0.1744634512098662 validation loss: 0.18827324030369402
epoch 149 time used: 5  seconds  train loss: 0.1745528641744157 validation loss: 0.18701309531808102
epoch 150 time used: 5  seconds  train loss: 0.17358039662864994 validation loss: 0.18774586142435526
epoch 151 time used: 5  seconds  train loss: 0.17411692921709573 validation loss: 0.18738218575835025
epoch 152 time used: 5  seconds  train loss: 0.17348905877875995 validation loss: 0.18698779438742896
epoch 153 time used: 5  seconds  train loss: 0.1732760165249556 validation loss: 0.18695304795666143
epoch 154 time used: 5  seconds  train loss: 0.17342704475868476 validation loss: 0.1863097245361352
epoch 155 time used: 5  seconds  train loss: 0.17340149600913524 validation loss: 0.18800077304728563
epoch 156 time used: 5  seconds  train loss: 0.17291543561148753 validation loss: 0.18828825296433532
epoch 157 time used: 5  seconds  train loss: 0.17316065107185535 validation loss: 0.18638750086222386
epoch 158 time used: 5  seconds  train loss: 0.17237964763779523 validation loss: 0.1861240402569583
epoch 159 time used: 5  seconds  train loss: 0.17233176379047752 validation loss: 0.18715110433081253
epoch 160 time used: 5  seconds  train loss: 0.17235650422399362 validation loss: 0.1852098756426753
epoch 161 time used: 5  seconds  train loss: 0.1722270336601182 validation loss: 0.18586133795334012
epoch 162 time used: 5  seconds  train loss: 0.17233623386920835 validation loss: 0.18573120164143583
epoch 163 time used: 5  seconds  train loss: 0.172357325784559 validation loss: 0.18635487847170418
epoch 164 time used: 5  seconds  train loss: 0.1722591457195742 validation loss: 0.18582150733647726
epoch 165 time used: 5  seconds  train loss: 0.17177408742957131 validation loss: 0.1847608310116813
epoch 166 time used: 5  seconds  train loss: 0.17124416126225686 validation loss: 0.18588680187022422
epoch 167 time used: 5  seconds  train loss: 0.17142770894291406 validation loss: 0.1857592737715515
epoch 168 time used: 5  seconds  train loss: 0.1713848627301531 validation loss: 0.18578734035092084
epoch 169 time used: 5  seconds  train loss: 0.17079511877401057 validation loss: 0.18565872949970427
epoch 170 time used: 5  seconds  train loss: 0.17086129177145234 validation loss: 0.18463904300520778
epoch 171 time used: 5  seconds  train loss: 0.17072429296216188 validation loss: 0.1849444471745918
epoch 172 time used: 5  seconds  train loss: 0.17079510322185723 validation loss: 0.18647737770473624
epoch 173 time used: 5  seconds  train loss: 0.1705671657180133 validation loss: 0.18374460164608442
epoch 174 time used: 5  seconds  train loss: 0.17051028561374457 validation loss: 0.1856833581780272
epoch 175 time used: 5  seconds  train loss: 0.17045480943350894 validation loss: 0.18494429313925695
epoch 176 time used: 5  seconds  train loss: 0.1703589974289001 validation loss: 0.1838137048843311
epoch 177 time used: 5  seconds  train loss: 0.17000645454962354 validation loss: 0.1855607765423388
epoch 178 time used: 5  seconds  train loss: 0.1701444205619642 validation loss: 0.18456248812381704
epoch 179 time used: 5  seconds  train loss: 0.1696946191687156 validation loss: 0.18390503563135607
epoch 180 time used: 5  seconds  train loss: 0.16924581882039147 validation loss: 0.18574206925465322
epoch 181 time used: 5  seconds  train loss: 0.1695507945296564 validation loss: 0.18430405232101185
epoch 182 time used: 5  seconds  train loss: 0.16969617888390925 validation loss: 0.18315152038490168
epoch 183 time used: 5  seconds  train loss: 0.1689094793088221 validation loss: 0.18354952354058496
epoch 184 time used: 5  seconds  train loss: 0.1696654630871835 validation loss: 0.1860805245735818
epoch 185 time used: 5  seconds  train loss: 0.16902705650038488 validation loss: 0.1839281050344909
epoch 186 time used: 5  seconds  train loss: 0.16847674760198386 validation loss: 0.18281605718173916
epoch 187 time used: 5  seconds  train loss: 0.16860761463870452 validation loss: 0.18360938165810745
epoch 188 time used: 5  seconds  train loss: 0.16840745746720168 validation loss: 0.18396573013499065
epoch 189 time used: 5  seconds  train loss: 0.16831397598525677 validation loss: 0.1825656413232947
epoch 190 time used: 5  seconds  train loss: 0.16823248301035074 validation loss: 0.1830453746450063
epoch 191 time used: 5  seconds  train loss: 0.1682796002306364 validation loss: 0.1830243463779407
epoch 192 time used: 5  seconds  train loss: 0.16805616418795905 validation loss: 0.18287293837366958
epoch 193 time used: 5  seconds  train loss: 0.16805034448473988 validation loss: 0.182968980505748
epoch 194 time used: 5  seconds  train loss: 0.16855844030030268 validation loss: 0.18190589604959853
epoch 195 time used: 5  seconds  train loss: 0.16761958241652175 validation loss: 0.18252354236378102
epoch 196 time used: 5  seconds  train loss: 0.1674607244223582 validation loss: 0.18155238023840625
epoch 197 time used: 5  seconds  train loss: 0.16753217254260008 validation loss: 0.1828843346678456
epoch 198 time used: 5  seconds  train loss: 0.16779093319857283 validation loss: 0.18348629097733168
epoch 199 time used: 5  seconds  train loss: 0.1671166504879085 validation loss: 0.1817625564928403
YS.shape, YS_pred.shape, (14022, 1, 1, 69) (14022, 1, 1, 69)
YS.shape, YS_pred.shape, (14022, 69) (14022, 69)
****************************************
STGCN2, train, Torch MSE, 1.6503023425e-01, 0.1650302343

STGCN2, train, MSE, RMSE, MAE, MAPE, 435.1586290442, 20.8604561082, 11.4475672731, 16.5497841717

Model Training Ended ... Tue Jan  4 03:49:30 2022
pred_NYCTaxi-inflow_STGCN2_2_2201040331 testing started Tue Jan  4 03:49:30 2022
getXSYS data.shape(17544, 69, 2)
getXSYS XS.shape(3508, 2, 12, 69)
getXSYS YS.shape(3508, 1, 1, 69)
TEST XS.shape, YS.shape (3508, 2, 12, 69) (3508, 1, 1, 69)
Model Testing Started ... Tue Jan  4 03:49:30 2022
TIMESTEP_IN, TIMESTEP_OUT 12 2
torch.Size([1, 3, 69, 69])
YS.shape, YS_pred.shape, (3508, 1, 1, 69) (3508, 1, 1, 69)
YS.shape, YS_pred.shape, (3508, 69) (3508, 69)
****************************************
STGCN2, test, Torch MSE, 1.7675007997e-01, 0.1767500800

STGCN2, test, MSE, RMSE, MAE, MAPE, 504.6587001948, 22.4646099498, 12.3711910916, 18.7780504658

Model Testing Ended ... Tue Jan  4 03:49:31 2022
pred_NYCTaxi-inflow_STGCN3_2_2201040349 training started Tue Jan  4 03:49:31 2022
getXSYS data.shape(17544, 69, 2)
getXSYS XS.shape(14021, 2, 12, 69)
getXSYS YS.shape(14021, 1, 1, 69)
TRAIN XS.shape YS,shape (14021, 2, 12, 69) (14021, 1, 1, 69)
Model Training Started ... Tue Jan  4 03:49:31 2022
TIMESTEP_IN, TIMESTEP_OUT 12 3
torch.Size([1, 3, 69, 69])
==========================================================================================
Layer (type:depth-idx)                   Output Shape              Param #
==========================================================================================
├─st_conv_block: 1-1                     [-1, 64, 8, 69]           --
|    └─temporal_conv_layer: 2-1          [-1, 32, 10, 69]          --
|    |    └─align: 3-1                   [-1, 32, 12, 69]          --
|    |    └─Conv2d: 3-2                  [-1, 64, 10, 69]          448
|    └─ModuleList: 2                     []                        --
|    |    └─spatio_conv_layer: 3-3       [-1, 32, 10, 69]          3,104
|    └─linear: 2-2                       [-1, 32, 10, 69]          --
|    |    └─Conv2d: 3-4                  [-1, 32, 10, 69]          1,056
|    └─temporal_conv_layer: 2-3          [-1, 64, 8, 69]           --
|    |    └─align: 3-5                   [-1, 64, 10, 69]          --
|    |    └─Conv2d: 3-6                  [-1, 64, 8, 69]           6,208
|    └─LayerNorm: 2-4                    [-1, 8, 69, 64]           8,832
|    └─Dropout: 2-5                      [-1, 64, 8, 69]           --
├─st_conv_block: 1-2                     [-1, 64, 4, 69]           --
|    └─temporal_conv_layer: 2-6          [-1, 32, 6, 69]           --
|    |    └─align: 3-7                   [-1, 32, 8, 69]           2,080
|    |    └─Conv2d: 3-8                  [-1, 64, 6, 69]           12,352
|    └─ModuleList: 2                     []                        --
|    |    └─spatio_conv_layer: 3-9       [-1, 32, 6, 69]           3,104
|    └─linear: 2-7                       [-1, 32, 6, 69]           --
|    |    └─Conv2d: 3-10                 [-1, 32, 6, 69]           1,056
|    └─temporal_conv_layer: 2-8          [-1, 64, 4, 69]           --
|    |    └─align: 3-11                  [-1, 64, 6, 69]           --
|    |    └─Conv2d: 3-12                 [-1, 64, 4, 69]           6,208
|    └─LayerNorm: 2-9                    [-1, 4, 69, 64]           8,832
|    └─Dropout: 2-10                     [-1, 64, 4, 69]           --
├─output_layer: 1-3                      [-1, 1, 1, 69]            --
|    └─temporal_conv_layer: 2-11         [-1, 64, 1, 69]           --
|    |    └─align: 3-13                  [-1, 64, 4, 69]           --
|    |    └─Conv2d: 3-14                 [-1, 128, 1, 69]          32,896
|    └─LayerNorm: 2-12                   [-1, 1, 69, 64]           8,832
|    └─temporal_conv_layer: 2-13         [-1, 64, 1, 69]           --
|    |    └─align: 3-15                  [-1, 64, 1, 69]           --
|    |    └─Conv2d: 3-16                 [-1, 64, 1, 69]           4,160
|    └─Conv2d: 2-14                      [-1, 1, 1, 69]            65
==========================================================================================
Total params: 99,233
Trainable params: 99,233
Non-trainable params: 0
Total mult-adds (M): 15.41
==========================================================================================
Input size (MB): 0.01
Forward/backward pass size (MB): 2.16
Params size (MB): 0.38
Estimated Total Size (MB): 2.54
==========================================================================================
epoch 0 time used: 5  seconds  train loss: 0.40940466902137074 validation loss: 0.31109452924249653
epoch 1 time used: 5  seconds  train loss: 0.3156875382913298 validation loss: 0.29247035231511387
epoch 2 time used: 5  seconds  train loss: 0.29231402105953935 validation loss: 0.27918521984264094
epoch 3 time used: 5  seconds  train loss: 0.28313689920620067 validation loss: 0.2709791032981002
epoch 4 time used: 5  seconds  train loss: 0.2775284507626775 validation loss: 0.2658163760467318
epoch 5 time used: 5  seconds  train loss: 0.26985933953051383 validation loss: 0.2653124652892198
epoch 6 time used: 5  seconds  train loss: 0.2661983271618017 validation loss: 0.2669239122562931
epoch 7 time used: 5  seconds  train loss: 0.26360104561707154 validation loss: 0.25926540372919776
epoch 8 time used: 5  seconds  train loss: 0.26066643666241585 validation loss: 0.2565850050566337
epoch 9 time used: 5  seconds  train loss: 0.2575978397895507 validation loss: 0.25028462559239767
epoch 10 time used: 5  seconds  train loss: 0.25388383632632083 validation loss: 0.24461151227669517
epoch 11 time used: 5  seconds  train loss: 0.25176110571201127 validation loss: 0.2542982316499972
epoch 12 time used: 5  seconds  train loss: 0.2516040463701381 validation loss: 0.24388245343141943
epoch 13 time used: 5  seconds  train loss: 0.24842178058286113 validation loss: 0.244015830648129
epoch 14 time used: 5  seconds  train loss: 0.24645603455197435 validation loss: 0.23863130979584207
epoch 15 time used: 5  seconds  train loss: 0.245998384895603 validation loss: 0.2404390778360677
epoch 16 time used: 5  seconds  train loss: 0.2444302542302132 validation loss: 0.23722499360782517
epoch 17 time used: 5  seconds  train loss: 0.24272274630910068 validation loss: 0.24011205479341172
epoch 18 time used: 5  seconds  train loss: 0.24153388007129487 validation loss: 0.23859652377031765
epoch 19 time used: 5  seconds  train loss: 0.24064638424588214 validation loss: 0.2400092310264188
epoch 20 time used: 5  seconds  train loss: 0.24002166979080464 validation loss: 0.23556500312028036
epoch 21 time used: 5  seconds  train loss: 0.2374871773569367 validation loss: 0.2360614927085005
epoch 22 time used: 5  seconds  train loss: 0.23677356471193703 validation loss: 0.2368432554648525
epoch 23 time used: 5  seconds  train loss: 0.2364995643705431 validation loss: 0.23429276326249412
epoch 24 time used: 5  seconds  train loss: 0.23617611518406037 validation loss: 0.23544765355174907
epoch 25 time used: 5  seconds  train loss: 0.23431794327402256 validation loss: 0.23166029611724617
epoch 26 time used: 5  seconds  train loss: 0.2340794709788342 validation loss: 0.23418215619314078
epoch 27 time used: 5  seconds  train loss: 0.23264161406256767 validation loss: 0.23101366298136136
epoch 28 time used: 5  seconds  train loss: 0.2316118309211762 validation loss: 0.229566334403044
epoch 29 time used: 5  seconds  train loss: 0.23056632082121045 validation loss: 0.2310109678772743
epoch 30 time used: 5  seconds  train loss: 0.23037224039702606 validation loss: 0.23110647121294525
epoch 31 time used: 5  seconds  train loss: 0.22940013069631535 validation loss: 0.22709445419885468
epoch 32 time used: 5  seconds  train loss: 0.22898515950576234 validation loss: 0.22893184386044996
epoch 33 time used: 5  seconds  train loss: 0.22763152266019013 validation loss: 0.22843506828554005
epoch 34 time used: 5  seconds  train loss: 0.2269152069873051 validation loss: 0.2268907540162767
epoch 35 time used: 5  seconds  train loss: 0.22656538939200047 validation loss: 0.22860982345977104
epoch 36 time used: 5  seconds  train loss: 0.2262285547795574 validation loss: 0.22753495874740842
epoch 37 time used: 5  seconds  train loss: 0.22455015309691856 validation loss: 0.2247891483378968
epoch 38 time used: 5  seconds  train loss: 0.22410553731668023 validation loss: 0.22428434924846774
epoch 39 time used: 5  seconds  train loss: 0.22380698881593947 validation loss: 0.2307273488995421
epoch 40 time used: 5  seconds  train loss: 0.22244066717592015 validation loss: 0.22413370481607783
epoch 41 time used: 5  seconds  train loss: 0.22147334578626507 validation loss: 0.22262971620864347
epoch 42 time used: 5  seconds  train loss: 0.22102349183731992 validation loss: 0.22260127840930233
epoch 43 time used: 5  seconds  train loss: 0.22079094286788198 validation loss: 0.22512369833703866
epoch 44 time used: 5  seconds  train loss: 0.21990531718921383 validation loss: 0.2214596933524267
epoch 45 time used: 5  seconds  train loss: 0.21879366212222331 validation loss: 0.2227649816906391
epoch 46 time used: 5  seconds  train loss: 0.21904831813763126 validation loss: 0.22006921679274533
epoch 47 time used: 5  seconds  train loss: 0.21770619791709214 validation loss: 0.22087514162471616
epoch 48 time used: 5  seconds  train loss: 0.21765065719842677 validation loss: 0.22312369519346317
epoch 49 time used: 5  seconds  train loss: 0.2170103222646735 validation loss: 0.22397330331074736
epoch 50 time used: 5  seconds  train loss: 0.21536739225938728 validation loss: 0.21893641839725117
epoch 51 time used: 5  seconds  train loss: 0.2165020219872353 validation loss: 0.2215696159204074
epoch 52 time used: 5  seconds  train loss: 0.2143399284907805 validation loss: 0.21827578275154744
epoch 53 time used: 5  seconds  train loss: 0.21400509377255827 validation loss: 0.21739539602655583
epoch 54 time used: 5  seconds  train loss: 0.21343515579654607 validation loss: 0.21879053421008268
epoch 55 time used: 5  seconds  train loss: 0.21311366875823873 validation loss: 0.21530223032167417
epoch 56 time used: 5  seconds  train loss: 0.2118576421706965 validation loss: 0.21381287957625056
epoch 57 time used: 5  seconds  train loss: 0.21130245079094787 validation loss: 0.21410564665140183
epoch 58 time used: 5  seconds  train loss: 0.21217823094154828 validation loss: 0.21600765894293036
epoch 59 time used: 5  seconds  train loss: 0.21031005986649476 validation loss: 0.2149648367678582
epoch 60 time used: 5  seconds  train loss: 0.21023631191113737 validation loss: 0.21673896973362938
epoch 61 time used: 5  seconds  train loss: 0.20905208972443343 validation loss: 0.21289973914691263
epoch 62 time used: 5  seconds  train loss: 0.20869534470706955 validation loss: 0.21477367424210073
epoch 63 time used: 5  seconds  train loss: 0.20955413740758674 validation loss: 0.2148535428765292
epoch 64 time used: 5  seconds  train loss: 0.20807374278730237 validation loss: 0.21143660591931188
epoch 65 time used: 5  seconds  train loss: 0.2066618414103188 validation loss: 0.2108854339232257
epoch 66 time used: 5  seconds  train loss: 0.2069422382804288 validation loss: 0.21114793194577958
epoch 67 time used: 5  seconds  train loss: 0.20602939358782138 validation loss: 0.2106367468034888
epoch 68 time used: 5  seconds  train loss: 0.20545162095827663 validation loss: 0.21140725266335014
epoch 69 time used: 5  seconds  train loss: 0.2046098145709428 validation loss: 0.20945424190841944
epoch 70 time used: 5  seconds  train loss: 0.2042364678040443 validation loss: 0.2117153064768041
epoch 71 time used: 5  seconds  train loss: 0.20375256199556102 validation loss: 0.21169271723447497
epoch 72 time used: 5  seconds  train loss: 0.20329895885227012 validation loss: 0.2095630921283179
epoch 73 time used: 5  seconds  train loss: 0.20270621833911656 validation loss: 0.20833382958251956
epoch 74 time used: 5  seconds  train loss: 0.20248842522147273 validation loss: 0.2069732120852435
epoch 75 time used: 5  seconds  train loss: 0.20318420938746642 validation loss: 0.2084056694576962
epoch 76 time used: 5  seconds  train loss: 0.2014281663388976 validation loss: 0.2063289380675374
epoch 77 time used: 5  seconds  train loss: 0.20093756063407353 validation loss: 0.2085657131906516
epoch 78 time used: 5  seconds  train loss: 0.1998228758359756 validation loss: 0.2066517783975982
epoch 79 time used: 5  seconds  train loss: 0.19955297226446397 validation loss: 0.20601980409415463
epoch 80 time used: 5  seconds  train loss: 0.19880118200881575 validation loss: 0.20452587343051104
epoch 81 time used: 5  seconds  train loss: 0.19873080363015536 validation loss: 0.20560238319536786
epoch 82 time used: 5  seconds  train loss: 0.1980290679782775 validation loss: 0.20636159380503674
epoch 83 time used: 5  seconds  train loss: 0.19834880226689205 validation loss: 0.20619763622641632
epoch 84 time used: 5  seconds  train loss: 0.19763011207672296 validation loss: 0.2058892264256665
epoch 85 time used: 5  seconds  train loss: 0.19696139906939056 validation loss: 0.20404131338212808
epoch 86 time used: 5  seconds  train loss: 0.19686774473684712 validation loss: 0.20333978742004052
epoch 87 time used: 5  seconds  train loss: 0.19600380834691253 validation loss: 0.20418660216887746
epoch 88 time used: 5  seconds  train loss: 0.19625449928819141 validation loss: 0.20497986676008853
epoch 89 time used: 5  seconds  train loss: 0.19526934168958338 validation loss: 0.20228777625223465
epoch 90 time used: 5  seconds  train loss: 0.19507399792192345 validation loss: 0.2038908493447426
epoch 91 time used: 5  seconds  train loss: 0.1942492700872726 validation loss: 0.20322758572243038
epoch 92 time used: 5  seconds  train loss: 0.19465160895567746 validation loss: 0.2024489713952804
epoch 93 time used: 5  seconds  train loss: 0.19444482459923246 validation loss: 0.20677233775955436
epoch 94 time used: 5  seconds  train loss: 0.1935253463245814 validation loss: 0.20144902904137024
epoch 95 time used: 5  seconds  train loss: 0.1927176869659887 validation loss: 0.2015105831796485
epoch 96 time used: 5  seconds  train loss: 0.19391230924008218 validation loss: 0.2028222323331028
epoch 97 time used: 5  seconds  train loss: 0.1924870661591955 validation loss: 0.20236373795180476
epoch 98 time used: 5  seconds  train loss: 0.19219347866167646 validation loss: 0.20044032353812194
epoch 99 time used: 5  seconds  train loss: 0.1917569687778879 validation loss: 0.20391518164891484
epoch 100 time used: 5  seconds  train loss: 0.19139979603840934 validation loss: 0.2005499478703693
epoch 101 time used: 5  seconds  train loss: 0.19116472324370404 validation loss: 0.19985983188806503
epoch 102 time used: 5  seconds  train loss: 0.1909428072560677 validation loss: 0.1999091924477902
epoch 103 time used: 5  seconds  train loss: 0.19025345547000244 validation loss: 0.19846745236594543
epoch 104 time used: 5  seconds  train loss: 0.1899721159010319 validation loss: 0.19905393704542484
epoch 105 time used: 5  seconds  train loss: 0.1897632659968313 validation loss: 0.19888742698204565
epoch 106 time used: 5  seconds  train loss: 0.18970699625816725 validation loss: 0.1984824516639938
epoch 107 time used: 5  seconds  train loss: 0.18910407144995361 validation loss: 0.19752949653899948
epoch 108 time used: 5  seconds  train loss: 0.18830065758620096 validation loss: 0.2012014226680882
epoch 109 time used: 5  seconds  train loss: 0.18859598185365425 validation loss: 0.20006940816037666
epoch 110 time used: 5  seconds  train loss: 0.18785836903015798 validation loss: 0.19735081010183061
epoch 111 time used: 5  seconds  train loss: 0.18813774814658574 validation loss: 0.19841954254009217
epoch 112 time used: 5  seconds  train loss: 0.18752710291411925 validation loss: 0.19744425753627717
epoch 113 time used: 5  seconds  train loss: 0.18807836200520858 validation loss: 0.19845142075659136
epoch 114 time used: 5  seconds  train loss: 0.18698844756720934 validation loss: 0.1957484225222402
epoch 115 time used: 5  seconds  train loss: 0.1867073578684113 validation loss: 0.19691395753632254
epoch 116 time used: 5  seconds  train loss: 0.18692288000439058 validation loss: 0.19727628077531772
epoch 117 time used: 5  seconds  train loss: 0.1861826172569189 validation loss: 0.19738030209244828
epoch 118 time used: 5  seconds  train loss: 0.18612249711067466 validation loss: 0.19919397890635782
epoch 119 time used: 5  seconds  train loss: 0.18559651251215478 validation loss: 0.19669045973728536
epoch 120 time used: 5  seconds  train loss: 0.18569744490317813 validation loss: 0.19578896524970082
epoch 121 time used: 5  seconds  train loss: 0.18535436467332253 validation loss: 0.19804532294673236
epoch 122 time used: 5  seconds  train loss: 0.1852623952311571 validation loss: 0.19710884496986153
epoch 123 time used: 5  seconds  train loss: 0.18462476134300232 validation loss: 0.1970990873018946
epoch 124 time used: 5  seconds  train loss: 0.1841923403339585 validation loss: 0.19484497076330767
epoch 125 time used: 5  seconds  train loss: 0.18436498359394726 validation loss: 0.1975577129120155
epoch 126 time used: 5  seconds  train loss: 0.18445241540174823 validation loss: 0.19663105862554114
epoch 127 time used: 5  seconds  train loss: 0.18385839023067696 validation loss: 0.1939956199014384
epoch 128 time used: 5  seconds  train loss: 0.1833039388998269 validation loss: 0.19528724173274098
epoch 129 time used: 5  seconds  train loss: 0.18257941742420664 validation loss: 0.19582239601758977
epoch 130 time used: 5  seconds  train loss: 0.18247201436305224 validation loss: 0.19343914006583296
epoch 131 time used: 5  seconds  train loss: 0.18305302513590224 validation loss: 0.19419359632954214
epoch 132 time used: 5  seconds  train loss: 0.18241852015149992 validation loss: 0.19220802113966334
epoch 133 time used: 5  seconds  train loss: 0.18206883039912145 validation loss: 0.19409073360532064
epoch 134 time used: 5  seconds  train loss: 0.18215839258711852 validation loss: 0.19500133033928976
epoch 135 time used: 5  seconds  train loss: 0.1825449445230548 validation loss: 0.19367636624602544
epoch 136 time used: 5  seconds  train loss: 0.18150889699568684 validation loss: 0.1934802831239314
epoch 137 time used: 5  seconds  train loss: 0.18190463424156494 validation loss: 0.19397109883789057
epoch 138 time used: 5  seconds  train loss: 0.18112932008098692 validation loss: 0.19201368836423566
epoch 139 time used: 5  seconds  train loss: 0.18140147409708834 validation loss: 0.19184561562551747
epoch 140 time used: 5  seconds  train loss: 0.1809394603779155 validation loss: 0.1925581503325847
epoch 141 time used: 5  seconds  train loss: 0.18085189927934162 validation loss: 0.1933465986270872
epoch 142 time used: 5  seconds  train loss: 0.18071250157399796 validation loss: 0.19449431504002312
epoch 143 time used: 5  seconds  train loss: 0.18030049166249498 validation loss: 0.19215577638496076
epoch 144 time used: 5  seconds  train loss: 0.18046230342048444 validation loss: 0.191944678247621
epoch 145 time used: 5  seconds  train loss: 0.17951621979543042 validation loss: 0.19181548813820157
epoch 146 time used: 5  seconds  train loss: 0.17997939168027063 validation loss: 0.19141692065947816
epoch 147 time used: 5  seconds  train loss: 0.17973989661738038 validation loss: 0.19158495886116386
epoch 148 time used: 5  seconds  train loss: 0.17915443315698767 validation loss: 0.19210184593746069
epoch 149 time used: 5  seconds  train loss: 0.1794371609389296 validation loss: 0.19201517936439427
epoch 150 time used: 5  seconds  train loss: 0.1793484570131187 validation loss: 0.19221803712559235
epoch 151 time used: 5  seconds  train loss: 0.1788207725113131 validation loss: 0.1933827336709702
epoch 152 time used: 5  seconds  train loss: 0.17804760162551278 validation loss: 0.19074661754330974
epoch 153 time used: 5  seconds  train loss: 0.178507053054308 validation loss: 0.19054284748763134
epoch 154 time used: 5  seconds  train loss: 0.17827745023440725 validation loss: 0.19042215131210452
epoch 155 time used: 5  seconds  train loss: 0.17802535161196234 validation loss: 0.19165900849439182
epoch 156 time used: 5  seconds  train loss: 0.17816799113367215 validation loss: 0.1911777621990466
epoch 157 time used: 5  seconds  train loss: 0.1780859558637499 validation loss: 0.19134997152731342
epoch 158 time used: 5  seconds  train loss: 0.17775301453555722 validation loss: 0.1902616715012995
epoch 159 time used: 5  seconds  train loss: 0.17753225390534857 validation loss: 0.18952091980918911
epoch 160 time used: 5  seconds  train loss: 0.1779727583011976 validation loss: 0.18886666107844163
epoch 161 time used: 5  seconds  train loss: 0.17702039708949704 validation loss: 0.1892027750789813
epoch 162 time used: 5  seconds  train loss: 0.177189738413469 validation loss: 0.19024421814435968
epoch 163 time used: 5  seconds  train loss: 0.17698749698234528 validation loss: 0.18955025084516489
epoch 164 time used: 5  seconds  train loss: 0.17666519222156132 validation loss: 0.19010443632696536
epoch 165 time used: 5  seconds  train loss: 0.17627937945512673 validation loss: 0.18968946934256362
epoch 166 time used: 5  seconds  train loss: 0.17700892529426976 validation loss: 0.189581806761363
epoch 167 time used: 5  seconds  train loss: 0.17619357449751083 validation loss: 0.18864506261218159
epoch 168 time used: 5  seconds  train loss: 0.17577139909838013 validation loss: 0.18963051832579098
epoch 169 time used: 5  seconds  train loss: 0.17633156697525432 validation loss: 0.19103144263105942
epoch 170 time used: 5  seconds  train loss: 0.1757646398257463 validation loss: 0.18832985075011094
epoch 171 time used: 5  seconds  train loss: 0.1754241970091096 validation loss: 0.18840265408353812
epoch 172 time used: 5  seconds  train loss: 0.1748958390010542 validation loss: 0.18831648533506115
epoch 173 time used: 5  seconds  train loss: 0.17513311340710142 validation loss: 0.18883695932401634
epoch 174 time used: 5  seconds  train loss: 0.1752820895467941 validation loss: 0.18766313709671403
epoch 175 time used: 5  seconds  train loss: 0.17470188859642466 validation loss: 0.18778031511063312
epoch 176 time used: 5  seconds  train loss: 0.1748682525255488 validation loss: 0.18816846761272352
epoch 177 time used: 5  seconds  train loss: 0.17486659244290773 validation loss: 0.18735184766568935
epoch 178 time used: 5  seconds  train loss: 0.17465307435520627 validation loss: 0.1886140951515944
epoch 179 time used: 5  seconds  train loss: 0.17489022650079694 validation loss: 0.18761887447669448
epoch 180 time used: 5  seconds  train loss: 0.1747355920641905 validation loss: 0.18693274831642645
epoch 181 time used: 5  seconds  train loss: 0.1742402892237888 validation loss: 0.18746095950169625
epoch 182 time used: 5  seconds  train loss: 0.17410174461113812 validation loss: 0.18802884317981264
epoch 183 time used: 5  seconds  train loss: 0.17368325287914058 validation loss: 0.189302632936871
epoch 184 time used: 5  seconds  train loss: 0.17408334217749397 validation loss: 0.18758731227021727
epoch 185 time used: 5  seconds  train loss: 0.17385713388292495 validation loss: 0.18709123623384724
epoch 186 time used: 5  seconds  train loss: 0.17436151769598882 validation loss: 0.18742732303317997
epoch 187 time used: 5  seconds  train loss: 0.17348460042694316 validation loss: 0.1865220759010832
epoch 188 time used: 5  seconds  train loss: 0.1731371946576989 validation loss: 0.18677893409338667
epoch 189 time used: 5  seconds  train loss: 0.17296303360731158 validation loss: 0.18793147791302414
epoch 190 time used: 5  seconds  train loss: 0.1733628355566671 validation loss: 0.1867685275236267
epoch 191 time used: 5  seconds  train loss: 0.1734862971235884 validation loss: 0.1862702166445923
epoch 192 time used: 5  seconds  train loss: 0.17241985518710015 validation loss: 0.18580110903236435
epoch 193 time used: 5  seconds  train loss: 0.172609807741848 validation loss: 0.18636770290574955
epoch 194 time used: 5  seconds  train loss: 0.17314783048660856 validation loss: 0.18573718837207887
epoch 195 time used: 5  seconds  train loss: 0.17246087506670962 validation loss: 0.18672744106953987
epoch 196 time used: 5  seconds  train loss: 0.17211348964019826 validation loss: 0.18614638123727156
epoch 197 time used: 5  seconds  train loss: 0.17232276666405383 validation loss: 0.19018449398428117
epoch 198 time used: 5  seconds  train loss: 0.1722107859243972 validation loss: 0.186098629679941
epoch 199 time used: 5  seconds  train loss: 0.17246297764144583 validation loss: 0.18531763836681944
YS.shape, YS_pred.shape, (14021, 1, 1, 69) (14021, 1, 1, 69)
YS.shape, YS_pred.shape, (14021, 69) (14021, 69)
****************************************
STGCN3, train, Torch MSE, 1.6942006469e-01, 0.1694200647

STGCN3, train, MSE, RMSE, MAE, MAPE, 464.9055853810, 21.5616693552, 11.7647381994, 16.6165726881

Model Training Ended ... Tue Jan  4 04:07:33 2022
pred_NYCTaxi-inflow_STGCN3_2_2201040349 testing started Tue Jan  4 04:07:33 2022
getXSYS data.shape(17544, 69, 2)
getXSYS XS.shape(3507, 2, 12, 69)
getXSYS YS.shape(3507, 1, 1, 69)
TEST XS.shape, YS.shape (3507, 2, 12, 69) (3507, 1, 1, 69)
Model Testing Started ... Tue Jan  4 04:07:33 2022
TIMESTEP_IN, TIMESTEP_OUT 12 3
torch.Size([1, 3, 69, 69])
YS.shape, YS_pred.shape, (3507, 1, 1, 69) (3507, 1, 1, 69)
YS.shape, YS_pred.shape, (3507, 69) (3507, 69)
****************************************
STGCN3, test, Torch MSE, 1.8085192505e-01, 0.1808519251

STGCN3, test, MSE, RMSE, MAE, MAPE, 556.5579697755, 23.5914808729, 12.7822956729, 18.8806254087

Model Testing Ended ... Tue Jan  4 04:07:33 2022
